  Using 'git status' to determine working set for adaptive non-unity build (D:\adale\Desktop\Black-White).
  Parsing headers for MonochromeEditor
    Running UnrealHeaderTool "D:\adale\Desktop\Black-White\Monochrome\Monochrome.uproject" "D:\adale\Desktop\Black-White\Monochrome\Intermediate\Build\Win64\MonochromeEditor\Development\MonochromeEditor.uhtmanifest" -LogCmds="loginit warning, logexit warning, logdatabase error" -Unattended -WarningsAsErrors -installed
  Reflection code generated for MonochromeEditor in 31.2228968 seconds
  Building MonochromeEditor...
  Using Visual Studio 2019 14.24.28316 toolchain (C:\Program Files (x86)\Microsoft Visual Studio\2019\Community\VC\Tools\MSVC\14.24.28314) and Windows 10.0.18362.0 SDK (D:\Windows Kits\10).
  Building 9 actions with 8 processes...
    [1/9] Monochrome.init.gen.cpp
    [2/9] PlayerPawn.gen.cpp
    [3/9] GameStateButtonBase.cpp
    [4/9] VanishGameStateButton.cpp
    [5/9] PlayerPawn.cpp
    [6/9] CheckpointActor.cpp
    [7/9] UE4Editor-Monochrome.lib
       Creating library D:\adale\Desktop\Black-White\Monochrome\Intermediate\Build\Win64\UE4Editor\Development\Monochrome\UE4Editor-Monochrome.lib and object D:\adale\Desktop\Black-White\Monochrome\Intermediate\Build\Win64\UE4Editor\Development\Monochrome\UE4Editor-Monochrome.exp
    [8/9] UE4Editor-Monochrome.dll
       Creating library D:\adale\Desktop\Black-White\Monochrome\Intermediate\Build\Win64\UE4Editor\Development\Monochrome\UE4Editor-Monochrome.suppressed.lib and object D:\adale\Desktop\Black-White\Monochrome\Intermediate\Build\Win64\UE4Editor\Development\Monochrome\UE4Editor-Monochrome.suppressed.exp
    [9/9] MonochromeEditor.target
  Total time in Parallel executor: 106.80 seconds
  Total execution time: 139.50 seconds
