"../../../Engine/Content/Animation/DefaultAnimCurveCompressionSettings.uasset" 0
"../../../Engine/Content/ArtTools/RenderToTexture/Enums/RenderToTexture_Enum.uasset" 1
"../../../Engine/Content/ArtTools/RenderToTexture/Enums/RenderToTexture_Flipbook_Enum.uasset" 2
"../../../Engine/Content/ArtTools/RenderToTexture/Enums/RenderToTexture_Imposter_Enum.uasset" 3
"../../../Engine/Content/EditorBlueprintResources/StandardMacros.uasset" 4
"../../../Engine/Content/ArtTools/RenderToTexture/Enums/EIntTypes.uasset" 5
"../../../Engine/Content/ArtTools/RenderToTexture/Macros/RenderToTextureFunctionLibrary.uasset" 6
"../../../Engine/Content/ArtTools/RenderToTexture/Enums/EFloatTypes.uasset" 7
"../../../Engine/Content/ArtTools/RenderToTexture/Macros/RenderToTextureMacros.uasset" 8
"../../../Engine/Content/Functions/Engine_MaterialFunctions01/Opacity/CameraDepthFade.uasset" 9
"../../../Engine/Content/EngineMaterials/T_Default_Material_Grid_M.uasset" 10
"../../../Engine/Content/EngineMaterials/T_Default_Material_Grid_N.uasset" 11
"../../../Engine/Content/EngineMaterials/WorldGridMaterial.uasset" 12
"../../../Engine/Content/ArtTools/RenderToTexture/Meshes/S_1_Unit_Plane.uasset" 13
"../../../Engine/Content/EngineMaterials/DefaultMaterial.uasset" 14
"../../../Engine/Content/BasicShapes/Cone.uasset" 15
"../../../Engine/Content/BasicShapes/Cube.uasset" 16
"../../../Engine/Content/BasicShapes/Cylinder.uasset" 17
"../../../Engine/Content/BasicShapes/Plane.uasset" 18
"../../../Engine/Content/BasicShapes/Sphere.uasset" 19
"../../../Engine/Content/EngineMaterials/DefaultPhysicalMaterial.uasset" 20
"../../../Engine/Content/BufferVisualization/AmbientOcclusion.uasset" 21
"../../../Engine/Content/BufferVisualization/BaseColor.uasset" 22
"../../../Engine/Content/BufferVisualization/CustomDepth.uasset" 23
"../../../Engine/Content/Functions/Engine_MaterialFunctions02/Utility/VectorLength.uasset" 24
"../../../Engine/Content/BufferVisualization/CustomDepthWorldUnits.uasset" 25
"../../../Engine/Content/Functions/Engine_MaterialFunctions02/Utility/BreakOutFloat2Components.uasset" 26
"../../../Engine/Content/Functions/Engine_MaterialFunctions01/Texturing/ScaleUVsByCenter.uasset" 27
"../../../Engine/Content/Functions/Engine_MaterialFunctions02/ScreenResolution.uasset" 28
"../../../Engine/Content/Functions/Engine_MaterialFunctions02/Texturing/ScreenAlignedUVs.uasset" 29
"../../../Engine/Content/Functions/Engine_MaterialFunctions02/Utility/MakeFloat2.uasset" 30
"../../../Engine/Content/Functions/Engine_MaterialFunctions02/Utility/MakeFloat3.uasset" 31
"../../../Engine/Content/EngineMaterials/MiniFont.uasset" 32
"../../../Engine/Content/BufferVisualization/CustomStencil.uasset" 33
"../../../Engine/Content/BufferVisualization/FinalImage.uasset" 34
"../../../Engine/Content/BufferVisualization/LightingModel.uasset" 35
"../../../Engine/Content/BufferVisualization/MaterialAO.uasset" 36
"../../../Engine/Content/BufferVisualization/Metallic.uasset" 37
"../../../Engine/Content/BufferVisualization/Opacity.uasset" 38
"../../../Engine/Content/BufferVisualization/PostTonemapHDRColor.uasset" 39
"../../../Engine/Content/BufferVisualization/PreTonemapHDRColor.uasset" 40
"../../../Engine/Content/BufferVisualization/Roughness.uasset" 41
"../../../Engine/Content/BufferVisualization/SceneColor.uasset" 42
"../../../Engine/Content/BufferVisualization/SceneDepth.uasset" 43
"../../../Engine/Content/BufferVisualization/SceneDepthWorldUnits.uasset" 44
"../../../Engine/Content/BufferVisualization/SeparateTranslucencyA.uasset" 45
"../../../Engine/Content/BufferVisualization/SeparateTranslucencyRGB.uasset" 46
"../../../Engine/Content/BufferVisualization/Specular.uasset" 47
"../../../Engine/Content/BufferVisualization/SubsurfaceColor.uasset" 48
"../../../Engine/Content/BufferVisualization/Velocity.uasset" 49
"../../../Engine/Content/BufferVisualization/WorldNormal.uasset" 50
"../../../Engine/Content/EditorBlueprintResources/ActorMacros.uasset" 51
"../../../Engine/Content/EditorLandscapeResources/DataLayer.uasset" 52
"../../../Engine/Content/EditorLandscapeResources/DefaultAlphaTexture.uasset" 53
"../../../Engine/Content/EditorLandscapeResources/LandscapeGizmoHeight_Mat.uasset" 54
"../../../Engine/Content/EditorLandscapeResources/LandscapeGizmo_Mat.uasset" 55
"../../../Engine/Content/EditorLandscapeResources/LandscapeGizmo_Mat_Copied.uasset" 56
"../../../Engine/Content/EditorLandscapeResources/SplineEditorMeshMat.uasset" 57
"../../../Engine/Content/EditorLandscapeResources/SplineEditorMesh.uasset" 58
"../../../Engine/Content/EditorMaterials/Cross.uasset" 59
"../../../Engine/Content/EditorMaterials/Cross_Mat.uasset" 60
"../../../Engine/Content/EngineMaterials/DefaultDiffuse.uasset" 61
"../../../Engine/Content/Functions/Engine_MaterialFunctions01/Texturing/TextureCropping.uasset" 62
"../../../Engine/Content/Functions/Engine_MaterialFunctions01/Texturing/ComputeMipLevel.uasset" 63
"../../../Engine/Content/Functions/Engine_MaterialFunctions02/ExampleContent/DebugNumberStrip.uasset" 64
"../../../Engine/Content/Functions/Engine_MaterialFunctions02/ExampleContent/Textures/DebugNumberPeriod.uasset" 65
"../../../Engine/Content/Functions/Engine_MaterialFunctions02/Utility/DebugScalarValues.uasset" 66
"../../../Engine/Content/Functions/Engine_MaterialFunctions02/Utility/DebugFloat2Values.uasset" 67
"../../../Engine/Content/Functions/Engine_MaterialFunctions02/ExampleContent/Textures/flipbook.uasset" 68
"../../../Engine/Content/Functions/Engine_MaterialFunctions02/Texturing/FlipBook.uasset" 69
"../../../Engine/Content/Functions/Engine_MaterialFunctions02/Utility/Sign.uasset" 70
"../../../Engine/Content/Functions/Engine_MaterialFunctions02/Utility/Round.uasset" 71
"../../../Engine/Content/EditorResources/T_EditorHelp.uasset" 72
"../../../Engine/Content/EditorMaterials/HelpActorMaterial.uasset" 73
"../../../Engine/Content/EditorMaterials/CompositeARGBLayer.uasset" 74
"../../../Engine/Content/EditorMaterials/TilingAALineIntegral.uasset" 75
"../../../Engine/Content/EditorMaterials/TilingAALineBoxFiltered.uasset" 76
"../../../Engine/Content/Functions/Engine_MaterialFunctions03/Procedurals/ComputeFilterWidth.uasset" 77
"../../../Engine/Content/EditorMaterials/TilingAADots.uasset" 78
"../../../Engine/Content/EngineMaterials/BlendFunc_DefBase.uasset" 79
"../../../Engine/Content/EngineMaterials/BlendFunc_DefBlend.uasset" 80
"../../../Engine/Content/Functions/Engine_MaterialFunctions03/Blends/Blend_Screen.uasset" 81
"../../../Engine/Content/EditorMaterials/TilingAAGrid.uasset" 82
"../../../Engine/Content/EditorMaterials/LevelGridMaterial.uasset" 83
"../../../Engine/Content/EditorMaterials/MakeCompositeARGBLayer.uasset" 84
"../../../Engine/Content/EditorResources/LevelGrid1DStripes.uasset" 85
"../../../Engine/Content/EditorMaterials/TextureGridCascaded1D.uasset" 86
"../../../Engine/Content/EditorMaterials/TextureGridCascaded2D.uasset" 87
"../../../Engine/Content/EditorMaterials/LevelGridMaterial2.uasset" 88
"../../../Engine/Content/EditorMaterials/MAT_Groups_Toggle.uasset" 89
"../../../Engine/Content/EditorMaterials/MAT_Groups_Visibility.uasset" 90
"../../../Engine/Content/EditorMaterials/PhAT_BoneSelectedMaterial.uasset" 91
"../../../Engine/Content/EditorMaterials/PhAT_ElemSelectedMaterial.uasset" 92
"../../../Engine/Content/EditorMaterials/PhAT_NoCollisionMaterial.uasset" 93
"../../../Engine/Content/EditorMaterials/PhAT_UnselectedMaterial.uasset" 94
"../../../Engine/Content/EditorMaterials/PreviewShadowIndicator.uasset" 95
"../../../Engine/Content/EditorMaterials/PreviewShadowIndicatorMaterial.uasset" 96
"../../../Engine/Content/EditorMaterials/TargetIcon.uasset" 97
"../../../Engine/Content/EditorMaterials/Tick.uasset" 98
"../../../Engine/Content/EditorMaterials/Tick_Mat.uasset" 99
"../../../Engine/Content/EditorMaterials/WidgetGridVertexColorMaterial.uasset" 100
"../../../Engine/Content/EditorMaterials/WidgetGridVertexColorMaterial_Ma.uasset" 101
"../../../Engine/Content/EditorMaterials/WidgetMaterial.uasset" 102
"../../../Engine/Content/EditorMaterials/WidgetMaterial_Current.uasset" 103
"../../../Engine/Content/EditorMaterials/WidgetMaterial_X.uasset" 104
"../../../Engine/Content/EditorMaterials/WidgetMaterial_Y.uasset" 105
"../../../Engine/Content/EditorMaterials/WidgetMaterial_Z.uasset" 106
"../../../Engine/Content/EditorMaterials/WidgetVertexColorMaterial.uasset" 107
"../../../Engine/Content/EditorMaterials/MatineeGroups/MAT_ColorTrack.uasset" 108
"../../../Engine/Content/EditorMaterials/MatineeGroups/MAT_Groups_Anim.uasset" 109
"../../../Engine/Content/EditorMaterials/MatineeGroups/MAT_Groups_AudioMaster.uasset" 110
"../../../Engine/Content/EditorMaterials/MatineeGroups/MAT_Groups_Director.uasset" 111
"../../../Engine/Content/EditorMaterials/MatineeGroups/MAT_Groups_Event.uasset" 112
"../../../Engine/Content/EditorMaterials/MatineeGroups/MAT_Groups_Fade.uasset" 113
"../../../Engine/Content/EditorMaterials/MatineeGroups/MAT_Groups_Float.uasset" 114
"../../../Engine/Content/EditorMaterials/MatineeGroups/MAT_Groups_Move.uasset" 115
"../../../Engine/Content/EditorMaterials/MatineeGroups/MAT_Groups_Slomo.uasset" 116
"../../../Engine/Content/EditorMaterials/MatineeGroups/MAT_Groups_Sound.uasset" 117
"../../../Engine/Content/EditorMaterials/MatineeGroups/MAT_Groups_Vector.uasset" 118
"../../../Engine/Content/EditorMaterials/ParticleSystems/PSysThumbnail_NoImage.uasset" 119
"../../../Engine/Content/EditorMaterials/ParticleSystems/PSysThumbnail_OOD.uasset" 120
"../../../Engine/Content/EngineMaterials/Grid.uasset" 121
"../../../Engine/Content/EditorMaterials/Thumbnails/FloorPlaneMaterial.uasset" 122
"../../../Engine/Content/EditorMeshes/EditorCube.uasset" 123
"../../../Engine/Content/EditorMeshes/EditorCylinder.uasset" 124
"../../../Engine/Content/EditorMeshes/EditorPlane.uasset" 125
"../../../Engine/Content/EditorMaterials/Thumbnails/SkySphereMaterial.uasset" 126
"../../../Engine/Content/EditorMeshes/EditorSkySphere.uasset" 127
"../../../Engine/Content/EditorMeshes/EditorSphere.uasset" 128
"../../../Engine/Content/EditorResources/MatineeCam_D.uasset" 129
"../../../Engine/Content/EditorMaterials/MatineeCam_mat.uasset" 130
"../../../Engine/Content/EditorMeshes/MatineeCam_SM.uasset" 131
"../../../Engine/Content/EditorMeshes/PlanarReflectionPlane.uasset" 132
"../../../Engine/Content/EditorMaterials/Camera/CineMat.uasset" 133
"../../../Engine/Content/EditorMaterials/Camera/MI_CineMat_CameraBody.uasset" 134
"../../../Engine/Content/EngineDebugMaterials/M_SimpleOpaque.uasset" 135
"../../../Engine/Content/EditorMaterials/Camera/MI_CineMat_CamViewFinder.uasset" 136
"../../../Engine/Content/EditorMeshes/Camera/SM_CineCam.uasset" 137
"../../../Engine/Content/EditorMaterials/Camera/MI_CineMat_Rig.uasset" 138
"../../../Engine/Content/EditorMeshes/Camera/SM_CraneRig_Arm.uasset" 139
"../../../Engine/Content/EditorMeshes/Camera/SM_CraneRig_Base.uasset" 140
"../../../Engine/Content/EditorMeshes/Camera/SM_CraneRig_Body.uasset" 141
"../../../Engine/Content/EditorMeshes/Camera/SM_CraneRig_Mount.uasset" 142
"../../../Engine/Content/EditorMeshes/Camera/SM_RailRig_Mount.uasset" 143
"../../../Engine/Content/EditorMeshes/Camera/SM_RailRig_Track.uasset" 144
"../../../Engine/Content/EditorMeshes/ColorCalibrator/M_ChromeBall.uasset" 145
"../../../Engine/Content/EditorResources/Bad.uasset" 146
"../../../Engine/Content/EditorResources/BSPVertex.uasset" 147
"../../../Engine/Content/EditorResources/EmptyActor.uasset" 148
"../../../Engine/Content/EditorResources/MatInstActSprite.uasset" 149
"../../../Engine/Content/EditorResources/SceneManager.uasset" 150
"../../../Engine/Content/EditorResources/SmallFont.uasset" 151
"../../../Engine/Content/EditorResources/S_Actor.uasset" 152
"../../../Engine/Content/EditorResources/S_DecalActorIcon.uasset" 153
"../../../Engine/Content/EditorResources/S_Emitter.uasset" 154
"../../../Engine/Content/EditorResources/S_ExpoHeightFog.uasset" 155
"../../../Engine/Content/EditorResources/S_FTest.uasset" 156
"../../../Engine/Content/EditorResources/S_KBSJoint.uasset" 157
"../../../Engine/Content/EditorResources/S_KHinge.uasset" 158
"../../../Engine/Content/EditorResources/S_KPrismatic.uasset" 159
"../../../Engine/Content/EditorResources/S_LevelSequence.uasset" 160
"../../../Engine/Content/EditorResources/S_NavP.uasset" 161
"../../../Engine/Content/EditorResources/S_Note.uasset" 162
"../../../Engine/Content/EditorResources/S_Player.uasset" 163
"../../../Engine/Content/EditorResources/S_PortalActorIcon2.uasset" 164
"../../../Engine/Content/EditorResources/S_RadForce.uasset" 165
"../../../Engine/Content/EditorResources/S_ReflActorIcon.uasset" 166
"../../../Engine/Content/EditorResources/S_SkyAtmosphere.uasset" 167
"../../../Engine/Content/EditorResources/S_Solver.uasset" 168
"../../../Engine/Content/EditorResources/S_Terrain.uasset" 169
"../../../Engine/Content/EditorResources/S_TextRenderActorIcon.uasset" 170
"../../../Engine/Content/EditorResources/S_Thruster.uasset" 171
"../../../Engine/Content/EditorResources/S_Trigger.uasset" 172
"../../../Engine/Content/EditorResources/S_VectorFieldVol.uasset" 173
"../../../Engine/Content/EditorResources/S_WindDirectional.uasset" 174
"../../../Engine/Content/EditorResources/AI/S_NavLink.uasset" 175
"../../../Engine/Content/EditorResources/LightIcons/SkyLight.uasset" 176
"../../../Engine/Content/EditorResources/LightIcons/S_LightDirectional.uasset" 177
"../../../Engine/Content/EditorResources/LightIcons/S_LightDirectionalMove.uasset" 178
"../../../Engine/Content/EditorResources/LightIcons/S_LightError.uasset" 179
"../../../Engine/Content/EditorResources/LightIcons/S_LightPoint.uasset" 180
"../../../Engine/Content/EditorResources/LightIcons/S_LightPointMove.uasset" 181
"../../../Engine/Content/EditorResources/LightIcons/S_LightSpot.uasset" 182
"../../../Engine/Content/EditorResources/LightIcons/S_LightSpotMove.uasset" 183
"../../../Engine/Content/EditorResources/SequenceRecorder/Countdown.uasset" 184
"../../../Engine/Content/EditorResources/SequenceRecorder/RecordingIndicator.uasset" 185
"../../../Engine/Content/EditorResources/Spline/T_Loft_Spline.uasset" 186
"../../../Engine/Content/EditorSounds/Notifications/CompileFailed.uasset" 187
"../../../Engine/Content/EditorSounds/Notifications/CompileFailed_Cue.uasset" 188
"../../../Engine/Content/EditorSounds/Notifications/CompileSuccess.uasset" 189
"../../../Engine/Content/EditorSounds/Notifications/CompileStart_Cue.uasset" 190
"../../../Engine/Content/EditorSounds/Notifications/CompileSuccess_Cue.uasset" 191
"../../../Engine/Content/EngineDamageTypes/DmgTypeBP_Environmental.uasset" 192
"../../../Engine/Content/EngineDebugMaterials/HeatmapGradient.uasset" 193
"../../../Engine/Content/EngineDebugMaterials/BoneWeightMaterial.uasset" 194
"../../../Engine/Content/EngineDebugMaterials/ClothMaterial.uasset" 195
"../../../Engine/Content/EngineDebugMaterials/ClothMaterial_WF.uasset" 196
"../../../Engine/Content/EngineDebugMaterials/DebugEditorMaterial.uasset" 197
"../../../Engine/Content/EngineDebugMaterials/DebugMeshMaterial.uasset" 198
"../../../Engine/Content/EngineDebugMaterials/GeomMaterial.uasset" 199
"../../../Engine/Content/Functions/Engine_MaterialFunctions01/Shading/ConvertFromDiffSpec.uasset" 200
"../../../Engine/Content/EngineDebugMaterials/LevelColorationLitMaterial.uasset" 201
"../../../Engine/Content/EngineDebugMaterials/LevelColorationUnlitMaterial.uasset" 202
"../../../Engine/Content/EngineMaterials/DefaultWhiteGrid.uasset" 203
"../../../Engine/Content/EngineDebugMaterials/MAT_LevelColorationLitLightmapUV.uasset" 204
"../../../Engine/Content/EngineDebugMaterials/M_SimpleTranslucent.uasset" 205
"../../../Engine/Content/Functions/Engine_MaterialFunctions02/Utility/CameraDirectionVector.uasset" 206
"../../../Engine/Content/EngineDebugMaterials/VolumeToRender.uasset" 207
"../../../Engine/Content/EngineDebugMaterials/M_VolumeRenderSphereTracePP.uasset" 208
"../../../Engine/Content/EngineDebugMaterials/ShadedLevelColorationLitMaterial.uasset" 209
"../../../Engine/Content/EngineDebugMaterials/ShadedLevelColorationUnlitMateri.uasset" 210
"../../../Engine/Content/EngineDebugMaterials/VertexColorMaterial.uasset" 211
"../../../Engine/Content/EngineDebugMaterials/VertexColorViewMode_AlphaAsColor.uasset" 212
"../../../Engine/Content/EngineDebugMaterials/VertexColorViewMode_BlueOnly.uasset" 213
"../../../Engine/Content/EngineDebugMaterials/VertexColorViewMode_ColorOnly.uasset" 214
"../../../Engine/Content/EngineDebugMaterials/VertexColorViewMode_GreenOnly.uasset" 215
"../../../Engine/Content/EngineDebugMaterials/VertexColorViewMode_RedOnly.uasset" 216
"../../../Engine/Content/EngineDebugMaterials/WireframeMaterial.uasset" 217
"../../../Engine/Content/EngineFonts/Faces/DroidSansFallback.uasset" 218
"../../../Engine/Content/EngineFonts/Faces/RobotoBold.uasset" 219
"../../../Engine/Content/EngineFonts/Faces/RobotoBoldItalic.uasset" 220
"../../../Engine/Content/EngineFonts/Faces/RobotoItalic.uasset" 221
"../../../Engine/Content/EngineFonts/Faces/RobotoLight.uasset" 222
"../../../Engine/Content/EngineFonts/Faces/RobotoRegular.uasset" 223
"../../../Engine/Content/EngineFonts/Roboto.uasset" 224
"../../../Engine/Content/EngineFonts/Faces/RobotoTiny.uasset" 225
"../../../Engine/Content/EngineFonts/RobotoTiny.uasset" 226
"../../../Engine/Content/EngineFonts/SmallFont.uasset" 227
"../../../Engine/Content/EngineFonts/TinyFont.uasset" 228
"../../../Engine/Content/EngineMaterials/BaseFlattenDiffuseMap.uasset" 229
"../../../Engine/Content/EngineMaterials/BaseFlattenEmissiveMap.uasset" 230
"../../../Engine/Content/EngineMaterials/BaseFlattenGrayscaleMap.uasset" 231
"../../../Engine/Content/EngineMaterials/BaseFlattenNormalMap.uasset" 232
"../../../Engine/Content/EngineMaterials/BaseFlattenMaterial.uasset" 233
"../../../Engine/Content/EngineResources/WhiteSquareTexture.uasset" 234
"../../../Engine/Content/EngineMaterials/BlinkingCaret.uasset" 235
"../../../Engine/Content/EngineMaterials/BlueNoise.uasset" 236
"../../../Engine/Content/EngineMaterials/DefaultBloomKernel.uasset" 237
"../../../Engine/Content/EngineMaterials/DefaultBokeh.uasset" 238
"../../../Engine/Content/EngineMaterials/DefaultDeferredDecalMaterial.uasset" 239
"../../../Engine/Content/EngineMaterials/DefaultLightFunctionMaterial.uasset" 240
"../../../Engine/Content/EngineMaterials/DefaultNormal.uasset" 241
"../../../Engine/Content/EngineMaterials/DefaultPostProcessMaterial.uasset" 242
"../../../Engine/Content/EngineFonts/RobotoDistanceField.uasset" 243
"../../../Engine/Content/EngineMaterials/DefaultTextMaterialOpaque.uasset" 244
"../../../Engine/Content/EngineMaterials/DefaultVirtualTextureMaterial.uasset" 245
"../../../Engine/Content/EngineMaterials/EditorBrushMaterial.uasset" 246
"../../../Engine/Content/EngineMaterials/DefaultWhiteGrid_Low.uasset" 247
"../../../Engine/Content/EngineMaterials/EmissiveMeshMaterial.uasset" 248
"../../../Engine/Content/EngineMaterials/GizmoMaterial.uasset" 249
"../../../Engine/Content/EngineMaterials/Good64x64TilingNoiseHighFreq.uasset" 250
"../../../Engine/Content/EngineMaterials/Grid_N.uasset" 251
"../../../Engine/Content/EngineMaterials/HairColorMap.uasset" 252
"../../../Engine/Content/EngineMaterials/HairDebugColor.uasset" 253
"../../../Engine/Content/EngineMaterials/HairDebugMaterial.uasset" 254
"../../../Engine/Content/EngineMaterials/HairDefaultMaterial.uasset" 255
"../../../Engine/Content/EngineMaterials/HighResolutionScreenshotMaskFunction.uasset" 256
"../../../Engine/Content/EngineMaterials/HighResScreenshot.uasset" 257
"../../../Engine/Content/EngineMaterials/HighResScreenshotCaptureRegion.uasset" 258
"../../../Engine/Content/EngineMaterials/HighResScreenshotMask.uasset" 259
"../../../Engine/Content/EngineMaterials/LandscapeHolePhysicalMaterial.uasset" 260
"../../../Engine/Content/EngineMaterials/InvalidLightmapSettings.uasset" 261
"../../../Engine/Content/EngineMaterials/M_InvalidLightmapSettings.uasset" 262
"../../../Engine/Content/EngineMaterials/PaperDiffuse.uasset" 263
"../../../Engine/Content/EngineMaterials/PaperNormal.uasset" 264
"../../../Engine/Content/Functions/Engine_MaterialFunctions02/WorldPositionOffset/CameraOffset.uasset" 265
"../../../Engine/Content/EngineMaterials/PhAT_JointLimitMaterial.uasset" 266
"../../../Engine/Content/EngineMaterials/PhysMat_Rubber.uasset" 267
"../../../Engine/Content/EngineMaterials/PreintegratedSkinBRDF.uasset" 268
"../../../Engine/Content/EngineMaterials/RemoveSurfaceMaterial.uasset" 269
"../../../Engine/Content/EngineMaterials/WeightMapPlaceholderTexture.uasset" 270
"../../../Engine/Content/Functions/Engine_MaterialFunctions01/ImageAdjustment/sRGBToLinear.uasset" 271
"../../../Engine/Content/Functions/Engine_MaterialFunctions02/Utility/BreakOutFloat3Components.uasset" 272
"../../../Engine/Content/EngineMaterials/Widget3DCameraPassThrough_Opaque_OneSided.uasset" 273
"../../../Engine/Content/EngineMaterials/Widget3DPassThrough.uasset" 274
"../../../Engine/Content/EngineMaterials/Widget3DPassThrough_Masked.uasset" 275
"../../../Engine/Content/EngineMaterials/Widget3DPassThrough_Opaque.uasset" 276
"../../../Engine/Content/EngineMaterials/Widget3DPassThrough_Masked_OneSided.uasset" 277
"../../../Engine/Content/EngineMaterials/Widget3DPassThrough_Opaque_OneSided.uasset" 278
"../../../Engine/Content/EngineMaterials/Widget3DPassThrough_Translucent.uasset" 279
"../../../Engine/Content/EngineMaterials/Widget3DPassThrough_Translucent_OneSided.uasset" 280
"../../../Engine/Content/EngineMeshes/Cylinder.uasset" 281
"../../../Engine/Content/EngineMeshes/Sphere.uasset" 282
"../../../Engine/Content/EngineResources/Black.uasset" 283
"../../../Engine/Content/EngineResources/DefaultTexture.uasset" 284
"../../../Engine/Content/EngineResources/DefaultTextureCube.uasset" 285
"../../../Engine/Content/EngineResources/DefaultVolumeTexture2D.uasset" 286
"../../../Engine/Content/EngineResources/DefaultVolumeTexture.uasset" 287
"../../../Engine/Content/EngineResources/GradientTexture0.uasset" 288
"../../../Engine/Content/EngineResources/StreamingPauseIcon.uasset" 289
"../../../Engine/Content/EngineResources/M_StreamingPause.uasset" 290
"../../../Engine/Content/EngineSounds/Master.uasset" 291
"../../../Engine/Content/Functions/Engine_MaterialFunctions01/Shading/PowerToRoughness.uasset" 292
"../../../Engine/Content/Maps/Templates/Thumbnails/Default.uasset" 293
"../../../Engine/Content/Maps/Templates/Thumbnails/TimeOfDay.uasset" 294
"../../../Engine/Content/Maps/Templates/Thumbnails/VR-Basic.uasset" 295
"../../../Engine/Content/MapTemplates/Sky/DaylightAmbientCubemap.uasset" 296
"../../../Engine/Content/MobileResources/T_MobileControls_texture.uasset" 297
"../../../Engine/Content/MobileResources/T_MobileMenu2.uasset" 298
"../../../Engine/Content/MobileResources/HUD/AnalogHat.uasset" 299
"../../../Engine/Content/MobileResources/HUD/VirtualJoystick_Background.uasset" 300
"../../../Engine/Content/MobileResources/HUD/VirtualJoystick_Thumb.uasset" 301
"../../../Engine/Content/MobileResources/HUD/DefaultVirtualJoysticks.uasset" 302
"../../../Engine/Content/MobileResources/HUD/LeftVirtualJoystickOnly.uasset" 303
"../../../Engine/Content/MobileResources/HUD/MobileHUDButton1_off.uasset" 304
"../../../Engine/Content/MobileResources/HUD/MobileHUDButton1_on.uasset" 305
"../../../Engine/Content/MobileResources/HUD/MobileHUDButton2_off.uasset" 306
"../../../Engine/Content/MobileResources/HUD/MobileHUDButton2_on.uasset" 307
"../../../Engine/Content/MobileResources/HUD/MobileHUDButton3.uasset" 308
"../../../Engine/Content/MobileResources/HUD/MobileHUDButtonFire.uasset" 309
"../../../Engine/Content/MobileResources/HUD/MobileHUDDirectionPad.uasset" 310
"../../../Engine/Content/MobileResources/HUD/MobileHUDDirectionPad2.uasset" 311
"../../../Engine/Content/MobileResources/HUD/MobileHUDDirectionPad3.uasset" 312
"../../../Engine/Content/MobileResources/HUD/MobileHUDDirectionStick.uasset" 313
"../../../Engine/Content/MobileResources/HUD/T_Castle_ThumbstickInner.uasset" 314
"../../../Engine/Content/MobileResources/HUD/T_Castle_ThumbstickOutter.uasset" 315
"../../../Engine/Content/Tutorial/ContentIntroCurve.uasset" 316
"../../../Engine/Content/Tutorial/Basics/LevelEditorAttract.uasset" 317
"../../../Engine/Content/Tutorial/Basics/TutorialAssets/icon_tab_Levels_40x.uasset" 318
"../../../Engine/Content/Tutorial/Basics/LevelEditorOverview.uasset" 319
"../../../Engine/Content/Tutorial/BlueprintTutorials/TutorialAssets/Blueprint_64x.uasset" 320
"../../../Engine/Content/Tutorial/BlueprintTutorials/BlueprintEditorTutorial.uasset" 321
"../../../Engine/Content/Tutorial/BlueprintTutorials/TutorialAssets/Tutorial_BP_MacroLib.uasset" 322
"../../../Engine/Content/VREditor/LaserPointer/VR_LaserPower_01.uasset" 323
"../../../Engine/Content/VREditor/TransformGizmo/TransformGizmoMaterial.uasset" 324
"../../../Engine/Content/VREditor/TransformGizmo/TranslucentTransformGizmoMaterial.uasset" 325
"../../../Engine/Content/VREditor/TransformGizmo/BoundingBoxCorner.uasset" 326
"../../../Engine/Content/VREditor/TransformGizmo/BoundingBoxEdge.uasset" 327
"../../../Engine/Content/VREditor/TransformGizmo/PlaneTranslationHandle.uasset" 328
"../../../Engine/Content/VREditor/TransformGizmo/Main.uasset" 329
"../../../Engine/Content/VREditor/TransformGizmo/Xray.uasset" 330
"../../../Engine/Content/VREditor/TransformGizmo/SM_Sequencer_Key.uasset" 331
"../../../Engine/Content/VREditor/TransformGizmo/SM_Sequencer_Node.uasset" 332
"../../../../../adale/Desktop/Black-White/Monochrome/Content/Textures/MenuTextures/MainMenuCursor.uasset" 333
"../../../../../adale/Desktop/Black-White/Monochrome/Content/Blueprints/BP_CursorWidget.uasset" 334
"../../../../../adale/Desktop/Black-White/Monochrome/Content/Textures/MenuTextures/1280x720.uasset" 335
"../../../../../adale/Desktop/Black-White/Monochrome/Content/Textures/MenuTextures/1280x720-2.uasset" 336
"../../../../../adale/Desktop/Black-White/Monochrome/Content/Textures/MenuTextures/1280x720-3.uasset" 337
"../../../../../adale/Desktop/Black-White/Monochrome/Content/Textures/MenuTextures/1920x1080.uasset" 338
"../../../../../adale/Desktop/Black-White/Monochrome/Content/Textures/MenuTextures/1920x1080-2.uasset" 339
"../../../../../adale/Desktop/Black-White/Monochrome/Content/Textures/MenuTextures/1920x1080-3.uasset" 340
"../../../../../adale/Desktop/Black-White/Monochrome/Content/Textures/MenuTextures/640x480.uasset" 341
"../../../../../adale/Desktop/Black-White/Monochrome/Content/Textures/MenuTextures/640x480-2.uasset" 342
"../../../../../adale/Desktop/Black-White/Monochrome/Content/Textures/MenuTextures/640x480-3.uasset" 343
"../../../../../adale/Desktop/Black-White/Monochrome/Content/Textures/MenuTextures/Back.uasset" 344
"../../../../../adale/Desktop/Black-White/Monochrome/Content/Textures/MenuTextures/Back2.uasset" 345
"../../../../../adale/Desktop/Black-White/Monochrome/Content/Textures/MenuTextures/Back3.uasset" 346
"../../../../../adale/Desktop/Black-White/Monochrome/Content/Textures/MenuTextures/MainMenu.uasset" 347
"../../../../../adale/Desktop/Black-White/Monochrome/Content/Textures/MenuTextures/MainMenu2.uasset" 348
"../../../../../adale/Desktop/Black-White/Monochrome/Content/Textures/MenuTextures/MainMenu3.uasset" 349
"../../../../../adale/Desktop/Black-White/Monochrome/Content/Textures/MenuTextures/Options.uasset" 350
"../../../../../adale/Desktop/Black-White/Monochrome/Content/Textures/MenuTextures/Options2.uasset" 351
"../../../../../adale/Desktop/Black-White/Monochrome/Content/Textures/MenuTextures/Options3.uasset" 352
"../../../../../adale/Desktop/Black-White/Monochrome/Content/Textures/MenuTextures/Return.uasset" 353
"../../../../../adale/Desktop/Black-White/Monochrome/Content/Textures/MenuTextures/Return2.uasset" 354
"../../../../../adale/Desktop/Black-White/Monochrome/Content/Textures/MenuTextures/Return3.uasset" 355
"../../../../../adale/Desktop/Black-White/Monochrome/Content/Blueprints/BP_PauseMenu.uasset" 356
"../../../../../adale/Desktop/Black-White/Monochrome/Content/Blueprints/BP_DefaultPlayerController.uasset" 357
"../../../../../adale/Desktop/Black-White/Monochrome/Content/Blueprints/BP_MonochromeGameStateBase.uasset" 358
"../../Plugins/2D/Paper2D/Content/DefaultSpriteMaterial.uasset" 359
"../../Plugins/2D/Paper2D/Content/TranslucentUnlitSpriteMaterial.uasset" 360
"../../../../../adale/Desktop/Black-White/Monochrome/Content/Sprites/Red_Sprite.uasset" 361
"../../../../../adale/Desktop/Black-White/Monochrome/Content/Blueprints/BP_PlayerPawn.uasset" 362
"../../../../../adale/Desktop/Black-White/Monochrome/Content/Blueprints/BP_MonochromeGameModeBase.uasset" 363
"../../../../../adale/Desktop/Black-White/Monochrome/Content/Textures/Black.uasset" 364
"../../../../../adale/Desktop/Black-White/Monochrome/Content/Textures/Blue.uasset" 365
"../../../../../adale/Desktop/Black-White/Monochrome/Content/Textures/Grey.uasset" 366
"../../../../../adale/Desktop/Black-White/Monochrome/Content/Textures/platformPack_tile019.uasset" 367
"../../../../../adale/Desktop/Black-White/Monochrome/Content/Textures/platformPack_tile021.uasset" 368
"../../../../../adale/Desktop/Black-White/Monochrome/Content/Textures/platformPack_tile055.uasset" 369
"../../../../../adale/Desktop/Black-White/Monochrome/Content/Textures/platformPack_tile056.uasset" 370
"../../../../../adale/Desktop/Black-White/Monochrome/Content/Textures/platformPack_tile062.uasset" 371
"../../../../../adale/Desktop/Black-White/Monochrome/Content/Textures/platformPack_tile063.uasset" 372
"../../../../../adale/Desktop/Black-White/Monochrome/Content/Textures/Red.uasset" 373
"../../../../../adale/Desktop/Black-White/Monochrome/Content/Textures/White.uasset" 374
"../../Plugins/2D/Paper2D/Content/PlaceholderTextures/DummySpriteTexture.uasset" 375
"../../Plugins/2D/Paper2D/Content/DummySprite.uasset" 376
"../../Plugins/2D/Paper2D/Content/DefaultPaperTerrainMaterial.uasset" 377
"../../Plugins/2D/Paper2D/Content/MaskedUnlitSpriteMaterial.uasset" 378
"../../Plugins/2D/Paper2D/Content/OpaqueUnlitSpriteMaterial.uasset" 379
"../../Plugins/Enterprise/DatasmithContent/Content/Blueprints/FBXImporter/FBXImporterUtils.uasset" 380
"../../../Engine/Content/Functions/Engine_MaterialFunctions02/Utility/BreakOutFloat4Components.uasset" 381
"../../Plugins/Runtime/Oculus/OculusVR/Content/Materials/OculusMR_ChromaKey.uasset" 382
"../../Plugins/Runtime/Oculus/OculusVR/Content/Materials/OculusMR_ChromaKey_Lit.uasset" 383
"../../Plugins/Runtime/Oculus/OculusVR/Content/Materials/OculusMR_OpaqueColoredMaterial.uasset" 384
"../../Plugins/Runtime/Oculus/OculusVR/Content/Materials/OculusMR_WhiteMaterial.uasset" 385
"../../../../../adale/Desktop/Black-White/Monochrome/Content/Sprites/Grey_Sprite.uasset" 386
"../../../../../adale/Desktop/Black-White/Monochrome/Content/Sprites/Black_Sprite.uasset" 387
"../../../../../adale/Desktop/Black-White/Monochrome/Content/Blueprints/BP_BlackBlock.uasset" 388
"../../../../../adale/Desktop/Black-White/Monochrome/Content/Sprites/platformPack_tile056_Sprite.uasset" 389
"../../../../../adale/Desktop/Black-White/Monochrome/Content/Sprites/platformPack_tile062_Sprite.uasset" 390
"../../../../../adale/Desktop/Black-White/Monochrome/Content/Sprites/platformPack_tile063_Sprite.uasset" 391
"../../../../../adale/Desktop/Black-White/Monochrome/Content/Blueprints/BP_BlackVanishGameStateButton.uasset" 392
"../../../../../adale/Desktop/Black-White/Monochrome/Content/Sprites/platformPack_tile019_Sprite.uasset" 393
"../../../../../adale/Desktop/Black-White/Monochrome/Content/Sprites/platformPack_tile021_Sprite.uasset" 394
"../../../../../adale/Desktop/Black-White/Monochrome/Content/Blueprints/BP_CheckpointActor.uasset" 395
"../../../../../adale/Desktop/Black-White/Monochrome/Content/Sprites/platformPack_tile055_Sprite.uasset" 396
"../../../../../adale/Desktop/Black-White/Monochrome/Content/Blueprints/BP_GameStateButtonBase.uasset" 397
"../../../../../adale/Desktop/Black-White/Monochrome/Content/Sprites/Blue_Sprite.uasset" 398
"../../../../../adale/Desktop/Black-White/Monochrome/Content/Blueprints/BP_NeutralBlock.uasset" 399
"../../../../../adale/Desktop/Black-White/Monochrome/Content/Sprites/White_Sprite.uasset" 400
"../../../../../adale/Desktop/Black-White/Monochrome/Content/Blueprints/BP_WhiteBlock.uasset" 401
"../../../../../adale/Desktop/Black-White/Monochrome/Content/Blueprints/BP_WhiteVanishGameStateButton.uasset" 402
"../../../Engine/Content/Maps/Entry_BuiltData.uasset" 403
"../../../Engine/Content/Maps/Entry.umap" 404
"../../../Engine/Content/EngineSky/C_Sky_Cloud_Color.uasset" 405
"../../../Engine/Content/EngineSky/C_Sky_Horizon_Color.uasset" 406
"../../../Engine/Content/EngineSky/C_Sky_Zenith_Color.uasset" 407
"../../../Engine/Content/EngineSky/T_Sky_Blue.uasset" 408
"../../../Engine/Content/EngineSky/T_Sky_Clouds_M.uasset" 409
"../../../Engine/Content/EngineSky/T_Sky_Stars.uasset" 410
"../../../Engine/Content/EngineSky/M_Sky_Panning_Clouds2.uasset" 411
"../../../Engine/Content/EngineSky/SM_SkySphere.uasset" 412
"../../../Engine/Content/EngineSky/BP_Sky_Sphere.uasset" 413
"../../../../../adale/Desktop/Black-White/Monochrome/Content/Blueprints/BP_MainMenuController.uasset" 414
"../../../../../adale/Desktop/Black-White/Monochrome/Content/Textures/MenuTextures/Background.uasset" 415
"../../../../../adale/Desktop/Black-White/Monochrome/Content/Textures/MenuTextures/Level1.uasset" 416
"../../../../../adale/Desktop/Black-White/Monochrome/Content/Textures/MenuTextures/Level1-2.uasset" 417
"../../../../../adale/Desktop/Black-White/Monochrome/Content/Textures/MenuTextures/Level1-3.uasset" 418
"../../../../../adale/Desktop/Black-White/Monochrome/Content/Textures/MenuTextures/Level2.uasset" 419
"../../../../../adale/Desktop/Black-White/Monochrome/Content/Textures/MenuTextures/Level2-2.uasset" 420
"../../../../../adale/Desktop/Black-White/Monochrome/Content/Textures/MenuTextures/Level2-3.uasset" 421
"../../../../../adale/Desktop/Black-White/Monochrome/Content/Textures/MenuTextures/Level3.uasset" 422
"../../../../../adale/Desktop/Black-White/Monochrome/Content/Textures/MenuTextures/Level3-2.uasset" 423
"../../../../../adale/Desktop/Black-White/Monochrome/Content/Textures/MenuTextures/Level3-3.uasset" 424
"../../../../../adale/Desktop/Black-White/Monochrome/Content/Textures/MenuTextures/Level4.uasset" 425
"../../../../../adale/Desktop/Black-White/Monochrome/Content/Textures/MenuTextures/Level4-2.uasset" 426
"../../../../../adale/Desktop/Black-White/Monochrome/Content/Textures/MenuTextures/Level4-3.uasset" 427
"../../../../../adale/Desktop/Black-White/Monochrome/Content/Textures/MenuTextures/Level5.uasset" 428
"../../../../../adale/Desktop/Black-White/Monochrome/Content/Textures/MenuTextures/Level5-2.uasset" 429
"../../../../../adale/Desktop/Black-White/Monochrome/Content/Textures/MenuTextures/Level5-3.uasset" 430
"../../../../../adale/Desktop/Black-White/Monochrome/Content/Textures/MenuTextures/Level6.uasset" 431
"../../../../../adale/Desktop/Black-White/Monochrome/Content/Textures/MenuTextures/Level6-2.uasset" 432
"../../../../../adale/Desktop/Black-White/Monochrome/Content/Textures/MenuTextures/Level6-3.uasset" 433
"../../../../../adale/Desktop/Black-White/Monochrome/Content/Textures/MenuTextures/Level7.uasset" 434
"../../../../../adale/Desktop/Black-White/Monochrome/Content/Textures/MenuTextures/Level7-2.uasset" 435
"../../../../../adale/Desktop/Black-White/Monochrome/Content/Textures/MenuTextures/Level7-3.uasset" 436
"../../../../../adale/Desktop/Black-White/Monochrome/Content/Textures/MenuTextures/Level8.uasset" 437
"../../../../../adale/Desktop/Black-White/Monochrome/Content/Textures/MenuTextures/Level8-2.uasset" 438
"../../../../../adale/Desktop/Black-White/Monochrome/Content/Textures/MenuTextures/Level8-3.uasset" 439
"../../../../../adale/Desktop/Black-White/Monochrome/Content/Textures/MenuTextures/LevelSelect.uasset" 440
"../../../../../adale/Desktop/Black-White/Monochrome/Content/Textures/MenuTextures/LevelSelect2.uasset" 441
"../../../../../adale/Desktop/Black-White/Monochrome/Content/Textures/MenuTextures/LevelSelect3.uasset" 442
"../../../../../adale/Desktop/Black-White/Monochrome/Content/Textures/MenuTextures/Quit.uasset" 443
"../../../../../adale/Desktop/Black-White/Monochrome/Content/Textures/MenuTextures/Quit2.uasset" 444
"../../../../../adale/Desktop/Black-White/Monochrome/Content/Textures/MenuTextures/Quit3.uasset" 445
"../../../../../adale/Desktop/Black-White/Monochrome/Content/Textures/MenuTextures/Start.uasset" 446
"../../../../../adale/Desktop/Black-White/Monochrome/Content/Textures/MenuTextures/Start2.uasset" 447
"../../../../../adale/Desktop/Black-White/Monochrome/Content/Textures/MenuTextures/Start3.uasset" 448
"../../../../../adale/Desktop/Black-White/Monochrome/Content/Textures/MenuTextures/Title.uasset" 449
"../../../../../adale/Desktop/Black-White/Monochrome/Content/Blueprints/BP_MainMenuWidget.uasset" 450
"../../../../../adale/Desktop/Black-White/Monochrome/Content/Blueprints/BP_MainMenuHUD.uasset" 451
"../../../../../adale/Desktop/Black-White/Monochrome/Content/Blueprints/BP_MonochromeMenuMode.uasset" 452
"../../../Engine/Content/MapTemplates/SM_Template_Map_Floor.uasset" 453
"../../../../../adale/Desktop/Black-White/Monochrome/Content/Maps/MainMenu.umap" 454
