Log file open, 06/10/20 13:34:37
LogWindows: Failed to load 'aqProf.dll' (GetLastError=126)
LogWindows: File 'aqProf.dll' does not exist
LogWindows: Failed to load 'VtuneApi.dll' (GetLastError=126)
LogWindows: File 'VtuneApi.dll' does not exist
LogWindows: Failed to load 'VtuneApi32e.dll' (GetLastError=126)
LogWindows: File 'VtuneApi32e.dll' does not exist
LogConsoleResponse: Display: Failed to find resolution value strings in scalability ini. Falling back to default.
LogInit: Display: Running engine for game: Monochrome
LogPlatformFile: Not using cached read wrapper
LogTaskGraph: Started task graph with 5 named threads and 23 total threads with 3 sets of task threads.
LogStats: Stats thread started at 0.245553
LogD3D11RHI: Loaded GFSDK_Aftermath_Lib.x64.dll
LogICUInternationalization: ICU TimeZone Detection - Raw Offset: -5:00, Platform Override: ''
LogPluginManager: Mounting plugin Paper2D
LogPluginManager: Mounting plugin AISupport
LogPluginManager: Mounting plugin LightPropagationVolume
LogPluginManager: Mounting plugin ActorLayerUtilities
LogPluginManager: Mounting plugin AnimationSharing
LogPluginManager: Mounting plugin CLionSourceCodeAccess
LogPluginManager: Mounting plugin CodeLiteSourceCodeAccess
LogPluginManager: Mounting plugin GitSourceControl
LogPluginManager: Mounting plugin KDevelopSourceCodeAccess
LogPluginManager: Mounting plugin NullSourceCodeAccess
LogPluginManager: Mounting plugin PerforceSourceControl
LogPluginManager: Mounting plugin PlasticSourceControl
LogPluginManager: Mounting plugin SubversionSourceControl
LogPluginManager: Mounting plugin UObjectPlugin
LogPluginManager: Mounting plugin VisualStudioCodeSourceCodeAccess
LogPluginManager: Mounting plugin VisualStudioSourceCodeAccess
LogPluginManager: Mounting plugin XCodeSourceCodeAccess
LogPluginManager: Mounting plugin AssetManagerEditor
LogPluginManager: Mounting plugin CryptoKeys
LogPluginManager: Mounting plugin CurveEditorTools
LogPluginManager: Mounting plugin DataValidation
LogPluginManager: Mounting plugin FacialAnimation
LogPluginManager: Mounting plugin GameplayTagsEditor
LogPluginManager: Mounting plugin MacGraphicsSwitching
LogPluginManager: Mounting plugin MaterialAnalyzer
LogPluginManager: Mounting plugin MobileLauncherProfileWizard
LogPluginManager: Mounting plugin PluginBrowser
LogPluginManager: Mounting plugin SpeedTreeImporter
LogPluginManager: Mounting plugin DatasmithContent
LogPluginManager: Mounting plugin VariantManagerContent
LogPluginManager: Mounting plugin AlembicImporter
LogPluginManager: Mounting plugin AutomationUtils
LogPluginManager: Mounting plugin BackChannel
LogPluginManager: Mounting plugin CharacterAI
LogPluginManager: Mounting plugin GeometryCache
LogPluginManager: Mounting plugin PlatformCrypto
LogPluginManager: Mounting plugin ProxyLODPlugin
LogPluginManager: Mounting plugin SkeletalReduction
LogPluginManager: Mounting plugin MagicLeap
LogPluginManager: Mounting plugin MagicLeapMedia
LogPluginManager: Mounting plugin MLSDK
LogPluginManager: Mounting plugin AndroidMedia
LogPluginManager: Mounting plugin AvfMedia
LogPluginManager: Mounting plugin ImgMedia
LogPluginManager: Mounting plugin MediaCompositing
LogPluginManager: Mounting plugin MediaPlayerEditor
LogPluginManager: Mounting plugin WebMMedia
LogPluginManager: Mounting plugin WmfMedia
LogPluginManager: Mounting plugin TcpMessaging
LogPluginManager: Mounting plugin UdpMessaging
LogPluginManager: Mounting plugin ActorSequence
LogPluginManager: Mounting plugin LevelSequenceEditor
LogPluginManager: Mounting plugin MatineeToLevelSequence
LogPluginManager: Mounting plugin NetcodeUnitTest
LogPluginManager: Mounting plugin NUTUnrealEngine4
LogPluginManager: Mounting plugin OnlineSubsystemGooglePlay
LogPluginManager: Mounting plugin OnlineSubsystemIOS
LogPluginManager: Mounting plugin OnlineSubsystem
LogPluginManager: Mounting plugin OnlineSubsystemNull
LogPluginManager: Mounting plugin OnlineSubsystemUtils
LogPluginManager: Mounting plugin LauncherChunkInstaller
LogPluginManager: Mounting plugin AndroidDeviceProfileSelector
LogPluginManager: Mounting plugin AndroidMoviePlayer
LogPluginManager: Mounting plugin AndroidPermission
LogPluginManager: Mounting plugin AppleImageUtils
LogPluginManager: Mounting plugin AppleMoviePlayer
LogPluginManager: Mounting plugin ArchVisCharacter
LogPluginManager: Mounting plugin AssetTags
LogPluginManager: Mounting plugin AudioCapture
LogPluginManager: Mounting plugin CableComponent
LogPluginManager: Mounting plugin CustomMeshComponent
LogPluginManager: Mounting plugin EditableMesh
LogPluginManager: Mounting plugin ExampleDeviceProfileSelector
LogPluginManager: Mounting plugin GoogleCloudMessaging
LogPluginManager: Mounting plugin IOSDeviceProfileSelector
LogPluginManager: Mounting plugin LinuxDeviceProfileSelector
LogPluginManager: Mounting plugin LocationServicesBPLibrary
LogPluginManager: Mounting plugin MobilePatchingUtils
LogPluginManager: Mounting plugin OculusVR
LogPluginManager: Mounting plugin PhysXVehicles
LogPluginManager: Mounting plugin PostSplashScreen
LogPluginManager: Mounting plugin ProceduralMeshComponent
LogPluginManager: Mounting plugin RuntimePhysXCooking
LogPluginManager: Mounting plugin SignificanceManager
LogPluginManager: Mounting plugin SteamVR
LogPluginManager: Mounting plugin WebMMoviePlayer
LogPluginManager: Mounting plugin WindowsMoviePlayer
LogPluginManager: Mounting plugin ScreenshotTools
LogInit: Using libcurl 7.55.1-DEV
LogInit:  - built for x86_64-pc-win32
LogInit:  - supports SSL with OpenSSL/1.1.1
LogInit:  - supports HTTP deflate (compression) using libz 1.2.8
LogInit:  - other features:
LogInit:      CURL_VERSION_SSL
LogInit:      CURL_VERSION_LIBZ
LogInit:      CURL_VERSION_IPV6
LogInit:      CURL_VERSION_ASYNCHDNS
LogInit:      CURL_VERSION_LARGEFILE
LogInit:      CURL_VERSION_IDN
LogInit:  CurlRequestOptions (configurable via config and command line):
LogInit:  - bVerifyPeer = true  - Libcurl will verify peer certificate
LogInit:  - bUseHttpProxy = false  - Libcurl will NOT use HTTP proxy
LogInit:  - bDontReuseConnections = false  - Libcurl will reuse connections
LogInit:  - MaxHostConnections = 16  - Libcurl will limit the number of connections to a host
LogInit:  - LocalHostAddr = Default
LogInit:  - BufferSize = 65536
LogOnline: OSS: Creating online subsystem instance for: NULL
LogInit: WinSock: version 1.1 (2.2), MaxSocks=32767, MaxUdp=65467
LogOnline: OSS: TryLoadSubsystemAndSetDefault: Loaded subsystem for module [NULL]
LogInit: Build: ++UE4+Release-4.24-CL-11590370
LogInit: Engine Version: 4.24.3-11590370+++UE4+Release-4.24
LogInit: Compatible Engine Version: 4.24.0-10570792+++UE4+Release-4.24
LogInit: Net CL: 10570792
LogInit: OS: Windows 10 (Release 1903) (), CPU: Intel(R) Core(TM) i7-7700HQ CPU @ 2.80GHz, GPU: Intel(R) HD Graphics 630
LogInit: Compiled (64-bit): Feb 24 2020 15:39:18
LogInit: Compiled with Visual C++: 19.16.27032.01
LogInit: Build Configuration: Development
LogInit: Branch Name: ++UE4+Release-4.24
LogInit: Command Line:  -skipcompile
LogInit: Base Directory: D:/Program Files (x86)/UE_4.24/Engine/Binaries/Win64/
LogInit: Installed Engine Build: 1
LogDevObjectVersion: Number of dev versions registered: 25
LogDevObjectVersion:   Dev-Blueprints (B0D832E4-1F89-4F0D-ACCF-7EB736FD4AA2): 10
LogDevObjectVersion:   Dev-Build (E1C64328-A22C-4D53-A36C-8E866417BD8C): 0
LogDevObjectVersion:   Dev-Core (375EC13C-06E4-48FB-B500-84F0262A717E): 3
LogDevObjectVersion:   Dev-Editor (E4B068ED-F494-42E9-A231-DA0B2E46BB41): 37
LogDevObjectVersion:   Dev-Framework (CFFC743F-43B0-4480-9391-14DF171D2073): 36
LogDevObjectVersion:   Dev-Mobile (B02B49B5-BB20-44E9-A304-32B752E40360): 2
LogDevObjectVersion:   Dev-Networking (A4E4105C-59A1-49B5-A7C5-40C4547EDFEE): 0
LogDevObjectVersion:   Dev-Online (39C831C9-5AE6-47DC-9A44-9C173E1C8E7C): 0
LogDevObjectVersion:   Dev-Physics (78F01B33-EBEA-4F98-B9B4-84EACCB95AA2): 2
LogDevObjectVersion:   Dev-Platform (6631380F-2D4D-43E0-8009-CF276956A95A): 0
LogDevObjectVersion:   Dev-Rendering (12F88B9F-8875-4AFC-A67C-D90C383ABD29): 36
LogDevObjectVersion:   Dev-Sequencer (7B5AE74C-D270-4C10-A958-57980B212A5A): 11
LogDevObjectVersion:   Dev-VR (D7296918-1DD6-4BDD-9DE2-64A83CC13884): 2
LogDevObjectVersion:   Dev-LoadTimes (C2A15278-BFE7-4AFE-6C17-90FF531DF755): 1
LogDevObjectVersion:   Private-Geometry (6EACA3D4-40EC-4CC1-B786-8BED09428FC5): 3
LogDevObjectVersion:   Dev-AnimPhys (29E575DD-E0A3-4627-9D10-D276232CDCEA): 17
LogDevObjectVersion:   Dev-Anim (AF43A65D-7FD3-4947-9873-3E8ED9C1BB05): 2
LogDevObjectVersion:   Dev-ReflectionCapture (6B266CEC-1EC7-4B8F-A30B-E4D90942FC07): 1
LogDevObjectVersion:   Dev-Automation (0DF73D61-A23F-47EA-B727-89E90C41499A): 1
LogDevObjectVersion:   FortniteMain (601D1886-AC64-4F84-AA16-D3DE0DEAC7D6): 31
LogDevObjectVersion:   Dev-Enterprise (9DFFBCD6-494F-0158-E221-12823C92A888): 8
LogDevObjectVersion:   Dev-Niagara (F2AED0AC-9AFE-416F-8664-AA7FFA26D6FC): 1
LogDevObjectVersion:   Dev-Destruction (174F1F0B-B4C6-45A5-B13F-2EE8D0FB917D): 9
LogDevObjectVersion:   Dev-Physics-Ext (35F94A83-E258-406C-A318-09F59610247C): 8
LogDevObjectVersion:   Dev-CineCamera (B2E18506-4273-CFC2-A54E-F4BB758BBA07): 1
LogInit: Presizing for max 25165824 objects, including 0 objects not considered by GC, pre-allocating 0 bytes for permanent pool.
LogInit: Object subsystem initialized
LogConfig: Setting CVar [[con.DebugEarlyDefault:1]]
LogConfig: Setting CVar [[r.setres:1280x720]]
[2020.06.10-17.34.37:765][  0]LogConfig: Setting CVar [[r.VSync:0]]
[2020.06.10-17.34.37:765][  0]LogConfig: Setting CVar [[r.RHICmdBypass:0]]
[2020.06.10-17.34.37:765][  0]LogConfig: Applying CVar settings from Section [/Script/Engine.RendererSettings] File [D:/adale/Desktop/Black-White/Monochrome/Saved/Config/Windows/Engine.ini]
[2020.06.10-17.34.37:765][  0]LogConfig: Setting CVar [[r.GPUCrashDebugging:0]]
[2020.06.10-17.34.37:765][  0]LogConfig: Applying CVar settings from Section [/Script/Engine.RendererOverrideSettings] File [D:/adale/Desktop/Black-White/Monochrome/Saved/Config/Windows/Engine.ini]
[2020.06.10-17.34.37:766][  0]LogConfig: Applying CVar settings from Section [/Script/Engine.StreamingSettings] File [D:/adale/Desktop/Black-White/Monochrome/Saved/Config/Windows/Engine.ini]
[2020.06.10-17.34.37:766][  0]LogConfig: Setting CVar [[s.MinBulkDataSizeForAsyncLoading:131072]]
[2020.06.10-17.34.37:766][  0]LogConfig: Setting CVar [[s.AsyncLoadingThreadEnabled:0]]
[2020.06.10-17.34.37:766][  0]LogConfig: Setting CVar [[s.EventDrivenLoaderEnabled:1]]
[2020.06.10-17.34.37:766][  0]LogConfig: Setting CVar [[s.WarnIfTimeLimitExceeded:0]]
[2020.06.10-17.34.37:766][  0]LogConfig: Setting CVar [[s.TimeLimitExceededMultiplier:1.5]]
[2020.06.10-17.34.37:766][  0]LogConfig: Setting CVar [[s.TimeLimitExceededMinTime:0.005]]
[2020.06.10-17.34.37:766][  0]LogConfig: Setting CVar [[s.UseBackgroundLevelStreaming:1]]
[2020.06.10-17.34.37:766][  0]LogConfig: Setting CVar [[s.PriorityAsyncLoadingExtraTime:15.0]]
[2020.06.10-17.34.37:766][  0]LogConfig: Setting CVar [[s.LevelStreamingActorsUpdateTimeLimit:5.0]]
[2020.06.10-17.34.37:766][  0]LogConfig: Setting CVar [[s.PriorityLevelStreamingActorsUpdateExtraTime:5.0]]
[2020.06.10-17.34.37:766][  0]LogConfig: Setting CVar [[s.LevelStreamingComponentsRegistrationGranularity:10]]
[2020.06.10-17.34.37:766][  0]LogConfig: Setting CVar [[s.UnregisterComponentsTimeLimit:1.0]]
[2020.06.10-17.34.37:766][  0]LogConfig: Setting CVar [[s.LevelStreamingComponentsUnregistrationGranularity:5]]
[2020.06.10-17.34.37:767][  0]LogConfig: Setting CVar [[s.FlushStreamingOnExit:1]]
[2020.06.10-17.34.37:767][  0]LogConfig: Applying CVar settings from Section [/Script/Engine.GarbageCollectionSettings] File [D:/adale/Desktop/Black-White/Monochrome/Saved/Config/Windows/Engine.ini]
[2020.06.10-17.34.37:767][  0]LogConfig: Setting CVar [[gc.MaxObjectsNotConsideredByGC:1]]
[2020.06.10-17.34.37:767][  0]LogConfig: Setting CVar [[gc.SizeOfPermanentObjectPool:0]]
[2020.06.10-17.34.37:767][  0]LogConfig: Setting CVar [[gc.FlushStreamingOnGC:0]]
[2020.06.10-17.34.37:767][  0]LogConfig: Setting CVar [[gc.NumRetriesBeforeForcingGC:10]]
[2020.06.10-17.34.37:767][  0]LogConfig: Setting CVar [[gc.AllowParallelGC:1]]
[2020.06.10-17.34.37:767][  0]LogConfig: Setting CVar [[gc.TimeBetweenPurgingPendingKillObjects:61.1]]
[2020.06.10-17.34.37:767][  0]LogConfig: Setting CVar [[gc.MaxObjectsInEditor:25165824]]
[2020.06.10-17.34.37:767][  0]LogConfig: Setting CVar [[gc.IncrementalBeginDestroyEnabled:1]]
[2020.06.10-17.34.37:767][  0]LogConfig: Setting CVar [[gc.CreateGCClusters:1]]
[2020.06.10-17.34.37:767][  0]LogConfig: Setting CVar [[gc.MinGCClusterSize:5]]
[2020.06.10-17.34.37:767][  0]LogConfig: Setting CVar [[gc.ActorClusteringEnabled:0]]
[2020.06.10-17.34.37:768][  0]LogConfig: Setting CVar [[gc.BlueprintClusteringEnabled:0]]
[2020.06.10-17.34.37:768][  0]LogConfig: Setting CVar [[gc.UseDisregardForGCOnDedicatedServers:0]]
[2020.06.10-17.34.37:768][  0]LogConfig: Applying CVar settings from Section [/Script/Engine.NetworkSettings] File [D:/adale/Desktop/Black-White/Monochrome/Saved/Config/Windows/Engine.ini]
[2020.06.10-17.34.37:768][  0]LogConfig: Applying CVar settings from Section [/Script/UnrealEd.CookerSettings] File [D:/adale/Desktop/Black-White/Monochrome/Saved/Config/Windows/Engine.ini]
[2020.06.10-17.34.37:776][  0]LogConfig: Applying CVar settings from Section [ViewDistanceQuality@3] File [D:/adale/Desktop/Black-White/Monochrome/Saved/Config/Windows/Scalability.ini]
[2020.06.10-17.34.37:776][  0]LogConfig: Setting CVar [[r.SkeletalMeshLODBias:0]]
[2020.06.10-17.34.37:777][  0]LogConfig: Setting CVar [[r.ViewDistanceScale:1.0]]
[2020.06.10-17.34.37:777][  0]LogConfig: Applying CVar settings from Section [AntiAliasingQuality@3] File [D:/adale/Desktop/Black-White/Monochrome/Saved/Config/Windows/Scalability.ini]
[2020.06.10-17.34.37:777][  0]LogConfig: Setting CVar [[r.PostProcessAAQuality:4]]
[2020.06.10-17.34.37:777][  0]LogConfig: Applying CVar settings from Section [ShadowQuality@3] File [D:/adale/Desktop/Black-White/Monochrome/Saved/Config/Windows/Scalability.ini]
[2020.06.10-17.34.37:777][  0]LogConfig: Setting CVar [[r.LightFunctionQuality:1]]
[2020.06.10-17.34.37:777][  0]LogConfig: Setting CVar [[r.ShadowQuality:5]]
[2020.06.10-17.34.37:777][  0]LogConfig: Setting CVar [[r.Shadow.CSM.MaxCascades:10]]
[2020.06.10-17.34.37:777][  0]LogConfig: Setting CVar [[r.Shadow.MaxResolution:2048]]
[2020.06.10-17.34.37:777][  0]LogConfig: Setting CVar [[r.Shadow.MaxCSMResolution:2048]]
[2020.06.10-17.34.37:777][  0]LogConfig: Setting CVar [[r.Shadow.RadiusThreshold:0.01]]
[2020.06.10-17.34.37:777][  0]LogConfig: Setting CVar [[r.Shadow.DistanceScale:1.0]]
[2020.06.10-17.34.37:777][  0]LogConfig: Setting CVar [[r.Shadow.CSM.TransitionScale:1.0]]
[2020.06.10-17.34.37:777][  0]LogConfig: Setting CVar [[r.Shadow.PreShadowResolutionFactor:1.0]]
[2020.06.10-17.34.37:777][  0]LogConfig: Setting CVar [[r.DistanceFieldShadowing:1]]
[2020.06.10-17.34.37:777][  0]LogConfig: Setting CVar [[r.DistanceFieldAO:1]]
[2020.06.10-17.34.37:777][  0]LogConfig: Setting CVar [[r.AOQuality:2]]
[2020.06.10-17.34.37:777][  0]LogConfig: Setting CVar [[r.VolumetricFog:1]]
[2020.06.10-17.34.37:778][  0]LogConfig: Setting CVar [[r.VolumetricFog.GridPixelSize:8]]
[2020.06.10-17.34.37:778][  0]LogConfig: Setting CVar [[r.VolumetricFog.GridSizeZ:128]]
[2020.06.10-17.34.37:778][  0]LogConfig: Setting CVar [[r.VolumetricFog.HistoryMissSupersampleCount:4]]
[2020.06.10-17.34.37:778][  0]LogConfig: Setting CVar [[r.LightMaxDrawDistanceScale:1]]
[2020.06.10-17.34.37:778][  0]LogConfig: Setting CVar [[r.CapsuleShadows:1]]
[2020.06.10-17.34.37:778][  0]LogConfig: Applying CVar settings from Section [PostProcessQuality@3] File [D:/adale/Desktop/Black-White/Monochrome/Saved/Config/Windows/Scalability.ini]
[2020.06.10-17.34.37:778][  0]LogConfig: Setting CVar [[r.MotionBlurQuality:4]]
[2020.06.10-17.34.37:778][  0]LogConfig: Setting CVar [[r.AmbientOcclusionMipLevelFactor:0.4]]
[2020.06.10-17.34.37:778][  0]LogConfig: Setting CVar [[r.AmbientOcclusionMaxQuality:100]]
[2020.06.10-17.34.37:778][  0]LogConfig: Setting CVar [[r.AmbientOcclusionLevels:-1]]
[2020.06.10-17.34.37:778][  0]LogConfig: Setting CVar [[r.AmbientOcclusionRadiusScale:1.0]]
[2020.06.10-17.34.37:778][  0]LogConfig: Setting CVar [[r.DepthOfFieldQuality:2]]
[2020.06.10-17.34.37:778][  0]LogConfig: Setting CVar [[r.RenderTargetPoolMin:400]]
[2020.06.10-17.34.37:778][  0]LogConfig: Setting CVar [[r.LensFlareQuality:2]]
[2020.06.10-17.34.37:778][  0]LogConfig: Setting CVar [[r.SceneColorFringeQuality:1]]
[2020.06.10-17.34.37:778][  0]LogConfig: Setting CVar [[r.EyeAdaptationQuality:2]]
[2020.06.10-17.34.37:778][  0]LogConfig: Setting CVar [[r.BloomQuality:5]]
[2020.06.10-17.34.37:779][  0]LogConfig: Setting CVar [[r.FastBlurThreshold:100]]
[2020.06.10-17.34.37:779][  0]LogConfig: Setting CVar [[r.Upscale.Quality:3]]
[2020.06.10-17.34.37:779][  0]LogConfig: Setting CVar [[r.Tonemapper.GrainQuantization:1]]
[2020.06.10-17.34.37:779][  0]LogConfig: Setting CVar [[r.LightShaftQuality:1]]
[2020.06.10-17.34.37:779][  0]LogConfig: Setting CVar [[r.Filter.SizeScale:1]]
[2020.06.10-17.34.37:779][  0]LogConfig: Setting CVar [[r.Tonemapper.Quality:5]]
[2020.06.10-17.34.37:779][  0]LogConfig: Setting CVar [[r.DOF.Gather.AccumulatorQuality:1        ; higher gathering accumulator quality]]
[2020.06.10-17.34.37:779][  0]LogConfig: Setting CVar [[r.DOF.Gather.PostfilterMethod:1          ; Median3x3 postfilering method]]
[2020.06.10-17.34.37:779][  0]LogConfig: Setting CVar [[r.DOF.Gather.EnableBokehSettings:0       ; no bokeh simulation when gathering]]
[2020.06.10-17.34.37:779][  0]LogConfig: Setting CVar [[r.DOF.Gather.RingCount:4                 ; medium number of samples when gathering]]
[2020.06.10-17.34.37:779][  0]LogConfig: Setting CVar [[r.DOF.Scatter.ForegroundCompositing:1    ; additive foreground scattering]]
[2020.06.10-17.34.37:779][  0]LogConfig: Setting CVar [[r.DOF.Scatter.BackgroundCompositing:2    ; additive background scattering]]
[2020.06.10-17.34.37:779][  0]LogConfig: Setting CVar [[r.DOF.Scatter.EnableBokehSettings:1      ; bokeh simulation when scattering]]
[2020.06.10-17.34.37:779][  0]LogConfig: Setting CVar [[r.DOF.Scatter.MaxSpriteRatio:0.1         ; only a maximum of 10% of scattered bokeh]]
[2020.06.10-17.34.37:779][  0]LogConfig: Setting CVar [[r.DOF.Recombine.Quality:1                ; cheap slight out of focus]]
[2020.06.10-17.34.37:779][  0]LogConfig: Setting CVar [[r.DOF.Recombine.EnableBokehSettings:0    ; no bokeh simulation on slight out of focus]]
[2020.06.10-17.34.37:779][  0]LogConfig: Setting CVar [[r.DOF.TemporalAAQuality:1                ; more stable temporal accumulation]]
[2020.06.10-17.34.37:780][  0]LogConfig: Setting CVar [[r.DOF.Kernel.MaxForegroundRadius:0.025]]
[2020.06.10-17.34.37:780][  0]LogConfig: Setting CVar [[r.DOF.Kernel.MaxBackgroundRadius:0.025]]
[2020.06.10-17.34.37:780][  0]LogConfig: Applying CVar settings from Section [TextureQuality@3] File [D:/adale/Desktop/Black-White/Monochrome/Saved/Config/Windows/Scalability.ini]
[2020.06.10-17.34.37:780][  0]LogConfig: Setting CVar [[r.Streaming.MipBias:0]]
[2020.06.10-17.34.37:780][  0]LogConfig: Setting CVar [[r.Streaming.AmortizeCPUToGPUCopy:0]]
[2020.06.10-17.34.37:780][  0]LogConfig: Setting CVar [[r.Streaming.MaxNumTexturesToStreamPerFrame:0]]
[2020.06.10-17.34.37:780][  0]LogConfig: Setting CVar [[r.Streaming.Boost:1]]
[2020.06.10-17.34.37:780][  0]LogConfig: Setting CVar [[r.MaxAnisotropy:8]]
[2020.06.10-17.34.37:780][  0]LogConfig: Setting CVar [[r.VT.MaxAnisotropy:8]]
[2020.06.10-17.34.37:780][  0]LogConfig: Setting CVar [[r.Streaming.LimitPoolSizeToVRAM:0]]
[2020.06.10-17.34.37:780][  0]LogConfig: Setting CVar [[r.Streaming.PoolSize:1000]]
[2020.06.10-17.34.37:780][  0]LogConfig: Setting CVar [[r.Streaming.MaxEffectiveScreenSize:0]]
[2020.06.10-17.34.37:780][  0]LogConfig: Applying CVar settings from Section [EffectsQuality@3] File [D:/adale/Desktop/Black-White/Monochrome/Saved/Config/Windows/Scalability.ini]
[2020.06.10-17.34.37:780][  0]LogConfig: Setting CVar [[r.TranslucencyLightingVolumeDim:64]]
[2020.06.10-17.34.37:780][  0]LogConfig: Setting CVar [[r.RefractionQuality:2]]
[2020.06.10-17.34.37:781][  0]LogConfig: Setting CVar [[r.SSR.Quality:3]]
[2020.06.10-17.34.37:781][  0]LogConfig: Setting CVar [[r.SSR.HalfResSceneColor:0]]
[2020.06.10-17.34.37:781][  0]LogConfig: Setting CVar [[r.SceneColorFormat:4]]
[2020.06.10-17.34.37:781][  0]LogConfig: Setting CVar [[r.DetailMode:2]]
[2020.06.10-17.34.37:781][  0]LogConfig: Setting CVar [[r.TranslucencyVolumeBlur:1]]
[2020.06.10-17.34.37:781][  0]LogConfig: Setting CVar [[r.MaterialQualityLevel:1 ; High quality]]
[2020.06.10-17.34.37:781][  0]LogConfig: Setting CVar [[r.SSS.Scale:1]]
[2020.06.10-17.34.37:781][  0]LogConfig: Setting CVar [[r.SSS.SampleSet:2]]
[2020.06.10-17.34.37:781][  0]LogConfig: Setting CVar [[r.SSS.Quality:1]]
[2020.06.10-17.34.37:781][  0]LogConfig: Setting CVar [[r.SSS.HalfRes:1]]
[2020.06.10-17.34.37:781][  0]LogConfig: Setting CVar [[r.SSGI.Quality:3]]
[2020.06.10-17.34.37:781][  0]LogConfig: Setting CVar [[r.EmitterSpawnRateScale:1.0]]
[2020.06.10-17.34.37:781][  0]LogConfig: Setting CVar [[r.ParticleLightQuality:2]]
[2020.06.10-17.34.37:781][  0]LogConfig: Setting CVar [[r.SkyAtmosphere.AerialPerspectiveLUT.FastApplyOnOpaque:1 ; Always have FastSkyLUT 1 in this case to avoid wrong sky]]
[2020.06.10-17.34.37:781][  0]LogConfig: Setting CVar [[r.SkyAtmosphere.AerialPerspectiveLUT.SampleCountPerSlice:1]]
[2020.06.10-17.34.37:781][  0]LogConfig: Setting CVar [[r.SkyAtmosphere.AerialPerspectiveLUT.DepthResolution:16.0]]
[2020.06.10-17.34.37:782][  0]LogConfig: Setting CVar [[r.SkyAtmosphere.FastSkyLUT:1]]
[2020.06.10-17.34.37:782][  0]LogConfig: Setting CVar [[r.SkyAtmosphere.FastSkyLUT.SampleCountMin:4.0]]
[2020.06.10-17.34.37:782][  0]LogConfig: Setting CVar [[r.SkyAtmosphere.FastSkyLUT.SampleCountMax:32.0]]
[2020.06.10-17.34.37:782][  0]LogConfig: Setting CVar [[r.SkyAtmosphere.SampleCountMin:4.0]]
[2020.06.10-17.34.37:782][  0]LogConfig: Setting CVar [[r.SkyAtmosphere.SampleCountMax:32.0]]
[2020.06.10-17.34.37:782][  0]LogConfig: Setting CVar [[r.SkyAtmosphere.TransmittanceLUT.UseSmallFormat:0]]
[2020.06.10-17.34.37:782][  0]LogConfig: Setting CVar [[r.SkyAtmosphere.TransmittanceLUT.SampleCount:10.0]]
[2020.06.10-17.34.37:782][  0]LogConfig: Setting CVar [[r.SkyAtmosphere.MultiScatteringLUT.SampleCount:15.0]]
[2020.06.10-17.34.37:782][  0]LogConfig: Applying CVar settings from Section [FoliageQuality@3] File [D:/adale/Desktop/Black-White/Monochrome/Saved/Config/Windows/Scalability.ini]
[2020.06.10-17.34.37:782][  0]LogConfig: Setting CVar [[foliage.DensityScale:1.0]]
[2020.06.10-17.34.37:782][  0]LogConfig: Setting CVar [[grass.DensityScale:1.0]]
[2020.06.10-17.34.37:782][  0]LogConfig: Applying CVar settings from Section [ShadingQuality@3] File [D:/adale/Desktop/Black-White/Monochrome/Saved/Config/Windows/Scalability.ini]
[2020.06.10-17.34.37:782][  0]LogConfig: Setting CVar [[r.HairStrands.SkyLighting.SampleCount:16]]
[2020.06.10-17.34.37:782][  0]LogConfig: Setting CVar [[r.HairStrands.SkyLighting.JitterIntegration:0]]
[2020.06.10-17.34.37:783][  0]LogConfig: Setting CVar [[r.HairStrands.SkyAO.SampleCount:16]]
[2020.06.10-17.34.37:783][  0]LogInit: Selected Device Profile: [Windows]
[2020.06.10-17.34.37:783][  0]LogInit: Applying CVar settings loaded from the selected device profile: [Windows]
[2020.06.10-17.34.37:786][  0]LogHAL: Display: Platform has ~ 16 GB [17039618048 / 17179869184 / 16], which maps to Larger [LargestMinGB=32, LargerMinGB=12, DefaultMinGB=8, SmallerMinGB=6, SmallestMinGB=0)
[2020.06.10-17.34.37:786][  0]LogInit: Going up to parent DeviceProfile []
[2020.06.10-17.34.37:786][  0]LogConfig: Applying CVar settings from Section [ViewDistanceQuality@3] File [D:/adale/Desktop/Black-White/Monochrome/Saved/Config/Windows/Scalability.ini]
[2020.06.10-17.34.37:786][  0]LogConfig: Setting CVar [[r.SkeletalMeshLODBias:0]]
[2020.06.10-17.34.37:786][  0]LogConfig: Setting CVar [[r.ViewDistanceScale:1.0]]
[2020.06.10-17.34.37:787][  0]LogConfig: Applying CVar settings from Section [AntiAliasingQuality@3] File [D:/adale/Desktop/Black-White/Monochrome/Saved/Config/Windows/Scalability.ini]
[2020.06.10-17.34.37:787][  0]LogConfig: Setting CVar [[r.PostProcessAAQuality:4]]
[2020.06.10-17.34.37:787][  0]LogConfig: Applying CVar settings from Section [ShadowQuality@3] File [D:/adale/Desktop/Black-White/Monochrome/Saved/Config/Windows/Scalability.ini]
[2020.06.10-17.34.37:787][  0]LogConfig: Setting CVar [[r.LightFunctionQuality:1]]
[2020.06.10-17.34.37:787][  0]LogConfig: Setting CVar [[r.ShadowQuality:5]]
[2020.06.10-17.34.37:787][  0]LogConfig: Setting CVar [[r.Shadow.CSM.MaxCascades:10]]
[2020.06.10-17.34.37:787][  0]LogConfig: Setting CVar [[r.Shadow.MaxResolution:2048]]
[2020.06.10-17.34.37:787][  0]LogConfig: Setting CVar [[r.Shadow.MaxCSMResolution:2048]]
[2020.06.10-17.34.37:787][  0]LogConfig: Setting CVar [[r.Shadow.RadiusThreshold:0.01]]
[2020.06.10-17.34.37:787][  0]LogConfig: Setting CVar [[r.Shadow.DistanceScale:1.0]]
[2020.06.10-17.34.37:787][  0]LogConfig: Setting CVar [[r.Shadow.CSM.TransitionScale:1.0]]
[2020.06.10-17.34.37:787][  0]LogConfig: Setting CVar [[r.Shadow.PreShadowResolutionFactor:1.0]]
[2020.06.10-17.34.37:787][  0]LogConfig: Setting CVar [[r.DistanceFieldShadowing:1]]
[2020.06.10-17.34.37:787][  0]LogConfig: Setting CVar [[r.DistanceFieldAO:1]]
[2020.06.10-17.34.37:788][  0]LogConfig: Setting CVar [[r.AOQuality:2]]
[2020.06.10-17.34.37:788][  0]LogConfig: Setting CVar [[r.VolumetricFog:1]]
[2020.06.10-17.34.37:788][  0]LogConfig: Setting CVar [[r.VolumetricFog.GridPixelSize:8]]
[2020.06.10-17.34.37:788][  0]LogConfig: Setting CVar [[r.VolumetricFog.GridSizeZ:128]]
[2020.06.10-17.34.37:788][  0]LogConfig: Setting CVar [[r.VolumetricFog.HistoryMissSupersampleCount:4]]
[2020.06.10-17.34.37:788][  0]LogConfig: Setting CVar [[r.LightMaxDrawDistanceScale:1]]
[2020.06.10-17.34.37:788][  0]LogConfig: Setting CVar [[r.CapsuleShadows:1]]
[2020.06.10-17.34.37:788][  0]LogConfig: Applying CVar settings from Section [PostProcessQuality@3] File [D:/adale/Desktop/Black-White/Monochrome/Saved/Config/Windows/Scalability.ini]
[2020.06.10-17.34.37:788][  0]LogConfig: Setting CVar [[r.MotionBlurQuality:4]]
[2020.06.10-17.34.37:788][  0]LogConfig: Setting CVar [[r.AmbientOcclusionMipLevelFactor:0.4]]
[2020.06.10-17.34.37:788][  0]LogConfig: Setting CVar [[r.AmbientOcclusionMaxQuality:100]]
[2020.06.10-17.34.37:788][  0]LogConfig: Setting CVar [[r.AmbientOcclusionLevels:-1]]
[2020.06.10-17.34.37:788][  0]LogConfig: Setting CVar [[r.AmbientOcclusionRadiusScale:1.0]]
[2020.06.10-17.34.37:788][  0]LogConfig: Setting CVar [[r.DepthOfFieldQuality:2]]
[2020.06.10-17.34.37:788][  0]LogConfig: Setting CVar [[r.RenderTargetPoolMin:400]]
[2020.06.10-17.34.37:788][  0]LogConfig: Setting CVar [[r.LensFlareQuality:2]]
[2020.06.10-17.34.37:788][  0]LogConfig: Setting CVar [[r.SceneColorFringeQuality:1]]
[2020.06.10-17.34.37:789][  0]LogConfig: Setting CVar [[r.EyeAdaptationQuality:2]]
[2020.06.10-17.34.37:789][  0]LogConfig: Setting CVar [[r.BloomQuality:5]]
[2020.06.10-17.34.37:789][  0]LogConfig: Setting CVar [[r.FastBlurThreshold:100]]
[2020.06.10-17.34.37:789][  0]LogConfig: Setting CVar [[r.Upscale.Quality:3]]
[2020.06.10-17.34.37:789][  0]LogConfig: Setting CVar [[r.Tonemapper.GrainQuantization:1]]
[2020.06.10-17.34.37:789][  0]LogConfig: Setting CVar [[r.LightShaftQuality:1]]
[2020.06.10-17.34.37:789][  0]LogConfig: Setting CVar [[r.Filter.SizeScale:1]]
[2020.06.10-17.34.37:789][  0]LogConfig: Setting CVar [[r.Tonemapper.Quality:5]]
[2020.06.10-17.34.37:789][  0]LogConfig: Setting CVar [[r.DOF.Gather.AccumulatorQuality:1        ; higher gathering accumulator quality]]
[2020.06.10-17.34.37:789][  0]LogConfig: Setting CVar [[r.DOF.Gather.PostfilterMethod:1          ; Median3x3 postfilering method]]
[2020.06.10-17.34.37:789][  0]LogConfig: Setting CVar [[r.DOF.Gather.EnableBokehSettings:0       ; no bokeh simulation when gathering]]
[2020.06.10-17.34.37:789][  0]LogConfig: Setting CVar [[r.DOF.Gather.RingCount:4                 ; medium number of samples when gathering]]
[2020.06.10-17.34.37:789][  0]LogConfig: Setting CVar [[r.DOF.Scatter.ForegroundCompositing:1    ; additive foreground scattering]]
[2020.06.10-17.34.37:789][  0]LogConfig: Setting CVar [[r.DOF.Scatter.BackgroundCompositing:2    ; additive background scattering]]
[2020.06.10-17.34.37:789][  0]LogConfig: Setting CVar [[r.DOF.Scatter.EnableBokehSettings:1      ; bokeh simulation when scattering]]
[2020.06.10-17.34.37:790][  0]LogConfig: Setting CVar [[r.DOF.Scatter.MaxSpriteRatio:0.1         ; only a maximum of 10% of scattered bokeh]]
[2020.06.10-17.34.37:790][  0]LogConfig: Setting CVar [[r.DOF.Recombine.Quality:1                ; cheap slight out of focus]]
[2020.06.10-17.34.37:790][  0]LogConfig: Setting CVar [[r.DOF.Recombine.EnableBokehSettings:0    ; no bokeh simulation on slight out of focus]]
[2020.06.10-17.34.37:790][  0]LogConfig: Setting CVar [[r.DOF.TemporalAAQuality:1                ; more stable temporal accumulation]]
[2020.06.10-17.34.37:790][  0]LogConfig: Setting CVar [[r.DOF.Kernel.MaxForegroundRadius:0.025]]
[2020.06.10-17.34.37:790][  0]LogConfig: Setting CVar [[r.DOF.Kernel.MaxBackgroundRadius:0.025]]
[2020.06.10-17.34.37:790][  0]LogConfig: Applying CVar settings from Section [TextureQuality@3] File [D:/adale/Desktop/Black-White/Monochrome/Saved/Config/Windows/Scalability.ini]
[2020.06.10-17.34.37:790][  0]LogConfig: Setting CVar [[r.Streaming.MipBias:0]]
[2020.06.10-17.34.37:790][  0]LogConfig: Setting CVar [[r.Streaming.AmortizeCPUToGPUCopy:0]]
[2020.06.10-17.34.37:790][  0]LogConfig: Setting CVar [[r.Streaming.MaxNumTexturesToStreamPerFrame:0]]
[2020.06.10-17.34.37:790][  0]LogConfig: Setting CVar [[r.Streaming.Boost:1]]
[2020.06.10-17.34.37:790][  0]LogConfig: Setting CVar [[r.MaxAnisotropy:8]]
[2020.06.10-17.34.37:790][  0]LogConfig: Setting CVar [[r.VT.MaxAnisotropy:8]]
[2020.06.10-17.34.37:790][  0]LogConfig: Setting CVar [[r.Streaming.LimitPoolSizeToVRAM:0]]
[2020.06.10-17.34.37:790][  0]LogConfig: Setting CVar [[r.Streaming.PoolSize:1000]]
[2020.06.10-17.34.37:790][  0]LogConfig: Setting CVar [[r.Streaming.MaxEffectiveScreenSize:0]]
[2020.06.10-17.34.37:791][  0]LogConfig: Applying CVar settings from Section [EffectsQuality@3] File [D:/adale/Desktop/Black-White/Monochrome/Saved/Config/Windows/Scalability.ini]
[2020.06.10-17.34.37:791][  0]LogConfig: Setting CVar [[r.TranslucencyLightingVolumeDim:64]]
[2020.06.10-17.34.37:791][  0]LogConfig: Setting CVar [[r.RefractionQuality:2]]
[2020.06.10-17.34.37:791][  0]LogConfig: Setting CVar [[r.SSR.Quality:3]]
[2020.06.10-17.34.37:791][  0]LogConfig: Setting CVar [[r.SSR.HalfResSceneColor:0]]
[2020.06.10-17.34.37:791][  0]LogConfig: Setting CVar [[r.SceneColorFormat:4]]
[2020.06.10-17.34.37:791][  0]LogConfig: Setting CVar [[r.DetailMode:2]]
[2020.06.10-17.34.37:791][  0]LogConfig: Setting CVar [[r.TranslucencyVolumeBlur:1]]
[2020.06.10-17.34.37:791][  0]LogConfig: Setting CVar [[r.MaterialQualityLevel:1 ; High quality]]
[2020.06.10-17.34.37:791][  0]LogConfig: Setting CVar [[r.SSS.Scale:1]]
[2020.06.10-17.34.37:791][  0]LogConfig: Setting CVar [[r.SSS.SampleSet:2]]
[2020.06.10-17.34.37:791][  0]LogConfig: Setting CVar [[r.SSS.Quality:1]]
[2020.06.10-17.34.37:791][  0]LogConfig: Setting CVar [[r.SSS.HalfRes:1]]
[2020.06.10-17.34.37:791][  0]LogConfig: Setting CVar [[r.SSGI.Quality:3]]
[2020.06.10-17.34.37:791][  0]LogConfig: Setting CVar [[r.EmitterSpawnRateScale:1.0]]
[2020.06.10-17.34.37:791][  0]LogConfig: Setting CVar [[r.ParticleLightQuality:2]]
[2020.06.10-17.34.37:792][  0]LogConfig: Setting CVar [[r.SkyAtmosphere.AerialPerspectiveLUT.FastApplyOnOpaque:1 ; Always have FastSkyLUT 1 in this case to avoid wrong sky]]
[2020.06.10-17.34.37:792][  0]LogConfig: Setting CVar [[r.SkyAtmosphere.AerialPerspectiveLUT.SampleCountPerSlice:1]]
[2020.06.10-17.34.37:792][  0]LogConfig: Setting CVar [[r.SkyAtmosphere.AerialPerspectiveLUT.DepthResolution:16.0]]
[2020.06.10-17.34.37:792][  0]LogConfig: Setting CVar [[r.SkyAtmosphere.FastSkyLUT:1]]
[2020.06.10-17.34.37:792][  0]LogConfig: Setting CVar [[r.SkyAtmosphere.FastSkyLUT.SampleCountMin:4.0]]
[2020.06.10-17.34.37:792][  0]LogConfig: Setting CVar [[r.SkyAtmosphere.FastSkyLUT.SampleCountMax:32.0]]
[2020.06.10-17.34.37:792][  0]LogConfig: Setting CVar [[r.SkyAtmosphere.SampleCountMin:4.0]]
[2020.06.10-17.34.37:792][  0]LogConfig: Setting CVar [[r.SkyAtmosphere.SampleCountMax:32.0]]
[2020.06.10-17.34.37:792][  0]LogConfig: Setting CVar [[r.SkyAtmosphere.TransmittanceLUT.UseSmallFormat:0]]
[2020.06.10-17.34.37:792][  0]LogConfig: Setting CVar [[r.SkyAtmosphere.TransmittanceLUT.SampleCount:10.0]]
[2020.06.10-17.34.37:792][  0]LogConfig: Setting CVar [[r.SkyAtmosphere.MultiScatteringLUT.SampleCount:15.0]]
[2020.06.10-17.34.37:792][  0]LogConfig: Applying CVar settings from Section [FoliageQuality@3] File [D:/adale/Desktop/Black-White/Monochrome/Saved/Config/Windows/Scalability.ini]
[2020.06.10-17.34.37:792][  0]LogConfig: Setting CVar [[foliage.DensityScale:1.0]]
[2020.06.10-17.34.37:792][  0]LogConfig: Setting CVar [[grass.DensityScale:1.0]]
[2020.06.10-17.34.37:793][  0]LogConfig: Applying CVar settings from Section [ShadingQuality@3] File [D:/adale/Desktop/Black-White/Monochrome/Saved/Config/Windows/Scalability.ini]
[2020.06.10-17.34.37:793][  0]LogConfig: Setting CVar [[r.HairStrands.SkyLighting.SampleCount:16]]
[2020.06.10-17.34.37:793][  0]LogConfig: Setting CVar [[r.HairStrands.SkyLighting.JitterIntegration:0]]
[2020.06.10-17.34.37:793][  0]LogConfig: Setting CVar [[r.HairStrands.SkyAO.SampleCount:16]]
[2020.06.10-17.34.37:793][  0]LogConfig: Applying CVar settings from Section [Startup] File [../../../Engine/Config/ConsoleVariables.ini]
[2020.06.10-17.34.37:793][  0]LogConfig: Setting CVar [[net.UseAdaptiveNetUpdateFrequency:0]]
[2020.06.10-17.34.37:793][  0]LogConfig: Setting CVar [[p.chaos.AllowCreatePhysxBodies:1]]
[2020.06.10-17.34.37:793][  0]LogConfig: Applying CVar settings from Section [ConsoleVariables] File [D:/adale/Desktop/Black-White/Monochrome/Saved/Config/Windows/Engine.ini]
[2020.06.10-17.34.37:794][  0]LogInit: Computer: DESKTOP-J52MBI8
[2020.06.10-17.34.37:794][  0]LogInit: User: adale
[2020.06.10-17.34.37:794][  0]LogInit: CPU Page size=4096, Cores=4
[2020.06.10-17.34.37:794][  0]LogInit: High frequency timer resolution =10.000000 MHz
[2020.06.10-17.34.37:794][  0]LogMemory: Memory total: Physical=15.9GB (16GB approx)
[2020.06.10-17.34.37:794][  0]LogMemory: Platform Memory Stats for Windows
[2020.06.10-17.34.37:794][  0]LogMemory: Process Physical Memory: 105.42 MB used, 105.43 MB peak
[2020.06.10-17.34.37:794][  0]LogMemory: Process Virtual Memory: 100.64 MB used, 100.64 MB peak
[2020.06.10-17.34.37:794][  0]LogMemory: Physical Memory: 8854.60 MB used,  7395.65 MB free, 16250.25 MB total
[2020.06.10-17.34.37:794][  0]LogMemory: Virtual Memory: 5137.56 MB used,  134212592.00 MB free, 134217728.00 MB total
[2020.06.10-17.34.37:804][  0]LogWindows: WindowsPlatformFeatures enabled
[2020.06.10-17.34.38:034][  0]LogInit: Using OS detected language (en-US).
[2020.06.10-17.34.38:034][  0]LogInit: Using OS detected locale (en-CA).
[2020.06.10-17.34.38:036][  0]LogTextLocalizationManager: No specific localization for 'en-US' exists, so the 'en' localization will be used.
[2020.06.10-17.34.38:249][  0]LogInit: Setting process to per monitor DPI aware
[2020.06.10-17.34.38:329][  0]LogSlate: New Slate User Created.  User Index 0, Is Virtual User: 0
[2020.06.10-17.34.38:329][  0]LogSlate: Slate User Registered.  User Index 0, Is Virtual User: 0
[2020.06.10-17.34.38:700][  0]LogHMD: Failed to initialize OpenVR with code 110
[2020.06.10-17.34.38:700][  0]LogD3D11RHI: D3D11 min allowed feature level: 11_0
[2020.06.10-17.34.38:700][  0]LogD3D11RHI: D3D11 max allowed feature level: 11_0
[2020.06.10-17.34.38:700][  0]LogD3D11RHI: D3D11 adapters:
[2020.06.10-17.34.38:838][  0]LogD3D11RHI:    0. 'NVIDIA GeForce GTX 1050 Ti' (Feature Level 11_0)
[2020.06.10-17.34.38:838][  0]LogD3D11RHI:       4018/0/8125 MB DedicatedVideo/DedicatedSystem/SharedSystem, Outputs:2, VendorId:0x10de
[2020.06.10-17.34.38:885][  0]LogD3D11RHI:    1. 'Intel(R) HD Graphics 630' (Feature Level 11_0)
[2020.06.10-17.34.38:885][  0]LogD3D11RHI:       128/0/8125 MB DedicatedVideo/DedicatedSystem/SharedSystem, Outputs:0, VendorId:0x8086
[2020.06.10-17.34.38:892][  0]LogD3D11RHI:    2. 'Microsoft Basic Render Driver' (Feature Level 11_0)
[2020.06.10-17.34.38:892][  0]LogD3D11RHI:       0/0/8125 MB DedicatedVideo/DedicatedSystem/SharedSystem, Outputs:0, VendorId:0x1414
[2020.06.10-17.34.38:892][  0]LogD3D11RHI: Chosen D3D11 Adapter: 0
[2020.06.10-17.34.38:948][  0]LogD3D11RHI: Creating new Direct3DDevice
[2020.06.10-17.34.38:948][  0]LogD3D11RHI:     GPU DeviceId: 0x1c8c (for the marketing name, search the web for "GPU Device Id")
[2020.06.10-17.34.38:948][  0]LogWindows: EnumDisplayDevices:
[2020.06.10-17.34.38:949][  0]LogWindows:    0. 'Intel(R) HD Graphics 630' (P:1 D:1)
[2020.06.10-17.34.38:949][  0]LogWindows:    1. 'Intel(R) HD Graphics 630' (P:0 D:0)
[2020.06.10-17.34.38:950][  0]LogWindows:    2. 'Intel(R) HD Graphics 630' (P:0 D:0)
[2020.06.10-17.34.38:950][  0]LogWindows:    3. 'NVIDIA GeForce GTX 1050 Ti' (P:0 D:1)
[2020.06.10-17.34.38:951][  0]LogWindows: DebugString: PrimaryIsNotTheChoosenAdapter PrimaryIsNotTheChoosenAdapter PrimaryIsNotTheChoosenAdapter 
[2020.06.10-17.34.38:951][  0]LogD3D11RHI:     Adapter Name: NVIDIA GeForce GTX 1050 Ti
[2020.06.10-17.34.38:951][  0]LogD3D11RHI:   Driver Version: 441.08 (internal:26.21.14.4108, unified:441.08)
[2020.06.10-17.34.38:951][  0]LogD3D11RHI:      Driver Date: 10-22-2019
[2020.06.10-17.34.38:951][  0]LogRHI: Texture pool is 2812 MB (70% of 4018 MB)
[2020.06.10-17.34.39:018][  0]LogD3D11RHI: RHI has support for 64 bit atomics
[2020.06.10-17.34.39:018][  0]LogD3D11RHI: Async texture creation enabled
[2020.06.10-17.34.39:054][  0]LogD3D11RHI: GPU Timing Frequency: 1000.000000 (Debug: 2 1)
[2020.06.10-17.34.39:420][  0]LogTargetPlatformManager: Display: Loaded TargetPlatform 'AllDesktop'
[2020.06.10-17.34.39:468][  0]LogTargetPlatformManager: Display: Loaded TargetPlatform 'Android'
[2020.06.10-17.34.39:469][  0]LogTargetPlatformManager: Display: Loaded TargetPlatform 'Android_ASTC'
[2020.06.10-17.34.39:469][  0]LogTargetPlatformManager: Display: Loaded TargetPlatform 'Android_ATC'
[2020.06.10-17.34.39:469][  0]LogTargetPlatformManager: Display: Loaded TargetPlatform 'Android_DXT'
[2020.06.10-17.34.39:469][  0]LogTargetPlatformManager: Display: Loaded TargetPlatform 'Android_ETC1'
[2020.06.10-17.34.39:469][  0]LogTargetPlatformManager: Display: Loaded TargetPlatform 'Android_ETC1a'
[2020.06.10-17.34.39:469][  0]LogTargetPlatformManager: Display: Loaded TargetPlatform 'Android_ETC2'
[2020.06.10-17.34.39:469][  0]LogTargetPlatformManager: Display: Loaded TargetPlatform 'Android_PVRTC'
[2020.06.10-17.34.39:469][  0]LogTargetPlatformManager: Display: Loaded TargetPlatform 'AndroidClient'
[2020.06.10-17.34.39:469][  0]LogTargetPlatformManager: Display: Loaded TargetPlatform 'Android_ASTCClient'
[2020.06.10-17.34.39:469][  0]LogTargetPlatformManager: Display: Loaded TargetPlatform 'Android_ATCClient'
[2020.06.10-17.34.39:469][  0]LogTargetPlatformManager: Display: Loaded TargetPlatform 'Android_DXTClient'
[2020.06.10-17.34.39:470][  0]LogTargetPlatformManager: Display: Loaded TargetPlatform 'Android_ETC1Client'
[2020.06.10-17.34.39:470][  0]LogTargetPlatformManager: Display: Loaded TargetPlatform 'Android_ETC1aClient'
[2020.06.10-17.34.39:470][  0]LogTargetPlatformManager: Display: Loaded TargetPlatform 'Android_ETC2Client'
[2020.06.10-17.34.39:470][  0]LogTargetPlatformManager: Display: Loaded TargetPlatform 'Android_PVRTCClient'
[2020.06.10-17.34.39:470][  0]LogTargetPlatformManager: Display: Loaded TargetPlatform 'Android_Multi'
[2020.06.10-17.34.39:470][  0]LogTargetPlatformManager: Display: Loaded TargetPlatform 'Android_MultiClient'
[2020.06.10-17.34.39:508][  0]LogTargetPlatformManager: Display: Loaded TargetPlatform 'IOSClient'
[2020.06.10-17.34.39:509][  0]LogTargetPlatformManager: Display: Loaded TargetPlatform 'IOS'
[2020.06.10-17.34.39:522][  0]LogTargetPlatformManager: Display: Loaded TargetPlatform 'LinuxNoEditor'
[2020.06.10-17.34.39:536][  0]LogTargetPlatformManager: Display: Loaded TargetPlatform 'LinuxClient'
[2020.06.10-17.34.39:548][  0]LogTargetPlatformManager: Display: Loaded TargetPlatform 'LinuxServer'
[2020.06.10-17.34.39:563][  0]LogTargetPlatformManager: Display: Loaded TargetPlatform 'LinuxAArch64NoEditor'
[2020.06.10-17.34.39:576][  0]LogTargetPlatformManager: Display: Loaded TargetPlatform 'LinuxAArch64Client'
[2020.06.10-17.34.39:590][  0]LogTargetPlatformManager: Display: Loaded TargetPlatform 'LinuxAArch64Server'
[2020.06.10-17.34.39:625][  0]LogTargetPlatformManager: Display: Loaded TargetPlatform 'Lumin'
[2020.06.10-17.34.39:625][  0]LogTargetPlatformManager: Display: Loaded TargetPlatform 'LuminClient'
[2020.06.10-17.34.39:644][  0]LogTargetPlatformManager: Display: Loaded TargetPlatform 'TVOSClient'
[2020.06.10-17.34.39:644][  0]LogTargetPlatformManager: Display: Loaded TargetPlatform 'TVOS'
[2020.06.10-17.34.39:658][  0]LogTargetPlatformManager: Display: Loaded TargetPlatform 'WindowsNoEditor'
[2020.06.10-17.34.39:673][  0]LogTargetPlatformManager: Display: Loaded TargetPlatform 'Windows'
[2020.06.10-17.34.39:690][  0]LogTargetPlatformManager: Display: Loaded TargetPlatform 'WindowsClient'
[2020.06.10-17.34.39:706][  0]LogTargetPlatformManager: Display: Loaded TargetPlatform 'WindowsServer'
[2020.06.10-17.34.39:706][  0]LogTargetPlatformManager: Display: Building Assets For Windows
[2020.06.10-17.34.39:722][  0]LogAudioDebug: Display: Lib vorbis DLL was dynamically loaded.
[2020.06.10-17.34.39:832][  0]LogShaderCompilers: Guid format shader working directory is -6 characters bigger than the processId version (../../../../../adale/Desktop/Black-White/Monochrome/Intermediate/Shaders/WorkingDirectory/21416/).
[2020.06.10-17.34.39:832][  0]LogShaderCompilers: Cleaned the shader compiler working directory 'C:/Users/adale/AppData/Local/Temp/UnrealShaderWorkingDir/DB5EA1D14E67D393DA0ACAAC41F695D7/'.
[2020.06.10-17.34.39:833][  0]LogXGEController: Cleaning working directory: C:/Users/adale/AppData/Local/Temp/UnrealXGEWorkingDir/
[2020.06.10-17.34.39:833][  0]LogXGEController: Cannot use XGE Controller as Incredibuild is not installed on this machine.
[2020.06.10-17.34.39:834][  0]LogShaderCompilers: Cannot use XGE Shader Compiler as Incredibuild is not installed on this machine.
[2020.06.10-17.34.39:834][  0]LogShaderCompilers: Display: Using Local Shader Compiler.
[2020.06.10-17.34.40:775][  0]LogDerivedDataCache: Display: Max Cache Size: 512 MB
[2020.06.10-17.34.40:853][  0]LogDerivedDataCache: Loaded boot cache 0.08s 78MB C:/Users/adale/AppData/Local/UnrealEngine/4.24/DerivedDataCache/Boot.ddc.
[2020.06.10-17.34.40:853][  0]LogDerivedDataCache: Display: Loaded Boot cache: C:/Users/adale/AppData/Local/UnrealEngine/4.24/DerivedDataCache/Boot.ddc
[2020.06.10-17.34.40:853][  0]LogDerivedDataCache: FDerivedDataBackendGraph:  Pak pak cache file ../../../../../adale/Desktop/Black-White/Monochrome/DerivedDataCache/DDC.ddp not found, will not use a pak cache.
[2020.06.10-17.34.40:853][  0]LogDerivedDataCache: Unable to find inner node Pak for hierarchical cache Hierarchy.
[2020.06.10-17.34.40:853][  0]LogDerivedDataCache: FDerivedDataBackendGraph:  CompressedPak pak cache file ../../../../../adale/Desktop/Black-White/Monochrome/DerivedDataCache/Compressed.ddp not found, will not use a pak cache.
[2020.06.10-17.34.40:853][  0]LogDerivedDataCache: Unable to find inner node CompressedPak for hierarchical cache Hierarchy.
[2020.06.10-17.34.40:868][  0]LogDerivedDataCache: Display: Pak cache opened for reading ../../../Engine/DerivedDataCache/Compressed.ddp.
[2020.06.10-17.34.40:868][  0]LogDerivedDataCache: FDerivedDataBackendGraph:  EnterprisePak pak cache file ../../../Enterprise/DerivedDataCache/Compressed.ddp not found, will not use a pak cache.
[2020.06.10-17.34.40:868][  0]LogDerivedDataCache: Unable to find inner node EnterprisePak for hierarchical cache Hierarchy.
[2020.06.10-17.34.40:871][  0]LogDerivedDataCache: Using Local data cache path C:/Users/adale/AppData/Local/UnrealEngine/Common/DerivedDataCache: Writable
[2020.06.10-17.34.40:871][  0]LogDerivedDataCache: Shared data cache path not found in *engine.ini, will not use an Shared cache.
[2020.06.10-17.34.40:871][  0]LogDerivedDataCache: Unable to find inner node Shared for hierarchical cache Hierarchy.
[2020.06.10-17.34.40:901][  0]LogMaterial: Verifying Global Shaders for PCD3D_SM5
[2020.06.10-17.34.40:904][  0]LogSlate: Using FreeType 2.10.0
[2020.06.10-17.34.40:905][  0]LogSlate: SlateFontServices - WITH_FREETYPE: 1, WITH_HARFBUZZ: 1
[2020.06.10-17.34.40:989][  0]LogAssetRegistry: FAssetRegistry took 0.0077 seconds to start up
[2020.06.10-17.34.41:364][  0]LogInit: Selected Device Profile: [Windows]
[2020.06.10-17.34.42:938][  0]LogMeshReduction: Using QuadricMeshReduction for automatic static mesh reduction
[2020.06.10-17.34.42:938][  0]LogMeshReduction: Using SimplygonMeshReduction for automatic skeletal mesh reduction
[2020.06.10-17.34.42:938][  0]LogMeshReduction: Using ProxyLODMeshReduction for automatic mesh merging
[2020.06.10-17.34.42:939][  0]LogMeshReduction: No distributed automatic mesh merging module available
[2020.06.10-17.34.42:939][  0]LogMeshMerging: No distributed automatic mesh merging module available
[2020.06.10-17.34.42:954][  0]LogNetVersion: Monochrome 1.0.0, NetCL: 10570792, EngineNetVer: 13, GameNetVer: 0 (Checksum: 907032942)
[2020.06.10-17.34.44:458][  0]LogPackageLocalizationCache: Processed 10 localized package path(s) for 1 prioritized culture(s) in 0.063323 seconds
[2020.06.10-17.34.44:467][  0]LogUObjectArray: 46750 objects as part of root set at end of initial load.
[2020.06.10-17.34.44:468][  0]LogUObjectAllocator: 8137160 out of 0 bytes used by permanent object pool.
[2020.06.10-17.34.44:468][  0]LogUObjectArray: CloseDisregardForGC: 0/0 objects in disregard for GC pool
[2020.06.10-17.34.45:274][  0]LogTcpMessaging: Initializing TcpMessaging bridge
[2020.06.10-17.34.45:280][  0]LogUdpMessaging: Initializing bridge on interface 0.0.0.0:0 to multicast group 230.0.0.1:6666.
[2020.06.10-17.34.45:427][  0]SourceControl: Source control is disabled
[2020.06.10-17.34.45:428][  0]SourceControl: Source control is disabled
[2020.06.10-17.34.45:431][  0]SourceControl: Source control is disabled
[2020.06.10-17.34.45:435][  0]SourceControl: Source control is disabled
[2020.06.10-17.34.45:439][  0]SourceControl: Source control is disabled
[2020.06.10-17.34.45:611][  0]LogAndroidPermission: UAndroidPermissionCallbackProxy::GetInstance
[2020.06.10-17.34.45:638][  0]LogAudioCaptureCore: Display: No Audio Capture implementations found. Audio input will be silent.
[2020.06.10-17.34.45:638][  0]LogAudioCaptureCore: Display: No Audio Capture implementations found. Audio input will be silent.
[2020.06.10-17.34.45:750][  0]LogOcInput: OculusInput pre-init called
[2020.06.10-17.34.45:761][  0]LogWindows: Failed to load 'OVRPlugin.dll' (GetLastError=126)
[2020.06.10-17.34.45:761][  0]LogWindows: File 'OVRPlugin.dll' does not exist
[2020.06.10-17.34.45:853][  0]LogEngine: Initializing Engine...
[2020.06.10-17.34.45:854][  0]LogHMD: Failed to initialize OpenVR with code 110
[2020.06.10-17.34.45:856][  0]LogStats: UGameplayTagsManager::InitializeManager -  0.000 s
[2020.06.10-17.34.46:266][  0]LogInit: Initializing FReadOnlyCVARCache
[2020.06.10-17.34.46:277][  0]LogAIModule: Creating AISystem for world Untitled
[2020.06.10-17.34.46:304][  0]LogAudioMixer: Display: Audio Mixer Platform Settings:
[2020.06.10-17.34.46:304][  0]LogAudioMixer: Display: 	Sample Rate:						  48000
[2020.06.10-17.34.46:305][  0]LogAudioMixer: Display: 	Callback Buffer Frame Size Requested: 1024
[2020.06.10-17.34.46:305][  0]LogAudioMixer: Display: 	Callback Buffer Frame Size To Use:	  1024
[2020.06.10-17.34.46:305][  0]LogAudioMixer: Display: 	Number of buffers to queue:			  2
[2020.06.10-17.34.46:305][  0]LogAudioMixer: Display: 	Max Channels (voices):				  32
[2020.06.10-17.34.46:305][  0]LogAudioMixer: Display: 	Number of Async Source Workers:		  0
[2020.06.10-17.34.46:305][  0]LogAudio: Display: AudioDevice MaxSources: 32
[2020.06.10-17.34.46:306][  0]LogAudio: Display: Using built-in audio occlusion.
[2020.06.10-17.34.46:306][  0]LogAudioMixer: Display: Initializing audio mixer.
[2020.06.10-17.34.46:332][  0]LogAudioMixer: Display: Audio Device Output Speaker Info:
[2020.06.10-17.34.46:333][  0]LogAudioMixer: Display: Name: Speakers / Headphones (Realtek Audio)
[2020.06.10-17.34.46:333][  0]LogAudioMixer: Display: Is Default: Yes
[2020.06.10-17.34.46:333][  0]LogAudioMixer: Display: Sample Rate: 48000
[2020.06.10-17.34.46:333][  0]LogAudioMixer: Display: Channel Count Used: 2
[2020.06.10-17.34.46:333][  0]LogAudioMixer: Display: Device Channel Count: 2
[2020.06.10-17.34.46:333][  0]LogAudioMixer: Display: Channel Order:
[2020.06.10-17.34.46:333][  0]LogAudioMixer: Display: 0: FrontLeft
[2020.06.10-17.34.46:334][  0]LogAudioMixer: Display: 1: FrontRight
[2020.06.10-17.34.46:445][  0]LogAudioMixer: Display: Using Audio Device Speakers / Headphones (Realtek Audio)
[2020.06.10-17.34.46:457][  0]LogInit: FAudioDevice initialized.
[2020.06.10-17.34.46:457][  0]LogNetVersion: Set ProjectVersion to 1.0.0.0. Version Checksum will be recalculated on next use.
[2020.06.10-17.34.46:553][  0]LogDerivedDataCache: Saved boot cache 0.10s 78MB C:/Users/adale/AppData/Local/UnrealEngine/4.24/DerivedDataCache/Boot.ddc.
[2020.06.10-17.34.46:559][  0]LogInit: Texture streaming: Enabled
[2020.06.10-17.34.46:582][  0]LogEngineSessionManager: EngineSessionManager initialized
[2020.06.10-17.34.46:582][  0]LogEditorSessionSummary: Verbose: Initializing EditorSessionSummaryWriter for editor session tracking
[2020.06.10-17.34.46:584][  0]LogEditorSessionSummary: EditorSessionSummaryWriter initialized
[2020.06.10-17.34.46:718][  0]LogInit: Transaction tracking system initialized
[2020.06.10-17.34.46:760][  0]BlueprintLog: New page: Editor Load
[2020.06.10-17.34.46:859][  0]LocalizationService: Localization service is disabled
[2020.06.10-17.34.47:459][  0]LogFileCache: Scanning file cache for directory 'D:/adale/Desktop/Black-White/Monochrome/Content/' took 0.01s
[2020.06.10-17.34.47:459][  0]LogCook: Display: Max memory allowance for cook 16384mb min free memory 0mb
[2020.06.10-17.34.47:460][  0]LogCook: Display: Mobile HDR setting 1
[2020.06.10-17.34.48:518][  0]SourceControl: Source control is disabled
[2020.06.10-17.34.48:518][  0]Cmd: MAP LOAD FILE="../../../../../adale/Desktop/Black-White/Monochrome/Content/Maps/MainMenu.umap" TEMPLATE=0 SHOWPROGRESS=1 FEATURELEVEL=3
[2020.06.10-17.34.48:519][  0]LightingResults: New page: Lighting Build
[2020.06.10-17.34.48:520][  0]LogWorld: UWorld::CleanupWorld for Untitled, bSessionEnded=true, bCleanupResources=true
[2020.06.10-17.34.48:520][  0]LogSlate: InvalidateAllWidgets triggered.  All widgets were invalidated
[2020.06.10-17.34.48:520][  0]MapCheck: New page: Map Check
[2020.06.10-17.34.48:521][  0]LightingResults: New page: Lighting Build
[2020.06.10-17.34.48:547][  0]LogUObjectHash: Compacting FUObjectHashTables data took   1.81ms
[2020.06.10-17.34.48:872][  0]LogLinker: Warning: While loading '../../../../../adale/Desktop/Black-White/Monochrome/Content/Maps/MainMenu.umap' failed to load '/Game/Maps/MainMenu_BuiltData': Can't find file.
[2020.06.10-17.34.48:872][  0]LogLinker: Warning: While loading '../../../../../adale/Desktop/Black-White/Monochrome/Content/Maps/MainMenu.umap' failed to load '/Game/Maps/MainMenu_BuiltData': Can't find file.
[2020.06.10-17.34.48:876][  0]LogLinker: Warning: While loading '../../../../../adale/Desktop/Black-White/Monochrome/Content/Maps/MainMenu.umap' failed to load '/Game/Maps/MainMenu_BuiltData': Can't find file.
[2020.06.10-17.34.48:877][  0]LogLinker: Warning: While loading '../../../../../adale/Desktop/Black-White/Monochrome/Content/Maps/MainMenu.umap' failed to load '/Game/Maps/MainMenu_BuiltData': Can't find file.
[2020.06.10-17.34.48:882][  0]LogLinker: Warning: While loading '../../../../../adale/Desktop/Black-White/Monochrome/Content/Maps/MainMenu.umap' failed to load '/Game/Maps/MainMenu_BuiltData': Can't find file.
[2020.06.10-17.34.48:882][  0]LoadErrors: Failed to load /Game/Maps/MainMenu_BuiltData.MainMenu_BuiltData Referenced by PersistentLevel
[2020.06.10-17.34.48:883][  0]LogLinker: Warning: While loading '../../../../../adale/Desktop/Black-White/Monochrome/Content/Maps/MainMenu.umap' failed to load '/Game/Maps/MainMenu_BuiltData': Can't find file.
[2020.06.10-17.34.48:883][  0]LoadErrors: Failed to load /Game/Maps/MainMenu_BuiltData.MainMenu_BuiltData Referenced by PersistentLevel
[2020.06.10-17.34.48:913][  0]LogTexture: Display: Building textures: Quit (BGRA8, 504X189)
[2020.06.10-17.34.48:915][  0]LogTexture: Display: Building textures: Start (BGRA8, 504X189)
[2020.06.10-17.34.48:915][  0]LogTexture: Display: Building textures: Options (AutoDXT, 504X188)
[2020.06.10-17.34.48:915][  0]LogTexture: Display: Building textures: Title (BGRA8, 1617X304)
[2020.06.10-17.34.49:131][  0]LogTexture: Display: Building textures: Background (BGRA8, 2882X1730)
[2020.06.10-17.34.49:131][  0]LogAIModule: Creating AISystem for world MainMenu
[2020.06.10-17.34.49:139][  0]LogEditorServer: Finished looking for orphan Actors (0.000 secs)
[2020.06.10-17.34.49:174][  0]LogUObjectHash: Compacting FUObjectHashTables data took   2.72ms
[2020.06.10-17.34.49:183][  0]Cmd: MAP CHECKDEP NOCLEARLOG
[2020.06.10-17.34.49:184][  0]MapCheck: Map check complete: 0 Error(s), 0 Warning(s), took 0.181ms to complete.
[2020.06.10-17.34.49:184][  0]LogFileHelpers: Loading map 'MainMenu' took 0.665
[2020.06.10-17.34.49:413][  0]LogSlate: Updating window title bar state: overlay mode, drag disabled, window buttons hidden, title bar hidden
[2020.06.10-17.34.49:424][  0]LogSlate: Updating window title bar state: overlay mode, drag disabled, window buttons hidden, title bar hidden
[2020.06.10-17.34.49:434][  0]LogSlate: Updating window title bar state: overlay mode, drag disabled, window buttons hidden, title bar hidden
[2020.06.10-17.34.49:447][  0]LogSlate: Updating window title bar state: overlay mode, drag disabled, window buttons hidden, title bar hidden
[2020.06.10-17.34.49:458][  0]LogCollectionManager: Loaded 0 collections in 0.001667 seconds
[2020.06.10-17.34.49:502][  0]LogFileCache: Scanning file cache for directory 'D:/adale/Desktop/Black-White/Monochrome/Saved/Collections/' took 0.00s
[2020.06.10-17.34.49:502][  0]LogFileCache: Scanning file cache for directory 'D:/adale/Desktop/Black-White/Monochrome/Content/Developers/adale/Collections/' took 0.00s
[2020.06.10-17.34.49:502][  0]LogFileCache: Scanning file cache for directory 'D:/adale/Desktop/Black-White/Monochrome/Content/Collections/' took 0.00s
[2020.06.10-17.34.49:502][  0]LogContentBrowser: Native class hierarchy populated in 0.0107 seconds. Added 3018 classes and 719 folders.
[2020.06.10-17.34.49:507][  0]LogContentBrowser: Native class hierarchy updated for 'WidgetCarousel' in 0.0007 seconds. Added 0 classes and 0 folders.
[2020.06.10-17.34.49:636][  0]LogContentBrowser: Native class hierarchy updated for 'AddContentDialog' in 0.0006 seconds. Added 0 classes and 0 folders.
[2020.06.10-17.34.49:648][  0]LogContentBrowser: Native class hierarchy updated for 'SceneOutliner' in 0.0008 seconds. Added 2 classes and 3 folders.
[2020.06.10-17.34.49:719][  0]LogSlate: Took 0.000511 seconds to synchronously load lazily loaded font '../../../Engine/Content/Slate/Fonts/Roboto-Regular.ttf' (155K)
[2020.06.10-17.34.49:724][  0]LogSlate: Took 0.000479 seconds to synchronously load lazily loaded font '../../../Engine/Content/Slate/Fonts/Roboto-Bold.ttf' (160K)
[2020.06.10-17.34.49:735][  0]LogSlate: Took 0.000462 seconds to synchronously load lazily loaded font '../../../Engine/Content/Editor/Slate/Fonts/FontAwesome.ttf' (139K)
[2020.06.10-17.34.49:843][  0]LogRenderer: Reallocating scene render targets to support 864x496 Format 10 NumSamples 1 (Frame:1).
[2020.06.10-17.34.50:723][  0]LogContentBrowser: Native class hierarchy updated for 'HierarchicalLODOutliner' in 0.0007 seconds. Added 0 classes and 0 folders.
[2020.06.10-17.34.50:723][  0]LogLoad: (Engine Initialization) Total time: 16.04 seconds
[2020.06.10-17.34.50:724][  0]LogLoad: (Engine Initialization) Total Blueprint compile time: 0.00 seconds
[2020.06.10-17.34.50:784][  0]LogAssetRegistry: Asset discovery search completed in 9.8008 seconds
[2020.06.10-17.34.50:789][  0]LogCollectionManager: Fixed up redirectors for 0 collections in 0.000008 seconds (updated 0 objects)
[2020.06.10-17.34.50:790][  0]LogContentStreaming: Texture pool size now 1000 MB
[2020.06.10-17.34.50:919][  0]LogSlate: Took 0.000248 seconds to synchronously load lazily loaded font '../../../Engine/Content/Slate/Fonts/Roboto-Light.ttf' (167K)
[2020.06.10-17.34.54:761][222]LogSlate: Window 'Message Log' being destroyed
[2020.06.10-17.34.54:767][222]LogSlate: Window 'Message Log' being destroyed
[2020.06.10-17.35.12:254][254]LogSlate: Took 0.000358 seconds to synchronously load lazily loaded font '../../../Engine/Content/Slate/Fonts/Roboto-Light.ttf' (167K)
[2020.06.10-17.35.12:316][254]LogSlate: WidgetSwitcher ('None') active index changed to -1
[2020.06.10-17.35.12:316][254]LogSlate: WidgetSwitcher ('None') active index changed to 0
[2020.06.10-17.35.12:381][254]LogSlate: Took 0.000395 seconds to synchronously load lazily loaded font '../../../Engine/Content/Slate/Fonts/Roboto-BoldCondensed.ttf' (158K)
[2020.06.10-17.35.23:105][842]LogSlate: WidgetSwitcher ('None') active index changed to 1
[2020.06.10-17.35.29:604][179]Candidate modules for hot reload:
[2020.06.10-17.35.29:605][179]  Monochrome
[2020.06.10-17.35.29:605][179]Launching UnrealBuildTool... [D:/Program Files (x86)/UE_4.24/Engine/Binaries/DotNET/UnrealBuildTool.exe  -ModuleWithSuffix=Monochrome,7514 Win64 Development -TargetType=Editor -Project="D:/adale/Desktop/Black-White/Monochrome/Monochrome.uproject" "D:/adale/Desktop/Black-White/Monochrome/Monochrome.uproject"  -IgnoreJunk]
[2020.06.10-17.35.44:432][179]CompilerResultsLog: New page: Compilation - Jun. 10, 2020, 9:35:44 a.m.
[2020.06.10-17.35.44:432][179]CompilerResultsLog: Using 'git status' to determine working set for adaptive non-unity build (D:\adale\Desktop\Black-White).
[2020.06.10-17.35.44:432][179]CompilerResultsLog: Invalidating makefile for MonochromeEditor (source file added)
[2020.06.10-17.35.44:432][179]CompilerResultsLog: Parsing headers for MonochromeEditor
[2020.06.10-17.35.44:432][179]CompilerResultsLog:   Running UnrealHeaderTool "D:\adale\Desktop\Black-White\Monochrome\Monochrome.uproject" "D:\adale\Desktop\Black-White\Monochrome\Intermediate\Build\Win64\MonochromeEditor\Development\MonochromeEditor.uhtmanifest" -LogCmds="loginit warning, logexit warning, logdatabase error" -Unattended -WarningsAsErrors -installed
[2020.06.10-17.35.44:432][179]CompilerResultsLog: Reflection code generated for MonochromeEditor in 9.1469179 seconds
[2020.06.10-17.35.44:432][179]CompilerResultsLog: Building MonochromeEditor...
[2020.06.10-17.35.44:432][179]CompilerResultsLog: Using Visual Studio 2019 14.24.28316 toolchain (C:\Program Files (x86)\Microsoft Visual Studio\2019\Community\VC\Tools\MSVC\14.24.28314) and Windows 10.0.18362.0 SDK (D:\Windows Kits\10).
[2020.06.10-17.35.44:433][179]CompilerResultsLog: Building 6 actions with 8 processes...
[2020.06.10-17.35.44:433][179]CompilerResultsLog:   [1/6] Monochrome.init.gen.cpp
[2020.06.10-17.35.44:433][179]CompilerResultsLog:   [2/6] PlayerPawn.cpp
[2020.06.10-17.35.44:433][179]CompilerResultsLog:   [3/6] PlayerPawn.gen.cpp
[2020.06.10-17.35.44:433][179]CompilerResultsLog:   [4/6] UE4Editor-Monochrome-7514.lib
[2020.06.10-17.35.44:433][179]CompilerResultsLog:      Creating library D:\adale\Desktop\Black-White\Monochrome\Intermediate\Build\Win64\UE4Editor\Development\Monochrome\UE4Editor-Monochrome-7514.lib and object D:\adale\Desktop\Black-White\Monochrome\Intermediate\Build\Win64\UE4Editor\Development\Monochrome\UE4Editor-Monochrome-7514.exp
[2020.06.10-17.35.44:433][179]CompilerResultsLog:   [5/6] UE4Editor-Monochrome-7514.dll
[2020.06.10-17.35.44:433][179]CompilerResultsLog:      Creating library D:\adale\Desktop\Black-White\Monochrome\Intermediate\Build\Win64\UE4Editor\Development\Monochrome\UE4Editor-Monochrome-7514.suppressed.lib and object D:\adale\Desktop\Black-White\Monochrome\Intermediate\Build\Win64\UE4Editor\Development\Monochrome\UE4Editor-Monochrome-7514.suppressed.exp
[2020.06.10-17.35.44:433][179]CompilerResultsLog:   [6/6] MonochromeEditor.target
[2020.06.10-17.35.44:433][179]CompilerResultsLog: Total time in Parallel executor: 2.32 seconds
[2020.06.10-17.35.44:433][179]CompilerResultsLog: Total execution time: 14.64 seconds
[2020.06.10-17.35.44:434][179]LogMainFrame: MainFrame: Module compiling took 14.839 seconds
[2020.06.10-17.35.44:465][179]LogUObjectHash: Compacting FUObjectHashTables data took   1.32ms
[2020.06.10-17.35.44:527][179]LogClass: Could not find existing class PlayerPawn in package /Script/Monochrome for HotReload, assuming new class
[2020.06.10-17.35.44:532][179]LogContentBrowser: Native class hierarchy updated for 'Monochrome' in 0.0007 seconds. Added 4 classes and 2 folders.
[2020.06.10-17.35.44:537][179]Display: HotReload successful (0 functions remapped  0 scriptstructs remapped)
[2020.06.10-17.35.44:621][179]LogUObjectHash: Compacting FUObjectHashTables data took   1.70ms
[2020.06.10-17.35.44:639][179]LogContentBrowser: Native class hierarchy populated in 0.0110 seconds. Added 3021 classes and 722 folders.
[2020.06.10-17.35.44:639][179]Display: HotReload took 15.1s.
[2020.06.10-17.35.44:655][179]Warning: HotReload operation took 15.1s.
[2020.06.10-17.35.46:024][179]LogSlate: Window 'Add C++ Class' being destroyed
[2020.06.10-17.35.46:473][181]LogHotReload: New module detected: UE4Editor-Monochrome-7514.dll
[2020.06.10-17.35.46:502][182]LogHotReload: Starting Hot-Reload from IDE
[2020.06.10-17.35.46:578][182]LogUObjectHash: Compacting FUObjectHashTables data took   1.09ms
[2020.06.10-17.35.46:587][182]LogContentBrowser: Native class hierarchy updated for 'Monochrome' in 0.0010 seconds. Added 4 classes and 2 folders.
[2020.06.10-17.35.46:595][182]Display: HotReload successful (0 functions remapped  0 scriptstructs remapped)
[2020.06.10-17.35.46:639][182]LogUObjectHash: Compacting FUObjectHashTables data took   1.15ms
[2020.06.10-17.35.46:673][182]LogContentBrowser: Native class hierarchy populated in 0.0222 seconds. Added 3021 classes and 722 folders.
[2020.06.10-17.35.46:694][182]Display: HotReload took  0.2s.
[2020.06.10-17.36.03:940][295]LogSlate: WidgetSwitcher ('None') active index changed to -1
[2020.06.10-17.36.03:940][295]LogSlate: WidgetSwitcher ('None') active index changed to 0
[2020.06.10-17.36.15:143][930]LogSlate: WidgetSwitcher ('None') active index changed to 1
[2020.06.10-17.36.31:429][875]Candidate modules for hot reload:
[2020.06.10-17.36.31:430][875]  Monochrome
[2020.06.10-17.36.31:430][875]Launching UnrealBuildTool... [D:/Program Files (x86)/UE_4.24/Engine/Binaries/DotNET/UnrealBuildTool.exe  -ModuleWithSuffix=Monochrome,2469 Win64 Development -TargetType=Editor -Project="D:/adale/Desktop/Black-White/Monochrome/Monochrome.uproject" "D:/adale/Desktop/Black-White/Monochrome/Monochrome.uproject"  -IgnoreJunk]
[2020.06.10-17.36.46:806][875]CompilerResultsLog: New page: Compilation - Jun. 10, 2020, 9:36:46 a.m.
[2020.06.10-17.36.46:806][875]CompilerResultsLog: Using 'git status' to determine working set for adaptive non-unity build (D:\adale\Desktop\Black-White).
[2020.06.10-17.36.46:806][875]CompilerResultsLog: Invalidating makefile for MonochromeEditor (source file added)
[2020.06.10-17.36.46:807][875]CompilerResultsLog: Parsing headers for MonochromeEditor
[2020.06.10-17.36.46:807][875]CompilerResultsLog:   Running UnrealHeaderTool "D:\adale\Desktop\Black-White\Monochrome\Monochrome.uproject" "D:\adale\Desktop\Black-White\Monochrome\Intermediate\Build\Win64\MonochromeEditor\Development\MonochromeEditor.uhtmanifest" -LogCmds="loginit warning, logexit warning, logdatabase error" -Unattended -WarningsAsErrors -installed
[2020.06.10-17.36.46:807][875]CompilerResultsLog: Reflection code generated for MonochromeEditor in 9.2200751 seconds
[2020.06.10-17.36.46:807][875]CompilerResultsLog: Building MonochromeEditor...
[2020.06.10-17.36.46:807][875]CompilerResultsLog: Using Visual Studio 2019 14.24.28316 toolchain (C:\Program Files (x86)\Microsoft Visual Studio\2019\Community\VC\Tools\MSVC\14.24.28314) and Windows 10.0.18362.0 SDK (D:\Windows Kits\10).
[2020.06.10-17.36.46:807][875]CompilerResultsLog: Building 6 actions with 8 processes...
[2020.06.10-17.36.46:807][875]CompilerResultsLog:   [1/6] Monochrome.init.gen.cpp
[2020.06.10-17.36.46:807][875]CompilerResultsLog:   [2/6] MonochromeGameStateBase.cpp
[2020.06.10-17.36.46:807][875]CompilerResultsLog:   [3/6] MonochromeGameStateBase.gen.cpp
[2020.06.10-17.36.46:808][875]CompilerResultsLog:   [4/6] UE4Editor-Monochrome-2469.lib
[2020.06.10-17.36.46:808][875]CompilerResultsLog:      Creating library D:\adale\Desktop\Black-White\Monochrome\Intermediate\Build\Win64\UE4Editor\Development\Monochrome\UE4Editor-Monochrome-2469.lib and object D:\adale\Desktop\Black-White\Monochrome\Intermediate\Build\Win64\UE4Editor\Development\Monochrome\UE4Editor-Monochrome-2469.exp
[2020.06.10-17.36.46:808][875]CompilerResultsLog:   [5/6] UE4Editor-Monochrome-2469.dll
[2020.06.10-17.36.46:808][875]CompilerResultsLog:      Creating library D:\adale\Desktop\Black-White\Monochrome\Intermediate\Build\Win64\UE4Editor\Development\Monochrome\UE4Editor-Monochrome-2469.suppressed.lib and object D:\adale\Desktop\Black-White\Monochrome\Intermediate\Build\Win64\UE4Editor\Development\Monochrome\UE4Editor-Monochrome-2469.suppressed.exp
[2020.06.10-17.36.46:808][875]CompilerResultsLog:   [6/6] MonochromeEditor.target
[2020.06.10-17.36.46:808][875]CompilerResultsLog: Total time in Parallel executor: 2.68 seconds
[2020.06.10-17.36.46:809][875]CompilerResultsLog: Total execution time: 15.24 seconds
[2020.06.10-17.36.46:809][875]LogMainFrame: MainFrame: Module compiling took 15.391 seconds
[2020.06.10-17.36.46:837][875]LogUObjectHash: Compacting FUObjectHashTables data took   1.28ms
[2020.06.10-17.36.46:889][875]LogClass: Could not find existing class MonochromeGameStateBase in package /Script/Monochrome for HotReload, assuming new class
[2020.06.10-17.36.46:896][875]LogContentBrowser: Native class hierarchy updated for 'Monochrome' in 0.0005 seconds. Added 5 classes and 2 folders.
[2020.06.10-17.36.46:899][875]Display: HotReload successful (0 functions remapped  0 scriptstructs remapped)
[2020.06.10-17.36.46:968][875]LogUObjectHash: Compacting FUObjectHashTables data took   1.25ms
[2020.06.10-17.36.46:982][875]LogContentBrowser: Native class hierarchy populated in 0.0088 seconds. Added 3022 classes and 722 folders.
[2020.06.10-17.36.46:983][875]Display: HotReload took 15.6s.
[2020.06.10-17.36.46:990][875]Warning: HotReload operation took 15.6s.
[2020.06.10-17.36.47:372][875]LogSlate: Window 'Add C++ Class' being destroyed
[2020.06.10-17.36.47:386][875]LogHotReload: New module detected: UE4Editor-Monochrome-2469.dll
[2020.06.10-17.36.47:485][876]LogHotReload: Starting Hot-Reload from IDE
[2020.06.10-17.36.47:628][876]LogUObjectHash: Compacting FUObjectHashTables data took   1.14ms
[2020.06.10-17.36.47:635][876]LogContentBrowser: Native class hierarchy updated for 'Monochrome' in 0.0009 seconds. Added 5 classes and 2 folders.
[2020.06.10-17.36.47:642][876]Display: HotReload successful (0 functions remapped  0 scriptstructs remapped)
[2020.06.10-17.36.47:673][876]LogUObjectHash: Compacting FUObjectHashTables data took   2.21ms
[2020.06.10-17.36.47:693][876]LogContentBrowser: Native class hierarchy populated in 0.0110 seconds. Added 3022 classes and 722 folders.
[2020.06.10-17.36.47:703][876]Display: HotReload took  0.2s.
[2020.06.10-17.37.01:370][965]LogSlate: WidgetSwitcher ('None') active index changed to -1
[2020.06.10-17.37.01:370][965]LogSlate: WidgetSwitcher ('None') active index changed to 0
[2020.06.10-17.37.07:297][282]LogSlate: WidgetSwitcher ('None') active index changed to 1
[2020.06.10-17.37.29:417][575]Candidate modules for hot reload:
[2020.06.10-17.37.29:417][575]  Monochrome
[2020.06.10-17.37.29:417][575]Launching UnrealBuildTool... [D:/Program Files (x86)/UE_4.24/Engine/Binaries/DotNET/UnrealBuildTool.exe  -ModuleWithSuffix=Monochrome,8728 Win64 Development -TargetType=Editor -Project="D:/adale/Desktop/Black-White/Monochrome/Monochrome.uproject" "D:/adale/Desktop/Black-White/Monochrome/Monochrome.uproject"  -IgnoreJunk]
[2020.06.10-17.37.44:124][575]CompilerResultsLog: New page: Compilation - Jun. 10, 2020, 9:37:44 a.m.
[2020.06.10-17.37.44:124][575]CompilerResultsLog: Using 'git status' to determine working set for adaptive non-unity build (D:\adale\Desktop\Black-White).
[2020.06.10-17.37.44:124][575]CompilerResultsLog: Invalidating makefile for MonochromeEditor (source file added)
[2020.06.10-17.37.44:124][575]CompilerResultsLog: Parsing headers for MonochromeEditor
[2020.06.10-17.37.44:124][575]CompilerResultsLog:   Running UnrealHeaderTool "D:\adale\Desktop\Black-White\Monochrome\Monochrome.uproject" "D:\adale\Desktop\Black-White\Monochrome\Intermediate\Build\Win64\MonochromeEditor\Development\MonochromeEditor.uhtmanifest" -LogCmds="loginit warning, logexit warning, logdatabase error" -Unattended -WarningsAsErrors -installed
[2020.06.10-17.37.44:125][575]CompilerResultsLog: Reflection code generated for MonochromeEditor in 8.8859479 seconds
[2020.06.10-17.37.44:125][575]CompilerResultsLog: Building MonochromeEditor...
[2020.06.10-17.37.44:125][575]CompilerResultsLog: Using Visual Studio 2019 14.24.28316 toolchain (C:\Program Files (x86)\Microsoft Visual Studio\2019\Community\VC\Tools\MSVC\14.24.28314) and Windows 10.0.18362.0 SDK (D:\Windows Kits\10).
[2020.06.10-17.37.44:125][575]CompilerResultsLog: Building 6 actions with 8 processes...
[2020.06.10-17.37.44:125][575]CompilerResultsLog:   [1/6] BlockActor.cpp
[2020.06.10-17.37.44:125][575]CompilerResultsLog:   [2/6] Monochrome.init.gen.cpp
[2020.06.10-17.37.44:125][575]CompilerResultsLog:   [3/6] BlockActor.gen.cpp
[2020.06.10-17.37.44:125][575]CompilerResultsLog:   [4/6] UE4Editor-Monochrome-8728.lib
[2020.06.10-17.37.44:125][575]CompilerResultsLog:      Creating library D:\adale\Desktop\Black-White\Monochrome\Intermediate\Build\Win64\UE4Editor\Development\Monochrome\UE4Editor-Monochrome-8728.lib and object D:\adale\Desktop\Black-White\Monochrome\Intermediate\Build\Win64\UE4Editor\Development\Monochrome\UE4Editor-Monochrome-8728.exp
[2020.06.10-17.37.44:125][575]CompilerResultsLog:   [5/6] UE4Editor-Monochrome-8728.dll
[2020.06.10-17.37.44:126][575]CompilerResultsLog:      Creating library D:\adale\Desktop\Black-White\Monochrome\Intermediate\Build\Win64\UE4Editor\Development\Monochrome\UE4Editor-Monochrome-8728.suppressed.lib and object D:\adale\Desktop\Black-White\Monochrome\Intermediate\Build\Win64\UE4Editor\Development\Monochrome\UE4Editor-Monochrome-8728.suppressed.exp
[2020.06.10-17.37.44:126][575]CompilerResultsLog:   [6/6] MonochromeEditor.target
[2020.06.10-17.37.44:126][575]CompilerResultsLog: Total time in Parallel executor: 2.48 seconds
[2020.06.10-17.37.44:126][575]CompilerResultsLog: Total execution time: 14.59 seconds
[2020.06.10-17.37.44:126][575]LogMainFrame: MainFrame: Module compiling took 14.721 seconds
[2020.06.10-17.37.44:154][575]LogUObjectHash: Compacting FUObjectHashTables data took   1.07ms
[2020.06.10-17.37.44:197][575]LogClass: Could not find existing class BlockActor in package /Script/Monochrome for HotReload, assuming new class
[2020.06.10-17.37.44:208][575]LogContentBrowser: Native class hierarchy updated for 'Monochrome' in 0.0005 seconds. Added 6 classes and 2 folders.
[2020.06.10-17.37.44:212][575]Display: HotReload successful (0 functions remapped  0 scriptstructs remapped)
[2020.06.10-17.37.44:279][575]LogUObjectHash: Compacting FUObjectHashTables data took   1.34ms
[2020.06.10-17.37.44:293][575]LogContentBrowser: Native class hierarchy populated in 0.0086 seconds. Added 3023 classes and 722 folders.
[2020.06.10-17.37.44:293][575]Display: HotReload took 14.9s.
[2020.06.10-17.37.44:310][575]Warning: HotReload operation took 14.9s.
[2020.06.10-17.37.44:801][575]LogSlate: Window 'Add C++ Class' being destroyed
[2020.06.10-17.37.45:594][578]LogHotReload: New module detected: UE4Editor-Monochrome-8728.dll
[2020.06.10-17.37.45:615][579]LogHotReload: Starting Hot-Reload from IDE
[2020.06.10-17.37.45:687][579]LogUObjectHash: Compacting FUObjectHashTables data took   0.73ms
[2020.06.10-17.37.45:694][579]LogContentBrowser: Native class hierarchy updated for 'Monochrome' in 0.0007 seconds. Added 6 classes and 2 folders.
[2020.06.10-17.37.45:699][579]Display: HotReload successful (0 functions remapped  0 scriptstructs remapped)
[2020.06.10-17.37.45:727][579]LogUObjectHash: Compacting FUObjectHashTables data took   1.18ms
[2020.06.10-17.37.45:742][579]LogContentBrowser: Native class hierarchy populated in 0.0090 seconds. Added 3023 classes and 722 folders.
[2020.06.10-17.37.45:752][579]Display: HotReload took  0.1s.
