Log file open, 06/10/20 16:52:22
LogWindows: Failed to load 'aqProf.dll' (GetLastError=126)
LogWindows: File 'aqProf.dll' does not exist
LogWindows: Failed to load 'VtuneApi.dll' (GetLastError=126)
LogWindows: File 'VtuneApi.dll' does not exist
LogWindows: Failed to load 'VtuneApi32e.dll' (GetLastError=126)
LogWindows: File 'VtuneApi32e.dll' does not exist
LogConsoleResponse: Display: Failed to find resolution value strings in scalability ini. Falling back to default.
LogInit: Display: Running engine for game: Monochrome
LogPlatformFile: Not using cached read wrapper
LogTaskGraph: Started task graph with 5 named threads and 23 total threads with 3 sets of task threads.
LogStats: Stats thread started at 0.372991
LogD3D11RHI: Loaded GFSDK_Aftermath_Lib.x64.dll
LogICUInternationalization: ICU TimeZone Detection - Raw Offset: -5:00, Platform Override: ''
LogPluginManager: Mounting plugin Paper2D
LogPluginManager: Mounting plugin AISupport
LogPluginManager: Mounting plugin LightPropagationVolume
LogPluginManager: Mounting plugin ActorLayerUtilities
LogPluginManager: Mounting plugin AnimationSharing
LogPluginManager: Mounting plugin CLionSourceCodeAccess
LogPluginManager: Mounting plugin CodeLiteSourceCodeAccess
LogPluginManager: Mounting plugin GitSourceControl
LogPluginManager: Mounting plugin KDevelopSourceCodeAccess
LogPluginManager: Mounting plugin NullSourceCodeAccess
LogPluginManager: Mounting plugin PerforceSourceControl
LogPluginManager: Mounting plugin PlasticSourceControl
LogPluginManager: Mounting plugin SubversionSourceControl
LogPluginManager: Mounting plugin UObjectPlugin
LogPluginManager: Mounting plugin VisualStudioCodeSourceCodeAccess
LogPluginManager: Mounting plugin VisualStudioSourceCodeAccess
LogPluginManager: Mounting plugin XCodeSourceCodeAccess
LogPluginManager: Mounting plugin AssetManagerEditor
LogPluginManager: Mounting plugin CryptoKeys
LogPluginManager: Mounting plugin CurveEditorTools
LogPluginManager: Mounting plugin DataValidation
LogPluginManager: Mounting plugin FacialAnimation
LogPluginManager: Mounting plugin GameplayTagsEditor
LogPluginManager: Mounting plugin MacGraphicsSwitching
LogPluginManager: Mounting plugin MaterialAnalyzer
LogPluginManager: Mounting plugin MobileLauncherProfileWizard
LogPluginManager: Mounting plugin PluginBrowser
LogPluginManager: Mounting plugin SpeedTreeImporter
LogPluginManager: Mounting plugin DatasmithContent
LogPluginManager: Mounting plugin VariantManagerContent
LogPluginManager: Mounting plugin AlembicImporter
LogPluginManager: Mounting plugin AutomationUtils
LogPluginManager: Mounting plugin BackChannel
LogPluginManager: Mounting plugin CharacterAI
LogPluginManager: Mounting plugin GeometryCache
LogPluginManager: Mounting plugin PlatformCrypto
LogPluginManager: Mounting plugin ProxyLODPlugin
LogPluginManager: Mounting plugin SkeletalReduction
LogPluginManager: Mounting plugin MagicLeap
LogPluginManager: Mounting plugin MagicLeapMedia
LogPluginManager: Mounting plugin MLSDK
LogPluginManager: Mounting plugin AndroidMedia
LogPluginManager: Mounting plugin AvfMedia
LogPluginManager: Mounting plugin ImgMedia
LogPluginManager: Mounting plugin MediaCompositing
LogPluginManager: Mounting plugin MediaPlayerEditor
LogPluginManager: Mounting plugin WebMMedia
LogPluginManager: Mounting plugin WmfMedia
LogPluginManager: Mounting plugin TcpMessaging
LogPluginManager: Mounting plugin UdpMessaging
LogPluginManager: Mounting plugin ActorSequence
LogPluginManager: Mounting plugin LevelSequenceEditor
LogPluginManager: Mounting plugin MatineeToLevelSequence
LogPluginManager: Mounting plugin NetcodeUnitTest
LogPluginManager: Mounting plugin NUTUnrealEngine4
LogPluginManager: Mounting plugin OnlineSubsystemGooglePlay
LogPluginManager: Mounting plugin OnlineSubsystemIOS
LogPluginManager: Mounting plugin OnlineSubsystem
LogPluginManager: Mounting plugin OnlineSubsystemNull
LogPluginManager: Mounting plugin OnlineSubsystemUtils
LogPluginManager: Mounting plugin LauncherChunkInstaller
LogPluginManager: Mounting plugin AndroidDeviceProfileSelector
LogPluginManager: Mounting plugin AndroidMoviePlayer
LogPluginManager: Mounting plugin AndroidPermission
LogPluginManager: Mounting plugin AppleImageUtils
LogPluginManager: Mounting plugin AppleMoviePlayer
LogPluginManager: Mounting plugin ArchVisCharacter
LogPluginManager: Mounting plugin AssetTags
LogPluginManager: Mounting plugin AudioCapture
LogPluginManager: Mounting plugin CableComponent
LogPluginManager: Mounting plugin CustomMeshComponent
LogPluginManager: Mounting plugin EditableMesh
LogPluginManager: Mounting plugin ExampleDeviceProfileSelector
LogPluginManager: Mounting plugin GoogleCloudMessaging
LogPluginManager: Mounting plugin IOSDeviceProfileSelector
LogPluginManager: Mounting plugin LinuxDeviceProfileSelector
LogPluginManager: Mounting plugin LocationServicesBPLibrary
LogPluginManager: Mounting plugin MobilePatchingUtils
LogPluginManager: Mounting plugin OculusVR
LogPluginManager: Mounting plugin PhysXVehicles
LogPluginManager: Mounting plugin PostSplashScreen
LogPluginManager: Mounting plugin ProceduralMeshComponent
LogPluginManager: Mounting plugin RuntimePhysXCooking
LogPluginManager: Mounting plugin SignificanceManager
LogPluginManager: Mounting plugin SteamVR
LogPluginManager: Mounting plugin WebMMoviePlayer
LogPluginManager: Mounting plugin WindowsMoviePlayer
LogPluginManager: Mounting plugin ScreenshotTools
LogInit: Using libcurl 7.55.1-DEV
LogInit:  - built for x86_64-pc-win32
LogInit:  - supports SSL with OpenSSL/1.1.1
LogInit:  - supports HTTP deflate (compression) using libz 1.2.8
LogInit:  - other features:
LogInit:      CURL_VERSION_SSL
LogInit:      CURL_VERSION_LIBZ
LogInit:      CURL_VERSION_IPV6
LogInit:      CURL_VERSION_ASYNCHDNS
LogInit:      CURL_VERSION_LARGEFILE
LogInit:      CURL_VERSION_IDN
LogInit:  CurlRequestOptions (configurable via config and command line):
LogInit:  - bVerifyPeer = true  - Libcurl will verify peer certificate
LogInit:  - bUseHttpProxy = false  - Libcurl will NOT use HTTP proxy
LogInit:  - bDontReuseConnections = false  - Libcurl will reuse connections
LogInit:  - MaxHostConnections = 16  - Libcurl will limit the number of connections to a host
LogInit:  - LocalHostAddr = Default
LogInit:  - BufferSize = 65536
LogOnline: OSS: Creating online subsystem instance for: NULL
LogInit: WinSock: version 1.1 (2.2), MaxSocks=32767, MaxUdp=65467
LogOnline: OSS: TryLoadSubsystemAndSetDefault: Loaded subsystem for module [NULL]
LogInit: Build: ++UE4+Release-4.24-CL-11590370
LogInit: Engine Version: 4.24.3-11590370+++UE4+Release-4.24
LogInit: Compatible Engine Version: 4.24.0-10570792+++UE4+Release-4.24
LogInit: Net CL: 10570792
LogInit: OS: Windows 10 (Release 1903) (), CPU: Intel(R) Core(TM) i7-7700HQ CPU @ 2.80GHz, GPU: Intel(R) HD Graphics 630
LogInit: Compiled (64-bit): Feb 24 2020 15:39:18
LogInit: Compiled with Visual C++: 19.16.27032.01
LogInit: Build Configuration: Development
LogInit: Branch Name: ++UE4+Release-4.24
LogInit: Command Line:  -skipcompile
LogInit: Base Directory: D:/Program Files (x86)/UE_4.24/Engine/Binaries/Win64/
LogInit: Installed Engine Build: 1
LogDevObjectVersion: Number of dev versions registered: 25
LogDevObjectVersion:   Dev-Blueprints (B0D832E4-1F89-4F0D-ACCF-7EB736FD4AA2): 10
LogDevObjectVersion:   Dev-Build (E1C64328-A22C-4D53-A36C-8E866417BD8C): 0
LogDevObjectVersion:   Dev-Core (375EC13C-06E4-48FB-B500-84F0262A717E): 3
LogDevObjectVersion:   Dev-Editor (E4B068ED-F494-42E9-A231-DA0B2E46BB41): 37
LogDevObjectVersion:   Dev-Framework (CFFC743F-43B0-4480-9391-14DF171D2073): 36
LogDevObjectVersion:   Dev-Mobile (B02B49B5-BB20-44E9-A304-32B752E40360): 2
LogDevObjectVersion:   Dev-Networking (A4E4105C-59A1-49B5-A7C5-40C4547EDFEE): 0
LogDevObjectVersion:   Dev-Online (39C831C9-5AE6-47DC-9A44-9C173E1C8E7C): 0
LogDevObjectVersion:   Dev-Physics (78F01B33-EBEA-4F98-B9B4-84EACCB95AA2): 2
LogDevObjectVersion:   Dev-Platform (6631380F-2D4D-43E0-8009-CF276956A95A): 0
LogDevObjectVersion:   Dev-Rendering (12F88B9F-8875-4AFC-A67C-D90C383ABD29): 36
LogDevObjectVersion:   Dev-Sequencer (7B5AE74C-D270-4C10-A958-57980B212A5A): 11
LogDevObjectVersion:   Dev-VR (D7296918-1DD6-4BDD-9DE2-64A83CC13884): 2
LogDevObjectVersion:   Dev-LoadTimes (C2A15278-BFE7-4AFE-6C17-90FF531DF755): 1
LogDevObjectVersion:   Private-Geometry (6EACA3D4-40EC-4CC1-B786-8BED09428FC5): 3
LogDevObjectVersion:   Dev-AnimPhys (29E575DD-E0A3-4627-9D10-D276232CDCEA): 17
LogDevObjectVersion:   Dev-Anim (AF43A65D-7FD3-4947-9873-3E8ED9C1BB05): 2
LogDevObjectVersion:   Dev-ReflectionCapture (6B266CEC-1EC7-4B8F-A30B-E4D90942FC07): 1
LogDevObjectVersion:   Dev-Automation (0DF73D61-A23F-47EA-B727-89E90C41499A): 1
LogDevObjectVersion:   FortniteMain (601D1886-AC64-4F84-AA16-D3DE0DEAC7D6): 31
LogDevObjectVersion:   Dev-Enterprise (9DFFBCD6-494F-0158-E221-12823C92A888): 8
LogDevObjectVersion:   Dev-Niagara (F2AED0AC-9AFE-416F-8664-AA7FFA26D6FC): 1
LogDevObjectVersion:   Dev-Destruction (174F1F0B-B4C6-45A5-B13F-2EE8D0FB917D): 9
LogDevObjectVersion:   Dev-Physics-Ext (35F94A83-E258-406C-A318-09F59610247C): 8
LogDevObjectVersion:   Dev-CineCamera (B2E18506-4273-CFC2-A54E-F4BB758BBA07): 1
LogInit: Presizing for max 25165824 objects, including 0 objects not considered by GC, pre-allocating 0 bytes for permanent pool.
LogInit: Object subsystem initialized
LogConfig: Setting CVar [[con.DebugEarlyDefault:1]]
LogConfig: Setting CVar [[r.setres:1280x720]]
[2020.06.10-20.52.23:099][  0]LogConfig: Setting CVar [[r.VSync:0]]
[2020.06.10-20.52.23:099][  0]LogConfig: Setting CVar [[r.RHICmdBypass:0]]
[2020.06.10-20.52.23:099][  0]LogConfig: Applying CVar settings from Section [/Script/Engine.RendererSettings] File [D:/adale/Desktop/Black-White/Monochrome/Saved/Config/Windows/Engine.ini]
[2020.06.10-20.52.23:100][  0]LogConfig: Setting CVar [[r.GPUCrashDebugging:0]]
[2020.06.10-20.52.23:101][  0]LogConfig: Applying CVar settings from Section [/Script/Engine.RendererOverrideSettings] File [D:/adale/Desktop/Black-White/Monochrome/Saved/Config/Windows/Engine.ini]
[2020.06.10-20.52.23:101][  0]LogConfig: Applying CVar settings from Section [/Script/Engine.StreamingSettings] File [D:/adale/Desktop/Black-White/Monochrome/Saved/Config/Windows/Engine.ini]
[2020.06.10-20.52.23:101][  0]LogConfig: Setting CVar [[s.MinBulkDataSizeForAsyncLoading:131072]]
[2020.06.10-20.52.23:105][  0]LogConfig: Setting CVar [[s.AsyncLoadingThreadEnabled:0]]
[2020.06.10-20.52.23:105][  0]LogConfig: Setting CVar [[s.EventDrivenLoaderEnabled:1]]
[2020.06.10-20.52.23:105][  0]LogConfig: Setting CVar [[s.WarnIfTimeLimitExceeded:0]]
[2020.06.10-20.52.23:105][  0]LogConfig: Setting CVar [[s.TimeLimitExceededMultiplier:1.5]]
[2020.06.10-20.52.23:105][  0]LogConfig: Setting CVar [[s.TimeLimitExceededMinTime:0.005]]
[2020.06.10-20.52.23:106][  0]LogConfig: Setting CVar [[s.UseBackgroundLevelStreaming:1]]
[2020.06.10-20.52.23:106][  0]LogConfig: Setting CVar [[s.PriorityAsyncLoadingExtraTime:15.0]]
[2020.06.10-20.52.23:106][  0]LogConfig: Setting CVar [[s.LevelStreamingActorsUpdateTimeLimit:5.0]]
[2020.06.10-20.52.23:106][  0]LogConfig: Setting CVar [[s.PriorityLevelStreamingActorsUpdateExtraTime:5.0]]
[2020.06.10-20.52.23:106][  0]LogConfig: Setting CVar [[s.LevelStreamingComponentsRegistrationGranularity:10]]
[2020.06.10-20.52.23:106][  0]LogConfig: Setting CVar [[s.UnregisterComponentsTimeLimit:1.0]]
[2020.06.10-20.52.23:106][  0]LogConfig: Setting CVar [[s.LevelStreamingComponentsUnregistrationGranularity:5]]
[2020.06.10-20.52.23:106][  0]LogConfig: Setting CVar [[s.FlushStreamingOnExit:1]]
[2020.06.10-20.52.23:106][  0]LogConfig: Applying CVar settings from Section [/Script/Engine.GarbageCollectionSettings] File [D:/adale/Desktop/Black-White/Monochrome/Saved/Config/Windows/Engine.ini]
[2020.06.10-20.52.23:107][  0]LogConfig: Setting CVar [[gc.MaxObjectsNotConsideredByGC:1]]
[2020.06.10-20.52.23:107][  0]LogConfig: Setting CVar [[gc.SizeOfPermanentObjectPool:0]]
[2020.06.10-20.52.23:107][  0]LogConfig: Setting CVar [[gc.FlushStreamingOnGC:0]]
[2020.06.10-20.52.23:107][  0]LogConfig: Setting CVar [[gc.NumRetriesBeforeForcingGC:10]]
[2020.06.10-20.52.23:107][  0]LogConfig: Setting CVar [[gc.AllowParallelGC:1]]
[2020.06.10-20.52.23:107][  0]LogConfig: Setting CVar [[gc.TimeBetweenPurgingPendingKillObjects:61.1]]
[2020.06.10-20.52.23:107][  0]LogConfig: Setting CVar [[gc.MaxObjectsInEditor:25165824]]
[2020.06.10-20.52.23:107][  0]LogConfig: Setting CVar [[gc.IncrementalBeginDestroyEnabled:1]]
[2020.06.10-20.52.23:107][  0]LogConfig: Setting CVar [[gc.CreateGCClusters:1]]
[2020.06.10-20.52.23:107][  0]LogConfig: Setting CVar [[gc.MinGCClusterSize:5]]
[2020.06.10-20.52.23:107][  0]LogConfig: Setting CVar [[gc.ActorClusteringEnabled:0]]
[2020.06.10-20.52.23:108][  0]LogConfig: Setting CVar [[gc.BlueprintClusteringEnabled:0]]
[2020.06.10-20.52.23:108][  0]LogConfig: Setting CVar [[gc.UseDisregardForGCOnDedicatedServers:0]]
[2020.06.10-20.52.23:108][  0]LogConfig: Applying CVar settings from Section [/Script/Engine.NetworkSettings] File [D:/adale/Desktop/Black-White/Monochrome/Saved/Config/Windows/Engine.ini]
[2020.06.10-20.52.23:108][  0]LogConfig: Applying CVar settings from Section [/Script/UnrealEd.CookerSettings] File [D:/adale/Desktop/Black-White/Monochrome/Saved/Config/Windows/Engine.ini]
[2020.06.10-20.52.23:126][  0]LogConfig: Applying CVar settings from Section [ViewDistanceQuality@3] File [D:/adale/Desktop/Black-White/Monochrome/Saved/Config/Windows/Scalability.ini]
[2020.06.10-20.52.23:126][  0]LogConfig: Setting CVar [[r.SkeletalMeshLODBias:0]]
[2020.06.10-20.52.23:126][  0]LogConfig: Setting CVar [[r.ViewDistanceScale:1.0]]
[2020.06.10-20.52.23:126][  0]LogConfig: Applying CVar settings from Section [AntiAliasingQuality@3] File [D:/adale/Desktop/Black-White/Monochrome/Saved/Config/Windows/Scalability.ini]
[2020.06.10-20.52.23:126][  0]LogConfig: Setting CVar [[r.PostProcessAAQuality:4]]
[2020.06.10-20.52.23:127][  0]LogConfig: Applying CVar settings from Section [ShadowQuality@3] File [D:/adale/Desktop/Black-White/Monochrome/Saved/Config/Windows/Scalability.ini]
[2020.06.10-20.52.23:127][  0]LogConfig: Setting CVar [[r.LightFunctionQuality:1]]
[2020.06.10-20.52.23:129][  0]LogConfig: Setting CVar [[r.ShadowQuality:5]]
[2020.06.10-20.52.23:129][  0]LogConfig: Setting CVar [[r.Shadow.CSM.MaxCascades:10]]
[2020.06.10-20.52.23:129][  0]LogConfig: Setting CVar [[r.Shadow.MaxResolution:2048]]
[2020.06.10-20.52.23:130][  0]LogConfig: Setting CVar [[r.Shadow.MaxCSMResolution:2048]]
[2020.06.10-20.52.23:130][  0]LogConfig: Setting CVar [[r.Shadow.RadiusThreshold:0.01]]
[2020.06.10-20.52.23:130][  0]LogConfig: Setting CVar [[r.Shadow.DistanceScale:1.0]]
[2020.06.10-20.52.23:130][  0]LogConfig: Setting CVar [[r.Shadow.CSM.TransitionScale:1.0]]
[2020.06.10-20.52.23:130][  0]LogConfig: Setting CVar [[r.Shadow.PreShadowResolutionFactor:1.0]]
[2020.06.10-20.52.23:131][  0]LogConfig: Setting CVar [[r.DistanceFieldShadowing:1]]
[2020.06.10-20.52.23:131][  0]LogConfig: Setting CVar [[r.DistanceFieldAO:1]]
[2020.06.10-20.52.23:132][  0]LogConfig: Setting CVar [[r.AOQuality:2]]
[2020.06.10-20.52.23:132][  0]LogConfig: Setting CVar [[r.VolumetricFog:1]]
[2020.06.10-20.52.23:132][  0]LogConfig: Setting CVar [[r.VolumetricFog.GridPixelSize:8]]
[2020.06.10-20.52.23:132][  0]LogConfig: Setting CVar [[r.VolumetricFog.GridSizeZ:128]]
[2020.06.10-20.52.23:132][  0]LogConfig: Setting CVar [[r.VolumetricFog.HistoryMissSupersampleCount:4]]
[2020.06.10-20.52.23:132][  0]LogConfig: Setting CVar [[r.LightMaxDrawDistanceScale:1]]
[2020.06.10-20.52.23:132][  0]LogConfig: Setting CVar [[r.CapsuleShadows:1]]
[2020.06.10-20.52.23:134][  0]LogConfig: Applying CVar settings from Section [PostProcessQuality@3] File [D:/adale/Desktop/Black-White/Monochrome/Saved/Config/Windows/Scalability.ini]
[2020.06.10-20.52.23:134][  0]LogConfig: Setting CVar [[r.MotionBlurQuality:4]]
[2020.06.10-20.52.23:134][  0]LogConfig: Setting CVar [[r.AmbientOcclusionMipLevelFactor:0.4]]
[2020.06.10-20.52.23:134][  0]LogConfig: Setting CVar [[r.AmbientOcclusionMaxQuality:100]]
[2020.06.10-20.52.23:134][  0]LogConfig: Setting CVar [[r.AmbientOcclusionLevels:-1]]
[2020.06.10-20.52.23:134][  0]LogConfig: Setting CVar [[r.AmbientOcclusionRadiusScale:1.0]]
[2020.06.10-20.52.23:135][  0]LogConfig: Setting CVar [[r.DepthOfFieldQuality:2]]
[2020.06.10-20.52.23:135][  0]LogConfig: Setting CVar [[r.RenderTargetPoolMin:400]]
[2020.06.10-20.52.23:135][  0]LogConfig: Setting CVar [[r.LensFlareQuality:2]]
[2020.06.10-20.52.23:135][  0]LogConfig: Setting CVar [[r.SceneColorFringeQuality:1]]
[2020.06.10-20.52.23:135][  0]LogConfig: Setting CVar [[r.EyeAdaptationQuality:2]]
[2020.06.10-20.52.23:135][  0]LogConfig: Setting CVar [[r.BloomQuality:5]]
[2020.06.10-20.52.23:135][  0]LogConfig: Setting CVar [[r.FastBlurThreshold:100]]
[2020.06.10-20.52.23:135][  0]LogConfig: Setting CVar [[r.Upscale.Quality:3]]
[2020.06.10-20.52.23:136][  0]LogConfig: Setting CVar [[r.Tonemapper.GrainQuantization:1]]
[2020.06.10-20.52.23:136][  0]LogConfig: Setting CVar [[r.LightShaftQuality:1]]
[2020.06.10-20.52.23:136][  0]LogConfig: Setting CVar [[r.Filter.SizeScale:1]]
[2020.06.10-20.52.23:136][  0]LogConfig: Setting CVar [[r.Tonemapper.Quality:5]]
[2020.06.10-20.52.23:136][  0]LogConfig: Setting CVar [[r.DOF.Gather.AccumulatorQuality:1        ; higher gathering accumulator quality]]
[2020.06.10-20.52.23:136][  0]LogConfig: Setting CVar [[r.DOF.Gather.PostfilterMethod:1          ; Median3x3 postfilering method]]
[2020.06.10-20.52.23:137][  0]LogConfig: Setting CVar [[r.DOF.Gather.EnableBokehSettings:0       ; no bokeh simulation when gathering]]
[2020.06.10-20.52.23:137][  0]LogConfig: Setting CVar [[r.DOF.Gather.RingCount:4                 ; medium number of samples when gathering]]
[2020.06.10-20.52.23:137][  0]LogConfig: Setting CVar [[r.DOF.Scatter.ForegroundCompositing:1    ; additive foreground scattering]]
[2020.06.10-20.52.23:137][  0]LogConfig: Setting CVar [[r.DOF.Scatter.BackgroundCompositing:2    ; additive background scattering]]
[2020.06.10-20.52.23:138][  0]LogConfig: Setting CVar [[r.DOF.Scatter.EnableBokehSettings:1      ; bokeh simulation when scattering]]
[2020.06.10-20.52.23:138][  0]LogConfig: Setting CVar [[r.DOF.Scatter.MaxSpriteRatio:0.1         ; only a maximum of 10% of scattered bokeh]]
[2020.06.10-20.52.23:138][  0]LogConfig: Setting CVar [[r.DOF.Recombine.Quality:1                ; cheap slight out of focus]]
[2020.06.10-20.52.23:138][  0]LogConfig: Setting CVar [[r.DOF.Recombine.EnableBokehSettings:0    ; no bokeh simulation on slight out of focus]]
[2020.06.10-20.52.23:138][  0]LogConfig: Setting CVar [[r.DOF.TemporalAAQuality:1                ; more stable temporal accumulation]]
[2020.06.10-20.52.23:138][  0]LogConfig: Setting CVar [[r.DOF.Kernel.MaxForegroundRadius:0.025]]
[2020.06.10-20.52.23:138][  0]LogConfig: Setting CVar [[r.DOF.Kernel.MaxBackgroundRadius:0.025]]
[2020.06.10-20.52.23:138][  0]LogConfig: Applying CVar settings from Section [TextureQuality@3] File [D:/adale/Desktop/Black-White/Monochrome/Saved/Config/Windows/Scalability.ini]
[2020.06.10-20.52.23:138][  0]LogConfig: Setting CVar [[r.Streaming.MipBias:0]]
[2020.06.10-20.52.23:138][  0]LogConfig: Setting CVar [[r.Streaming.AmortizeCPUToGPUCopy:0]]
[2020.06.10-20.52.23:138][  0]LogConfig: Setting CVar [[r.Streaming.MaxNumTexturesToStreamPerFrame:0]]
[2020.06.10-20.52.23:138][  0]LogConfig: Setting CVar [[r.Streaming.Boost:1]]
[2020.06.10-20.52.23:139][  0]LogConfig: Setting CVar [[r.MaxAnisotropy:8]]
[2020.06.10-20.52.23:139][  0]LogConfig: Setting CVar [[r.VT.MaxAnisotropy:8]]
[2020.06.10-20.52.23:139][  0]LogConfig: Setting CVar [[r.Streaming.LimitPoolSizeToVRAM:0]]
[2020.06.10-20.52.23:139][  0]LogConfig: Setting CVar [[r.Streaming.PoolSize:1000]]
[2020.06.10-20.52.23:139][  0]LogConfig: Setting CVar [[r.Streaming.MaxEffectiveScreenSize:0]]
[2020.06.10-20.52.23:139][  0]LogConfig: Applying CVar settings from Section [EffectsQuality@3] File [D:/adale/Desktop/Black-White/Monochrome/Saved/Config/Windows/Scalability.ini]
[2020.06.10-20.52.23:139][  0]LogConfig: Setting CVar [[r.TranslucencyLightingVolumeDim:64]]
[2020.06.10-20.52.23:139][  0]LogConfig: Setting CVar [[r.RefractionQuality:2]]
[2020.06.10-20.52.23:139][  0]LogConfig: Setting CVar [[r.SSR.Quality:3]]
[2020.06.10-20.52.23:139][  0]LogConfig: Setting CVar [[r.SSR.HalfResSceneColor:0]]
[2020.06.10-20.52.23:139][  0]LogConfig: Setting CVar [[r.SceneColorFormat:4]]
[2020.06.10-20.52.23:139][  0]LogConfig: Setting CVar [[r.DetailMode:2]]
[2020.06.10-20.52.23:140][  0]LogConfig: Setting CVar [[r.TranslucencyVolumeBlur:1]]
[2020.06.10-20.52.23:140][  0]LogConfig: Setting CVar [[r.MaterialQualityLevel:1 ; High quality]]
[2020.06.10-20.52.23:140][  0]LogConfig: Setting CVar [[r.SSS.Scale:1]]
[2020.06.10-20.52.23:140][  0]LogConfig: Setting CVar [[r.SSS.SampleSet:2]]
[2020.06.10-20.52.23:140][  0]LogConfig: Setting CVar [[r.SSS.Quality:1]]
[2020.06.10-20.52.23:140][  0]LogConfig: Setting CVar [[r.SSS.HalfRes:1]]
[2020.06.10-20.52.23:140][  0]LogConfig: Setting CVar [[r.SSGI.Quality:3]]
[2020.06.10-20.52.23:140][  0]LogConfig: Setting CVar [[r.EmitterSpawnRateScale:1.0]]
[2020.06.10-20.52.23:140][  0]LogConfig: Setting CVar [[r.ParticleLightQuality:2]]
[2020.06.10-20.52.23:140][  0]LogConfig: Setting CVar [[r.SkyAtmosphere.AerialPerspectiveLUT.FastApplyOnOpaque:1 ; Always have FastSkyLUT 1 in this case to avoid wrong sky]]
[2020.06.10-20.52.23:140][  0]LogConfig: Setting CVar [[r.SkyAtmosphere.AerialPerspectiveLUT.SampleCountPerSlice:1]]
[2020.06.10-20.52.23:140][  0]LogConfig: Setting CVar [[r.SkyAtmosphere.AerialPerspectiveLUT.DepthResolution:16.0]]
[2020.06.10-20.52.23:140][  0]LogConfig: Setting CVar [[r.SkyAtmosphere.FastSkyLUT:1]]
[2020.06.10-20.52.23:141][  0]LogConfig: Setting CVar [[r.SkyAtmosphere.FastSkyLUT.SampleCountMin:4.0]]
[2020.06.10-20.52.23:141][  0]LogConfig: Setting CVar [[r.SkyAtmosphere.FastSkyLUT.SampleCountMax:32.0]]
[2020.06.10-20.52.23:141][  0]LogConfig: Setting CVar [[r.SkyAtmosphere.SampleCountMin:4.0]]
[2020.06.10-20.52.23:141][  0]LogConfig: Setting CVar [[r.SkyAtmosphere.SampleCountMax:32.0]]
[2020.06.10-20.52.23:141][  0]LogConfig: Setting CVar [[r.SkyAtmosphere.TransmittanceLUT.UseSmallFormat:0]]
[2020.06.10-20.52.23:141][  0]LogConfig: Setting CVar [[r.SkyAtmosphere.TransmittanceLUT.SampleCount:10.0]]
[2020.06.10-20.52.23:141][  0]LogConfig: Setting CVar [[r.SkyAtmosphere.MultiScatteringLUT.SampleCount:15.0]]
[2020.06.10-20.52.23:141][  0]LogConfig: Applying CVar settings from Section [FoliageQuality@3] File [D:/adale/Desktop/Black-White/Monochrome/Saved/Config/Windows/Scalability.ini]
[2020.06.10-20.52.23:141][  0]LogConfig: Setting CVar [[foliage.DensityScale:1.0]]
[2020.06.10-20.52.23:141][  0]LogConfig: Setting CVar [[grass.DensityScale:1.0]]
[2020.06.10-20.52.23:141][  0]LogConfig: Applying CVar settings from Section [ShadingQuality@3] File [D:/adale/Desktop/Black-White/Monochrome/Saved/Config/Windows/Scalability.ini]
[2020.06.10-20.52.23:141][  0]LogConfig: Setting CVar [[r.HairStrands.SkyLighting.SampleCount:16]]
[2020.06.10-20.52.23:141][  0]LogConfig: Setting CVar [[r.HairStrands.SkyLighting.JitterIntegration:0]]
[2020.06.10-20.52.23:141][  0]LogConfig: Setting CVar [[r.HairStrands.SkyAO.SampleCount:16]]
[2020.06.10-20.52.23:142][  0]LogInit: Selected Device Profile: [Windows]
[2020.06.10-20.52.23:142][  0]LogInit: Applying CVar settings loaded from the selected device profile: [Windows]
[2020.06.10-20.52.23:152][  0]LogHAL: Display: Platform has ~ 16 GB [17039618048 / 17179869184 / 16], which maps to Larger [LargestMinGB=32, LargerMinGB=12, DefaultMinGB=8, SmallerMinGB=6, SmallestMinGB=0)
[2020.06.10-20.52.23:152][  0]LogInit: Going up to parent DeviceProfile []
[2020.06.10-20.52.23:152][  0]LogConfig: Applying CVar settings from Section [ViewDistanceQuality@3] File [D:/adale/Desktop/Black-White/Monochrome/Saved/Config/Windows/Scalability.ini]
[2020.06.10-20.52.23:152][  0]LogConfig: Setting CVar [[r.SkeletalMeshLODBias:0]]
[2020.06.10-20.52.23:152][  0]LogConfig: Setting CVar [[r.ViewDistanceScale:1.0]]
[2020.06.10-20.52.23:152][  0]LogConfig: Applying CVar settings from Section [AntiAliasingQuality@3] File [D:/adale/Desktop/Black-White/Monochrome/Saved/Config/Windows/Scalability.ini]
[2020.06.10-20.52.23:152][  0]LogConfig: Setting CVar [[r.PostProcessAAQuality:4]]
[2020.06.10-20.52.23:152][  0]LogConfig: Applying CVar settings from Section [ShadowQuality@3] File [D:/adale/Desktop/Black-White/Monochrome/Saved/Config/Windows/Scalability.ini]
[2020.06.10-20.52.23:153][  0]LogConfig: Setting CVar [[r.LightFunctionQuality:1]]
[2020.06.10-20.52.23:154][  0]LogConfig: Setting CVar [[r.ShadowQuality:5]]
[2020.06.10-20.52.23:154][  0]LogConfig: Setting CVar [[r.Shadow.CSM.MaxCascades:10]]
[2020.06.10-20.52.23:154][  0]LogConfig: Setting CVar [[r.Shadow.MaxResolution:2048]]
[2020.06.10-20.52.23:154][  0]LogConfig: Setting CVar [[r.Shadow.MaxCSMResolution:2048]]
[2020.06.10-20.52.23:154][  0]LogConfig: Setting CVar [[r.Shadow.RadiusThreshold:0.01]]
[2020.06.10-20.52.23:154][  0]LogConfig: Setting CVar [[r.Shadow.DistanceScale:1.0]]
[2020.06.10-20.52.23:155][  0]LogConfig: Setting CVar [[r.Shadow.CSM.TransitionScale:1.0]]
[2020.06.10-20.52.23:155][  0]LogConfig: Setting CVar [[r.Shadow.PreShadowResolutionFactor:1.0]]
[2020.06.10-20.52.23:155][  0]LogConfig: Setting CVar [[r.DistanceFieldShadowing:1]]
[2020.06.10-20.52.23:155][  0]LogConfig: Setting CVar [[r.DistanceFieldAO:1]]
[2020.06.10-20.52.23:155][  0]LogConfig: Setting CVar [[r.AOQuality:2]]
[2020.06.10-20.52.23:155][  0]LogConfig: Setting CVar [[r.VolumetricFog:1]]
[2020.06.10-20.52.23:155][  0]LogConfig: Setting CVar [[r.VolumetricFog.GridPixelSize:8]]
[2020.06.10-20.52.23:155][  0]LogConfig: Setting CVar [[r.VolumetricFog.GridSizeZ:128]]
[2020.06.10-20.52.23:155][  0]LogConfig: Setting CVar [[r.VolumetricFog.HistoryMissSupersampleCount:4]]
[2020.06.10-20.52.23:155][  0]LogConfig: Setting CVar [[r.LightMaxDrawDistanceScale:1]]
[2020.06.10-20.52.23:155][  0]LogConfig: Setting CVar [[r.CapsuleShadows:1]]
[2020.06.10-20.52.23:155][  0]LogConfig: Applying CVar settings from Section [PostProcessQuality@3] File [D:/adale/Desktop/Black-White/Monochrome/Saved/Config/Windows/Scalability.ini]
[2020.06.10-20.52.23:156][  0]LogConfig: Setting CVar [[r.MotionBlurQuality:4]]
[2020.06.10-20.52.23:156][  0]LogConfig: Setting CVar [[r.AmbientOcclusionMipLevelFactor:0.4]]
[2020.06.10-20.52.23:156][  0]LogConfig: Setting CVar [[r.AmbientOcclusionMaxQuality:100]]
[2020.06.10-20.52.23:156][  0]LogConfig: Setting CVar [[r.AmbientOcclusionLevels:-1]]
[2020.06.10-20.52.23:156][  0]LogConfig: Setting CVar [[r.AmbientOcclusionRadiusScale:1.0]]
[2020.06.10-20.52.23:156][  0]LogConfig: Setting CVar [[r.DepthOfFieldQuality:2]]
[2020.06.10-20.52.23:156][  0]LogConfig: Setting CVar [[r.RenderTargetPoolMin:400]]
[2020.06.10-20.52.23:156][  0]LogConfig: Setting CVar [[r.LensFlareQuality:2]]
[2020.06.10-20.52.23:156][  0]LogConfig: Setting CVar [[r.SceneColorFringeQuality:1]]
[2020.06.10-20.52.23:156][  0]LogConfig: Setting CVar [[r.EyeAdaptationQuality:2]]
[2020.06.10-20.52.23:156][  0]LogConfig: Setting CVar [[r.BloomQuality:5]]
[2020.06.10-20.52.23:156][  0]LogConfig: Setting CVar [[r.FastBlurThreshold:100]]
[2020.06.10-20.52.23:156][  0]LogConfig: Setting CVar [[r.Upscale.Quality:3]]
[2020.06.10-20.52.23:157][  0]LogConfig: Setting CVar [[r.Tonemapper.GrainQuantization:1]]
[2020.06.10-20.52.23:157][  0]LogConfig: Setting CVar [[r.LightShaftQuality:1]]
[2020.06.10-20.52.23:157][  0]LogConfig: Setting CVar [[r.Filter.SizeScale:1]]
[2020.06.10-20.52.23:157][  0]LogConfig: Setting CVar [[r.Tonemapper.Quality:5]]
[2020.06.10-20.52.23:157][  0]LogConfig: Setting CVar [[r.DOF.Gather.AccumulatorQuality:1        ; higher gathering accumulator quality]]
[2020.06.10-20.52.23:157][  0]LogConfig: Setting CVar [[r.DOF.Gather.PostfilterMethod:1          ; Median3x3 postfilering method]]
[2020.06.10-20.52.23:157][  0]LogConfig: Setting CVar [[r.DOF.Gather.EnableBokehSettings:0       ; no bokeh simulation when gathering]]
[2020.06.10-20.52.23:157][  0]LogConfig: Setting CVar [[r.DOF.Gather.RingCount:4                 ; medium number of samples when gathering]]
[2020.06.10-20.52.23:157][  0]LogConfig: Setting CVar [[r.DOF.Scatter.ForegroundCompositing:1    ; additive foreground scattering]]
[2020.06.10-20.52.23:157][  0]LogConfig: Setting CVar [[r.DOF.Scatter.BackgroundCompositing:2    ; additive background scattering]]
[2020.06.10-20.52.23:157][  0]LogConfig: Setting CVar [[r.DOF.Scatter.EnableBokehSettings:1      ; bokeh simulation when scattering]]
[2020.06.10-20.52.23:157][  0]LogConfig: Setting CVar [[r.DOF.Scatter.MaxSpriteRatio:0.1         ; only a maximum of 10% of scattered bokeh]]
[2020.06.10-20.52.23:158][  0]LogConfig: Setting CVar [[r.DOF.Recombine.Quality:1                ; cheap slight out of focus]]
[2020.06.10-20.52.23:158][  0]LogConfig: Setting CVar [[r.DOF.Recombine.EnableBokehSettings:0    ; no bokeh simulation on slight out of focus]]
[2020.06.10-20.52.23:158][  0]LogConfig: Setting CVar [[r.DOF.TemporalAAQuality:1                ; more stable temporal accumulation]]
[2020.06.10-20.52.23:158][  0]LogConfig: Setting CVar [[r.DOF.Kernel.MaxForegroundRadius:0.025]]
[2020.06.10-20.52.23:158][  0]LogConfig: Setting CVar [[r.DOF.Kernel.MaxBackgroundRadius:0.025]]
[2020.06.10-20.52.23:158][  0]LogConfig: Applying CVar settings from Section [TextureQuality@3] File [D:/adale/Desktop/Black-White/Monochrome/Saved/Config/Windows/Scalability.ini]
[2020.06.10-20.52.23:158][  0]LogConfig: Setting CVar [[r.Streaming.MipBias:0]]
[2020.06.10-20.52.23:158][  0]LogConfig: Setting CVar [[r.Streaming.AmortizeCPUToGPUCopy:0]]
[2020.06.10-20.52.23:158][  0]LogConfig: Setting CVar [[r.Streaming.MaxNumTexturesToStreamPerFrame:0]]
[2020.06.10-20.52.23:158][  0]LogConfig: Setting CVar [[r.Streaming.Boost:1]]
[2020.06.10-20.52.23:158][  0]LogConfig: Setting CVar [[r.MaxAnisotropy:8]]
[2020.06.10-20.52.23:158][  0]LogConfig: Setting CVar [[r.VT.MaxAnisotropy:8]]
[2020.06.10-20.52.23:158][  0]LogConfig: Setting CVar [[r.Streaming.LimitPoolSizeToVRAM:0]]
[2020.06.10-20.52.23:159][  0]LogConfig: Setting CVar [[r.Streaming.PoolSize:1000]]
[2020.06.10-20.52.23:159][  0]LogConfig: Setting CVar [[r.Streaming.MaxEffectiveScreenSize:0]]
[2020.06.10-20.52.23:159][  0]LogConfig: Applying CVar settings from Section [EffectsQuality@3] File [D:/adale/Desktop/Black-White/Monochrome/Saved/Config/Windows/Scalability.ini]
[2020.06.10-20.52.23:159][  0]LogConfig: Setting CVar [[r.TranslucencyLightingVolumeDim:64]]
[2020.06.10-20.52.23:159][  0]LogConfig: Setting CVar [[r.RefractionQuality:2]]
[2020.06.10-20.52.23:159][  0]LogConfig: Setting CVar [[r.SSR.Quality:3]]
[2020.06.10-20.52.23:159][  0]LogConfig: Setting CVar [[r.SSR.HalfResSceneColor:0]]
[2020.06.10-20.52.23:159][  0]LogConfig: Setting CVar [[r.SceneColorFormat:4]]
[2020.06.10-20.52.23:159][  0]LogConfig: Setting CVar [[r.DetailMode:2]]
[2020.06.10-20.52.23:160][  0]LogConfig: Setting CVar [[r.TranslucencyVolumeBlur:1]]
[2020.06.10-20.52.23:161][  0]LogConfig: Setting CVar [[r.MaterialQualityLevel:1 ; High quality]]
[2020.06.10-20.52.23:161][  0]LogConfig: Setting CVar [[r.SSS.Scale:1]]
[2020.06.10-20.52.23:162][  0]LogConfig: Setting CVar [[r.SSS.SampleSet:2]]
[2020.06.10-20.52.23:162][  0]LogConfig: Setting CVar [[r.SSS.Quality:1]]
[2020.06.10-20.52.23:162][  0]LogConfig: Setting CVar [[r.SSS.HalfRes:1]]
[2020.06.10-20.52.23:162][  0]LogConfig: Setting CVar [[r.SSGI.Quality:3]]
[2020.06.10-20.52.23:162][  0]LogConfig: Setting CVar [[r.EmitterSpawnRateScale:1.0]]
[2020.06.10-20.52.23:162][  0]LogConfig: Setting CVar [[r.ParticleLightQuality:2]]
[2020.06.10-20.52.23:162][  0]LogConfig: Setting CVar [[r.SkyAtmosphere.AerialPerspectiveLUT.FastApplyOnOpaque:1 ; Always have FastSkyLUT 1 in this case to avoid wrong sky]]
[2020.06.10-20.52.23:164][  0]LogConfig: Setting CVar [[r.SkyAtmosphere.AerialPerspectiveLUT.SampleCountPerSlice:1]]
[2020.06.10-20.52.23:165][  0]LogConfig: Setting CVar [[r.SkyAtmosphere.AerialPerspectiveLUT.DepthResolution:16.0]]
[2020.06.10-20.52.23:166][  0]LogConfig: Setting CVar [[r.SkyAtmosphere.FastSkyLUT:1]]
[2020.06.10-20.52.23:166][  0]LogConfig: Setting CVar [[r.SkyAtmosphere.FastSkyLUT.SampleCountMin:4.0]]
[2020.06.10-20.52.23:166][  0]LogConfig: Setting CVar [[r.SkyAtmosphere.FastSkyLUT.SampleCountMax:32.0]]
[2020.06.10-20.52.23:166][  0]LogConfig: Setting CVar [[r.SkyAtmosphere.SampleCountMin:4.0]]
[2020.06.10-20.52.23:166][  0]LogConfig: Setting CVar [[r.SkyAtmosphere.SampleCountMax:32.0]]
[2020.06.10-20.52.23:167][  0]LogConfig: Setting CVar [[r.SkyAtmosphere.TransmittanceLUT.UseSmallFormat:0]]
[2020.06.10-20.52.23:167][  0]LogConfig: Setting CVar [[r.SkyAtmosphere.TransmittanceLUT.SampleCount:10.0]]
[2020.06.10-20.52.23:167][  0]LogConfig: Setting CVar [[r.SkyAtmosphere.MultiScatteringLUT.SampleCount:15.0]]
[2020.06.10-20.52.23:167][  0]LogConfig: Applying CVar settings from Section [FoliageQuality@3] File [D:/adale/Desktop/Black-White/Monochrome/Saved/Config/Windows/Scalability.ini]
[2020.06.10-20.52.23:167][  0]LogConfig: Setting CVar [[foliage.DensityScale:1.0]]
[2020.06.10-20.52.23:167][  0]LogConfig: Setting CVar [[grass.DensityScale:1.0]]
[2020.06.10-20.52.23:167][  0]LogConfig: Applying CVar settings from Section [ShadingQuality@3] File [D:/adale/Desktop/Black-White/Monochrome/Saved/Config/Windows/Scalability.ini]
[2020.06.10-20.52.23:167][  0]LogConfig: Setting CVar [[r.HairStrands.SkyLighting.SampleCount:16]]
[2020.06.10-20.52.23:167][  0]LogConfig: Setting CVar [[r.HairStrands.SkyLighting.JitterIntegration:0]]
[2020.06.10-20.52.23:167][  0]LogConfig: Setting CVar [[r.HairStrands.SkyAO.SampleCount:16]]
[2020.06.10-20.52.23:167][  0]LogConfig: Applying CVar settings from Section [Startup] File [../../../Engine/Config/ConsoleVariables.ini]
[2020.06.10-20.52.23:168][  0]LogConfig: Setting CVar [[net.UseAdaptiveNetUpdateFrequency:0]]
[2020.06.10-20.52.23:169][  0]LogConfig: Setting CVar [[p.chaos.AllowCreatePhysxBodies:1]]
[2020.06.10-20.52.23:170][  0]LogConfig: Applying CVar settings from Section [ConsoleVariables] File [D:/adale/Desktop/Black-White/Monochrome/Saved/Config/Windows/Engine.ini]
[2020.06.10-20.52.23:170][  0]LogInit: Computer: DESKTOP-J52MBI8
[2020.06.10-20.52.23:170][  0]LogInit: User: adale
[2020.06.10-20.52.23:171][  0]LogInit: CPU Page size=4096, Cores=4
[2020.06.10-20.52.23:171][  0]LogInit: High frequency timer resolution =10.000000 MHz
[2020.06.10-20.52.23:171][  0]LogMemory: Memory total: Physical=15.9GB (16GB approx)
[2020.06.10-20.52.23:171][  0]LogMemory: Platform Memory Stats for Windows
[2020.06.10-20.52.23:171][  0]LogMemory: Process Physical Memory: 105.73 MB used, 105.73 MB peak
[2020.06.10-20.52.23:171][  0]LogMemory: Process Virtual Memory: 100.66 MB used, 100.66 MB peak
[2020.06.10-20.52.23:171][  0]LogMemory: Physical Memory: 8524.24 MB used,  7726.00 MB free, 16250.25 MB total
[2020.06.10-20.52.23:171][  0]LogMemory: Virtual Memory: 5137.56 MB used,  134212592.00 MB free, 134217728.00 MB total
[2020.06.10-20.52.23:187][  0]LogWindows: WindowsPlatformFeatures enabled
[2020.06.10-20.52.23:726][  0]LogInit: Using OS detected language (en-US).
[2020.06.10-20.52.23:726][  0]LogInit: Using OS detected locale (en-CA).
[2020.06.10-20.52.23:732][  0]LogTextLocalizationManager: No specific localization for 'en-US' exists, so the 'en' localization will be used.
[2020.06.10-20.52.24:259][  0]LogInit: Setting process to per monitor DPI aware
[2020.06.10-20.52.24:468][  0]LogSlate: New Slate User Created.  User Index 0, Is Virtual User: 0
[2020.06.10-20.52.24:468][  0]LogSlate: Slate User Registered.  User Index 0, Is Virtual User: 0
[2020.06.10-20.52.25:175][  0]LogHMD: Failed to initialize OpenVR with code 110
[2020.06.10-20.52.25:190][  0]LogD3D11RHI: D3D11 min allowed feature level: 11_0
[2020.06.10-20.52.25:192][  0]LogD3D11RHI: D3D11 max allowed feature level: 11_0
[2020.06.10-20.52.25:192][  0]LogD3D11RHI: D3D11 adapters:
[2020.06.10-20.52.25:470][  0]LogD3D11RHI:    0. 'NVIDIA GeForce GTX 1050 Ti' (Feature Level 11_0)
[2020.06.10-20.52.25:471][  0]LogD3D11RHI:       4018/0/8125 MB DedicatedVideo/DedicatedSystem/SharedSystem, Outputs:2, VendorId:0x10de
[2020.06.10-20.52.25:571][  0]LogD3D11RHI:    1. 'Intel(R) HD Graphics 630' (Feature Level 11_0)
[2020.06.10-20.52.25:571][  0]LogD3D11RHI:       128/0/8125 MB DedicatedVideo/DedicatedSystem/SharedSystem, Outputs:0, VendorId:0x8086
[2020.06.10-20.52.25:590][  0]LogD3D11RHI:    2. 'Microsoft Basic Render Driver' (Feature Level 11_0)
[2020.06.10-20.52.25:590][  0]LogD3D11RHI:       0/0/8125 MB DedicatedVideo/DedicatedSystem/SharedSystem, Outputs:0, VendorId:0x1414
[2020.06.10-20.52.25:590][  0]LogD3D11RHI: Chosen D3D11 Adapter: 0
[2020.06.10-20.52.25:679][  0]LogD3D11RHI: Creating new Direct3DDevice
[2020.06.10-20.52.25:679][  0]LogD3D11RHI:     GPU DeviceId: 0x1c8c (for the marketing name, search the web for "GPU Device Id")
[2020.06.10-20.52.25:680][  0]LogWindows: EnumDisplayDevices:
[2020.06.10-20.52.25:680][  0]LogWindows:    0. 'Intel(R) HD Graphics 630' (P:1 D:1)
[2020.06.10-20.52.25:681][  0]LogWindows:    1. 'Intel(R) HD Graphics 630' (P:0 D:0)
[2020.06.10-20.52.25:684][  0]LogWindows:    2. 'Intel(R) HD Graphics 630' (P:0 D:0)
[2020.06.10-20.52.25:686][  0]LogWindows:    3. 'NVIDIA GeForce GTX 1050 Ti' (P:0 D:1)
[2020.06.10-20.52.25:687][  0]LogWindows: DebugString: PrimaryIsNotTheChoosenAdapter PrimaryIsNotTheChoosenAdapter PrimaryIsNotTheChoosenAdapter 
[2020.06.10-20.52.25:687][  0]LogD3D11RHI:     Adapter Name: NVIDIA GeForce GTX 1050 Ti
[2020.06.10-20.52.25:687][  0]LogD3D11RHI:   Driver Version: 441.08 (internal:26.21.14.4108, unified:441.08)
[2020.06.10-20.52.25:687][  0]LogD3D11RHI:      Driver Date: 10-22-2019
[2020.06.10-20.52.25:688][  0]LogRHI: Texture pool is 2812 MB (70% of 4018 MB)
[2020.06.10-20.52.25:836][  0]LogD3D11RHI: RHI has support for 64 bit atomics
[2020.06.10-20.52.25:837][  0]LogD3D11RHI: Async texture creation enabled
[2020.06.10-20.52.25:896][  0]LogD3D11RHI: GPU Timing Frequency: 1000.000000 (Debug: 2 1)
[2020.06.10-20.52.26:766][  0]LogTargetPlatformManager: Display: Loaded TargetPlatform 'AllDesktop'
[2020.06.10-20.52.26:876][  0]LogTargetPlatformManager: Display: Loaded TargetPlatform 'Android'
[2020.06.10-20.52.26:876][  0]LogTargetPlatformManager: Display: Loaded TargetPlatform 'Android_ASTC'
[2020.06.10-20.52.26:876][  0]LogTargetPlatformManager: Display: Loaded TargetPlatform 'Android_ATC'
[2020.06.10-20.52.26:876][  0]LogTargetPlatformManager: Display: Loaded TargetPlatform 'Android_DXT'
[2020.06.10-20.52.26:877][  0]LogTargetPlatformManager: Display: Loaded TargetPlatform 'Android_ETC1'
[2020.06.10-20.52.26:877][  0]LogTargetPlatformManager: Display: Loaded TargetPlatform 'Android_ETC1a'
[2020.06.10-20.52.26:877][  0]LogTargetPlatformManager: Display: Loaded TargetPlatform 'Android_ETC2'
[2020.06.10-20.52.26:877][  0]LogTargetPlatformManager: Display: Loaded TargetPlatform 'Android_PVRTC'
[2020.06.10-20.52.26:878][  0]LogTargetPlatformManager: Display: Loaded TargetPlatform 'AndroidClient'
[2020.06.10-20.52.26:879][  0]LogTargetPlatformManager: Display: Loaded TargetPlatform 'Android_ASTCClient'
[2020.06.10-20.52.26:879][  0]LogTargetPlatformManager: Display: Loaded TargetPlatform 'Android_ATCClient'
[2020.06.10-20.52.26:879][  0]LogTargetPlatformManager: Display: Loaded TargetPlatform 'Android_DXTClient'
[2020.06.10-20.52.26:879][  0]LogTargetPlatformManager: Display: Loaded TargetPlatform 'Android_ETC1Client'
[2020.06.10-20.52.26:879][  0]LogTargetPlatformManager: Display: Loaded TargetPlatform 'Android_ETC1aClient'
[2020.06.10-20.52.26:879][  0]LogTargetPlatformManager: Display: Loaded TargetPlatform 'Android_ETC2Client'
[2020.06.10-20.52.26:879][  0]LogTargetPlatformManager: Display: Loaded TargetPlatform 'Android_PVRTCClient'
[2020.06.10-20.52.26:879][  0]LogTargetPlatformManager: Display: Loaded TargetPlatform 'Android_Multi'
[2020.06.10-20.52.26:880][  0]LogTargetPlatformManager: Display: Loaded TargetPlatform 'Android_MultiClient'
[2020.06.10-20.52.26:948][  0]LogTargetPlatformManager: Display: Loaded TargetPlatform 'IOSClient'
[2020.06.10-20.52.26:948][  0]LogTargetPlatformManager: Display: Loaded TargetPlatform 'IOS'
[2020.06.10-20.52.26:986][  0]LogTargetPlatformManager: Display: Loaded TargetPlatform 'LinuxNoEditor'
[2020.06.10-20.52.27:015][  0]LogTargetPlatformManager: Display: Loaded TargetPlatform 'LinuxClient'
[2020.06.10-20.52.27:042][  0]LogTargetPlatformManager: Display: Loaded TargetPlatform 'LinuxServer'
[2020.06.10-20.52.27:071][  0]LogTargetPlatformManager: Display: Loaded TargetPlatform 'LinuxAArch64NoEditor'
[2020.06.10-20.52.27:102][  0]LogTargetPlatformManager: Display: Loaded TargetPlatform 'LinuxAArch64Client'
[2020.06.10-20.52.27:128][  0]LogTargetPlatformManager: Display: Loaded TargetPlatform 'LinuxAArch64Server'
[2020.06.10-20.52.27:204][  0]LogTargetPlatformManager: Display: Loaded TargetPlatform 'Lumin'
[2020.06.10-20.52.27:205][  0]LogTargetPlatformManager: Display: Loaded TargetPlatform 'LuminClient'
[2020.06.10-20.52.27:253][  0]LogTargetPlatformManager: Display: Loaded TargetPlatform 'TVOSClient'
[2020.06.10-20.52.27:256][  0]LogTargetPlatformManager: Display: Loaded TargetPlatform 'TVOS'
[2020.06.10-20.52.27:285][  0]LogTargetPlatformManager: Display: Loaded TargetPlatform 'WindowsNoEditor'
[2020.06.10-20.52.27:303][  0]LogTargetPlatformManager: Display: Loaded TargetPlatform 'Windows'
[2020.06.10-20.52.27:321][  0]LogTargetPlatformManager: Display: Loaded TargetPlatform 'WindowsClient'
[2020.06.10-20.52.27:355][  0]LogTargetPlatformManager: Display: Loaded TargetPlatform 'WindowsServer'
[2020.06.10-20.52.27:355][  0]LogTargetPlatformManager: Display: Building Assets For Windows
[2020.06.10-20.52.27:395][  0]LogAudioDebug: Display: Lib vorbis DLL was dynamically loaded.
[2020.06.10-20.52.27:598][  0]LogShaderCompilers: Guid format shader working directory is -6 characters bigger than the processId version (../../../../../adale/Desktop/Black-White/Monochrome/Intermediate/Shaders/WorkingDirectory/20584/).
[2020.06.10-20.52.27:598][  0]LogShaderCompilers: Cleaned the shader compiler working directory 'C:/Users/adale/AppData/Local/Temp/UnrealShaderWorkingDir/F05593A14C2B0AA38C2546908736086B/'.
[2020.06.10-20.52.27:599][  0]LogXGEController: Cleaning working directory: C:/Users/adale/AppData/Local/Temp/UnrealXGEWorkingDir/
[2020.06.10-20.52.27:600][  0]LogXGEController: Cannot use XGE Controller as Incredibuild is not installed on this machine.
[2020.06.10-20.52.27:600][  0]LogShaderCompilers: Cannot use XGE Shader Compiler as Incredibuild is not installed on this machine.
[2020.06.10-20.52.27:600][  0]LogShaderCompilers: Display: Using Local Shader Compiler.
[2020.06.10-20.52.29:437][  0]LogDerivedDataCache: Display: Max Cache Size: 512 MB
[2020.06.10-20.52.29:558][  0]LogDerivedDataCache: Loaded boot cache 0.12s 78MB C:/Users/adale/AppData/Local/UnrealEngine/4.24/DerivedDataCache/Boot.ddc.
[2020.06.10-20.52.29:558][  0]LogDerivedDataCache: Display: Loaded Boot cache: C:/Users/adale/AppData/Local/UnrealEngine/4.24/DerivedDataCache/Boot.ddc
[2020.06.10-20.52.29:558][  0]LogDerivedDataCache: FDerivedDataBackendGraph:  Pak pak cache file ../../../../../adale/Desktop/Black-White/Monochrome/DerivedDataCache/DDC.ddp not found, will not use a pak cache.
[2020.06.10-20.52.29:560][  0]LogDerivedDataCache: Unable to find inner node Pak for hierarchical cache Hierarchy.
[2020.06.10-20.52.29:560][  0]LogDerivedDataCache: FDerivedDataBackendGraph:  CompressedPak pak cache file ../../../../../adale/Desktop/Black-White/Monochrome/DerivedDataCache/Compressed.ddp not found, will not use a pak cache.
[2020.06.10-20.52.29:561][  0]LogDerivedDataCache: Unable to find inner node CompressedPak for hierarchical cache Hierarchy.
[2020.06.10-20.52.29:583][  0]LogDerivedDataCache: Display: Pak cache opened for reading ../../../Engine/DerivedDataCache/Compressed.ddp.
[2020.06.10-20.52.29:583][  0]LogDerivedDataCache: FDerivedDataBackendGraph:  EnterprisePak pak cache file ../../../Enterprise/DerivedDataCache/Compressed.ddp not found, will not use a pak cache.
[2020.06.10-20.52.29:584][  0]LogDerivedDataCache: Unable to find inner node EnterprisePak for hierarchical cache Hierarchy.
[2020.06.10-20.52.29:590][  0]LogDerivedDataCache: Using Local data cache path C:/Users/adale/AppData/Local/UnrealEngine/Common/DerivedDataCache: Writable
[2020.06.10-20.52.29:591][  0]LogDerivedDataCache: Shared data cache path not found in *engine.ini, will not use an Shared cache.
[2020.06.10-20.52.29:591][  0]LogDerivedDataCache: Unable to find inner node Shared for hierarchical cache Hierarchy.
[2020.06.10-20.52.29:658][  0]LogMaterial: Verifying Global Shaders for PCD3D_SM5
[2020.06.10-20.52.29:663][  0]LogSlate: Using FreeType 2.10.0
[2020.06.10-20.52.29:665][  0]LogSlate: SlateFontServices - WITH_FREETYPE: 1, WITH_HARFBUZZ: 1
[2020.06.10-20.52.29:844][  0]LogAssetRegistry: FAssetRegistry took 0.0164 seconds to start up
[2020.06.10-20.52.30:530][  0]LogInit: Selected Device Profile: [Windows]
[2020.06.10-20.52.31:040][  0]LogMeshReduction: Using QuadricMeshReduction for automatic static mesh reduction
[2020.06.10-20.52.31:040][  0]LogMeshReduction: Using SimplygonMeshReduction for automatic skeletal mesh reduction
[2020.06.10-20.52.31:040][  0]LogMeshReduction: Using ProxyLODMeshReduction for automatic mesh merging
[2020.06.10-20.52.31:040][  0]LogMeshReduction: No distributed automatic mesh merging module available
[2020.06.10-20.52.31:041][  0]LogMeshMerging: No distributed automatic mesh merging module available
[2020.06.10-20.52.31:080][  0]LogNetVersion: Monochrome 1.0.0, NetCL: 10570792, EngineNetVer: 13, GameNetVer: 0 (Checksum: 907032942)
[2020.06.10-20.52.33:875][  0]LogPackageLocalizationCache: Processed 10 localized package path(s) for 1 prioritized culture(s) in 0.180968 seconds
[2020.06.10-20.52.33:911][  0]LogUObjectArray: 46750 objects as part of root set at end of initial load.
[2020.06.10-20.52.33:915][  0]LogUObjectAllocator: 8137160 out of 0 bytes used by permanent object pool.
[2020.06.10-20.52.33:918][  0]LogUObjectArray: CloseDisregardForGC: 0/0 objects in disregard for GC pool
[2020.06.10-20.52.35:631][  0]LogTcpMessaging: Initializing TcpMessaging bridge
[2020.06.10-20.52.35:663][  0]LogUdpMessaging: Initializing bridge on interface 0.0.0.0:0 to multicast group 230.0.0.1:6666.
[2020.06.10-20.52.36:200][  0]SourceControl: Source control is disabled
[2020.06.10-20.52.36:201][  0]SourceControl: Source control is disabled
[2020.06.10-20.52.36:213][  0]SourceControl: Source control is disabled
[2020.06.10-20.52.36:237][  0]SourceControl: Source control is disabled
[2020.06.10-20.52.36:257][  0]SourceControl: Source control is disabled
[2020.06.10-20.52.36:880][  0]LogAndroidPermission: UAndroidPermissionCallbackProxy::GetInstance
[2020.06.10-20.52.36:949][  0]LogAudioCaptureCore: Display: No Audio Capture implementations found. Audio input will be silent.
[2020.06.10-20.52.36:950][  0]LogAudioCaptureCore: Display: No Audio Capture implementations found. Audio input will be silent.
[2020.06.10-20.52.37:238][  0]LogOcInput: OculusInput pre-init called
[2020.06.10-20.52.37:272][  0]LogWindows: Failed to load 'OVRPlugin.dll' (GetLastError=126)
[2020.06.10-20.52.37:272][  0]LogWindows: File 'OVRPlugin.dll' does not exist
[2020.06.10-20.52.37:505][  0]LogEngine: Initializing Engine...
[2020.06.10-20.52.37:506][  0]LogHMD: Failed to initialize OpenVR with code 110
[2020.06.10-20.52.37:510][  0]LogStats: UGameplayTagsManager::InitializeManager -  0.000 s
[2020.06.10-20.52.38:347][  0]LogInit: Initializing FReadOnlyCVARCache
[2020.06.10-20.52.38:381][  0]LogAIModule: Creating AISystem for world Untitled
[2020.06.10-20.52.38:449][  0]LogAudioMixer: Display: Audio Mixer Platform Settings:
[2020.06.10-20.52.38:450][  0]LogAudioMixer: Display: 	Sample Rate:						  48000
[2020.06.10-20.52.38:450][  0]LogAudioMixer: Display: 	Callback Buffer Frame Size Requested: 1024
[2020.06.10-20.52.38:450][  0]LogAudioMixer: Display: 	Callback Buffer Frame Size To Use:	  1024
[2020.06.10-20.52.38:450][  0]LogAudioMixer: Display: 	Number of buffers to queue:			  2
[2020.06.10-20.52.38:450][  0]LogAudioMixer: Display: 	Max Channels (voices):				  32
[2020.06.10-20.52.38:450][  0]LogAudioMixer: Display: 	Number of Async Source Workers:		  0
[2020.06.10-20.52.38:451][  0]LogAudio: Display: AudioDevice MaxSources: 32
[2020.06.10-20.52.38:453][  0]LogAudio: Display: Using built-in audio occlusion.
[2020.06.10-20.52.38:453][  0]LogAudioMixer: Display: Initializing audio mixer.
[2020.06.10-20.52.38:540][  0]LogAudioMixer: Display: Audio Device Output Speaker Info:
[2020.06.10-20.52.38:543][  0]LogAudioMixer: Display: Name: Speakers / Headphones (Realtek Audio)
[2020.06.10-20.52.38:543][  0]LogAudioMixer: Display: Is Default: Yes
[2020.06.10-20.52.38:543][  0]LogAudioMixer: Display: Sample Rate: 48000
[2020.06.10-20.52.38:543][  0]LogAudioMixer: Display: Channel Count Used: 2
[2020.06.10-20.52.38:543][  0]LogAudioMixer: Display: Device Channel Count: 2
[2020.06.10-20.52.38:544][  0]LogAudioMixer: Display: Channel Order:
[2020.06.10-20.52.38:544][  0]LogAudioMixer: Display: 0: FrontLeft
[2020.06.10-20.52.38:546][  0]LogAudioMixer: Display: 1: FrontRight
[2020.06.10-20.52.38:799][  0]LogAudioMixer: Display: Using Audio Device Speakers / Headphones (Realtek Audio)
[2020.06.10-20.52.38:822][  0]LogInit: FAudioDevice initialized.
[2020.06.10-20.52.38:823][  0]LogNetVersion: Set ProjectVersion to 1.0.0.0. Version Checksum will be recalculated on next use.
[2020.06.10-20.52.38:998][  0]LogDerivedDataCache: Saved boot cache 0.17s 78MB C:/Users/adale/AppData/Local/UnrealEngine/4.24/DerivedDataCache/Boot.ddc.
[2020.06.10-20.52.39:019][  0]LogInit: Texture streaming: Enabled
[2020.06.10-20.52.39:078][  0]LogEngineSessionManager: EngineSessionManager initialized
[2020.06.10-20.52.39:079][  0]LogEngineSessionManager: EngineSessionManager sent abnormal shutdown report. Type=Debugger, SessionId={9E0CBCBC-4EA5-E2F6-5856-BBB3B83841F6}
[2020.06.10-20.52.39:079][  0]LogEditorSessionSummary: Verbose: Initializing EditorSessionSummaryWriter for editor session tracking
[2020.06.10-20.52.39:083][  0]LogEditorSessionSummary: EditorSessionSummaryWriter initialized
[2020.06.10-20.52.39:294][  0]LogInit: Transaction tracking system initialized
[2020.06.10-20.52.39:349][  0]BlueprintLog: New page: Editor Load
[2020.06.10-20.52.39:547][  0]LocalizationService: Localization service is disabled
[2020.06.10-20.52.40:714][  0]LogFileCache: Scanning file cache for directory 'D:/adale/Desktop/Black-White/Monochrome/Content/' took 0.01s
[2020.06.10-20.52.40:714][  0]LogCook: Display: Max memory allowance for cook 16384mb min free memory 0mb
[2020.06.10-20.52.40:715][  0]LogCook: Display: Mobile HDR setting 1
[2020.06.10-20.52.42:819][  0]SourceControl: Source control is disabled
[2020.06.10-20.52.42:820][  0]Cmd: MAP LOAD FILE="../../../../../adale/Desktop/Black-White/Monochrome/Content/Maps/MainMenu.umap" TEMPLATE=0 SHOWPROGRESS=1 FEATURELEVEL=3
[2020.06.10-20.52.42:820][  0]LightingResults: New page: Lighting Build
[2020.06.10-20.52.42:822][  0]LogWorld: UWorld::CleanupWorld for Untitled, bSessionEnded=true, bCleanupResources=true
[2020.06.10-20.52.42:823][  0]LogSlate: InvalidateAllWidgets triggered.  All widgets were invalidated
[2020.06.10-20.52.42:824][  0]MapCheck: New page: Map Check
[2020.06.10-20.52.42:825][  0]LightingResults: New page: Lighting Build
[2020.06.10-20.52.42:873][  0]LogUObjectHash: Compacting FUObjectHashTables data took   5.76ms
[2020.06.10-20.52.43:071][  0]LogLinker: Warning: While loading '../../../../../adale/Desktop/Black-White/Monochrome/Content/Maps/MainMenu.umap' failed to load '/Game/Maps/MainMenu_BuiltData': Can't find file.
[2020.06.10-20.52.43:072][  0]LogLinker: Warning: While loading '../../../../../adale/Desktop/Black-White/Monochrome/Content/Maps/MainMenu.umap' failed to load '/Game/Maps/MainMenu_BuiltData': Can't find file.
[2020.06.10-20.52.43:082][  0]LogLinker: Warning: While loading '../../../../../adale/Desktop/Black-White/Monochrome/Content/Maps/MainMenu.umap' failed to load '/Game/Maps/MainMenu_BuiltData': Can't find file.
[2020.06.10-20.52.43:083][  0]LogLinker: Warning: While loading '../../../../../adale/Desktop/Black-White/Monochrome/Content/Maps/MainMenu.umap' failed to load '/Game/Maps/MainMenu_BuiltData': Can't find file.
[2020.06.10-20.52.43:095][  0]LogLinker: Warning: While loading '../../../../../adale/Desktop/Black-White/Monochrome/Content/Maps/MainMenu.umap' failed to load '/Game/Maps/MainMenu_BuiltData': Can't find file.
[2020.06.10-20.52.43:095][  0]LoadErrors: Failed to load /Game/Maps/MainMenu_BuiltData.MainMenu_BuiltData Referenced by PersistentLevel
[2020.06.10-20.52.43:096][  0]LogLinker: Warning: While loading '../../../../../adale/Desktop/Black-White/Monochrome/Content/Maps/MainMenu.umap' failed to load '/Game/Maps/MainMenu_BuiltData': Can't find file.
[2020.06.10-20.52.43:096][  0]LoadErrors: Failed to load /Game/Maps/MainMenu_BuiltData.MainMenu_BuiltData Referenced by PersistentLevel
[2020.06.10-20.52.43:227][  0]LogAIModule: Creating AISystem for world MainMenu
[2020.06.10-20.52.43:239][  0]LogEditorServer: Finished looking for orphan Actors (0.000 secs)
[2020.06.10-20.52.43:303][  0]LogUObjectHash: Compacting FUObjectHashTables data took   4.57ms
[2020.06.10-20.52.43:303][  0]Cmd: MAP CHECKDEP NOCLEARLOG
[2020.06.10-20.52.43:304][  0]MapCheck: Map check complete: 0 Error(s), 0 Warning(s), took 0.19ms to complete.
[2020.06.10-20.52.43:304][  0]LogFileHelpers: Loading map 'MainMenu' took 0.483
[2020.06.10-20.52.43:602][  0]LogSlate: Updating window title bar state: overlay mode, drag disabled, window buttons hidden, title bar hidden
[2020.06.10-20.52.43:628][  0]LogSlate: Updating window title bar state: overlay mode, drag disabled, window buttons hidden, title bar hidden
[2020.06.10-20.52.43:648][  0]LogSlate: Updating window title bar state: overlay mode, drag disabled, window buttons hidden, title bar hidden
[2020.06.10-20.52.43:667][  0]LogSlate: Updating window title bar state: overlay mode, drag disabled, window buttons hidden, title bar hidden
[2020.06.10-20.52.43:681][  0]LogCollectionManager: Loaded 0 collections in 0.002066 seconds
[2020.06.10-20.52.43:746][  0]LogFileCache: Scanning file cache for directory 'D:/adale/Desktop/Black-White/Monochrome/Saved/Collections/' took 0.00s
[2020.06.10-20.52.43:747][  0]LogFileCache: Scanning file cache for directory 'D:/adale/Desktop/Black-White/Monochrome/Content/Developers/adale/Collections/' took 0.01s
[2020.06.10-20.52.43:747][  0]LogFileCache: Scanning file cache for directory 'D:/adale/Desktop/Black-White/Monochrome/Content/Collections/' took 0.01s
[2020.06.10-20.52.43:747][  0]LogContentBrowser: Native class hierarchy populated in 0.0298 seconds. Added 3022 classes and 719 folders.
[2020.06.10-20.52.43:754][  0]LogContentBrowser: Native class hierarchy updated for 'WidgetCarousel' in 0.0006 seconds. Added 0 classes and 0 folders.
[2020.06.10-20.52.43:979][  0]LogContentBrowser: Native class hierarchy updated for 'AddContentDialog' in 0.0010 seconds. Added 0 classes and 0 folders.
[2020.06.10-20.52.44:004][  0]LogContentBrowser: Native class hierarchy updated for 'SceneOutliner' in 0.0007 seconds. Added 2 classes and 3 folders.
[2020.06.10-20.52.44:073][  0]LogSlate: Took 0.001258 seconds to synchronously load lazily loaded font '../../../Engine/Content/Slate/Fonts/Roboto-Regular.ttf' (155K)
[2020.06.10-20.52.44:091][  0]LogSlate: Took 0.000769 seconds to synchronously load lazily loaded font '../../../Engine/Content/Slate/Fonts/Roboto-Bold.ttf' (160K)
[2020.06.10-20.52.44:114][  0]LogSlate: Took 0.000717 seconds to synchronously load lazily loaded font '../../../Engine/Content/Editor/Slate/Fonts/FontAwesome.ttf' (139K)
[2020.06.10-20.52.44:333][  0]LogRenderer: Reallocating scene render targets to support 1080x656 Format 10 NumSamples 1 (Frame:1).
[2020.06.10-20.52.44:597][  0]LogContentBrowser: Native class hierarchy updated for 'HierarchicalLODOutliner' in 0.0011 seconds. Added 0 classes and 0 folders.
[2020.06.10-20.52.44:598][  0]LogLoad: (Engine Initialization) Total time: 27.30 seconds
[2020.06.10-20.52.44:598][  0]LogLoad: (Engine Initialization) Total Blueprint compile time: 0.00 seconds
[2020.06.10-20.52.44:677][  0]LogContentStreaming: Texture pool size now 1000 MB
[2020.06.10-20.52.44:891][  0]LogSlate: Took 0.000297 seconds to synchronously load lazily loaded font '../../../Engine/Content/Slate/Fonts/Roboto-Light.ttf' (167K)
[2020.06.10-20.52.45:264][  3]LogAssetRegistry: Asset discovery search completed in 15.4307 seconds
[2020.06.10-20.52.45:279][  3]LogCollectionManager: Fixed up redirectors for 0 collections in 0.000015 seconds (updated 0 objects)
[2020.06.10-20.52.51:632][258]LogTemp: Repeating last play command: Selected Viewport
[2020.06.10-20.52.51:697][258]LogPlayLevel: PlayLevel: No blueprints needed recompiling
[2020.06.10-20.52.51:699][258]PIE: New page: PIE session: MainMenu (Jun. 10, 2020, 12:52:51 p.m.)
[2020.06.10-20.52.51:702][258]LogOnline: OSS: Creating online subsystem instance for: NULL
[2020.06.10-20.52.51:713][258]LogOnline: OSS: TryLoadSubsystemAndSetDefault: Loaded subsystem for module [NULL]
[2020.06.10-20.52.51:713][258]LogPlayLevel: Creating play world package: /Game/Maps/UEDPIE_0_MainMenu
[2020.06.10-20.52.51:721][258]LogPlayLevel: PIE: StaticDuplicateObject took: (0.007364s)
[2020.06.10-20.52.51:725][258]LogAIModule: Creating AISystem for world MainMenu
[2020.06.10-20.52.51:727][258]LogPlayLevel: PIE: World Init took: (0.005602s)
[2020.06.10-20.52.51:727][258]LogPlayLevel: PIE: Created PIE world by copying editor world from /Game/Maps/MainMenu.MainMenu to /Game/Maps/UEDPIE_0_MainMenu.MainMenu (0.014850s)
[2020.06.10-20.52.51:774][258]LogUObjectHash: Compacting FUObjectHashTables data took   6.10ms
[2020.06.10-20.52.51:786][258]LogAudioMixer: Display: Audio Mixer Platform Settings:
[2020.06.10-20.52.51:786][258]LogAudioMixer: Display: 	Sample Rate:						  48000
[2020.06.10-20.52.51:791][258]LogAudioMixer: Display: 	Callback Buffer Frame Size Requested: 1024
[2020.06.10-20.52.51:791][258]LogAudioMixer: Display: 	Callback Buffer Frame Size To Use:	  1024
[2020.06.10-20.52.51:795][258]LogAudioMixer: Display: 	Number of buffers to queue:			  2
[2020.06.10-20.52.51:795][258]LogAudioMixer: Display: 	Max Channels (voices):				  32
[2020.06.10-20.52.51:795][258]LogAudioMixer: Display: 	Number of Async Source Workers:		  0
[2020.06.10-20.52.51:796][258]LogAudio: Display: AudioDevice MaxSources: 32
[2020.06.10-20.52.51:797][258]LogAudio: Display: Using built-in audio occlusion.
[2020.06.10-20.52.51:797][258]LogAudioMixer: Display: Initializing audio mixer.
[2020.06.10-20.52.51:836][258]LogAudioMixer: Display: Audio Device Output Speaker Info:
[2020.06.10-20.52.51:836][258]LogAudioMixer: Display: Name: Speakers / Headphones (Realtek Audio)
[2020.06.10-20.52.51:836][258]LogAudioMixer: Display: Is Default: Yes
[2020.06.10-20.52.51:836][258]LogAudioMixer: Display: Sample Rate: 48000
[2020.06.10-20.52.51:836][258]LogAudioMixer: Display: Channel Count Used: 2
[2020.06.10-20.52.51:836][258]LogAudioMixer: Display: Device Channel Count: 2
[2020.06.10-20.52.51:837][258]LogAudioMixer: Display: Channel Order:
[2020.06.10-20.52.51:837][258]LogAudioMixer: Display: 0: FrontLeft
[2020.06.10-20.52.51:837][258]LogAudioMixer: Display: 1: FrontRight
[2020.06.10-20.52.52:001][258]LogAudioMixer: Display: Using Audio Device Speakers / Headphones (Realtek Audio)
[2020.06.10-20.52.52:011][258]LogInit: FAudioDevice initialized.
[2020.06.10-20.52.52:067][258]LogLoad: Game class is 'BP_MonochromeMenuMode_C'
[2020.06.10-20.52.52:070][258]LogWorld: Bringing World /Game/Maps/UEDPIE_0_MainMenu.MainMenu up for play (max tick rate 60) at 2020.06.10-16.52.52
[2020.06.10-20.52.52:073][258]LogWorld: Bringing up level for play took: 0.003596
[2020.06.10-20.52.52:074][258]LogOnline: OSS: Creating online subsystem instance for: :Context_1
[2020.06.10-20.52.52:090][258]LogContentBrowser: Native class hierarchy updated for 'MovieSceneCapture' in 0.0022 seconds. Added 20 classes and 0 folders.
[2020.06.10-20.52.52:098][258]PIE: Play in editor start time for /Game/Maps/UEDPIE_0_MainMenu 1.355
[2020.06.10-20.52.56:174][395]LogAudioMixer: Display: No commands were queued while flushing the source manager.
[2020.06.10-20.52.56:176][395]LogAudioMixer: Display: No commands were queued while flushing the source manager.
[2020.06.10-20.52.56:178][395]LogSlate: Updating window title bar state: overlay mode, drag disabled, window buttons hidden, title bar hidden
[2020.06.10-20.52.56:178][395]LogWorld: BeginTearingDown for /Game/Maps/UEDPIE_0_MainMenu
[2020.06.10-20.52.56:179][395]LogAudioMixer: Display: No commands were queued while flushing the source manager.
[2020.06.10-20.52.56:179][395]LogWorld: UWorld::CleanupWorld for MainMenu, bSessionEnded=true, bCleanupResources=true
[2020.06.10-20.52.56:180][395]LogSlate: InvalidateAllWidgets triggered.  All widgets were invalidated
[2020.06.10-20.52.56:209][395]LogPlayLevel: Display: Shutting down PIE online subsystems
[2020.06.10-20.52.56:227][395]LogSlate: InvalidateAllWidgets triggered.  All widgets were invalidated
[2020.06.10-20.52.56:266][395]LogAudioMixer: Display: No commands were queued while flushing the source manager.
[2020.06.10-20.52.56:295][395]LogSlate: Updating window title bar state: overlay mode, drag disabled, window buttons hidden, title bar hidden
[2020.06.10-20.52.56:303][395]LogUObjectHash: Compacting FUObjectHashTables data took   5.18ms
[2020.06.10-20.52.56:375][396]LogPlayLevel: Display: Destroying online subsystem :Context_1
[2020.06.10-20.53.04:164][699]LogLinker: Error: Failed import: class 'CapsuleComponent' name 'CapsuleComponent' outer 'Default__BP_PlayerPawn_C'. There is another object (of 'SphereComponent' class) at the path.
[2020.06.10-20.53.04:164][699]LogLinker: Error: Failed import: class 'CapsuleComponent' name 'CapsuleComponent' outer 'Default__BP_PlayerPawn_C'. There is another object (of 'SphereComponent' class) at the path.
[2020.06.10-20.53.04:165][699]LogLinker: Error: Failed import: class 'CapsuleComponent' name 'CapsuleComponent' outer 'Default__BP_PlayerPawn_C'. There is another object (of 'SphereComponent' class) at the path.
[2020.06.10-20.53.04:165][699]LogLinker: Error: Failed import: class 'CapsuleComponent' name 'CapsuleComponent' outer 'Default__BP_PlayerPawn_C'. There is another object (of 'SphereComponent' class) at the path.
[2020.06.10-20.53.04:165][699]LogLinker: Error: Failed import: class 'CapsuleComponent' name 'CapsuleComponent' outer 'Default__BP_PlayerPawn_C'. There is another object (of 'SphereComponent' class) at the path.
[2020.06.10-20.53.04:171][699]LogLinker: Error: Failed import: class 'CapsuleComponent' name 'CapsuleComponent' outer 'Default__BP_PlayerPawn_C'. There is another object (of 'SphereComponent' class) at the path.
[2020.06.10-20.53.04:232][699]LogSlate: Took 0.000778 seconds to synchronously load lazily loaded font '../../../Engine/Content/Slate/Fonts/Roboto-Light.ttf' (167K)
[2020.06.10-20.53.04:284][699]LogAssetEditorSubsystem: Opening Asset editor for Blueprint /Game/Blueprints/BP_PlayerPawn.BP_PlayerPawn
[2020.06.10-20.53.04:878][699]LogContentBrowser: Native class hierarchy updated for 'BlueprintGraph' in 0.0014 seconds. Added 121 classes and 0 folders.
[2020.06.10-20.53.08:813][751]LogSlate: Window 'BP_PlayerPawn' being destroyed
[2020.06.10-20.53.08:843][751]LogWorld: UWorld::CleanupWorld for World_0, bSessionEnded=true, bCleanupResources=true
[2020.06.10-20.53.08:844][751]LogSlate: InvalidateAllWidgets triggered.  All widgets were invalidated
[2020.06.10-20.53.08:994][751]LogAssetEditorSubsystem: Opening Asset editor for Blueprint /Game/Blueprints/BP_PlayerPawn.BP_PlayerPawn
[2020.06.10-20.53.09:915][751]LogSlate: Took 0.037557 seconds to synchronously load lazily loaded font '../../../Engine/Content/Slate/Fonts/Roboto-BoldCondensed.ttf' (158K)
[2020.06.10-20.53.11:061][774]LogSlate: Took 0.000708 seconds to synchronously load lazily loaded font '../../../Engine/Content/Slate/Fonts/Roboto-Italic.ttf' (157K)
[2020.06.10-20.53.21:412][ 60]LogSlate: Window 'BP_PlayerPawn' being destroyed
[2020.06.10-20.53.21:427][ 60]LogSlate: Window 'BP_PlayerPawn' being destroyed
[2020.06.10-20.53.21:518][ 60]LogWorld: UWorld::CleanupWorld for World_1, bSessionEnded=true, bCleanupResources=true
[2020.06.10-20.53.21:518][ 60]LogSlate: InvalidateAllWidgets triggered.  All widgets were invalidated
[2020.06.10-20.53.28:689][299]LogUObjectHash: Compacting FUObjectHashTables data took   7.37ms
[2020.06.10-20.53.31:517][299]LogSlate: Window 'Delete Assets' being destroyed
[2020.06.10-20.53.32:343][299]LogUObjectGlobals: Force Deleting 1 Package(s):
	Asset Name: /Game/Blueprints/BP_PlayerPawn.BP_PlayerPawn
[2020.06.10-20.53.33:734][299]LogUObjectHash: Compacting FUObjectHashTables data took   4.05ms
[2020.06.10-20.53.33:778][299]LogUObjectHash: Compacting FUObjectHashTables data took   4.84ms
[2020.06.10-20.53.33:855][299]LogUObjectHash: Compacting FUObjectHashTables data took   1.20ms
[2020.06.10-20.53.39:995][537]LogSlate: WidgetSwitcher ('None') active index changed to -1
[2020.06.10-20.53.39:996][537]LogSlate: WidgetSwitcher ('None') active index changed to 1
[2020.06.10-20.53.45:435][754]LogAssetEditorSubsystem: Opening Asset editor for Blueprint /Game/Blueprints/BP_PlayerPawn.BP_PlayerPawn
[2020.06.10-20.53.46:345][754]LogSlate: Window 'Add Blueprint Class' being destroyed
[2020.06.10-20.53.46:517][754]LogRenderer: Reallocating scene render targets to support 1080x712 Format 10 NumSamples 1 (Frame:1).
[2020.06.10-20.54.27:860][838]BlueprintLog: New page: Compile BP_PlayerPawn
[2020.06.10-20.54.28:405][838]LogUObjectHash: Compacting FUObjectHashTables data took   4.13ms
[2020.06.10-20.54.29:311][859]Cmd: OBJ SAVEPACKAGE PACKAGE="/Game/Blueprints/BP_PlayerPawn" FILE="../../../../../adale/Desktop/Black-White/Monochrome/Content/Blueprints/BP_PlayerPawn.uasset" SILENT=true
[2020.06.10-20.54.29:373][859]LogSavePackage: Moving '../../../../../adale/Desktop/Black-White/Monochrome/Saved/BP_PlayerPawnC8EA52A94B3F7A97566B678C77425B8A.tmp' to '../../../../../adale/Desktop/Black-White/Monochrome/Content/Blueprints/BP_PlayerPawn.uasset'
[2020.06.10-20.54.29:439][859]AssetCheck: New page: Asset Save: BP_PlayerPawn
[2020.06.10-20.54.29:439][859]LogContentValidation: Display: Validating Blueprint /Game/Blueprints/BP_PlayerPawn.BP_PlayerPawn
[2020.06.10-20.54.46:709][320]LogSlate: Window 'Message Log' being destroyed
[2020.06.10-20.54.46:727][320]LogSlate: Window 'Message Log' being destroyed
[2020.06.10-20.55.04:635][912]BlueprintLog: New page: Compile BP_PlayerPawn
[2020.06.10-20.55.05:066][912]LogUObjectHash: Compacting FUObjectHashTables data took   8.37ms
[2020.06.10-20.55.05:456][923]Cmd: OBJ SAVEPACKAGE PACKAGE="/Game/Blueprints/BP_PlayerPawn" FILE="../../../../../adale/Desktop/Black-White/Monochrome/Content/Blueprints/BP_PlayerPawn.uasset" SILENT=true
[2020.06.10-20.55.05:553][923]LogSavePackage: Moving '../../../../../adale/Desktop/Black-White/Monochrome/Saved/BP_PlayerPawn75EB514344411174FE20798AB74A0C4D.tmp' to '../../../../../adale/Desktop/Black-White/Monochrome/Content/Blueprints/BP_PlayerPawn.uasset'
[2020.06.10-20.55.05:611][923]AssetCheck: New page: Asset Save: BP_PlayerPawn
[2020.06.10-20.55.05:613][923]LogContentValidation: Display: Validating Blueprint /Game/Blueprints/BP_PlayerPawn.BP_PlayerPawn
[2020.06.10-20.55.07:217][965]LogSlate: Window 'BP_PlayerPawn' being destroyed
[2020.06.10-20.55.07:235][965]LogSlate: Window 'BP_PlayerPawn' being destroyed
[2020.06.10-20.55.07:292][965]LogWorld: UWorld::CleanupWorld for World_2, bSessionEnded=true, bCleanupResources=true
[2020.06.10-20.55.07:295][965]LogSlate: InvalidateAllWidgets triggered.  All widgets were invalidated
[2020.06.10-20.55.08:068][  0]LogTemp: Repeating last play command: Selected Viewport
[2020.06.10-20.55.08:103][  0]LogPlayLevel: PlayLevel: No blueprints needed recompiling
[2020.06.10-20.55.08:103][  0]PIE: New page: PIE session: MainMenu (Jun. 10, 2020, 12:55:08 p.m.)
[2020.06.10-20.55.08:104][  0]LogPlayLevel: Creating play world package: /Game/Maps/UEDPIE_0_MainMenu
[2020.06.10-20.55.08:115][  0]LogPlayLevel: PIE: StaticDuplicateObject took: (0.011281s)
[2020.06.10-20.55.08:118][  0]LogAIModule: Creating AISystem for world MainMenu
[2020.06.10-20.55.08:120][  0]LogPlayLevel: PIE: World Init took: (0.003999s)
[2020.06.10-20.55.08:121][  0]LogPlayLevel: PIE: Created PIE world by copying editor world from /Game/Maps/MainMenu.MainMenu to /Game/Maps/UEDPIE_0_MainMenu.MainMenu (0.016746s)
[2020.06.10-20.55.08:189][  0]LogUObjectHash: Compacting FUObjectHashTables data took   9.42ms
[2020.06.10-20.55.08:194][  0]LogAudioMixer: Display: Audio Mixer Platform Settings:
[2020.06.10-20.55.08:194][  0]LogAudioMixer: Display: 	Sample Rate:						  48000
[2020.06.10-20.55.08:195][  0]LogAudioMixer: Display: 	Callback Buffer Frame Size Requested: 1024
[2020.06.10-20.55.08:197][  0]LogAudioMixer: Display: 	Callback Buffer Frame Size To Use:	  1024
[2020.06.10-20.55.08:198][  0]LogAudioMixer: Display: 	Number of buffers to queue:			  2
[2020.06.10-20.55.08:198][  0]LogAudioMixer: Display: 	Max Channels (voices):				  32
[2020.06.10-20.55.08:198][  0]LogAudioMixer: Display: 	Number of Async Source Workers:		  0
[2020.06.10-20.55.08:199][  0]LogAudio: Display: AudioDevice MaxSources: 32
[2020.06.10-20.55.08:201][  0]LogAudio: Display: Using built-in audio occlusion.
[2020.06.10-20.55.08:201][  0]LogAudioMixer: Display: Initializing audio mixer.
[2020.06.10-20.55.08:238][  0]LogAudioMixer: Display: Audio Device Output Speaker Info:
[2020.06.10-20.55.08:239][  0]LogAudioMixer: Display: Name: Speakers / Headphones (Realtek Audio)
[2020.06.10-20.55.08:240][  0]LogAudioMixer: Display: Is Default: Yes
[2020.06.10-20.55.08:241][  0]LogAudioMixer: Display: Sample Rate: 48000
[2020.06.10-20.55.08:242][  0]LogAudioMixer: Display: Channel Count Used: 2
[2020.06.10-20.55.08:243][  0]LogAudioMixer: Display: Device Channel Count: 2
[2020.06.10-20.55.08:243][  0]LogAudioMixer: Display: Channel Order:
[2020.06.10-20.55.08:243][  0]LogAudioMixer: Display: 0: FrontLeft
[2020.06.10-20.55.08:244][  0]LogAudioMixer: Display: 1: FrontRight
[2020.06.10-20.55.08:417][  0]LogAudioMixer: Display: Using Audio Device Speakers / Headphones (Realtek Audio)
[2020.06.10-20.55.08:426][  0]LogInit: FAudioDevice initialized.
[2020.06.10-20.55.08:447][  0]LogLoad: Game class is 'BP_MonochromeMenuMode_C'
[2020.06.10-20.55.08:449][  0]LogWorld: Bringing World /Game/Maps/UEDPIE_0_MainMenu.MainMenu up for play (max tick rate 60) at 2020.06.10-16.55.08
[2020.06.10-20.55.08:450][  0]LogWorld: Bringing up level for play took: 0.001316
[2020.06.10-20.55.08:450][  0]LogOnline: OSS: Creating online subsystem instance for: :Context_5
[2020.06.10-20.55.08:457][  0]PIE: Play in editor start time for /Game/Maps/UEDPIE_0_MainMenu -0.287
[2020.06.10-20.55.09:951][ 62]LogAudioMixer: Display: No commands were queued while flushing the source manager.
[2020.06.10-20.55.09:951][ 62]LogAudioMixer: Display: No commands were queued while flushing the source manager.
[2020.06.10-20.55.09:952][ 62]LogSlate: Updating window title bar state: overlay mode, drag disabled, window buttons hidden, title bar hidden
[2020.06.10-20.55.09:952][ 62]LogWorld: BeginTearingDown for /Game/Maps/UEDPIE_0_MainMenu
[2020.06.10-20.55.09:952][ 62]LogAudioMixer: Display: No commands were queued while flushing the source manager.
[2020.06.10-20.55.09:952][ 62]LogWorld: UWorld::CleanupWorld for MainMenu, bSessionEnded=true, bCleanupResources=true
[2020.06.10-20.55.09:953][ 62]LogSlate: InvalidateAllWidgets triggered.  All widgets were invalidated
[2020.06.10-20.55.09:982][ 62]LogPlayLevel: Display: Shutting down PIE online subsystems
[2020.06.10-20.55.09:991][ 62]LogSlate: InvalidateAllWidgets triggered.  All widgets were invalidated
[2020.06.10-20.55.10:043][ 62]LogAudioMixer: Display: No commands were queued while flushing the source manager.
[2020.06.10-20.55.10:054][ 62]LogSlate: Updating window title bar state: overlay mode, drag disabled, window buttons hidden, title bar hidden
[2020.06.10-20.55.10:065][ 62]LogUObjectHash: Compacting FUObjectHashTables data took   8.33ms
[2020.06.10-20.55.10:100][ 63]LogPlayLevel: Display: Destroying online subsystem :Context_5
[2020.06.10-20.55.16:306][364]LogAssetEditorSubsystem: Opening Asset editor for Blueprint /Game/Blueprints/BP_MonochromeGameModeBase.BP_MonochromeGameModeBase
[2020.06.10-20.55.23:238][630]LogSlate: Window 'BP_MonochromeGameModeBase' being destroyed
[2020.06.10-20.55.23:259][630]LogSlate: Window 'BP_MonochromeGameModeBase' being destroyed
[2020.06.10-20.55.23:270][630]LogWorld: UWorld::CleanupWorld for World_3, bSessionEnded=true, bCleanupResources=true
[2020.06.10-20.55.23:273][630]LogSlate: InvalidateAllWidgets triggered.  All widgets were invalidated
[2020.06.10-20.55.24:215][664]LogTemp: Repeating last play command: Selected Viewport
[2020.06.10-20.55.24:253][664]LogPlayLevel: PlayLevel: No blueprints needed recompiling
[2020.06.10-20.55.24:255][664]PIE: New page: PIE session: MainMenu (Jun. 10, 2020, 12:55:24 p.m.)
[2020.06.10-20.55.24:256][664]LogPlayLevel: Creating play world package: /Game/Maps/UEDPIE_0_MainMenu
[2020.06.10-20.55.24:265][664]LogPlayLevel: PIE: StaticDuplicateObject took: (0.007769s)
[2020.06.10-20.55.24:266][664]LogAIModule: Creating AISystem for world MainMenu
[2020.06.10-20.55.24:267][664]LogPlayLevel: PIE: World Init took: (0.002185s)
[2020.06.10-20.55.24:269][664]LogPlayLevel: PIE: Created PIE world by copying editor world from /Game/Maps/MainMenu.MainMenu to /Game/Maps/UEDPIE_0_MainMenu.MainMenu (0.012565s)
[2020.06.10-20.55.24:334][664]LogUObjectHash: Compacting FUObjectHashTables data took   6.16ms
[2020.06.10-20.55.24:339][664]LogAudioMixer: Display: Audio Mixer Platform Settings:
[2020.06.10-20.55.24:341][664]LogAudioMixer: Display: 	Sample Rate:						  48000
[2020.06.10-20.55.24:341][664]LogAudioMixer: Display: 	Callback Buffer Frame Size Requested: 1024
[2020.06.10-20.55.24:341][664]LogAudioMixer: Display: 	Callback Buffer Frame Size To Use:	  1024
[2020.06.10-20.55.24:341][664]LogAudioMixer: Display: 	Number of buffers to queue:			  2
[2020.06.10-20.55.24:341][664]LogAudioMixer: Display: 	Max Channels (voices):				  32
[2020.06.10-20.55.24:342][664]LogAudioMixer: Display: 	Number of Async Source Workers:		  0
[2020.06.10-20.55.24:342][664]LogAudio: Display: AudioDevice MaxSources: 32
[2020.06.10-20.55.24:344][664]LogAudio: Display: Using built-in audio occlusion.
[2020.06.10-20.55.24:345][664]LogAudioMixer: Display: Initializing audio mixer.
[2020.06.10-20.55.24:386][664]LogAudioMixer: Display: Audio Device Output Speaker Info:
[2020.06.10-20.55.24:387][664]LogAudioMixer: Display: Name: Speakers / Headphones (Realtek Audio)
[2020.06.10-20.55.24:387][664]LogAudioMixer: Display: Is Default: Yes
[2020.06.10-20.55.24:388][664]LogAudioMixer: Display: Sample Rate: 48000
[2020.06.10-20.55.24:389][664]LogAudioMixer: Display: Channel Count Used: 2
[2020.06.10-20.55.24:389][664]LogAudioMixer: Display: Device Channel Count: 2
[2020.06.10-20.55.24:389][664]LogAudioMixer: Display: Channel Order:
[2020.06.10-20.55.24:389][664]LogAudioMixer: Display: 0: FrontLeft
[2020.06.10-20.55.24:389][664]LogAudioMixer: Display: 1: FrontRight
[2020.06.10-20.55.24:529][664]LogAudioMixer: Display: Using Audio Device Speakers / Headphones (Realtek Audio)
[2020.06.10-20.55.24:539][664]LogInit: FAudioDevice initialized.
[2020.06.10-20.55.24:573][664]LogLoad: Game class is 'BP_MonochromeMenuMode_C'
[2020.06.10-20.55.24:575][664]LogWorld: Bringing World /Game/Maps/UEDPIE_0_MainMenu.MainMenu up for play (max tick rate 60) at 2020.06.10-16.55.24
[2020.06.10-20.55.24:575][664]LogWorld: Bringing up level for play took: 0.001032
[2020.06.10-20.55.24:576][664]LogOnline: OSS: Creating online subsystem instance for: :Context_7
[2020.06.10-20.55.24:589][664]PIE: Play in editor start time for /Game/Maps/UEDPIE_0_MainMenu -0.155
[2020.06.10-20.55.25:517][702]LogNet: Browse: /Game/Maps/Level1
[2020.06.10-20.55.25:518][702]LogLoad: LoadMap: /Game/Maps/Level1
[2020.06.10-20.55.25:518][702]LogWorld: BeginTearingDown for /Game/Maps/UEDPIE_0_MainMenu
[2020.06.10-20.55.25:519][702]LogWorld: UWorld::CleanupWorld for MainMenu, bSessionEnded=true, bCleanupResources=true
[2020.06.10-20.55.25:523][702]LogSlate: InvalidateAllWidgets triggered.  All widgets were invalidated
[2020.06.10-20.55.25:524][702]LogAudioMixer: Display: No commands were queued while flushing the source manager.
[2020.06.10-20.55.25:595][702]LogUObjectHash: Compacting FUObjectHashTables data took  12.17ms
[2020.06.10-20.55.25:748][702]LogAIModule: Creating AISystem for world Level1
[2020.06.10-20.55.25:750][702]LogLoad: Game class is 'BP_MonochromeGameModeBase_C'
[2020.06.10-20.55.25:757][702]LogWorld: Bringing World /Game/Maps/UEDPIE_0_Level1.Level1 up for play (max tick rate 60) at 2020.06.10-16.55.25
[2020.06.10-20.55.25:758][702]LogWorld: Bringing up level for play took: 0.004514
[2020.06.10-20.55.25:764][702]LogLoad: Took 0.247306 seconds to LoadMap(/Game/Maps/Level1)
[2020.06.10-20.56.16:459][256]LogAudioMixer: Display: No commands were queued while flushing the source manager.
[2020.06.10-20.56.16:460][256]LogAudioMixer: Display: No commands were queued while flushing the source manager.
[2020.06.10-20.56.16:461][256]LogSlate: Updating window title bar state: overlay mode, drag disabled, window buttons hidden, title bar hidden
[2020.06.10-20.56.16:461][256]LogWorld: BeginTearingDown for /Game/Maps/UEDPIE_0_Level1
[2020.06.10-20.56.16:461][256]LogAudioMixer: Display: No commands were queued while flushing the source manager.
[2020.06.10-20.56.16:461][256]LogWorld: UWorld::CleanupWorld for Level1, bSessionEnded=true, bCleanupResources=true
[2020.06.10-20.56.16:462][256]LogSlate: InvalidateAllWidgets triggered.  All widgets were invalidated
[2020.06.10-20.56.16:479][256]LogPlayLevel: Display: Shutting down PIE online subsystems
[2020.06.10-20.56.16:485][256]LogSlate: InvalidateAllWidgets triggered.  All widgets were invalidated
[2020.06.10-20.56.16:531][256]LogAudioMixer: Display: No commands were queued while flushing the source manager.
[2020.06.10-20.56.16:549][256]LogSlate: Updating window title bar state: overlay mode, drag disabled, window buttons hidden, title bar hidden
[2020.06.10-20.56.16:556][256]LogUObjectHash: Compacting FUObjectHashTables data took   4.81ms
[2020.06.10-20.56.16:629][257]LogPlayLevel: Display: Destroying online subsystem :Context_7
[2020.06.10-20.56.26:934][443]LogTemp: Repeating last play command: Selected Viewport
[2020.06.10-20.56.27:017][443]LogPlayLevel: PlayLevel: No blueprints needed recompiling
[2020.06.10-20.56.27:020][443]PIE: New page: PIE session: MainMenu (Jun. 10, 2020, 12:56:27 p.m.)
[2020.06.10-20.56.27:026][443]LogPlayLevel: Creating play world package: /Game/Maps/UEDPIE_0_MainMenu
[2020.06.10-20.56.27:034][443]LogPlayLevel: PIE: StaticDuplicateObject took: (0.006922s)
[2020.06.10-20.56.27:041][443]LogAIModule: Creating AISystem for world MainMenu
[2020.06.10-20.56.27:042][443]LogPlayLevel: PIE: World Init took: (0.006951s)
[2020.06.10-20.56.27:042][443]LogPlayLevel: PIE: Created PIE world by copying editor world from /Game/Maps/MainMenu.MainMenu to /Game/Maps/UEDPIE_0_MainMenu.MainMenu (0.016130s)
[2020.06.10-20.56.27:112][443]LogUObjectHash: Compacting FUObjectHashTables data took  11.97ms
[2020.06.10-20.56.27:115][443]LogAudioMixer: Display: Audio Mixer Platform Settings:
[2020.06.10-20.56.27:115][443]LogAudioMixer: Display: 	Sample Rate:						  48000
[2020.06.10-20.56.27:115][443]LogAudioMixer: Display: 	Callback Buffer Frame Size Requested: 1024
[2020.06.10-20.56.27:115][443]LogAudioMixer: Display: 	Callback Buffer Frame Size To Use:	  1024
[2020.06.10-20.56.27:116][443]LogAudioMixer: Display: 	Number of buffers to queue:			  2
[2020.06.10-20.56.27:118][443]LogAudioMixer: Display: 	Max Channels (voices):				  32
[2020.06.10-20.56.27:118][443]LogAudioMixer: Display: 	Number of Async Source Workers:		  0
[2020.06.10-20.56.27:118][443]LogAudio: Display: AudioDevice MaxSources: 32
[2020.06.10-20.56.27:121][443]LogAudio: Display: Using built-in audio occlusion.
[2020.06.10-20.56.27:125][443]LogAudioMixer: Display: Initializing audio mixer.
[2020.06.10-20.56.27:164][443]LogAudioMixer: Display: Audio Device Output Speaker Info:
[2020.06.10-20.56.27:164][443]LogAudioMixer: Display: Name: Speakers / Headphones (Realtek Audio)
[2020.06.10-20.56.27:165][443]LogAudioMixer: Display: Is Default: Yes
[2020.06.10-20.56.27:165][443]LogAudioMixer: Display: Sample Rate: 48000
[2020.06.10-20.56.27:165][443]LogAudioMixer: Display: Channel Count Used: 2
[2020.06.10-20.56.27:165][443]LogAudioMixer: Display: Device Channel Count: 2
[2020.06.10-20.56.27:165][443]LogAudioMixer: Display: Channel Order:
[2020.06.10-20.56.27:165][443]LogAudioMixer: Display: 0: FrontLeft
[2020.06.10-20.56.27:165][443]LogAudioMixer: Display: 1: FrontRight
[2020.06.10-20.56.27:348][443]LogAudioMixer: Display: Using Audio Device Speakers / Headphones (Realtek Audio)
[2020.06.10-20.56.27:356][443]LogInit: FAudioDevice initialized.
[2020.06.10-20.56.27:390][443]LogLoad: Game class is 'BP_MonochromeMenuMode_C'
[2020.06.10-20.56.27:393][443]LogWorld: Bringing World /Game/Maps/UEDPIE_0_MainMenu.MainMenu up for play (max tick rate 60) at 2020.06.10-16.56.27
[2020.06.10-20.56.27:394][443]LogWorld: Bringing up level for play took: 0.001931
[2020.06.10-20.56.27:394][443]LogOnline: OSS: Creating online subsystem instance for: :Context_8
[2020.06.10-20.56.27:413][443]PIE: Play in editor start time for /Game/Maps/UEDPIE_0_MainMenu 0.669
[2020.06.10-20.56.28:727][504]LogNet: Browse: /Game/Maps/Level1
[2020.06.10-20.56.28:727][504]LogLoad: LoadMap: /Game/Maps/Level1
[2020.06.10-20.56.28:728][504]LogWorld: BeginTearingDown for /Game/Maps/UEDPIE_0_MainMenu
[2020.06.10-20.56.28:729][504]LogWorld: UWorld::CleanupWorld for MainMenu, bSessionEnded=true, bCleanupResources=true
[2020.06.10-20.56.28:729][504]LogSlate: InvalidateAllWidgets triggered.  All widgets were invalidated
[2020.06.10-20.56.28:729][504]LogAudioMixer: Display: No commands were queued while flushing the source manager.
[2020.06.10-20.56.28:784][504]LogUObjectHash: Compacting FUObjectHashTables data took   3.68ms
[2020.06.10-20.56.28:807][504]LogAIModule: Creating AISystem for world Level1
[2020.06.10-20.56.28:808][504]LogLoad: Game class is 'BP_MonochromeGameModeBase_C'
[2020.06.10-20.56.28:812][504]LogWorld: Bringing World /Game/Maps/UEDPIE_0_Level1.Level1 up for play (max tick rate 60) at 2020.06.10-16.56.28
[2020.06.10-20.56.28:814][504]LogWorld: Bringing up level for play took: 0.004373
[2020.06.10-20.56.28:817][504]LogLoad: Took 0.088965 seconds to LoadMap(/Game/Maps/Level1)
[2020.06.10-20.56.54:072][780]LogAudioMixer: Display: No commands were queued while flushing the source manager.
[2020.06.10-20.56.54:072][780]LogAudioMixer: Display: No commands were queued while flushing the source manager.
[2020.06.10-20.56.54:073][780]LogSlate: Updating window title bar state: overlay mode, drag disabled, window buttons hidden, title bar hidden
[2020.06.10-20.56.54:073][780]LogWorld: BeginTearingDown for /Game/Maps/UEDPIE_0_Level1
[2020.06.10-20.56.54:075][780]LogAudioMixer: Display: No commands were queued while flushing the source manager.
[2020.06.10-20.56.54:076][780]LogWorld: UWorld::CleanupWorld for Level1, bSessionEnded=true, bCleanupResources=true
[2020.06.10-20.56.54:077][780]LogSlate: InvalidateAllWidgets triggered.  All widgets were invalidated
[2020.06.10-20.56.54:107][780]LogPlayLevel: Display: Shutting down PIE online subsystems
[2020.06.10-20.56.54:121][780]LogSlate: InvalidateAllWidgets triggered.  All widgets were invalidated
[2020.06.10-20.56.54:169][780]LogAudioMixer: Display: No commands were queued while flushing the source manager.
[2020.06.10-20.56.54:187][780]LogSlate: Updating window title bar state: overlay mode, drag disabled, window buttons hidden, title bar hidden
[2020.06.10-20.56.54:200][780]LogUObjectHash: Compacting FUObjectHashTables data took   8.21ms
[2020.06.10-20.56.54:251][781]LogPlayLevel: Display: Destroying online subsystem :Context_8
[2020.06.10-20.59.05:450][220]LogTemp: Repeating last play command: Selected Viewport
[2020.06.10-20.59.05:507][220]LogPlayLevel: PlayLevel: No blueprints needed recompiling
[2020.06.10-20.59.05:508][220]PIE: New page: PIE session: MainMenu (Jun. 10, 2020, 12:59:05 p.m.)
[2020.06.10-20.59.05:508][220]LogPlayLevel: Creating play world package: /Game/Maps/UEDPIE_0_MainMenu
[2020.06.10-20.59.05:513][220]LogPlayLevel: PIE: StaticDuplicateObject took: (0.005001s)
[2020.06.10-20.59.05:516][220]LogAIModule: Creating AISystem for world MainMenu
[2020.06.10-20.59.05:517][220]LogPlayLevel: PIE: World Init took: (0.003770s)
[2020.06.10-20.59.05:517][220]LogPlayLevel: PIE: Created PIE world by copying editor world from /Game/Maps/MainMenu.MainMenu to /Game/Maps/UEDPIE_0_MainMenu.MainMenu (0.009736s)
[2020.06.10-20.59.05:580][220]LogUObjectHash: Compacting FUObjectHashTables data took   5.29ms
[2020.06.10-20.59.05:584][220]LogAudioMixer: Display: Audio Mixer Platform Settings:
[2020.06.10-20.59.05:585][220]LogAudioMixer: Display: 	Sample Rate:						  48000
[2020.06.10-20.59.05:585][220]LogAudioMixer: Display: 	Callback Buffer Frame Size Requested: 1024
[2020.06.10-20.59.05:585][220]LogAudioMixer: Display: 	Callback Buffer Frame Size To Use:	  1024
[2020.06.10-20.59.05:585][220]LogAudioMixer: Display: 	Number of buffers to queue:			  2
[2020.06.10-20.59.05:585][220]LogAudioMixer: Display: 	Max Channels (voices):				  32
[2020.06.10-20.59.05:587][220]LogAudioMixer: Display: 	Number of Async Source Workers:		  0
[2020.06.10-20.59.05:587][220]LogAudio: Display: AudioDevice MaxSources: 32
[2020.06.10-20.59.05:588][220]LogAudio: Display: Using built-in audio occlusion.
[2020.06.10-20.59.05:589][220]LogAudioMixer: Display: Initializing audio mixer.
[2020.06.10-20.59.05:610][220]LogAudioMixer: Display: Audio Device Output Speaker Info:
[2020.06.10-20.59.05:610][220]LogAudioMixer: Display: Name: Speakers / Headphones (Realtek Audio)
[2020.06.10-20.59.05:610][220]LogAudioMixer: Display: Is Default: Yes
[2020.06.10-20.59.05:610][220]LogAudioMixer: Display: Sample Rate: 48000
[2020.06.10-20.59.05:610][220]LogAudioMixer: Display: Channel Count Used: 2
[2020.06.10-20.59.05:610][220]LogAudioMixer: Display: Device Channel Count: 2
[2020.06.10-20.59.05:610][220]LogAudioMixer: Display: Channel Order:
[2020.06.10-20.59.05:611][220]LogAudioMixer: Display: 0: FrontLeft
[2020.06.10-20.59.05:611][220]LogAudioMixer: Display: 1: FrontRight
[2020.06.10-20.59.05:723][220]LogAudioMixer: Display: Using Audio Device Speakers / Headphones (Realtek Audio)
[2020.06.10-20.59.05:726][220]LogInit: FAudioDevice initialized.
[2020.06.10-20.59.05:747][220]LogLoad: Game class is 'BP_MonochromeMenuMode_C'
[2020.06.10-20.59.05:752][220]LogWorld: Bringing World /Game/Maps/UEDPIE_0_MainMenu.MainMenu up for play (max tick rate 60) at 2020.06.10-16.59.05
[2020.06.10-20.59.05:752][220]LogWorld: Bringing up level for play took: 0.001471
[2020.06.10-20.59.05:753][220]LogOnline: OSS: Creating online subsystem instance for: :Context_9
[2020.06.10-20.59.05:764][220]PIE: Play in editor start time for /Game/Maps/UEDPIE_0_MainMenu 1.02
[2020.06.10-20.59.06:830][275]LogNet: Browse: /Game/Maps/Level1
[2020.06.10-20.59.06:831][275]LogLoad: LoadMap: /Game/Maps/Level1
[2020.06.10-20.59.06:831][275]LogWorld: BeginTearingDown for /Game/Maps/UEDPIE_0_MainMenu
[2020.06.10-20.59.06:835][275]LogWorld: UWorld::CleanupWorld for MainMenu, bSessionEnded=true, bCleanupResources=true
[2020.06.10-20.59.06:836][275]LogSlate: InvalidateAllWidgets triggered.  All widgets were invalidated
[2020.06.10-20.59.06:840][275]LogAudioMixer: Display: No commands were queued while flushing the source manager.
[2020.06.10-20.59.06:899][275]LogUObjectHash: Compacting FUObjectHashTables data took   5.21ms
[2020.06.10-20.59.06:927][275]LogAIModule: Creating AISystem for world Level1
[2020.06.10-20.59.06:928][275]LogLoad: Game class is 'BP_MonochromeGameModeBase_C'
[2020.06.10-20.59.06:934][275]LogWorld: Bringing World /Game/Maps/UEDPIE_0_Level1.Level1 up for play (max tick rate 60) at 2020.06.10-16.59.06
[2020.06.10-20.59.06:935][275]LogWorld: Bringing up level for play took: 0.005205
[2020.06.10-20.59.06:937][275]LogLoad: Took 0.106217 seconds to LoadMap(/Game/Maps/Level1)
[2020.06.10-20.59.39:465][213]LogAudioMixer: Display: No commands were queued while flushing the source manager.
[2020.06.10-20.59.39:475][213]LogAudioMixer: Display: Flush succeeded in the source manager command queue (1).
[2020.06.10-20.59.39:504][213]LogAudioMixer: Display: Flush succeeded the source manager command queue (2).
[2020.06.10-20.59.39:504][213]LogSlate: Updating window title bar state: overlay mode, drag disabled, window buttons hidden, title bar hidden
[2020.06.10-20.59.39:504][213]LogWorld: BeginTearingDown for /Game/Maps/UEDPIE_0_Level1
[2020.06.10-20.59.39:504][213]LogAudioMixer: Display: No commands were queued while flushing the source manager.
[2020.06.10-20.59.39:505][213]LogWorld: UWorld::CleanupWorld for Level1, bSessionEnded=true, bCleanupResources=true
[2020.06.10-20.59.39:505][213]LogSlate: InvalidateAllWidgets triggered.  All widgets were invalidated
[2020.06.10-20.59.39:521][213]LogPlayLevel: Display: Shutting down PIE online subsystems
[2020.06.10-20.59.39:526][213]LogSlate: InvalidateAllWidgets triggered.  All widgets were invalidated
[2020.06.10-20.59.39:566][213]LogAudioMixer: Display: No commands were queued while flushing the source manager.
[2020.06.10-20.59.39:579][213]LogSlate: Updating window title bar state: overlay mode, drag disabled, window buttons hidden, title bar hidden
[2020.06.10-20.59.39:585][213]LogUObjectHash: Compacting FUObjectHashTables data took   4.55ms
[2020.06.10-20.59.39:610][214]LogPlayLevel: Display: Destroying online subsystem :Context_9
