Log file open, 06/10/20 16:09:35
LogWindows: Failed to load 'aqProf.dll' (GetLastError=126)
LogWindows: File 'aqProf.dll' does not exist
LogWindows: Failed to load 'VtuneApi.dll' (GetLastError=126)
LogWindows: File 'VtuneApi.dll' does not exist
LogWindows: Failed to load 'VtuneApi32e.dll' (GetLastError=126)
LogWindows: File 'VtuneApi32e.dll' does not exist
LogConsoleResponse: Display: Failed to find resolution value strings in scalability ini. Falling back to default.
LogInit: Display: Running engine for game: Monochrome
LogPlatformFile: Not using cached read wrapper
LogTaskGraph: Started task graph with 5 named threads and 23 total threads with 3 sets of task threads.
LogStats: Stats thread started at 0.169614
LogD3D11RHI: Loaded GFSDK_Aftermath_Lib.x64.dll
LogICUInternationalization: ICU TimeZone Detection - Raw Offset: -5:00, Platform Override: ''
LogPluginManager: Mounting plugin Paper2D
LogPluginManager: Mounting plugin AISupport
LogPluginManager: Mounting plugin LightPropagationVolume
LogPluginManager: Mounting plugin ActorLayerUtilities
LogPluginManager: Mounting plugin AnimationSharing
LogPluginManager: Mounting plugin CLionSourceCodeAccess
LogPluginManager: Mounting plugin CodeLiteSourceCodeAccess
LogPluginManager: Mounting plugin GitSourceControl
LogPluginManager: Mounting plugin KDevelopSourceCodeAccess
LogPluginManager: Mounting plugin NullSourceCodeAccess
LogPluginManager: Mounting plugin PerforceSourceControl
LogPluginManager: Mounting plugin PlasticSourceControl
LogPluginManager: Mounting plugin SubversionSourceControl
LogPluginManager: Mounting plugin UObjectPlugin
LogPluginManager: Mounting plugin VisualStudioCodeSourceCodeAccess
LogPluginManager: Mounting plugin VisualStudioSourceCodeAccess
LogPluginManager: Mounting plugin XCodeSourceCodeAccess
LogPluginManager: Mounting plugin AssetManagerEditor
LogPluginManager: Mounting plugin CryptoKeys
LogPluginManager: Mounting plugin CurveEditorTools
LogPluginManager: Mounting plugin DataValidation
LogPluginManager: Mounting plugin FacialAnimation
LogPluginManager: Mounting plugin GameplayTagsEditor
LogPluginManager: Mounting plugin MacGraphicsSwitching
LogPluginManager: Mounting plugin MaterialAnalyzer
LogPluginManager: Mounting plugin MobileLauncherProfileWizard
LogPluginManager: Mounting plugin PluginBrowser
LogPluginManager: Mounting plugin SpeedTreeImporter
LogPluginManager: Mounting plugin DatasmithContent
LogPluginManager: Mounting plugin VariantManagerContent
LogPluginManager: Mounting plugin AlembicImporter
LogPluginManager: Mounting plugin AutomationUtils
LogPluginManager: Mounting plugin BackChannel
LogPluginManager: Mounting plugin CharacterAI
LogPluginManager: Mounting plugin GeometryCache
LogPluginManager: Mounting plugin PlatformCrypto
LogPluginManager: Mounting plugin ProxyLODPlugin
LogPluginManager: Mounting plugin SkeletalReduction
LogPluginManager: Mounting plugin MagicLeap
LogPluginManager: Mounting plugin MagicLeapMedia
LogPluginManager: Mounting plugin MLSDK
LogPluginManager: Mounting plugin AndroidMedia
LogPluginManager: Mounting plugin AvfMedia
LogPluginManager: Mounting plugin ImgMedia
LogPluginManager: Mounting plugin MediaCompositing
LogPluginManager: Mounting plugin MediaPlayerEditor
LogPluginManager: Mounting plugin WebMMedia
LogPluginManager: Mounting plugin WmfMedia
LogPluginManager: Mounting plugin TcpMessaging
LogPluginManager: Mounting plugin UdpMessaging
LogPluginManager: Mounting plugin ActorSequence
LogPluginManager: Mounting plugin LevelSequenceEditor
LogPluginManager: Mounting plugin MatineeToLevelSequence
LogPluginManager: Mounting plugin NetcodeUnitTest
LogPluginManager: Mounting plugin NUTUnrealEngine4
LogPluginManager: Mounting plugin OnlineSubsystemGooglePlay
LogPluginManager: Mounting plugin OnlineSubsystemIOS
LogPluginManager: Mounting plugin OnlineSubsystem
LogPluginManager: Mounting plugin OnlineSubsystemNull
LogPluginManager: Mounting plugin OnlineSubsystemUtils
LogPluginManager: Mounting plugin LauncherChunkInstaller
LogPluginManager: Mounting plugin AndroidDeviceProfileSelector
LogPluginManager: Mounting plugin AndroidMoviePlayer
LogPluginManager: Mounting plugin AndroidPermission
LogPluginManager: Mounting plugin AppleImageUtils
LogPluginManager: Mounting plugin AppleMoviePlayer
LogPluginManager: Mounting plugin ArchVisCharacter
LogPluginManager: Mounting plugin AssetTags
LogPluginManager: Mounting plugin AudioCapture
LogPluginManager: Mounting plugin CableComponent
LogPluginManager: Mounting plugin CustomMeshComponent
LogPluginManager: Mounting plugin EditableMesh
LogPluginManager: Mounting plugin ExampleDeviceProfileSelector
LogPluginManager: Mounting plugin GoogleCloudMessaging
LogPluginManager: Mounting plugin IOSDeviceProfileSelector
LogPluginManager: Mounting plugin LinuxDeviceProfileSelector
LogPluginManager: Mounting plugin LocationServicesBPLibrary
LogPluginManager: Mounting plugin MobilePatchingUtils
LogPluginManager: Mounting plugin OculusVR
LogPluginManager: Mounting plugin PhysXVehicles
LogPluginManager: Mounting plugin PostSplashScreen
LogPluginManager: Mounting plugin ProceduralMeshComponent
LogPluginManager: Mounting plugin RuntimePhysXCooking
LogPluginManager: Mounting plugin SignificanceManager
LogPluginManager: Mounting plugin SteamVR
LogPluginManager: Mounting plugin WebMMoviePlayer
LogPluginManager: Mounting plugin WindowsMoviePlayer
LogPluginManager: Mounting plugin ScreenshotTools
LogInit: Using libcurl 7.55.1-DEV
LogInit:  - built for x86_64-pc-win32
LogInit:  - supports SSL with OpenSSL/1.1.1
LogInit:  - supports HTTP deflate (compression) using libz 1.2.8
LogInit:  - other features:
LogInit:      CURL_VERSION_SSL
LogInit:      CURL_VERSION_LIBZ
LogInit:      CURL_VERSION_IPV6
LogInit:      CURL_VERSION_ASYNCHDNS
LogInit:      CURL_VERSION_LARGEFILE
LogInit:      CURL_VERSION_IDN
LogInit:  CurlRequestOptions (configurable via config and command line):
LogInit:  - bVerifyPeer = true  - Libcurl will verify peer certificate
LogInit:  - bUseHttpProxy = false  - Libcurl will NOT use HTTP proxy
LogInit:  - bDontReuseConnections = false  - Libcurl will reuse connections
LogInit:  - MaxHostConnections = 16  - Libcurl will limit the number of connections to a host
LogInit:  - LocalHostAddr = Default
LogInit:  - BufferSize = 65536
LogOnline: OSS: Creating online subsystem instance for: NULL
LogInit: WinSock: version 1.1 (2.2), MaxSocks=32767, MaxUdp=65467
LogOnline: OSS: TryLoadSubsystemAndSetDefault: Loaded subsystem for module [NULL]
LogInit: Build: ++UE4+Release-4.24-CL-11590370
LogInit: Engine Version: 4.24.3-11590370+++UE4+Release-4.24
LogInit: Compatible Engine Version: 4.24.0-10570792+++UE4+Release-4.24
LogInit: Net CL: 10570792
LogInit: OS: Windows 10 (Release 1903) (), CPU: Intel(R) Core(TM) i7-7700HQ CPU @ 2.80GHz, GPU: Intel(R) HD Graphics 630
LogInit: Compiled (64-bit): Feb 24 2020 15:39:18
LogInit: Compiled with Visual C++: 19.16.27032.01
LogInit: Build Configuration: Development
LogInit: Branch Name: ++UE4+Release-4.24
LogInit: Command Line:  -skipcompile
LogInit: Base Directory: D:/Program Files (x86)/UE_4.24/Engine/Binaries/Win64/
LogInit: Installed Engine Build: 1
LogDevObjectVersion: Number of dev versions registered: 25
LogDevObjectVersion:   Dev-Blueprints (B0D832E4-1F89-4F0D-ACCF-7EB736FD4AA2): 10
LogDevObjectVersion:   Dev-Build (E1C64328-A22C-4D53-A36C-8E866417BD8C): 0
LogDevObjectVersion:   Dev-Core (375EC13C-06E4-48FB-B500-84F0262A717E): 3
LogDevObjectVersion:   Dev-Editor (E4B068ED-F494-42E9-A231-DA0B2E46BB41): 37
LogDevObjectVersion:   Dev-Framework (CFFC743F-43B0-4480-9391-14DF171D2073): 36
LogDevObjectVersion:   Dev-Mobile (B02B49B5-BB20-44E9-A304-32B752E40360): 2
LogDevObjectVersion:   Dev-Networking (A4E4105C-59A1-49B5-A7C5-40C4547EDFEE): 0
LogDevObjectVersion:   Dev-Online (39C831C9-5AE6-47DC-9A44-9C173E1C8E7C): 0
LogDevObjectVersion:   Dev-Physics (78F01B33-EBEA-4F98-B9B4-84EACCB95AA2): 2
LogDevObjectVersion:   Dev-Platform (6631380F-2D4D-43E0-8009-CF276956A95A): 0
LogDevObjectVersion:   Dev-Rendering (12F88B9F-8875-4AFC-A67C-D90C383ABD29): 36
LogDevObjectVersion:   Dev-Sequencer (7B5AE74C-D270-4C10-A958-57980B212A5A): 11
LogDevObjectVersion:   Dev-VR (D7296918-1DD6-4BDD-9DE2-64A83CC13884): 2
LogDevObjectVersion:   Dev-LoadTimes (C2A15278-BFE7-4AFE-6C17-90FF531DF755): 1
LogDevObjectVersion:   Private-Geometry (6EACA3D4-40EC-4CC1-B786-8BED09428FC5): 3
LogDevObjectVersion:   Dev-AnimPhys (29E575DD-E0A3-4627-9D10-D276232CDCEA): 17
LogDevObjectVersion:   Dev-Anim (AF43A65D-7FD3-4947-9873-3E8ED9C1BB05): 2
LogDevObjectVersion:   Dev-ReflectionCapture (6B266CEC-1EC7-4B8F-A30B-E4D90942FC07): 1
LogDevObjectVersion:   Dev-Automation (0DF73D61-A23F-47EA-B727-89E90C41499A): 1
LogDevObjectVersion:   FortniteMain (601D1886-AC64-4F84-AA16-D3DE0DEAC7D6): 31
LogDevObjectVersion:   Dev-Enterprise (9DFFBCD6-494F-0158-E221-12823C92A888): 8
LogDevObjectVersion:   Dev-Niagara (F2AED0AC-9AFE-416F-8664-AA7FFA26D6FC): 1
LogDevObjectVersion:   Dev-Destruction (174F1F0B-B4C6-45A5-B13F-2EE8D0FB917D): 9
LogDevObjectVersion:   Dev-Physics-Ext (35F94A83-E258-406C-A318-09F59610247C): 8
LogDevObjectVersion:   Dev-CineCamera (B2E18506-4273-CFC2-A54E-F4BB758BBA07): 1
LogInit: Presizing for max 25165824 objects, including 0 objects not considered by GC, pre-allocating 0 bytes for permanent pool.
LogInit: Object subsystem initialized
LogConfig: Setting CVar [[con.DebugEarlyDefault:1]]
LogConfig: Setting CVar [[r.setres:1280x720]]
[2020.06.10-20.09.36:260][  0]LogConfig: Setting CVar [[r.VSync:0]]
[2020.06.10-20.09.36:260][  0]LogConfig: Setting CVar [[r.RHICmdBypass:0]]
[2020.06.10-20.09.36:260][  0]LogConfig: Applying CVar settings from Section [/Script/Engine.RendererSettings] File [D:/adale/Desktop/Black-White/Monochrome/Saved/Config/Windows/Engine.ini]
[2020.06.10-20.09.36:260][  0]LogConfig: Setting CVar [[r.GPUCrashDebugging:0]]
[2020.06.10-20.09.36:260][  0]LogConfig: Applying CVar settings from Section [/Script/Engine.RendererOverrideSettings] File [D:/adale/Desktop/Black-White/Monochrome/Saved/Config/Windows/Engine.ini]
[2020.06.10-20.09.36:260][  0]LogConfig: Applying CVar settings from Section [/Script/Engine.StreamingSettings] File [D:/adale/Desktop/Black-White/Monochrome/Saved/Config/Windows/Engine.ini]
[2020.06.10-20.09.36:260][  0]LogConfig: Setting CVar [[s.MinBulkDataSizeForAsyncLoading:131072]]
[2020.06.10-20.09.36:260][  0]LogConfig: Setting CVar [[s.AsyncLoadingThreadEnabled:0]]
[2020.06.10-20.09.36:261][  0]LogConfig: Setting CVar [[s.EventDrivenLoaderEnabled:1]]
[2020.06.10-20.09.36:261][  0]LogConfig: Setting CVar [[s.WarnIfTimeLimitExceeded:0]]
[2020.06.10-20.09.36:261][  0]LogConfig: Setting CVar [[s.TimeLimitExceededMultiplier:1.5]]
[2020.06.10-20.09.36:261][  0]LogConfig: Setting CVar [[s.TimeLimitExceededMinTime:0.005]]
[2020.06.10-20.09.36:261][  0]LogConfig: Setting CVar [[s.UseBackgroundLevelStreaming:1]]
[2020.06.10-20.09.36:261][  0]LogConfig: Setting CVar [[s.PriorityAsyncLoadingExtraTime:15.0]]
[2020.06.10-20.09.36:261][  0]LogConfig: Setting CVar [[s.LevelStreamingActorsUpdateTimeLimit:5.0]]
[2020.06.10-20.09.36:261][  0]LogConfig: Setting CVar [[s.PriorityLevelStreamingActorsUpdateExtraTime:5.0]]
[2020.06.10-20.09.36:261][  0]LogConfig: Setting CVar [[s.LevelStreamingComponentsRegistrationGranularity:10]]
[2020.06.10-20.09.36:261][  0]LogConfig: Setting CVar [[s.UnregisterComponentsTimeLimit:1.0]]
[2020.06.10-20.09.36:261][  0]LogConfig: Setting CVar [[s.LevelStreamingComponentsUnregistrationGranularity:5]]
[2020.06.10-20.09.36:261][  0]LogConfig: Setting CVar [[s.FlushStreamingOnExit:1]]
[2020.06.10-20.09.36:261][  0]LogConfig: Applying CVar settings from Section [/Script/Engine.GarbageCollectionSettings] File [D:/adale/Desktop/Black-White/Monochrome/Saved/Config/Windows/Engine.ini]
[2020.06.10-20.09.36:261][  0]LogConfig: Setting CVar [[gc.MaxObjectsNotConsideredByGC:1]]
[2020.06.10-20.09.36:261][  0]LogConfig: Setting CVar [[gc.SizeOfPermanentObjectPool:0]]
[2020.06.10-20.09.36:262][  0]LogConfig: Setting CVar [[gc.FlushStreamingOnGC:0]]
[2020.06.10-20.09.36:262][  0]LogConfig: Setting CVar [[gc.NumRetriesBeforeForcingGC:10]]
[2020.06.10-20.09.36:262][  0]LogConfig: Setting CVar [[gc.AllowParallelGC:1]]
[2020.06.10-20.09.36:262][  0]LogConfig: Setting CVar [[gc.TimeBetweenPurgingPendingKillObjects:61.1]]
[2020.06.10-20.09.36:262][  0]LogConfig: Setting CVar [[gc.MaxObjectsInEditor:25165824]]
[2020.06.10-20.09.36:262][  0]LogConfig: Setting CVar [[gc.IncrementalBeginDestroyEnabled:1]]
[2020.06.10-20.09.36:262][  0]LogConfig: Setting CVar [[gc.CreateGCClusters:1]]
[2020.06.10-20.09.36:262][  0]LogConfig: Setting CVar [[gc.MinGCClusterSize:5]]
[2020.06.10-20.09.36:262][  0]LogConfig: Setting CVar [[gc.ActorClusteringEnabled:0]]
[2020.06.10-20.09.36:262][  0]LogConfig: Setting CVar [[gc.BlueprintClusteringEnabled:0]]
[2020.06.10-20.09.36:262][  0]LogConfig: Setting CVar [[gc.UseDisregardForGCOnDedicatedServers:0]]
[2020.06.10-20.09.36:262][  0]LogConfig: Applying CVar settings from Section [/Script/Engine.NetworkSettings] File [D:/adale/Desktop/Black-White/Monochrome/Saved/Config/Windows/Engine.ini]
[2020.06.10-20.09.36:262][  0]LogConfig: Applying CVar settings from Section [/Script/UnrealEd.CookerSettings] File [D:/adale/Desktop/Black-White/Monochrome/Saved/Config/Windows/Engine.ini]
[2020.06.10-20.09.36:269][  0]LogConfig: Applying CVar settings from Section [ViewDistanceQuality@3] File [D:/adale/Desktop/Black-White/Monochrome/Saved/Config/Windows/Scalability.ini]
[2020.06.10-20.09.36:269][  0]LogConfig: Setting CVar [[r.SkeletalMeshLODBias:0]]
[2020.06.10-20.09.36:269][  0]LogConfig: Setting CVar [[r.ViewDistanceScale:1.0]]
[2020.06.10-20.09.36:269][  0]LogConfig: Applying CVar settings from Section [AntiAliasingQuality@3] File [D:/adale/Desktop/Black-White/Monochrome/Saved/Config/Windows/Scalability.ini]
[2020.06.10-20.09.36:270][  0]LogConfig: Setting CVar [[r.PostProcessAAQuality:4]]
[2020.06.10-20.09.36:270][  0]LogConfig: Applying CVar settings from Section [ShadowQuality@3] File [D:/adale/Desktop/Black-White/Monochrome/Saved/Config/Windows/Scalability.ini]
[2020.06.10-20.09.36:270][  0]LogConfig: Setting CVar [[r.LightFunctionQuality:1]]
[2020.06.10-20.09.36:270][  0]LogConfig: Setting CVar [[r.ShadowQuality:5]]
[2020.06.10-20.09.36:270][  0]LogConfig: Setting CVar [[r.Shadow.CSM.MaxCascades:10]]
[2020.06.10-20.09.36:270][  0]LogConfig: Setting CVar [[r.Shadow.MaxResolution:2048]]
[2020.06.10-20.09.36:270][  0]LogConfig: Setting CVar [[r.Shadow.MaxCSMResolution:2048]]
[2020.06.10-20.09.36:271][  0]LogConfig: Setting CVar [[r.Shadow.RadiusThreshold:0.01]]
[2020.06.10-20.09.36:271][  0]LogConfig: Setting CVar [[r.Shadow.DistanceScale:1.0]]
[2020.06.10-20.09.36:271][  0]LogConfig: Setting CVar [[r.Shadow.CSM.TransitionScale:1.0]]
[2020.06.10-20.09.36:271][  0]LogConfig: Setting CVar [[r.Shadow.PreShadowResolutionFactor:1.0]]
[2020.06.10-20.09.36:271][  0]LogConfig: Setting CVar [[r.DistanceFieldShadowing:1]]
[2020.06.10-20.09.36:271][  0]LogConfig: Setting CVar [[r.DistanceFieldAO:1]]
[2020.06.10-20.09.36:271][  0]LogConfig: Setting CVar [[r.AOQuality:2]]
[2020.06.10-20.09.36:271][  0]LogConfig: Setting CVar [[r.VolumetricFog:1]]
[2020.06.10-20.09.36:271][  0]LogConfig: Setting CVar [[r.VolumetricFog.GridPixelSize:8]]
[2020.06.10-20.09.36:271][  0]LogConfig: Setting CVar [[r.VolumetricFog.GridSizeZ:128]]
[2020.06.10-20.09.36:271][  0]LogConfig: Setting CVar [[r.VolumetricFog.HistoryMissSupersampleCount:4]]
[2020.06.10-20.09.36:271][  0]LogConfig: Setting CVar [[r.LightMaxDrawDistanceScale:1]]
[2020.06.10-20.09.36:271][  0]LogConfig: Setting CVar [[r.CapsuleShadows:1]]
[2020.06.10-20.09.36:272][  0]LogConfig: Applying CVar settings from Section [PostProcessQuality@3] File [D:/adale/Desktop/Black-White/Monochrome/Saved/Config/Windows/Scalability.ini]
[2020.06.10-20.09.36:272][  0]LogConfig: Setting CVar [[r.MotionBlurQuality:4]]
[2020.06.10-20.09.36:272][  0]LogConfig: Setting CVar [[r.AmbientOcclusionMipLevelFactor:0.4]]
[2020.06.10-20.09.36:272][  0]LogConfig: Setting CVar [[r.AmbientOcclusionMaxQuality:100]]
[2020.06.10-20.09.36:272][  0]LogConfig: Setting CVar [[r.AmbientOcclusionLevels:-1]]
[2020.06.10-20.09.36:272][  0]LogConfig: Setting CVar [[r.AmbientOcclusionRadiusScale:1.0]]
[2020.06.10-20.09.36:272][  0]LogConfig: Setting CVar [[r.DepthOfFieldQuality:2]]
[2020.06.10-20.09.36:272][  0]LogConfig: Setting CVar [[r.RenderTargetPoolMin:400]]
[2020.06.10-20.09.36:272][  0]LogConfig: Setting CVar [[r.LensFlareQuality:2]]
[2020.06.10-20.09.36:272][  0]LogConfig: Setting CVar [[r.SceneColorFringeQuality:1]]
[2020.06.10-20.09.36:272][  0]LogConfig: Setting CVar [[r.EyeAdaptationQuality:2]]
[2020.06.10-20.09.36:272][  0]LogConfig: Setting CVar [[r.BloomQuality:5]]
[2020.06.10-20.09.36:273][  0]LogConfig: Setting CVar [[r.FastBlurThreshold:100]]
[2020.06.10-20.09.36:273][  0]LogConfig: Setting CVar [[r.Upscale.Quality:3]]
[2020.06.10-20.09.36:273][  0]LogConfig: Setting CVar [[r.Tonemapper.GrainQuantization:1]]
[2020.06.10-20.09.36:273][  0]LogConfig: Setting CVar [[r.LightShaftQuality:1]]
[2020.06.10-20.09.36:273][  0]LogConfig: Setting CVar [[r.Filter.SizeScale:1]]
[2020.06.10-20.09.36:273][  0]LogConfig: Setting CVar [[r.Tonemapper.Quality:5]]
[2020.06.10-20.09.36:273][  0]LogConfig: Setting CVar [[r.DOF.Gather.AccumulatorQuality:1        ; higher gathering accumulator quality]]
[2020.06.10-20.09.36:273][  0]LogConfig: Setting CVar [[r.DOF.Gather.PostfilterMethod:1          ; Median3x3 postfilering method]]
[2020.06.10-20.09.36:273][  0]LogConfig: Setting CVar [[r.DOF.Gather.EnableBokehSettings:0       ; no bokeh simulation when gathering]]
[2020.06.10-20.09.36:274][  0]LogConfig: Setting CVar [[r.DOF.Gather.RingCount:4                 ; medium number of samples when gathering]]
[2020.06.10-20.09.36:274][  0]LogConfig: Setting CVar [[r.DOF.Scatter.ForegroundCompositing:1    ; additive foreground scattering]]
[2020.06.10-20.09.36:274][  0]LogConfig: Setting CVar [[r.DOF.Scatter.BackgroundCompositing:2    ; additive background scattering]]
[2020.06.10-20.09.36:274][  0]LogConfig: Setting CVar [[r.DOF.Scatter.EnableBokehSettings:1      ; bokeh simulation when scattering]]
[2020.06.10-20.09.36:274][  0]LogConfig: Setting CVar [[r.DOF.Scatter.MaxSpriteRatio:0.1         ; only a maximum of 10% of scattered bokeh]]
[2020.06.10-20.09.36:274][  0]LogConfig: Setting CVar [[r.DOF.Recombine.Quality:1                ; cheap slight out of focus]]
[2020.06.10-20.09.36:274][  0]LogConfig: Setting CVar [[r.DOF.Recombine.EnableBokehSettings:0    ; no bokeh simulation on slight out of focus]]
[2020.06.10-20.09.36:274][  0]LogConfig: Setting CVar [[r.DOF.TemporalAAQuality:1                ; more stable temporal accumulation]]
[2020.06.10-20.09.36:274][  0]LogConfig: Setting CVar [[r.DOF.Kernel.MaxForegroundRadius:0.025]]
[2020.06.10-20.09.36:275][  0]LogConfig: Setting CVar [[r.DOF.Kernel.MaxBackgroundRadius:0.025]]
[2020.06.10-20.09.36:275][  0]LogConfig: Applying CVar settings from Section [TextureQuality@3] File [D:/adale/Desktop/Black-White/Monochrome/Saved/Config/Windows/Scalability.ini]
[2020.06.10-20.09.36:275][  0]LogConfig: Setting CVar [[r.Streaming.MipBias:0]]
[2020.06.10-20.09.36:275][  0]LogConfig: Setting CVar [[r.Streaming.AmortizeCPUToGPUCopy:0]]
[2020.06.10-20.09.36:275][  0]LogConfig: Setting CVar [[r.Streaming.MaxNumTexturesToStreamPerFrame:0]]
[2020.06.10-20.09.36:275][  0]LogConfig: Setting CVar [[r.Streaming.Boost:1]]
[2020.06.10-20.09.36:275][  0]LogConfig: Setting CVar [[r.MaxAnisotropy:8]]
[2020.06.10-20.09.36:275][  0]LogConfig: Setting CVar [[r.VT.MaxAnisotropy:8]]
[2020.06.10-20.09.36:276][  0]LogConfig: Setting CVar [[r.Streaming.LimitPoolSizeToVRAM:0]]
[2020.06.10-20.09.36:276][  0]LogConfig: Setting CVar [[r.Streaming.PoolSize:1000]]
[2020.06.10-20.09.36:276][  0]LogConfig: Setting CVar [[r.Streaming.MaxEffectiveScreenSize:0]]
[2020.06.10-20.09.36:276][  0]LogConfig: Applying CVar settings from Section [EffectsQuality@3] File [D:/adale/Desktop/Black-White/Monochrome/Saved/Config/Windows/Scalability.ini]
[2020.06.10-20.09.36:276][  0]LogConfig: Setting CVar [[r.TranslucencyLightingVolumeDim:64]]
[2020.06.10-20.09.36:276][  0]LogConfig: Setting CVar [[r.RefractionQuality:2]]
[2020.06.10-20.09.36:276][  0]LogConfig: Setting CVar [[r.SSR.Quality:3]]
[2020.06.10-20.09.36:276][  0]LogConfig: Setting CVar [[r.SSR.HalfResSceneColor:0]]
[2020.06.10-20.09.36:276][  0]LogConfig: Setting CVar [[r.SceneColorFormat:4]]
[2020.06.10-20.09.36:276][  0]LogConfig: Setting CVar [[r.DetailMode:2]]
[2020.06.10-20.09.36:277][  0]LogConfig: Setting CVar [[r.TranslucencyVolumeBlur:1]]
[2020.06.10-20.09.36:277][  0]LogConfig: Setting CVar [[r.MaterialQualityLevel:1 ; High quality]]
[2020.06.10-20.09.36:277][  0]LogConfig: Setting CVar [[r.SSS.Scale:1]]
[2020.06.10-20.09.36:277][  0]LogConfig: Setting CVar [[r.SSS.SampleSet:2]]
[2020.06.10-20.09.36:277][  0]LogConfig: Setting CVar [[r.SSS.Quality:1]]
[2020.06.10-20.09.36:277][  0]LogConfig: Setting CVar [[r.SSS.HalfRes:1]]
[2020.06.10-20.09.36:277][  0]LogConfig: Setting CVar [[r.SSGI.Quality:3]]
[2020.06.10-20.09.36:277][  0]LogConfig: Setting CVar [[r.EmitterSpawnRateScale:1.0]]
[2020.06.10-20.09.36:277][  0]LogConfig: Setting CVar [[r.ParticleLightQuality:2]]
[2020.06.10-20.09.36:278][  0]LogConfig: Setting CVar [[r.SkyAtmosphere.AerialPerspectiveLUT.FastApplyOnOpaque:1 ; Always have FastSkyLUT 1 in this case to avoid wrong sky]]
[2020.06.10-20.09.36:278][  0]LogConfig: Setting CVar [[r.SkyAtmosphere.AerialPerspectiveLUT.SampleCountPerSlice:1]]
[2020.06.10-20.09.36:278][  0]LogConfig: Setting CVar [[r.SkyAtmosphere.AerialPerspectiveLUT.DepthResolution:16.0]]
[2020.06.10-20.09.36:278][  0]LogConfig: Setting CVar [[r.SkyAtmosphere.FastSkyLUT:1]]
[2020.06.10-20.09.36:278][  0]LogConfig: Setting CVar [[r.SkyAtmosphere.FastSkyLUT.SampleCountMin:4.0]]
[2020.06.10-20.09.36:278][  0]LogConfig: Setting CVar [[r.SkyAtmosphere.FastSkyLUT.SampleCountMax:32.0]]
[2020.06.10-20.09.36:278][  0]LogConfig: Setting CVar [[r.SkyAtmosphere.SampleCountMin:4.0]]
[2020.06.10-20.09.36:278][  0]LogConfig: Setting CVar [[r.SkyAtmosphere.SampleCountMax:32.0]]
[2020.06.10-20.09.36:278][  0]LogConfig: Setting CVar [[r.SkyAtmosphere.TransmittanceLUT.UseSmallFormat:0]]
[2020.06.10-20.09.36:278][  0]LogConfig: Setting CVar [[r.SkyAtmosphere.TransmittanceLUT.SampleCount:10.0]]
[2020.06.10-20.09.36:279][  0]LogConfig: Setting CVar [[r.SkyAtmosphere.MultiScatteringLUT.SampleCount:15.0]]
[2020.06.10-20.09.36:279][  0]LogConfig: Applying CVar settings from Section [FoliageQuality@3] File [D:/adale/Desktop/Black-White/Monochrome/Saved/Config/Windows/Scalability.ini]
[2020.06.10-20.09.36:279][  0]LogConfig: Setting CVar [[foliage.DensityScale:1.0]]
[2020.06.10-20.09.36:279][  0]LogConfig: Setting CVar [[grass.DensityScale:1.0]]
[2020.06.10-20.09.36:279][  0]LogConfig: Applying CVar settings from Section [ShadingQuality@3] File [D:/adale/Desktop/Black-White/Monochrome/Saved/Config/Windows/Scalability.ini]
[2020.06.10-20.09.36:279][  0]LogConfig: Setting CVar [[r.HairStrands.SkyLighting.SampleCount:16]]
[2020.06.10-20.09.36:279][  0]LogConfig: Setting CVar [[r.HairStrands.SkyLighting.JitterIntegration:0]]
[2020.06.10-20.09.36:279][  0]LogConfig: Setting CVar [[r.HairStrands.SkyAO.SampleCount:16]]
[2020.06.10-20.09.36:280][  0]LogInit: Selected Device Profile: [Windows]
[2020.06.10-20.09.36:280][  0]LogInit: Applying CVar settings loaded from the selected device profile: [Windows]
[2020.06.10-20.09.36:283][  0]LogHAL: Display: Platform has ~ 16 GB [17039618048 / 17179869184 / 16], which maps to Larger [LargestMinGB=32, LargerMinGB=12, DefaultMinGB=8, SmallerMinGB=6, SmallestMinGB=0)
[2020.06.10-20.09.36:283][  0]LogInit: Going up to parent DeviceProfile []
[2020.06.10-20.09.36:283][  0]LogConfig: Applying CVar settings from Section [ViewDistanceQuality@3] File [D:/adale/Desktop/Black-White/Monochrome/Saved/Config/Windows/Scalability.ini]
[2020.06.10-20.09.36:283][  0]LogConfig: Setting CVar [[r.SkeletalMeshLODBias:0]]
[2020.06.10-20.09.36:283][  0]LogConfig: Setting CVar [[r.ViewDistanceScale:1.0]]
[2020.06.10-20.09.36:284][  0]LogConfig: Applying CVar settings from Section [AntiAliasingQuality@3] File [D:/adale/Desktop/Black-White/Monochrome/Saved/Config/Windows/Scalability.ini]
[2020.06.10-20.09.36:284][  0]LogConfig: Setting CVar [[r.PostProcessAAQuality:4]]
[2020.06.10-20.09.36:284][  0]LogConfig: Applying CVar settings from Section [ShadowQuality@3] File [D:/adale/Desktop/Black-White/Monochrome/Saved/Config/Windows/Scalability.ini]
[2020.06.10-20.09.36:284][  0]LogConfig: Setting CVar [[r.LightFunctionQuality:1]]
[2020.06.10-20.09.36:284][  0]LogConfig: Setting CVar [[r.ShadowQuality:5]]
[2020.06.10-20.09.36:284][  0]LogConfig: Setting CVar [[r.Shadow.CSM.MaxCascades:10]]
[2020.06.10-20.09.36:284][  0]LogConfig: Setting CVar [[r.Shadow.MaxResolution:2048]]
[2020.06.10-20.09.36:284][  0]LogConfig: Setting CVar [[r.Shadow.MaxCSMResolution:2048]]
[2020.06.10-20.09.36:284][  0]LogConfig: Setting CVar [[r.Shadow.RadiusThreshold:0.01]]
[2020.06.10-20.09.36:284][  0]LogConfig: Setting CVar [[r.Shadow.DistanceScale:1.0]]
[2020.06.10-20.09.36:284][  0]LogConfig: Setting CVar [[r.Shadow.CSM.TransitionScale:1.0]]
[2020.06.10-20.09.36:284][  0]LogConfig: Setting CVar [[r.Shadow.PreShadowResolutionFactor:1.0]]
[2020.06.10-20.09.36:285][  0]LogConfig: Setting CVar [[r.DistanceFieldShadowing:1]]
[2020.06.10-20.09.36:285][  0]LogConfig: Setting CVar [[r.DistanceFieldAO:1]]
[2020.06.10-20.09.36:285][  0]LogConfig: Setting CVar [[r.AOQuality:2]]
[2020.06.10-20.09.36:285][  0]LogConfig: Setting CVar [[r.VolumetricFog:1]]
[2020.06.10-20.09.36:285][  0]LogConfig: Setting CVar [[r.VolumetricFog.GridPixelSize:8]]
[2020.06.10-20.09.36:285][  0]LogConfig: Setting CVar [[r.VolumetricFog.GridSizeZ:128]]
[2020.06.10-20.09.36:285][  0]LogConfig: Setting CVar [[r.VolumetricFog.HistoryMissSupersampleCount:4]]
[2020.06.10-20.09.36:285][  0]LogConfig: Setting CVar [[r.LightMaxDrawDistanceScale:1]]
[2020.06.10-20.09.36:285][  0]LogConfig: Setting CVar [[r.CapsuleShadows:1]]
[2020.06.10-20.09.36:285][  0]LogConfig: Applying CVar settings from Section [PostProcessQuality@3] File [D:/adale/Desktop/Black-White/Monochrome/Saved/Config/Windows/Scalability.ini]
[2020.06.10-20.09.36:286][  0]LogConfig: Setting CVar [[r.MotionBlurQuality:4]]
[2020.06.10-20.09.36:286][  0]LogConfig: Setting CVar [[r.AmbientOcclusionMipLevelFactor:0.4]]
[2020.06.10-20.09.36:286][  0]LogConfig: Setting CVar [[r.AmbientOcclusionMaxQuality:100]]
[2020.06.10-20.09.36:286][  0]LogConfig: Setting CVar [[r.AmbientOcclusionLevels:-1]]
[2020.06.10-20.09.36:286][  0]LogConfig: Setting CVar [[r.AmbientOcclusionRadiusScale:1.0]]
[2020.06.10-20.09.36:286][  0]LogConfig: Setting CVar [[r.DepthOfFieldQuality:2]]
[2020.06.10-20.09.36:286][  0]LogConfig: Setting CVar [[r.RenderTargetPoolMin:400]]
[2020.06.10-20.09.36:286][  0]LogConfig: Setting CVar [[r.LensFlareQuality:2]]
[2020.06.10-20.09.36:286][  0]LogConfig: Setting CVar [[r.SceneColorFringeQuality:1]]
[2020.06.10-20.09.36:286][  0]LogConfig: Setting CVar [[r.EyeAdaptationQuality:2]]
[2020.06.10-20.09.36:286][  0]LogConfig: Setting CVar [[r.BloomQuality:5]]
[2020.06.10-20.09.36:286][  0]LogConfig: Setting CVar [[r.FastBlurThreshold:100]]
[2020.06.10-20.09.36:287][  0]LogConfig: Setting CVar [[r.Upscale.Quality:3]]
[2020.06.10-20.09.36:287][  0]LogConfig: Setting CVar [[r.Tonemapper.GrainQuantization:1]]
[2020.06.10-20.09.36:287][  0]LogConfig: Setting CVar [[r.LightShaftQuality:1]]
[2020.06.10-20.09.36:287][  0]LogConfig: Setting CVar [[r.Filter.SizeScale:1]]
[2020.06.10-20.09.36:287][  0]LogConfig: Setting CVar [[r.Tonemapper.Quality:5]]
[2020.06.10-20.09.36:287][  0]LogConfig: Setting CVar [[r.DOF.Gather.AccumulatorQuality:1        ; higher gathering accumulator quality]]
[2020.06.10-20.09.36:287][  0]LogConfig: Setting CVar [[r.DOF.Gather.PostfilterMethod:1          ; Median3x3 postfilering method]]
[2020.06.10-20.09.36:287][  0]LogConfig: Setting CVar [[r.DOF.Gather.EnableBokehSettings:0       ; no bokeh simulation when gathering]]
[2020.06.10-20.09.36:287][  0]LogConfig: Setting CVar [[r.DOF.Gather.RingCount:4                 ; medium number of samples when gathering]]
[2020.06.10-20.09.36:287][  0]LogConfig: Setting CVar [[r.DOF.Scatter.ForegroundCompositing:1    ; additive foreground scattering]]
[2020.06.10-20.09.36:288][  0]LogConfig: Setting CVar [[r.DOF.Scatter.BackgroundCompositing:2    ; additive background scattering]]
[2020.06.10-20.09.36:288][  0]LogConfig: Setting CVar [[r.DOF.Scatter.EnableBokehSettings:1      ; bokeh simulation when scattering]]
[2020.06.10-20.09.36:288][  0]LogConfig: Setting CVar [[r.DOF.Scatter.MaxSpriteRatio:0.1         ; only a maximum of 10% of scattered bokeh]]
[2020.06.10-20.09.36:288][  0]LogConfig: Setting CVar [[r.DOF.Recombine.Quality:1                ; cheap slight out of focus]]
[2020.06.10-20.09.36:288][  0]LogConfig: Setting CVar [[r.DOF.Recombine.EnableBokehSettings:0    ; no bokeh simulation on slight out of focus]]
[2020.06.10-20.09.36:288][  0]LogConfig: Setting CVar [[r.DOF.TemporalAAQuality:1                ; more stable temporal accumulation]]
[2020.06.10-20.09.36:288][  0]LogConfig: Setting CVar [[r.DOF.Kernel.MaxForegroundRadius:0.025]]
[2020.06.10-20.09.36:288][  0]LogConfig: Setting CVar [[r.DOF.Kernel.MaxBackgroundRadius:0.025]]
[2020.06.10-20.09.36:288][  0]LogConfig: Applying CVar settings from Section [TextureQuality@3] File [D:/adale/Desktop/Black-White/Monochrome/Saved/Config/Windows/Scalability.ini]
[2020.06.10-20.09.36:288][  0]LogConfig: Setting CVar [[r.Streaming.MipBias:0]]
[2020.06.10-20.09.36:288][  0]LogConfig: Setting CVar [[r.Streaming.AmortizeCPUToGPUCopy:0]]
[2020.06.10-20.09.36:288][  0]LogConfig: Setting CVar [[r.Streaming.MaxNumTexturesToStreamPerFrame:0]]
[2020.06.10-20.09.36:288][  0]LogConfig: Setting CVar [[r.Streaming.Boost:1]]
[2020.06.10-20.09.36:289][  0]LogConfig: Setting CVar [[r.MaxAnisotropy:8]]
[2020.06.10-20.09.36:289][  0]LogConfig: Setting CVar [[r.VT.MaxAnisotropy:8]]
[2020.06.10-20.09.36:289][  0]LogConfig: Setting CVar [[r.Streaming.LimitPoolSizeToVRAM:0]]
[2020.06.10-20.09.36:289][  0]LogConfig: Setting CVar [[r.Streaming.PoolSize:1000]]
[2020.06.10-20.09.36:289][  0]LogConfig: Setting CVar [[r.Streaming.MaxEffectiveScreenSize:0]]
[2020.06.10-20.09.36:289][  0]LogConfig: Applying CVar settings from Section [EffectsQuality@3] File [D:/adale/Desktop/Black-White/Monochrome/Saved/Config/Windows/Scalability.ini]
[2020.06.10-20.09.36:289][  0]LogConfig: Setting CVar [[r.TranslucencyLightingVolumeDim:64]]
[2020.06.10-20.09.36:289][  0]LogConfig: Setting CVar [[r.RefractionQuality:2]]
[2020.06.10-20.09.36:289][  0]LogConfig: Setting CVar [[r.SSR.Quality:3]]
[2020.06.10-20.09.36:289][  0]LogConfig: Setting CVar [[r.SSR.HalfResSceneColor:0]]
[2020.06.10-20.09.36:290][  0]LogConfig: Setting CVar [[r.SceneColorFormat:4]]
[2020.06.10-20.09.36:290][  0]LogConfig: Setting CVar [[r.DetailMode:2]]
[2020.06.10-20.09.36:290][  0]LogConfig: Setting CVar [[r.TranslucencyVolumeBlur:1]]
[2020.06.10-20.09.36:290][  0]LogConfig: Setting CVar [[r.MaterialQualityLevel:1 ; High quality]]
[2020.06.10-20.09.36:290][  0]LogConfig: Setting CVar [[r.SSS.Scale:1]]
[2020.06.10-20.09.36:290][  0]LogConfig: Setting CVar [[r.SSS.SampleSet:2]]
[2020.06.10-20.09.36:290][  0]LogConfig: Setting CVar [[r.SSS.Quality:1]]
[2020.06.10-20.09.36:290][  0]LogConfig: Setting CVar [[r.SSS.HalfRes:1]]
[2020.06.10-20.09.36:290][  0]LogConfig: Setting CVar [[r.SSGI.Quality:3]]
[2020.06.10-20.09.36:291][  0]LogConfig: Setting CVar [[r.EmitterSpawnRateScale:1.0]]
[2020.06.10-20.09.36:291][  0]LogConfig: Setting CVar [[r.ParticleLightQuality:2]]
[2020.06.10-20.09.36:291][  0]LogConfig: Setting CVar [[r.SkyAtmosphere.AerialPerspectiveLUT.FastApplyOnOpaque:1 ; Always have FastSkyLUT 1 in this case to avoid wrong sky]]
[2020.06.10-20.09.36:291][  0]LogConfig: Setting CVar [[r.SkyAtmosphere.AerialPerspectiveLUT.SampleCountPerSlice:1]]
[2020.06.10-20.09.36:291][  0]LogConfig: Setting CVar [[r.SkyAtmosphere.AerialPerspectiveLUT.DepthResolution:16.0]]
[2020.06.10-20.09.36:291][  0]LogConfig: Setting CVar [[r.SkyAtmosphere.FastSkyLUT:1]]
[2020.06.10-20.09.36:291][  0]LogConfig: Setting CVar [[r.SkyAtmosphere.FastSkyLUT.SampleCountMin:4.0]]
[2020.06.10-20.09.36:291][  0]LogConfig: Setting CVar [[r.SkyAtmosphere.FastSkyLUT.SampleCountMax:32.0]]
[2020.06.10-20.09.36:291][  0]LogConfig: Setting CVar [[r.SkyAtmosphere.SampleCountMin:4.0]]
[2020.06.10-20.09.36:291][  0]LogConfig: Setting CVar [[r.SkyAtmosphere.SampleCountMax:32.0]]
[2020.06.10-20.09.36:291][  0]LogConfig: Setting CVar [[r.SkyAtmosphere.TransmittanceLUT.UseSmallFormat:0]]
[2020.06.10-20.09.36:291][  0]LogConfig: Setting CVar [[r.SkyAtmosphere.TransmittanceLUT.SampleCount:10.0]]
[2020.06.10-20.09.36:291][  0]LogConfig: Setting CVar [[r.SkyAtmosphere.MultiScatteringLUT.SampleCount:15.0]]
[2020.06.10-20.09.36:291][  0]LogConfig: Applying CVar settings from Section [FoliageQuality@3] File [D:/adale/Desktop/Black-White/Monochrome/Saved/Config/Windows/Scalability.ini]
[2020.06.10-20.09.36:292][  0]LogConfig: Setting CVar [[foliage.DensityScale:1.0]]
[2020.06.10-20.09.36:292][  0]LogConfig: Setting CVar [[grass.DensityScale:1.0]]
[2020.06.10-20.09.36:292][  0]LogConfig: Applying CVar settings from Section [ShadingQuality@3] File [D:/adale/Desktop/Black-White/Monochrome/Saved/Config/Windows/Scalability.ini]
[2020.06.10-20.09.36:292][  0]LogConfig: Setting CVar [[r.HairStrands.SkyLighting.SampleCount:16]]
[2020.06.10-20.09.36:292][  0]LogConfig: Setting CVar [[r.HairStrands.SkyLighting.JitterIntegration:0]]
[2020.06.10-20.09.36:292][  0]LogConfig: Setting CVar [[r.HairStrands.SkyAO.SampleCount:16]]
[2020.06.10-20.09.36:292][  0]LogConfig: Applying CVar settings from Section [Startup] File [../../../Engine/Config/ConsoleVariables.ini]
[2020.06.10-20.09.36:293][  0]LogConfig: Setting CVar [[net.UseAdaptiveNetUpdateFrequency:0]]
[2020.06.10-20.09.36:293][  0]LogConfig: Setting CVar [[p.chaos.AllowCreatePhysxBodies:1]]
[2020.06.10-20.09.36:293][  0]LogConfig: Applying CVar settings from Section [ConsoleVariables] File [D:/adale/Desktop/Black-White/Monochrome/Saved/Config/Windows/Engine.ini]
[2020.06.10-20.09.36:293][  0]LogInit: Computer: DESKTOP-J52MBI8
[2020.06.10-20.09.36:293][  0]LogInit: User: adale
[2020.06.10-20.09.36:293][  0]LogInit: CPU Page size=4096, Cores=4
[2020.06.10-20.09.36:293][  0]LogInit: High frequency timer resolution =10.000000 MHz
[2020.06.10-20.09.36:293][  0]LogMemory: Memory total: Physical=15.9GB (16GB approx)
[2020.06.10-20.09.36:293][  0]LogMemory: Platform Memory Stats for Windows
[2020.06.10-20.09.36:293][  0]LogMemory: Process Physical Memory: 105.95 MB used, 105.95 MB peak
[2020.06.10-20.09.36:294][  0]LogMemory: Process Virtual Memory: 100.71 MB used, 100.71 MB peak
[2020.06.10-20.09.36:294][  0]LogMemory: Physical Memory: 8789.79 MB used,  7460.45 MB free, 16250.25 MB total
[2020.06.10-20.09.36:294][  0]LogMemory: Virtual Memory: 5137.56 MB used,  134212592.00 MB free, 134217728.00 MB total
[2020.06.10-20.09.36:303][  0]LogWindows: WindowsPlatformFeatures enabled
[2020.06.10-20.09.36:531][  0]LogInit: Using OS detected language (en-US).
[2020.06.10-20.09.36:531][  0]LogInit: Using OS detected locale (en-CA).
[2020.06.10-20.09.36:533][  0]LogTextLocalizationManager: No specific localization for 'en-US' exists, so the 'en' localization will be used.
[2020.06.10-20.09.36:725][  0]LogInit: Setting process to per monitor DPI aware
[2020.06.10-20.09.36:793][  0]LogSlate: New Slate User Created.  User Index 0, Is Virtual User: 0
[2020.06.10-20.09.36:793][  0]LogSlate: Slate User Registered.  User Index 0, Is Virtual User: 0
[2020.06.10-20.09.37:120][  0]LogHMD: Failed to initialize OpenVR with code 110
[2020.06.10-20.09.37:120][  0]LogD3D11RHI: D3D11 min allowed feature level: 11_0
[2020.06.10-20.09.37:120][  0]LogD3D11RHI: D3D11 max allowed feature level: 11_0
[2020.06.10-20.09.37:120][  0]LogD3D11RHI: D3D11 adapters:
[2020.06.10-20.09.37:231][  0]LogD3D11RHI:    0. 'NVIDIA GeForce GTX 1050 Ti' (Feature Level 11_0)
[2020.06.10-20.09.37:231][  0]LogD3D11RHI:       4018/0/8125 MB DedicatedVideo/DedicatedSystem/SharedSystem, Outputs:2, VendorId:0x10de
[2020.06.10-20.09.37:273][  0]LogD3D11RHI:    1. 'Intel(R) HD Graphics 630' (Feature Level 11_0)
[2020.06.10-20.09.37:274][  0]LogD3D11RHI:       128/0/8125 MB DedicatedVideo/DedicatedSystem/SharedSystem, Outputs:0, VendorId:0x8086
[2020.06.10-20.09.37:280][  0]LogD3D11RHI:    2. 'Microsoft Basic Render Driver' (Feature Level 11_0)
[2020.06.10-20.09.37:280][  0]LogD3D11RHI:       0/0/8125 MB DedicatedVideo/DedicatedSystem/SharedSystem, Outputs:0, VendorId:0x1414
[2020.06.10-20.09.37:280][  0]LogD3D11RHI: Chosen D3D11 Adapter: 0
[2020.06.10-20.09.37:330][  0]LogD3D11RHI: Creating new Direct3DDevice
[2020.06.10-20.09.37:331][  0]LogD3D11RHI:     GPU DeviceId: 0x1c8c (for the marketing name, search the web for "GPU Device Id")
[2020.06.10-20.09.37:331][  0]LogWindows: EnumDisplayDevices:
[2020.06.10-20.09.37:331][  0]LogWindows:    0. 'Intel(R) HD Graphics 630' (P:1 D:1)
[2020.06.10-20.09.37:332][  0]LogWindows:    1. 'Intel(R) HD Graphics 630' (P:0 D:0)
[2020.06.10-20.09.37:332][  0]LogWindows:    2. 'Intel(R) HD Graphics 630' (P:0 D:0)
[2020.06.10-20.09.37:333][  0]LogWindows:    3. 'NVIDIA GeForce GTX 1050 Ti' (P:0 D:1)
[2020.06.10-20.09.37:333][  0]LogWindows: DebugString: PrimaryIsNotTheChoosenAdapter PrimaryIsNotTheChoosenAdapter PrimaryIsNotTheChoosenAdapter 
[2020.06.10-20.09.37:334][  0]LogD3D11RHI:     Adapter Name: NVIDIA GeForce GTX 1050 Ti
[2020.06.10-20.09.37:334][  0]LogD3D11RHI:   Driver Version: 441.08 (internal:26.21.14.4108, unified:441.08)
[2020.06.10-20.09.37:334][  0]LogD3D11RHI:      Driver Date: 10-22-2019
[2020.06.10-20.09.37:334][  0]LogRHI: Texture pool is 2812 MB (70% of 4018 MB)
[2020.06.10-20.09.37:398][  0]LogD3D11RHI: RHI has support for 64 bit atomics
[2020.06.10-20.09.37:398][  0]LogD3D11RHI: Async texture creation enabled
[2020.06.10-20.09.37:426][  0]LogD3D11RHI: GPU Timing Frequency: 1000.000000 (Debug: 2 1)
[2020.06.10-20.09.37:793][  0]LogTargetPlatformManager: Display: Loaded TargetPlatform 'AllDesktop'
[2020.06.10-20.09.37:827][  0]LogTargetPlatformManager: Display: Loaded TargetPlatform 'Android'
[2020.06.10-20.09.37:827][  0]LogTargetPlatformManager: Display: Loaded TargetPlatform 'Android_ASTC'
[2020.06.10-20.09.37:828][  0]LogTargetPlatformManager: Display: Loaded TargetPlatform 'Android_ATC'
[2020.06.10-20.09.37:828][  0]LogTargetPlatformManager: Display: Loaded TargetPlatform 'Android_DXT'
[2020.06.10-20.09.37:828][  0]LogTargetPlatformManager: Display: Loaded TargetPlatform 'Android_ETC1'
[2020.06.10-20.09.37:828][  0]LogTargetPlatformManager: Display: Loaded TargetPlatform 'Android_ETC1a'
[2020.06.10-20.09.37:828][  0]LogTargetPlatformManager: Display: Loaded TargetPlatform 'Android_ETC2'
[2020.06.10-20.09.37:828][  0]LogTargetPlatformManager: Display: Loaded TargetPlatform 'Android_PVRTC'
[2020.06.10-20.09.37:828][  0]LogTargetPlatformManager: Display: Loaded TargetPlatform 'AndroidClient'
[2020.06.10-20.09.37:828][  0]LogTargetPlatformManager: Display: Loaded TargetPlatform 'Android_ASTCClient'
[2020.06.10-20.09.37:828][  0]LogTargetPlatformManager: Display: Loaded TargetPlatform 'Android_ATCClient'
[2020.06.10-20.09.37:828][  0]LogTargetPlatformManager: Display: Loaded TargetPlatform 'Android_DXTClient'
[2020.06.10-20.09.37:828][  0]LogTargetPlatformManager: Display: Loaded TargetPlatform 'Android_ETC1Client'
[2020.06.10-20.09.37:828][  0]LogTargetPlatformManager: Display: Loaded TargetPlatform 'Android_ETC1aClient'
[2020.06.10-20.09.37:829][  0]LogTargetPlatformManager: Display: Loaded TargetPlatform 'Android_ETC2Client'
[2020.06.10-20.09.37:829][  0]LogTargetPlatformManager: Display: Loaded TargetPlatform 'Android_PVRTCClient'
[2020.06.10-20.09.37:829][  0]LogTargetPlatformManager: Display: Loaded TargetPlatform 'Android_Multi'
[2020.06.10-20.09.37:829][  0]LogTargetPlatformManager: Display: Loaded TargetPlatform 'Android_MultiClient'
[2020.06.10-20.09.37:859][  0]LogTargetPlatformManager: Display: Loaded TargetPlatform 'IOSClient'
[2020.06.10-20.09.37:859][  0]LogTargetPlatformManager: Display: Loaded TargetPlatform 'IOS'
[2020.06.10-20.09.37:870][  0]LogTargetPlatformManager: Display: Loaded TargetPlatform 'LinuxNoEditor'
[2020.06.10-20.09.37:881][  0]LogTargetPlatformManager: Display: Loaded TargetPlatform 'LinuxClient'
[2020.06.10-20.09.37:891][  0]LogTargetPlatformManager: Display: Loaded TargetPlatform 'LinuxServer'
[2020.06.10-20.09.37:901][  0]LogTargetPlatformManager: Display: Loaded TargetPlatform 'LinuxAArch64NoEditor'
[2020.06.10-20.09.37:911][  0]LogTargetPlatformManager: Display: Loaded TargetPlatform 'LinuxAArch64Client'
[2020.06.10-20.09.37:921][  0]LogTargetPlatformManager: Display: Loaded TargetPlatform 'LinuxAArch64Server'
[2020.06.10-20.09.37:950][  0]LogTargetPlatformManager: Display: Loaded TargetPlatform 'Lumin'
[2020.06.10-20.09.37:950][  0]LogTargetPlatformManager: Display: Loaded TargetPlatform 'LuminClient'
[2020.06.10-20.09.37:968][  0]LogTargetPlatformManager: Display: Loaded TargetPlatform 'TVOSClient'
[2020.06.10-20.09.37:969][  0]LogTargetPlatformManager: Display: Loaded TargetPlatform 'TVOS'
[2020.06.10-20.09.37:981][  0]LogTargetPlatformManager: Display: Loaded TargetPlatform 'WindowsNoEditor'
[2020.06.10-20.09.37:992][  0]LogTargetPlatformManager: Display: Loaded TargetPlatform 'Windows'
[2020.06.10-20.09.38:002][  0]LogTargetPlatformManager: Display: Loaded TargetPlatform 'WindowsClient'
[2020.06.10-20.09.38:012][  0]LogTargetPlatformManager: Display: Loaded TargetPlatform 'WindowsServer'
[2020.06.10-20.09.38:012][  0]LogTargetPlatformManager: Display: Building Assets For Windows
[2020.06.10-20.09.38:028][  0]LogAudioDebug: Display: Lib vorbis DLL was dynamically loaded.
[2020.06.10-20.09.38:108][  0]LogShaderCompilers: Guid format shader working directory is -6 characters bigger than the processId version (../../../../../adale/Desktop/Black-White/Monochrome/Intermediate/Shaders/WorkingDirectory/20036/).
[2020.06.10-20.09.38:109][  0]LogShaderCompilers: Cleaned the shader compiler working directory 'C:/Users/adale/AppData/Local/Temp/UnrealShaderWorkingDir/2240E993418F4ADBFD5C5A9D43684D32/'.
[2020.06.10-20.09.38:109][  0]LogXGEController: Cleaning working directory: C:/Users/adale/AppData/Local/Temp/UnrealXGEWorkingDir/
[2020.06.10-20.09.38:110][  0]LogXGEController: Cannot use XGE Controller as Incredibuild is not installed on this machine.
[2020.06.10-20.09.38:110][  0]LogShaderCompilers: Cannot use XGE Shader Compiler as Incredibuild is not installed on this machine.
[2020.06.10-20.09.38:110][  0]LogShaderCompilers: Display: Using Local Shader Compiler.
[2020.06.10-20.09.38:972][  0]LogDerivedDataCache: Display: Max Cache Size: 512 MB
[2020.06.10-20.09.39:042][  0]LogDerivedDataCache: Loaded boot cache 0.07s 78MB C:/Users/adale/AppData/Local/UnrealEngine/4.24/DerivedDataCache/Boot.ddc.
[2020.06.10-20.09.39:043][  0]LogDerivedDataCache: Display: Loaded Boot cache: C:/Users/adale/AppData/Local/UnrealEngine/4.24/DerivedDataCache/Boot.ddc
[2020.06.10-20.09.39:043][  0]LogDerivedDataCache: FDerivedDataBackendGraph:  Pak pak cache file ../../../../../adale/Desktop/Black-White/Monochrome/DerivedDataCache/DDC.ddp not found, will not use a pak cache.
[2020.06.10-20.09.39:043][  0]LogDerivedDataCache: Unable to find inner node Pak for hierarchical cache Hierarchy.
[2020.06.10-20.09.39:043][  0]LogDerivedDataCache: FDerivedDataBackendGraph:  CompressedPak pak cache file ../../../../../adale/Desktop/Black-White/Monochrome/DerivedDataCache/Compressed.ddp not found, will not use a pak cache.
[2020.06.10-20.09.39:043][  0]LogDerivedDataCache: Unable to find inner node CompressedPak for hierarchical cache Hierarchy.
[2020.06.10-20.09.39:054][  0]LogDerivedDataCache: Display: Pak cache opened for reading ../../../Engine/DerivedDataCache/Compressed.ddp.
[2020.06.10-20.09.39:055][  0]LogDerivedDataCache: FDerivedDataBackendGraph:  EnterprisePak pak cache file ../../../Enterprise/DerivedDataCache/Compressed.ddp not found, will not use a pak cache.
[2020.06.10-20.09.39:055][  0]LogDerivedDataCache: Unable to find inner node EnterprisePak for hierarchical cache Hierarchy.
[2020.06.10-20.09.39:058][  0]LogDerivedDataCache: Using Local data cache path C:/Users/adale/AppData/Local/UnrealEngine/Common/DerivedDataCache: Writable
[2020.06.10-20.09.39:058][  0]LogDerivedDataCache: Shared data cache path not found in *engine.ini, will not use an Shared cache.
[2020.06.10-20.09.39:058][  0]LogDerivedDataCache: Unable to find inner node Shared for hierarchical cache Hierarchy.
[2020.06.10-20.09.39:086][  0]LogMaterial: Verifying Global Shaders for PCD3D_SM5
[2020.06.10-20.09.39:089][  0]LogSlate: Using FreeType 2.10.0
[2020.06.10-20.09.39:090][  0]LogSlate: SlateFontServices - WITH_FREETYPE: 1, WITH_HARFBUZZ: 1
[2020.06.10-20.09.39:165][  0]LogAssetRegistry: FAssetRegistry took 0.0067 seconds to start up
[2020.06.10-20.09.39:521][  0]LogInit: Selected Device Profile: [Windows]
[2020.06.10-20.09.39:753][  0]LogMeshReduction: Using QuadricMeshReduction for automatic static mesh reduction
[2020.06.10-20.09.39:753][  0]LogMeshReduction: Using SimplygonMeshReduction for automatic skeletal mesh reduction
[2020.06.10-20.09.39:753][  0]LogMeshReduction: Using ProxyLODMeshReduction for automatic mesh merging
[2020.06.10-20.09.39:753][  0]LogMeshReduction: No distributed automatic mesh merging module available
[2020.06.10-20.09.39:753][  0]LogMeshMerging: No distributed automatic mesh merging module available
[2020.06.10-20.09.39:773][  0]LogNetVersion: Monochrome 1.0.0, NetCL: 10570792, EngineNetVer: 13, GameNetVer: 0 (Checksum: 907032942)
[2020.06.10-20.09.41:099][  0]LogPackageLocalizationCache: Processed 10 localized package path(s) for 1 prioritized culture(s) in 0.069939 seconds
[2020.06.10-20.09.41:112][  0]LogUObjectArray: 46750 objects as part of root set at end of initial load.
[2020.06.10-20.09.41:112][  0]LogUObjectAllocator: 8137160 out of 0 bytes used by permanent object pool.
[2020.06.10-20.09.41:112][  0]LogUObjectArray: CloseDisregardForGC: 0/0 objects in disregard for GC pool
[2020.06.10-20.09.41:945][  0]LogTcpMessaging: Initializing TcpMessaging bridge
[2020.06.10-20.09.41:953][  0]LogUdpMessaging: Initializing bridge on interface 0.0.0.0:0 to multicast group 230.0.0.1:6666.
[2020.06.10-20.09.42:121][  0]SourceControl: Source control is disabled
[2020.06.10-20.09.42:122][  0]SourceControl: Source control is disabled
[2020.06.10-20.09.42:126][  0]SourceControl: Source control is disabled
[2020.06.10-20.09.42:131][  0]SourceControl: Source control is disabled
[2020.06.10-20.09.42:135][  0]SourceControl: Source control is disabled
[2020.06.10-20.09.42:324][  0]LogAndroidPermission: UAndroidPermissionCallbackProxy::GetInstance
[2020.06.10-20.09.42:356][  0]LogAudioCaptureCore: Display: No Audio Capture implementations found. Audio input will be silent.
[2020.06.10-20.09.42:356][  0]LogAudioCaptureCore: Display: No Audio Capture implementations found. Audio input will be silent.
[2020.06.10-20.09.42:479][  0]LogOcInput: OculusInput pre-init called
[2020.06.10-20.09.42:496][  0]LogWindows: Failed to load 'OVRPlugin.dll' (GetLastError=126)
[2020.06.10-20.09.42:496][  0]LogWindows: File 'OVRPlugin.dll' does not exist
[2020.06.10-20.09.42:601][  0]LogEngine: Initializing Engine...
[2020.06.10-20.09.42:602][  0]LogHMD: Failed to initialize OpenVR with code 110
[2020.06.10-20.09.42:604][  0]LogStats: UGameplayTagsManager::InitializeManager -  0.000 s
[2020.06.10-20.09.43:016][  0]LogInit: Initializing FReadOnlyCVARCache
[2020.06.10-20.09.43:027][  0]LogAIModule: Creating AISystem for world Untitled
[2020.06.10-20.09.43:055][  0]LogAudioMixer: Display: Audio Mixer Platform Settings:
[2020.06.10-20.09.43:055][  0]LogAudioMixer: Display: 	Sample Rate:						  48000
[2020.06.10-20.09.43:055][  0]LogAudioMixer: Display: 	Callback Buffer Frame Size Requested: 1024
[2020.06.10-20.09.43:055][  0]LogAudioMixer: Display: 	Callback Buffer Frame Size To Use:	  1024
[2020.06.10-20.09.43:055][  0]LogAudioMixer: Display: 	Number of buffers to queue:			  2
[2020.06.10-20.09.43:055][  0]LogAudioMixer: Display: 	Max Channels (voices):				  32
[2020.06.10-20.09.43:055][  0]LogAudioMixer: Display: 	Number of Async Source Workers:		  0
[2020.06.10-20.09.43:055][  0]LogAudio: Display: AudioDevice MaxSources: 32
[2020.06.10-20.09.43:056][  0]LogAudio: Display: Using built-in audio occlusion.
[2020.06.10-20.09.43:056][  0]LogAudioMixer: Display: Initializing audio mixer.
[2020.06.10-20.09.43:087][  0]LogAudioMixer: Display: Audio Device Output Speaker Info:
[2020.06.10-20.09.43:087][  0]LogAudioMixer: Display: Name: Speakers / Headphones (Realtek Audio)
[2020.06.10-20.09.43:087][  0]LogAudioMixer: Display: Is Default: Yes
[2020.06.10-20.09.43:087][  0]LogAudioMixer: Display: Sample Rate: 48000
[2020.06.10-20.09.43:088][  0]LogAudioMixer: Display: Channel Count Used: 2
[2020.06.10-20.09.43:088][  0]LogAudioMixer: Display: Device Channel Count: 2
[2020.06.10-20.09.43:088][  0]LogAudioMixer: Display: Channel Order:
[2020.06.10-20.09.43:088][  0]LogAudioMixer: Display: 0: FrontLeft
[2020.06.10-20.09.43:088][  0]LogAudioMixer: Display: 1: FrontRight
[2020.06.10-20.09.43:204][  0]LogAudioMixer: Display: Using Audio Device Speakers / Headphones (Realtek Audio)
[2020.06.10-20.09.43:213][  0]LogInit: FAudioDevice initialized.
[2020.06.10-20.09.43:214][  0]LogNetVersion: Set ProjectVersion to 1.0.0.0. Version Checksum will be recalculated on next use.
[2020.06.10-20.09.43:306][  0]LogDerivedDataCache: Saved boot cache 0.09s 78MB C:/Users/adale/AppData/Local/UnrealEngine/4.24/DerivedDataCache/Boot.ddc.
[2020.06.10-20.09.43:312][  0]LogInit: Texture streaming: Enabled
[2020.06.10-20.09.43:334][  0]LogEngineSessionManager: EngineSessionManager initialized
[2020.06.10-20.09.43:334][  0]LogEditorSessionSummary: Verbose: Initializing EditorSessionSummaryWriter for editor session tracking
[2020.06.10-20.09.43:337][  0]LogEditorSessionSummary: EditorSessionSummaryWriter initialized
[2020.06.10-20.09.43:409][  0]LogInit: Transaction tracking system initialized
[2020.06.10-20.09.43:446][  0]BlueprintLog: New page: Editor Load
[2020.06.10-20.09.43:535][  0]LocalizationService: Localization service is disabled
[2020.06.10-20.09.43:913][  0]LogFileCache: Scanning file cache for directory 'D:/adale/Desktop/Black-White/Monochrome/Content/' took 0.00s
[2020.06.10-20.09.43:913][  0]LogCook: Display: Max memory allowance for cook 16384mb min free memory 0mb
[2020.06.10-20.09.43:914][  0]LogCook: Display: Mobile HDR setting 1
[2020.06.10-20.09.44:940][  0]SourceControl: Source control is disabled
[2020.06.10-20.09.44:941][  0]Cmd: MAP LOAD FILE="../../../../../adale/Desktop/Black-White/Monochrome/Content/Maps/MainMenu.umap" TEMPLATE=0 SHOWPROGRESS=1 FEATURELEVEL=3
[2020.06.10-20.09.44:941][  0]LightingResults: New page: Lighting Build
[2020.06.10-20.09.44:942][  0]LogWorld: UWorld::CleanupWorld for Untitled, bSessionEnded=true, bCleanupResources=true
[2020.06.10-20.09.44:942][  0]LogSlate: InvalidateAllWidgets triggered.  All widgets were invalidated
[2020.06.10-20.09.44:943][  0]MapCheck: New page: Map Check
[2020.06.10-20.09.44:943][  0]LightingResults: New page: Lighting Build
[2020.06.10-20.09.44:973][  0]LogUObjectHash: Compacting FUObjectHashTables data took   2.90ms
[2020.06.10-20.09.45:068][  0]LogLinker: Warning: While loading '../../../../../adale/Desktop/Black-White/Monochrome/Content/Maps/MainMenu.umap' failed to load '/Game/Maps/MainMenu_BuiltData': Can't find file.
[2020.06.10-20.09.45:068][  0]LogLinker: Warning: While loading '../../../../../adale/Desktop/Black-White/Monochrome/Content/Maps/MainMenu.umap' failed to load '/Game/Maps/MainMenu_BuiltData': Can't find file.
[2020.06.10-20.09.45:072][  0]LogLinker: Warning: While loading '../../../../../adale/Desktop/Black-White/Monochrome/Content/Maps/MainMenu.umap' failed to load '/Game/Maps/MainMenu_BuiltData': Can't find file.
[2020.06.10-20.09.45:072][  0]LogLinker: Warning: While loading '../../../../../adale/Desktop/Black-White/Monochrome/Content/Maps/MainMenu.umap' failed to load '/Game/Maps/MainMenu_BuiltData': Can't find file.
[2020.06.10-20.09.45:075][  0]LogLinker: Warning: While loading '../../../../../adale/Desktop/Black-White/Monochrome/Content/Maps/MainMenu.umap' failed to load '/Game/Maps/MainMenu_BuiltData': Can't find file.
[2020.06.10-20.09.45:075][  0]LoadErrors: Failed to load /Game/Maps/MainMenu_BuiltData.MainMenu_BuiltData Referenced by PersistentLevel
[2020.06.10-20.09.45:076][  0]LogLinker: Warning: While loading '../../../../../adale/Desktop/Black-White/Monochrome/Content/Maps/MainMenu.umap' failed to load '/Game/Maps/MainMenu_BuiltData': Can't find file.
[2020.06.10-20.09.45:076][  0]LoadErrors: Failed to load /Game/Maps/MainMenu_BuiltData.MainMenu_BuiltData Referenced by PersistentLevel
[2020.06.10-20.09.45:120][  0]LogAIModule: Creating AISystem for world MainMenu
[2020.06.10-20.09.45:125][  0]LogEditorServer: Finished looking for orphan Actors (0.000 secs)
[2020.06.10-20.09.45:160][  0]LogUObjectHash: Compacting FUObjectHashTables data took   2.30ms
[2020.06.10-20.09.45:164][  0]Cmd: MAP CHECKDEP NOCLEARLOG
[2020.06.10-20.09.45:164][  0]MapCheck: Map check complete: 0 Error(s), 0 Warning(s), took 0.189ms to complete.
[2020.06.10-20.09.45:165][  0]LogFileHelpers: Loading map 'MainMenu' took 0.224
[2020.06.10-20.09.45:345][  0]LogSlate: Updating window title bar state: overlay mode, drag disabled, window buttons hidden, title bar hidden
[2020.06.10-20.09.45:352][  0]LogSlate: Updating window title bar state: overlay mode, drag disabled, window buttons hidden, title bar hidden
[2020.06.10-20.09.45:359][  0]LogSlate: Updating window title bar state: overlay mode, drag disabled, window buttons hidden, title bar hidden
[2020.06.10-20.09.45:367][  0]LogSlate: Updating window title bar state: overlay mode, drag disabled, window buttons hidden, title bar hidden
[2020.06.10-20.09.45:376][  0]LogCollectionManager: Loaded 0 collections in 0.001523 seconds
[2020.06.10-20.09.45:409][  0]LogFileCache: Scanning file cache for directory 'D:/adale/Desktop/Black-White/Monochrome/Saved/Collections/' took 0.00s
[2020.06.10-20.09.45:409][  0]LogFileCache: Scanning file cache for directory 'D:/adale/Desktop/Black-White/Monochrome/Content/Developers/adale/Collections/' took 0.00s
[2020.06.10-20.09.45:409][  0]LogFileCache: Scanning file cache for directory 'D:/adale/Desktop/Black-White/Monochrome/Content/Collections/' took 0.00s
[2020.06.10-20.09.45:409][  0]LogContentBrowser: Native class hierarchy populated in 0.0183 seconds. Added 3022 classes and 719 folders.
[2020.06.10-20.09.45:414][  0]LogContentBrowser: Native class hierarchy updated for 'WidgetCarousel' in 0.0004 seconds. Added 0 classes and 0 folders.
[2020.06.10-20.09.45:570][  0]LogContentBrowser: Native class hierarchy updated for 'AddContentDialog' in 0.0006 seconds. Added 0 classes and 0 folders.
[2020.06.10-20.09.45:580][  0]LogContentBrowser: Native class hierarchy updated for 'SceneOutliner' in 0.0006 seconds. Added 2 classes and 3 folders.
[2020.06.10-20.09.45:620][  0]LogSlate: Took 0.000466 seconds to synchronously load lazily loaded font '../../../Engine/Content/Slate/Fonts/Roboto-Regular.ttf' (155K)
[2020.06.10-20.09.45:623][  0]LogSlate: Took 0.000274 seconds to synchronously load lazily loaded font '../../../Engine/Content/Slate/Fonts/Roboto-Bold.ttf' (160K)
[2020.06.10-20.09.45:628][  0]LogSlate: Took 0.000287 seconds to synchronously load lazily loaded font '../../../Engine/Content/Editor/Slate/Fonts/FontAwesome.ttf' (139K)
[2020.06.10-20.09.45:723][  0]LogRenderer: Reallocating scene render targets to support 1080x656 Format 10 NumSamples 1 (Frame:1).
[2020.06.10-20.09.45:833][  0]LogContentBrowser: Native class hierarchy updated for 'HierarchicalLODOutliner' in 0.0007 seconds. Added 0 classes and 0 folders.
[2020.06.10-20.09.45:834][  0]LogLoad: (Engine Initialization) Total time: 12.00 seconds
[2020.06.10-20.09.45:834][  0]LogLoad: (Engine Initialization) Total Blueprint compile time: 0.00 seconds
[2020.06.10-20.09.45:898][  0]LogAssetRegistry: Asset discovery search completed in 6.7367 seconds
[2020.06.10-20.09.45:902][  0]LogCollectionManager: Fixed up redirectors for 0 collections in 0.000016 seconds (updated 0 objects)
[2020.06.10-20.09.45:946][  0]LogContentStreaming: Texture pool size now 1000 MB
[2020.06.10-20.09.46:107][  0]LogSlate: Took 0.000338 seconds to synchronously load lazily loaded font '../../../Engine/Content/Slate/Fonts/Roboto-Light.ttf' (167K)
[2020.06.10-20.09.49:472][193]LogSlate: Window 'Message Log' being destroyed
[2020.06.10-20.09.49:479][193]LogSlate: Window 'Message Log' being destroyed
[2020.06.10-20.10.03:820][ 38]LogSlate: Took 0.000235 seconds to synchronously load lazily loaded font '../../../Engine/Content/Slate/Fonts/Roboto-Light.ttf' (167K)
[2020.06.10-20.10.03:884][ 38]LogSlate: WidgetSwitcher ('None') active index changed to -1
[2020.06.10-20.10.03:884][ 38]LogSlate: WidgetSwitcher ('None') active index changed to 1
[2020.06.10-20.10.03:942][ 38]LogSlate: Took 0.000351 seconds to synchronously load lazily loaded font '../../../Engine/Content/Slate/Fonts/Roboto-BoldCondensed.ttf' (158K)
[2020.06.10-20.10.09:755][379]LogAssetEditorSubsystem: Opening Asset editor for Blueprint /Game/Blueprints/BP_GameStateButtonBase.BP_GameStateButtonBase
[2020.06.10-20.10.10:004][379]LogContentBrowser: Native class hierarchy updated for 'BlueprintGraph' in 0.0013 seconds. Added 121 classes and 0 folders.
[2020.06.10-20.10.10:956][379]LogSlate: Window 'Add Blueprint Class' being destroyed
[2020.06.10-20.10.11:059][379]LogRenderer: Reallocating scene render targets to support 1080x712 Format 10 NumSamples 1 (Frame:1).
[2020.06.10-20.10.13:791][541]LogSlate: Took 0.000336 seconds to synchronously load lazily loaded font '../../../Engine/Content/Slate/Fonts/Roboto-Italic.ttf' (157K)
[2020.06.10-20.10.16:192][675]Cmd: OBJ SAVEPACKAGE PACKAGE="/Game/Blueprints/BP_GameStateButtonBase" FILE="../../../../../adale/Desktop/Black-White/Monochrome/Content/Blueprints/BP_GameStateButtonBase.uasset" SILENT=true
[2020.06.10-20.10.16:221][675]LogSavePackage: Moving '../../../../../adale/Desktop/Black-White/Monochrome/Saved/BP_GameStateButtonBaseA96692EE4AA36B895BCF70AC6AAC1F9E.tmp' to '../../../../../adale/Desktop/Black-White/Monochrome/Content/Blueprints/BP_GameStateButtonBase.uasset'
[2020.06.10-20.10.16:246][675]AssetCheck: New page: Asset Save: BP_GameStateButtonBase
[2020.06.10-20.10.16:246][675]LogContentValidation: Display: Validating Blueprint /Game/Blueprints/BP_GameStateButtonBase.BP_GameStateButtonBase
[2020.06.10-20.10.17:426][742]LogSlate: Window 'BP_GameStateButtonBase' being destroyed
[2020.06.10-20.10.17:434][742]LogSlate: Window 'BP_GameStateButtonBase' being destroyed
[2020.06.10-20.10.17:472][742]LogWorld: UWorld::CleanupWorld for World_0, bSessionEnded=true, bCleanupResources=true
[2020.06.10-20.10.17:472][742]LogSlate: InvalidateAllWidgets triggered.  All widgets were invalidated
[2020.06.10-20.10.33:573][146]LogFactory: FactoryCreateFile: Texture with ReimportTextureFactory (0 0 D:\adale\Pictures\Assets\Kenney\kenney_simplifiedplatformer\PNG\Tiles\platformPack_tile053.png)
[2020.06.10-20.10.33:631][146]LogTexture: Display: Building textures: platformPack_tile053 (BC5, 64X64)
[2020.06.10-20.10.36:700][199]LogFactory: FactoryCreateFile: Texture with ReimportTextureFactory (0 0 D:\adale\Pictures\Assets\Kenney\kenney_simplifiedplatformer\PNG\Tiles\platformPack_tile054.png)
[2020.06.10-20.10.36:702][199]LogTexture: Display: Building textures: platformPack_tile054 (AutoDXT, 64X64)
[2020.06.10-20.10.51:174][928]Cmd: OBJ SAVEPACKAGE PACKAGE="/Game/Sprites/platformPack_tile053_Sprite" FILE="../../../../../adale/Desktop/Black-White/Monochrome/Content/Sprites/platformPack_tile053_Sprite.uasset" SILENT=true
[2020.06.10-20.10.51:192][928]LogSavePackage: Moving '../../../../../adale/Desktop/Black-White/Monochrome/Saved/platformPack_tile053_SpriteF8C26CA041E96915359D2C8B6B780411.tmp' to '../../../../../adale/Desktop/Black-White/Monochrome/Content/Sprites/platformPack_tile053_Sprite.uasset'
[2020.06.10-20.10.51:205][928]Cmd: OBJ SAVEPACKAGE PACKAGE="/Game/Sprites/platformPack_tile054_Sprite" FILE="../../../../../adale/Desktop/Black-White/Monochrome/Content/Sprites/platformPack_tile054_Sprite.uasset" SILENT=true
[2020.06.10-20.10.51:243][928]LogSavePackage: Moving '../../../../../adale/Desktop/Black-White/Monochrome/Saved/platformPack_tile054_SpriteF0E2EED64196C80BDE8633A81EE4FCE5.tmp' to '../../../../../adale/Desktop/Black-White/Monochrome/Content/Sprites/platformPack_tile054_Sprite.uasset'
[2020.06.10-20.10.51:778][928]LogUObjectHash: Compacting FUObjectHashTables data took   6.99ms
[2020.06.10-20.10.51:822][928]LogUObjectHash: Compacting FUObjectHashTables data took   1.44ms
[2020.06.10-20.10.51:875][928]LogUObjectHash: Compacting FUObjectHashTables data took   3.91ms
[2020.06.10-20.10.51:914][928]LogUObjectHash: Compacting FUObjectHashTables data took   1.53ms
[2020.06.10-20.10.51:990][928]AssetCheck: New page: Asset Save: multiple assets
[2020.06.10-20.10.51:990][928]LogContentValidation: Display: Validating PaperSprite /Game/Sprites/platformPack_tile053_Sprite.platformPack_tile053_Sprite
[2020.06.10-20.10.51:990][928]LogContentValidation: Display: Validating PaperSprite /Game/Sprites/platformPack_tile054_Sprite.platformPack_tile054_Sprite
[2020.06.10-20.10.57:432][243]LogAssetEditorSubsystem: Opening Asset editor for PaperSprite /Game/Sprites/platformPack_tile053_Sprite.platformPack_tile053_Sprite
[2020.06.10-20.10.57:893][243]LogRenderer: Reallocating scene render targets to support 1180x916 Format 10 NumSamples 1 (Frame:1).
[2020.06.10-20.11.11:344][ 37]LogSlate: Window 'platformPack_tile053_Sprite' being destroyed
[2020.06.10-20.11.11:350][ 37]LogSlate: Window 'platformPack_tile053_Sprite' being destroyed
[2020.06.10-20.11.11:389][ 37]LogWorld: UWorld::CleanupWorld for World_1, bSessionEnded=true, bCleanupResources=true
[2020.06.10-20.11.11:389][ 37]LogSlate: InvalidateAllWidgets triggered.  All widgets were invalidated
[2020.06.10-20.11.13:558][159]LogAssetEditorSubsystem: Opening Asset editor for PaperSprite /Game/Sprites/platformPack_tile054_Sprite.platformPack_tile054_Sprite
[2020.06.10-20.11.16:063][294]LogSlate: Window 'platformPack_tile054_Sprite' being destroyed
[2020.06.10-20.11.16:071][294]LogSlate: Window 'platformPack_tile054_Sprite' being destroyed
[2020.06.10-20.11.16:102][294]LogWorld: UWorld::CleanupWorld for World_3, bSessionEnded=true, bCleanupResources=true
[2020.06.10-20.11.16:103][294]LogSlate: InvalidateAllWidgets triggered.  All widgets were invalidated
[2020.06.10-20.11.17:192][354]LogAssetEditorSubsystem: Opening Asset editor for PaperSprite /Game/Sprites/platformPack_tile053_Sprite.platformPack_tile053_Sprite
[2020.06.10-20.11.18:690][429]LogSlate: Window 'platformPack_tile053_Sprite' being destroyed
[2020.06.10-20.11.18:698][429]LogSlate: Window 'platformPack_tile053_Sprite' being destroyed
[2020.06.10-20.11.18:700][429]LogWorld: UWorld::CleanupWorld for World_4, bSessionEnded=true, bCleanupResources=true
[2020.06.10-20.11.18:700][429]LogSlate: InvalidateAllWidgets triggered.  All widgets were invalidated
[2020.06.10-20.11.34:903][363]LogUObjectHash: Compacting FUObjectHashTables data took   4.69ms
[2020.06.10-20.11.36:448][363]LogSlate: Window 'Delete Assets' being destroyed
[2020.06.10-20.11.36:632][363]LogUObjectHash: Compacting FUObjectHashTables data took   2.98ms
[2020.06.10-20.11.37:801][427]LogUObjectHash: Compacting FUObjectHashTables data took   1.35ms
[2020.06.10-20.11.39:940][427]LogSlate: Window 'Delete Assets' being destroyed
[2020.06.10-20.11.40:323][427]LogUObjectGlobals: Force Deleting 1 Package(s):
	Asset Name: /Game/Textures/platformPack_tile053.platformPack_tile053
[2020.06.10-20.11.51:178][427]LogSlate: Window 'Message' being destroyed
[2020.06.10-20.11.51:184][427]LogObjectTools: Warning: ForceDeleteObject failed to delete platformPack_tile053, this package is now potentially corrupt
[2020.06.10-20.11.51:267][427]LogOutputDevice: Warning: 

Script Stack (0 frames):

[2020.06.10-20.11.51:267][427]LogOutputDevice: Error: Ensure condition failed: false [File:D:/Build/++UE4/Sync/Engine/Source/Editor/UnrealEd/Private/ObjectTools.cpp] [Line: 2826] 

					Failed to unload all packages during ForceDeleteObjects - 
					these packages are likely corrupt. Consider restarting the 
					editor, noting which assets remain and then deleting them 
					from the file system manually: 
/Game/Textures/platformPack_tile053

[2020.06.10-20.11.51:268][427]LogStats:             FDebug::EnsureFailed -  0.001 s
[2020.06.10-20.12.03:654][749]LogUObjectHash: Compacting FUObjectHashTables data took   2.57ms
[2020.06.10-20.12.04:893][749]LogSlate: Window 'Delete Assets' being destroyed
[2020.06.10-20.12.05:232][749]LogUObjectGlobals: Force Deleting 1 Package(s):
	Asset Name: /Game/Textures/platformPack_tile053.platformPack_tile053
[2020.06.10-20.12.06:816][749]LogSlate: Window 'Message' being destroyed
[2020.06.10-20.12.06:822][749]LogObjectTools: Warning: ForceDeleteObject failed to delete platformPack_tile053, this package is now potentially corrupt
[2020.06.10-20.12.13:863][146]LogUObjectHash: Compacting FUObjectHashTables data took   2.64ms
[2020.06.10-20.12.15:287][146]LogSlate: Window 'Delete Assets' being destroyed
[2020.06.10-20.12.15:452][146]LogUObjectHash: Compacting FUObjectHashTables data took   2.54ms
[2020.06.10-20.12.15:492][146]LogUObjectHash: Compacting FUObjectHashTables data took   2.59ms
[2020.06.10-20.12.15:527][146]LogUObjectHash: Compacting FUObjectHashTables data took   0.93ms
[2020.06.10-20.12.23:663][593]LogUObjectHash: Compacting FUObjectHashTables data took   3.81ms
[2020.06.10-20.12.25:029][593]LogSlate: Window 'Delete Assets' being destroyed
[2020.06.10-20.12.25:130][593]LogUObjectHash: Compacting FUObjectHashTables data took   3.03ms
[2020.06.10-20.12.37:805][897]LogFactory: FactoryCreateFile: Texture with ReimportTextureFactory (0 0 D:\adale\Pictures\Assets\Kenney\kenney_simplifiedplatformer\PNG\Tiles\platformPack_tile053.png)
[2020.06.10-20.12.37:813][897]LogTexture: Display: Building textures: platformPack_tile053 (BC5, 64X64)
[2020.06.10-20.12.57:633][317]LogEditorFactories: Performing atomic reimport of [D:/adale/Pictures/Assets/Kenney/kenney_simplifiedplatformer/PNG/Tiles/platformPack_tile053.png]
[2020.06.10-20.12.57:633][317]LogFactory: FactoryCreateFile: Texture2D with ReimportTextureFactory (0 0 D:/adale/Pictures/Assets/Kenney/kenney_simplifiedplatformer/PNG/Tiles/platformPack_tile053.png)
[2020.06.10-20.12.57:648][317]LogTexture: Display: Building textures: platformPack_tile053 (BC5, 64X64)
[2020.06.10-20.12.57:650][317]LogEditorFactories: -- imported successfully
[2020.06.10-20.13.06:353][811]LogUObjectHash: Compacting FUObjectHashTables data took   2.61ms
[2020.06.10-20.13.08:620][811]LogSlate: Window 'Delete Assets' being destroyed
[2020.06.10-20.13.08:733][811]LogUObjectHash: Compacting FUObjectHashTables data took   3.30ms
[2020.06.10-20.13.13:162][938]LogFactory: FactoryCreateFile: Texture with ReimportTextureFactory (0 0 D:\adale\Pictures\Assets\Kenney\kenney_simplifiedplatformer\PNG\Tiles\platformPack_tile062.png)
[2020.06.10-20.13.13:165][938]LogTexture: Display: Building textures: platformPack_tile062 (AutoDXT, 64X64)
[2020.06.10-20.13.17:698][  0]LogFactory: FactoryCreateFile: Texture with ReimportTextureFactory (0 0 D:\adale\Pictures\Assets\Kenney\kenney_simplifiedplatformer\PNG\Tiles\platformPack_tile063.png)
[2020.06.10-20.13.17:700][  0]LogTexture: Display: Building textures: platformPack_tile063 (AutoDXT, 64X64)
[2020.06.10-20.13.23:981][243]LogUObjectHash: Compacting FUObjectHashTables data took   2.68ms
[2020.06.10-20.13.25:200][243]LogSlate: Window 'Delete Assets' being destroyed
[2020.06.10-20.13.25:326][243]LogUObjectHash: Compacting FUObjectHashTables data took   2.49ms
[2020.06.10-20.13.25:373][243]LogUObjectHash: Compacting FUObjectHashTables data took   2.76ms
[2020.06.10-20.13.25:405][243]LogUObjectHash: Compacting FUObjectHashTables data took   1.11ms
[2020.06.10-20.13.31:130][568]LogUObjectHash: Compacting FUObjectHashTables data took   2.78ms
[2020.06.10-20.13.32:351][568]LogSlate: Window 'Delete Assets' being destroyed
[2020.06.10-20.13.32:458][568]LogUObjectHash: Compacting FUObjectHashTables data took   2.53ms
[2020.06.10-20.13.45:647][316]Cmd: OBJ SAVEPACKAGE PACKAGE="/Game/Sprites/platformPack_tile062_Sprite" FILE="../../../../../adale/Desktop/Black-White/Monochrome/Content/Sprites/platformPack_tile062_Sprite.uasset" SILENT=true
[2020.06.10-20.13.45:663][316]LogSavePackage: Moving '../../../../../adale/Desktop/Black-White/Monochrome/Saved/platformPack_tile062_Sprite39F541FF4C2FF493630E9D86C2843762.tmp' to '../../../../../adale/Desktop/Black-White/Monochrome/Content/Sprites/platformPack_tile062_Sprite.uasset'
[2020.06.10-20.13.45:676][316]Cmd: OBJ SAVEPACKAGE PACKAGE="/Game/Sprites/platformPack_tile063_Sprite" FILE="../../../../../adale/Desktop/Black-White/Monochrome/Content/Sprites/platformPack_tile063_Sprite.uasset" SILENT=true
[2020.06.10-20.13.45:694][316]LogSavePackage: Moving '../../../../../adale/Desktop/Black-White/Monochrome/Saved/platformPack_tile063_Sprite147C72B24F4540D26E4D169480843E47.tmp' to '../../../../../adale/Desktop/Black-White/Monochrome/Content/Sprites/platformPack_tile063_Sprite.uasset'
[2020.06.10-20.13.46:166][316]LogUObjectHash: Compacting FUObjectHashTables data took   2.53ms
[2020.06.10-20.13.46:197][316]LogUObjectHash: Compacting FUObjectHashTables data took   0.97ms
[2020.06.10-20.13.46:237][316]LogUObjectHash: Compacting FUObjectHashTables data took   2.29ms
[2020.06.10-20.13.46:264][316]LogUObjectHash: Compacting FUObjectHashTables data took   0.96ms
[2020.06.10-20.13.46:303][316]AssetCheck: New page: Asset Save: multiple assets
[2020.06.10-20.13.46:303][316]LogContentValidation: Display: Validating PaperSprite /Game/Sprites/platformPack_tile062_Sprite.platformPack_tile062_Sprite
[2020.06.10-20.13.46:303][316]LogContentValidation: Display: Validating PaperSprite /Game/Sprites/platformPack_tile063_Sprite.platformPack_tile063_Sprite
[2020.06.10-20.13.53:921][737]LogAssetEditorSubsystem: Opening Asset editor for Texture2D /Game/Textures/platformPack_tile062.platformPack_tile062
[2020.06.10-20.13.54:066][737]LogContentBrowser: Native class hierarchy updated for 'TextureEditor' in 0.0006 seconds. Added 1 classes and 2 folders.
[2020.06.10-20.15.58:626][104]LogSlate: Window 'platformPack_tile062' being destroyed
[2020.06.10-20.15.58:636][104]LogSlate: Window 'platformPack_tile062' being destroyed
[2020.06.10-20.16.04:008][405]LogUObjectHash: Compacting FUObjectHashTables data took   4.17ms
[2020.06.10-20.16.04:041][405]Cmd: OBJ SAVEPACKAGE PACKAGE="/Game/Textures/platformPack_tile062" FILE="../../../../../adale/Desktop/Black-White/Monochrome/Content/Textures/platformPack_tile062.uasset" SILENT=true
[2020.06.10-20.16.04:058][405]LogSavePackage: Moving '../../../../../adale/Desktop/Black-White/Monochrome/Saved/platformPack_tile0621AF4712041D4B6C9FFEBE09FB1625640.tmp' to '../../../../../adale/Desktop/Black-White/Monochrome/Content/Textures/platformPack_tile062.uasset'
[2020.06.10-20.16.04:067][405]Cmd: OBJ SAVEPACKAGE PACKAGE="/Game/Textures/platformPack_tile063" FILE="../../../../../adale/Desktop/Black-White/Monochrome/Content/Textures/platformPack_tile063.uasset" SILENT=true
[2020.06.10-20.16.04:086][405]LogSavePackage: Moving '../../../../../adale/Desktop/Black-White/Monochrome/Saved/platformPack_tile063E8EB59AA466A2DA9FD528DA3EC71A092.tmp' to '../../../../../adale/Desktop/Black-White/Monochrome/Content/Textures/platformPack_tile063.uasset'
[2020.06.10-20.16.04:125][405]AssetCheck: New page: Asset Save: multiple assets
[2020.06.10-20.16.04:125][405]LogContentValidation: Display: Validating Texture2D /Game/Textures/platformPack_tile062.platformPack_tile062
[2020.06.10-20.16.04:125][405]LogContentValidation: Display: Validating Texture2D /Game/Textures/platformPack_tile063.platformPack_tile063
[2020.06.10-20.16.14:040][981]LogAssetEditorSubsystem: Opening Asset editor for Blueprint /Game/Blueprints/BP_GameStateButtonBase.BP_GameStateButtonBase
[2020.06.10-20.16.16:284][ 80]LogSlate: Window 'BP_GameStateButtonBase' being destroyed
[2020.06.10-20.16.16:316][ 80]LogWorld: UWorld::CleanupWorld for World_5, bSessionEnded=true, bCleanupResources=true
[2020.06.10-20.16.16:316][ 80]LogSlate: InvalidateAllWidgets triggered.  All widgets were invalidated
[2020.06.10-20.16.16:386][ 80]LogAssetEditorSubsystem: Opening Asset editor for Blueprint /Game/Blueprints/BP_GameStateButtonBase.BP_GameStateButtonBase
[2020.06.10-20.19.22:071][  1]BlueprintLog: New page: Compile BP_GameStateButtonBase
[2020.06.10-20.19.22:426][  1]LogUObjectHash: Compacting FUObjectHashTables data took   3.83ms
[2020.06.10-20.19.22:945][ 30]Cmd: OBJ SAVEPACKAGE PACKAGE="/Game/Blueprints/BP_GameStateButtonBase" FILE="../../../../../adale/Desktop/Black-White/Monochrome/Content/Blueprints/BP_GameStateButtonBase.uasset" SILENT=true
[2020.06.10-20.19.22:996][ 30]LogSavePackage: Moving '../../../../../adale/Desktop/Black-White/Monochrome/Saved/BP_GameStateButtonBase1AAC10E5459A3EE6DCB7C2B7B17B2348.tmp' to '../../../../../adale/Desktop/Black-White/Monochrome/Content/Blueprints/BP_GameStateButtonBase.uasset'
[2020.06.10-20.19.23:020][ 30]AssetCheck: New page: Asset Save: BP_GameStateButtonBase
[2020.06.10-20.19.23:020][ 30]LogContentValidation: Display: Validating Blueprint /Game/Blueprints/BP_GameStateButtonBase.BP_GameStateButtonBase
[2020.06.10-20.19.27:056][256]LogSlate: Window 'BP_GameStateButtonBase' being destroyed
[2020.06.10-20.19.27:066][256]LogSlate: Window 'BP_GameStateButtonBase' being destroyed
[2020.06.10-20.19.27:088][256]LogWorld: UWorld::CleanupWorld for World_6, bSessionEnded=true, bCleanupResources=true
[2020.06.10-20.19.27:088][256]LogSlate: InvalidateAllWidgets triggered.  All widgets were invalidated
[2020.06.10-20.19.31:883][517]LogAIModule: Creating AISystem for world Level1
[2020.06.10-20.19.31:887][517]LogAssetEditorSubsystem: Opening Asset editor for World /Game/Maps/Level1.Level1
[2020.06.10-20.19.31:928][517]LogUObjectHash: Compacting FUObjectHashTables data took   3.65ms
[2020.06.10-20.19.31:932][517]Cmd: MAP LOAD FILE="../../../../../adale/Desktop/Black-White/Monochrome/Content/Maps/Level1.umap" TEMPLATE=0 SHOWPROGRESS=1 FEATURELEVEL=3
[2020.06.10-20.19.31:932][517]LightingResults: New page: Lighting Build
[2020.06.10-20.19.31:933][517]LoadErrors: New page: Loading map: Level1.umap
[2020.06.10-20.19.31:934][517]LogWorld: UWorld::CleanupWorld for MainMenu, bSessionEnded=true, bCleanupResources=true
[2020.06.10-20.19.31:934][517]LogSlate: InvalidateAllWidgets triggered.  All widgets were invalidated
[2020.06.10-20.19.31:934][517]MapCheck: New page: Map Check
[2020.06.10-20.19.31:934][517]LightingResults: New page: Lighting Build
[2020.06.10-20.19.31:977][517]LogUObjectHash: Compacting FUObjectHashTables data took   3.20ms
[2020.06.10-20.19.31:988][517]LogEditorServer: Finished looking for orphan Actors (0.000 secs)
[2020.06.10-20.19.32:028][517]LogUObjectHash: Compacting FUObjectHashTables data took   2.85ms
[2020.06.10-20.19.32:061][517]Cmd: MAP CHECKDEP NOCLEARLOG
[2020.06.10-20.19.32:061][517]MapCheck: Map check complete: 0 Error(s), 0 Warning(s), took 0.141ms to complete.
[2020.06.10-20.19.32:062][517]LogFileHelpers: Loading map 'Level1' took 0.132
[2020.06.10-20.20.19:020][284]LogEditorViewport: Clicking on Actor (LMB): BP_Sky_Sphere_C (Sky Sphere)
[2020.06.10-20.20.29:227][890]LogEditorViewport: Clicking on Actor (LMB): BP_GameStateButtonBase_C (BP_GameStateButtonBase)
[2020.06.10-20.20.30:762][977]Cmd: DELETE
[2020.06.10-20.20.30:763][977]Cmd: ACTOR DELETE
[2020.06.10-20.20.30:764][977]LogEditorActor: Deleted Actor: BP_GameStateButtonBase_C
[2020.06.10-20.20.30:803][977]LogUObjectHash: Compacting FUObjectHashTables data took   2.13ms
[2020.06.10-20.20.30:807][977]LogEditorActor: Deleted 1 Actors (0.043 secs)
[2020.06.10-20.20.50:116][117]Cmd: DELETE
[2020.06.10-20.20.50:116][117]Cmd: ACTOR DELETE
[2020.06.10-20.20.50:117][117]LogEditorActor: Deleted Actor: BP_GameStateButtonBase_C
[2020.06.10-20.20.50:154][117]LogUObjectHash: Compacting FUObjectHashTables data took   2.54ms
[2020.06.10-20.20.50:157][117]LogEditorActor: Deleted 1 Actors (0.041 secs)
[2020.06.10-20.21.17:820][762]LogUObjectHash: Compacting FUObjectHashTables data took   2.39ms
[2020.06.10-20.21.17:847][762]Cmd: OBJ SAVEPACKAGE PACKAGE="/Game/Maps/Level1" FILE="../../../../../adale/Desktop/Black-White/Monochrome/Content/Maps/Level1.umap" SILENT=true AUTOSAVING=false KEEPDIRTY=false
[2020.06.10-20.21.17:890][762]LogUObjectHash: Compacting FUObjectHashTables data took   1.11ms
[2020.06.10-20.21.17:926][762]LogSavePackage: Moving '../../../../../adale/Desktop/Black-White/Monochrome/Saved/Level14B5A145449538969E401EC8BF4616B4D.tmp' to '../../../../../adale/Desktop/Black-White/Monochrome/Content/Maps/Level1.umap'
[2020.06.10-20.21.17:976][762]LogFileHelpers: Saving map 'Level1' took 0.129
[2020.06.10-20.21.17:997][762]AssetCheck: New page: Asset Save: Level1
[2020.06.10-20.21.17:997][762]LogContentValidation: Display: Validating World /Game/Maps/Level1.Level1
[2020.06.10-20.31.46:422][333]LogUObjectHash: Compacting FUObjectHashTables data took   3.34ms
