Log file open, 06/10/20 17:04:38
LogWindows: Failed to load 'aqProf.dll' (GetLastError=126)
LogWindows: File 'aqProf.dll' does not exist
LogWindows: Failed to load 'VtuneApi.dll' (GetLastError=126)
LogWindows: File 'VtuneApi.dll' does not exist
LogWindows: Failed to load 'VtuneApi32e.dll' (GetLastError=126)
LogWindows: File 'VtuneApi32e.dll' does not exist
LogConsoleResponse: Display: Failed to find resolution value strings in scalability ini. Falling back to default.
LogInit: Display: Running engine for game: Monochrome
LogPlatformFile: Not using cached read wrapper
LogTaskGraph: Started task graph with 5 named threads and 23 total threads with 3 sets of task threads.
LogStats: Stats thread started at 0.167374
LogD3D11RHI: Loaded GFSDK_Aftermath_Lib.x64.dll
LogICUInternationalization: ICU TimeZone Detection - Raw Offset: -5:00, Platform Override: ''
LogPluginManager: Mounting plugin Paper2D
LogPluginManager: Mounting plugin AISupport
LogPluginManager: Mounting plugin LightPropagationVolume
LogPluginManager: Mounting plugin ActorLayerUtilities
LogPluginManager: Mounting plugin AnimationSharing
LogPluginManager: Mounting plugin CLionSourceCodeAccess
LogPluginManager: Mounting plugin CodeLiteSourceCodeAccess
LogPluginManager: Mounting plugin GitSourceControl
LogPluginManager: Mounting plugin KDevelopSourceCodeAccess
LogPluginManager: Mounting plugin NullSourceCodeAccess
LogPluginManager: Mounting plugin PerforceSourceControl
LogPluginManager: Mounting plugin PlasticSourceControl
LogPluginManager: Mounting plugin SubversionSourceControl
LogPluginManager: Mounting plugin UObjectPlugin
LogPluginManager: Mounting plugin VisualStudioCodeSourceCodeAccess
LogPluginManager: Mounting plugin VisualStudioSourceCodeAccess
LogPluginManager: Mounting plugin XCodeSourceCodeAccess
LogPluginManager: Mounting plugin AssetManagerEditor
LogPluginManager: Mounting plugin CryptoKeys
LogPluginManager: Mounting plugin CurveEditorTools
LogPluginManager: Mounting plugin DataValidation
LogPluginManager: Mounting plugin FacialAnimation
LogPluginManager: Mounting plugin GameplayTagsEditor
LogPluginManager: Mounting plugin MacGraphicsSwitching
LogPluginManager: Mounting plugin MaterialAnalyzer
LogPluginManager: Mounting plugin MobileLauncherProfileWizard
LogPluginManager: Mounting plugin PluginBrowser
LogPluginManager: Mounting plugin SpeedTreeImporter
LogPluginManager: Mounting plugin DatasmithContent
LogPluginManager: Mounting plugin VariantManagerContent
LogPluginManager: Mounting plugin AlembicImporter
LogPluginManager: Mounting plugin AutomationUtils
LogPluginManager: Mounting plugin BackChannel
LogPluginManager: Mounting plugin CharacterAI
LogPluginManager: Mounting plugin GeometryCache
LogPluginManager: Mounting plugin PlatformCrypto
LogPluginManager: Mounting plugin ProxyLODPlugin
LogPluginManager: Mounting plugin SkeletalReduction
LogPluginManager: Mounting plugin MagicLeap
LogPluginManager: Mounting plugin MagicLeapMedia
LogPluginManager: Mounting plugin MLSDK
LogPluginManager: Mounting plugin AndroidMedia
LogPluginManager: Mounting plugin AvfMedia
LogPluginManager: Mounting plugin ImgMedia
LogPluginManager: Mounting plugin MediaCompositing
LogPluginManager: Mounting plugin MediaPlayerEditor
LogPluginManager: Mounting plugin WebMMedia
LogPluginManager: Mounting plugin WmfMedia
LogPluginManager: Mounting plugin TcpMessaging
LogPluginManager: Mounting plugin UdpMessaging
LogPluginManager: Mounting plugin ActorSequence
LogPluginManager: Mounting plugin LevelSequenceEditor
LogPluginManager: Mounting plugin MatineeToLevelSequence
LogPluginManager: Mounting plugin NetcodeUnitTest
LogPluginManager: Mounting plugin NUTUnrealEngine4
LogPluginManager: Mounting plugin OnlineSubsystemGooglePlay
LogPluginManager: Mounting plugin OnlineSubsystemIOS
LogPluginManager: Mounting plugin OnlineSubsystem
LogPluginManager: Mounting plugin OnlineSubsystemNull
LogPluginManager: Mounting plugin OnlineSubsystemUtils
LogPluginManager: Mounting plugin LauncherChunkInstaller
LogPluginManager: Mounting plugin AndroidDeviceProfileSelector
LogPluginManager: Mounting plugin AndroidMoviePlayer
LogPluginManager: Mounting plugin AndroidPermission
LogPluginManager: Mounting plugin AppleImageUtils
LogPluginManager: Mounting plugin AppleMoviePlayer
LogPluginManager: Mounting plugin ArchVisCharacter
LogPluginManager: Mounting plugin AssetTags
LogPluginManager: Mounting plugin AudioCapture
LogPluginManager: Mounting plugin CableComponent
LogPluginManager: Mounting plugin CustomMeshComponent
LogPluginManager: Mounting plugin EditableMesh
LogPluginManager: Mounting plugin ExampleDeviceProfileSelector
LogPluginManager: Mounting plugin GoogleCloudMessaging
LogPluginManager: Mounting plugin IOSDeviceProfileSelector
LogPluginManager: Mounting plugin LinuxDeviceProfileSelector
LogPluginManager: Mounting plugin LocationServicesBPLibrary
LogPluginManager: Mounting plugin MobilePatchingUtils
LogPluginManager: Mounting plugin OculusVR
LogPluginManager: Mounting plugin PhysXVehicles
LogPluginManager: Mounting plugin PostSplashScreen
LogPluginManager: Mounting plugin ProceduralMeshComponent
LogPluginManager: Mounting plugin RuntimePhysXCooking
LogPluginManager: Mounting plugin SignificanceManager
LogPluginManager: Mounting plugin SteamVR
LogPluginManager: Mounting plugin WebMMoviePlayer
LogPluginManager: Mounting plugin WindowsMoviePlayer
LogPluginManager: Mounting plugin ScreenshotTools
LogInit: Using libcurl 7.55.1-DEV
LogInit:  - built for x86_64-pc-win32
LogInit:  - supports SSL with OpenSSL/1.1.1
LogInit:  - supports HTTP deflate (compression) using libz 1.2.8
LogInit:  - other features:
LogInit:      CURL_VERSION_SSL
LogInit:      CURL_VERSION_LIBZ
LogInit:      CURL_VERSION_IPV6
LogInit:      CURL_VERSION_ASYNCHDNS
LogInit:      CURL_VERSION_LARGEFILE
LogInit:      CURL_VERSION_IDN
LogInit:  CurlRequestOptions (configurable via config and command line):
LogInit:  - bVerifyPeer = true  - Libcurl will verify peer certificate
LogInit:  - bUseHttpProxy = false  - Libcurl will NOT use HTTP proxy
LogInit:  - bDontReuseConnections = false  - Libcurl will reuse connections
LogInit:  - MaxHostConnections = 16  - Libcurl will limit the number of connections to a host
LogInit:  - LocalHostAddr = Default
LogInit:  - BufferSize = 65536
LogOnline: OSS: Creating online subsystem instance for: NULL
LogInit: WinSock: version 1.1 (2.2), MaxSocks=32767, MaxUdp=65467
LogOnline: OSS: TryLoadSubsystemAndSetDefault: Loaded subsystem for module [NULL]
LogInit: Build: ++UE4+Release-4.24-CL-11590370
LogInit: Engine Version: 4.24.3-11590370+++UE4+Release-4.24
LogInit: Compatible Engine Version: 4.24.0-10570792+++UE4+Release-4.24
LogInit: Net CL: 10570792
LogInit: OS: Windows 10 (Release 1903) (), CPU: Intel(R) Core(TM) i7-7700HQ CPU @ 2.80GHz, GPU: Intel(R) HD Graphics 630
LogInit: Compiled (64-bit): Feb 24 2020 15:39:18
LogInit: Compiled with Visual C++: 19.16.27032.01
LogInit: Build Configuration: Development
LogInit: Branch Name: ++UE4+Release-4.24
LogInit: Command Line:  -skipcompile
LogInit: Base Directory: D:/Program Files (x86)/UE_4.24/Engine/Binaries/Win64/
LogInit: Installed Engine Build: 1
LogDevObjectVersion: Number of dev versions registered: 25
LogDevObjectVersion:   Dev-Blueprints (B0D832E4-1F89-4F0D-ACCF-7EB736FD4AA2): 10
LogDevObjectVersion:   Dev-Build (E1C64328-A22C-4D53-A36C-8E866417BD8C): 0
LogDevObjectVersion:   Dev-Core (375EC13C-06E4-48FB-B500-84F0262A717E): 3
LogDevObjectVersion:   Dev-Editor (E4B068ED-F494-42E9-A231-DA0B2E46BB41): 37
LogDevObjectVersion:   Dev-Framework (CFFC743F-43B0-4480-9391-14DF171D2073): 36
LogDevObjectVersion:   Dev-Mobile (B02B49B5-BB20-44E9-A304-32B752E40360): 2
LogDevObjectVersion:   Dev-Networking (A4E4105C-59A1-49B5-A7C5-40C4547EDFEE): 0
LogDevObjectVersion:   Dev-Online (39C831C9-5AE6-47DC-9A44-9C173E1C8E7C): 0
LogDevObjectVersion:   Dev-Physics (78F01B33-EBEA-4F98-B9B4-84EACCB95AA2): 2
LogDevObjectVersion:   Dev-Platform (6631380F-2D4D-43E0-8009-CF276956A95A): 0
LogDevObjectVersion:   Dev-Rendering (12F88B9F-8875-4AFC-A67C-D90C383ABD29): 36
LogDevObjectVersion:   Dev-Sequencer (7B5AE74C-D270-4C10-A958-57980B212A5A): 11
LogDevObjectVersion:   Dev-VR (D7296918-1DD6-4BDD-9DE2-64A83CC13884): 2
LogDevObjectVersion:   Dev-LoadTimes (C2A15278-BFE7-4AFE-6C17-90FF531DF755): 1
LogDevObjectVersion:   Private-Geometry (6EACA3D4-40EC-4CC1-B786-8BED09428FC5): 3
LogDevObjectVersion:   Dev-AnimPhys (29E575DD-E0A3-4627-9D10-D276232CDCEA): 17
LogDevObjectVersion:   Dev-Anim (AF43A65D-7FD3-4947-9873-3E8ED9C1BB05): 2
LogDevObjectVersion:   Dev-ReflectionCapture (6B266CEC-1EC7-4B8F-A30B-E4D90942FC07): 1
LogDevObjectVersion:   Dev-Automation (0DF73D61-A23F-47EA-B727-89E90C41499A): 1
LogDevObjectVersion:   FortniteMain (601D1886-AC64-4F84-AA16-D3DE0DEAC7D6): 31
LogDevObjectVersion:   Dev-Enterprise (9DFFBCD6-494F-0158-E221-12823C92A888): 8
LogDevObjectVersion:   Dev-Niagara (F2AED0AC-9AFE-416F-8664-AA7FFA26D6FC): 1
LogDevObjectVersion:   Dev-Destruction (174F1F0B-B4C6-45A5-B13F-2EE8D0FB917D): 9
LogDevObjectVersion:   Dev-Physics-Ext (35F94A83-E258-406C-A318-09F59610247C): 8
LogDevObjectVersion:   Dev-CineCamera (B2E18506-4273-CFC2-A54E-F4BB758BBA07): 1
LogInit: Presizing for max 25165824 objects, including 0 objects not considered by GC, pre-allocating 0 bytes for permanent pool.
LogInit: Object subsystem initialized
LogConfig: Setting CVar [[con.DebugEarlyDefault:1]]
LogConfig: Setting CVar [[r.setres:1280x720]]
[2020.06.10-21.04.38:889][  0]LogConfig: Setting CVar [[r.VSync:0]]
[2020.06.10-21.04.38:889][  0]LogConfig: Setting CVar [[r.RHICmdBypass:0]]
[2020.06.10-21.04.38:889][  0]LogConfig: Applying CVar settings from Section [/Script/Engine.RendererSettings] File [D:/adale/Desktop/Black-White/Monochrome/Saved/Config/Windows/Engine.ini]
[2020.06.10-21.04.38:889][  0]LogConfig: Setting CVar [[r.GPUCrashDebugging:0]]
[2020.06.10-21.04.38:889][  0]LogConfig: Applying CVar settings from Section [/Script/Engine.RendererOverrideSettings] File [D:/adale/Desktop/Black-White/Monochrome/Saved/Config/Windows/Engine.ini]
[2020.06.10-21.04.38:889][  0]LogConfig: Applying CVar settings from Section [/Script/Engine.StreamingSettings] File [D:/adale/Desktop/Black-White/Monochrome/Saved/Config/Windows/Engine.ini]
[2020.06.10-21.04.38:889][  0]LogConfig: Setting CVar [[s.MinBulkDataSizeForAsyncLoading:131072]]
[2020.06.10-21.04.38:889][  0]LogConfig: Setting CVar [[s.AsyncLoadingThreadEnabled:0]]
[2020.06.10-21.04.38:889][  0]LogConfig: Setting CVar [[s.EventDrivenLoaderEnabled:1]]
[2020.06.10-21.04.38:889][  0]LogConfig: Setting CVar [[s.WarnIfTimeLimitExceeded:0]]
[2020.06.10-21.04.38:889][  0]LogConfig: Setting CVar [[s.TimeLimitExceededMultiplier:1.5]]
[2020.06.10-21.04.38:889][  0]LogConfig: Setting CVar [[s.TimeLimitExceededMinTime:0.005]]
[2020.06.10-21.04.38:890][  0]LogConfig: Setting CVar [[s.UseBackgroundLevelStreaming:1]]
[2020.06.10-21.04.38:890][  0]LogConfig: Setting CVar [[s.PriorityAsyncLoadingExtraTime:15.0]]
[2020.06.10-21.04.38:890][  0]LogConfig: Setting CVar [[s.LevelStreamingActorsUpdateTimeLimit:5.0]]
[2020.06.10-21.04.38:890][  0]LogConfig: Setting CVar [[s.PriorityLevelStreamingActorsUpdateExtraTime:5.0]]
[2020.06.10-21.04.38:890][  0]LogConfig: Setting CVar [[s.LevelStreamingComponentsRegistrationGranularity:10]]
[2020.06.10-21.04.38:890][  0]LogConfig: Setting CVar [[s.UnregisterComponentsTimeLimit:1.0]]
[2020.06.10-21.04.38:890][  0]LogConfig: Setting CVar [[s.LevelStreamingComponentsUnregistrationGranularity:5]]
[2020.06.10-21.04.38:890][  0]LogConfig: Setting CVar [[s.FlushStreamingOnExit:1]]
[2020.06.10-21.04.38:890][  0]LogConfig: Applying CVar settings from Section [/Script/Engine.GarbageCollectionSettings] File [D:/adale/Desktop/Black-White/Monochrome/Saved/Config/Windows/Engine.ini]
[2020.06.10-21.04.38:890][  0]LogConfig: Setting CVar [[gc.MaxObjectsNotConsideredByGC:1]]
[2020.06.10-21.04.38:890][  0]LogConfig: Setting CVar [[gc.SizeOfPermanentObjectPool:0]]
[2020.06.10-21.04.38:890][  0]LogConfig: Setting CVar [[gc.FlushStreamingOnGC:0]]
[2020.06.10-21.04.38:890][  0]LogConfig: Setting CVar [[gc.NumRetriesBeforeForcingGC:10]]
[2020.06.10-21.04.38:891][  0]LogConfig: Setting CVar [[gc.AllowParallelGC:1]]
[2020.06.10-21.04.38:891][  0]LogConfig: Setting CVar [[gc.TimeBetweenPurgingPendingKillObjects:61.1]]
[2020.06.10-21.04.38:891][  0]LogConfig: Setting CVar [[gc.MaxObjectsInEditor:25165824]]
[2020.06.10-21.04.38:891][  0]LogConfig: Setting CVar [[gc.IncrementalBeginDestroyEnabled:1]]
[2020.06.10-21.04.38:891][  0]LogConfig: Setting CVar [[gc.CreateGCClusters:1]]
[2020.06.10-21.04.38:891][  0]LogConfig: Setting CVar [[gc.MinGCClusterSize:5]]
[2020.06.10-21.04.38:891][  0]LogConfig: Setting CVar [[gc.ActorClusteringEnabled:0]]
[2020.06.10-21.04.38:891][  0]LogConfig: Setting CVar [[gc.BlueprintClusteringEnabled:0]]
[2020.06.10-21.04.38:891][  0]LogConfig: Setting CVar [[gc.UseDisregardForGCOnDedicatedServers:0]]
[2020.06.10-21.04.38:891][  0]LogConfig: Applying CVar settings from Section [/Script/Engine.NetworkSettings] File [D:/adale/Desktop/Black-White/Monochrome/Saved/Config/Windows/Engine.ini]
[2020.06.10-21.04.38:891][  0]LogConfig: Applying CVar settings from Section [/Script/UnrealEd.CookerSettings] File [D:/adale/Desktop/Black-White/Monochrome/Saved/Config/Windows/Engine.ini]
[2020.06.10-21.04.38:902][  0]LogConfig: Applying CVar settings from Section [ViewDistanceQuality@3] File [D:/adale/Desktop/Black-White/Monochrome/Saved/Config/Windows/Scalability.ini]
[2020.06.10-21.04.38:902][  0]LogConfig: Setting CVar [[r.SkeletalMeshLODBias:0]]
[2020.06.10-21.04.38:902][  0]LogConfig: Setting CVar [[r.ViewDistanceScale:1.0]]
[2020.06.10-21.04.38:903][  0]LogConfig: Applying CVar settings from Section [AntiAliasingQuality@3] File [D:/adale/Desktop/Black-White/Monochrome/Saved/Config/Windows/Scalability.ini]
[2020.06.10-21.04.38:903][  0]LogConfig: Setting CVar [[r.PostProcessAAQuality:4]]
[2020.06.10-21.04.38:903][  0]LogConfig: Applying CVar settings from Section [ShadowQuality@3] File [D:/adale/Desktop/Black-White/Monochrome/Saved/Config/Windows/Scalability.ini]
[2020.06.10-21.04.38:903][  0]LogConfig: Setting CVar [[r.LightFunctionQuality:1]]
[2020.06.10-21.04.38:903][  0]LogConfig: Setting CVar [[r.ShadowQuality:5]]
[2020.06.10-21.04.38:903][  0]LogConfig: Setting CVar [[r.Shadow.CSM.MaxCascades:10]]
[2020.06.10-21.04.38:903][  0]LogConfig: Setting CVar [[r.Shadow.MaxResolution:2048]]
[2020.06.10-21.04.38:903][  0]LogConfig: Setting CVar [[r.Shadow.MaxCSMResolution:2048]]
[2020.06.10-21.04.38:903][  0]LogConfig: Setting CVar [[r.Shadow.RadiusThreshold:0.01]]
[2020.06.10-21.04.38:903][  0]LogConfig: Setting CVar [[r.Shadow.DistanceScale:1.0]]
[2020.06.10-21.04.38:903][  0]LogConfig: Setting CVar [[r.Shadow.CSM.TransitionScale:1.0]]
[2020.06.10-21.04.38:903][  0]LogConfig: Setting CVar [[r.Shadow.PreShadowResolutionFactor:1.0]]
[2020.06.10-21.04.38:903][  0]LogConfig: Setting CVar [[r.DistanceFieldShadowing:1]]
[2020.06.10-21.04.38:903][  0]LogConfig: Setting CVar [[r.DistanceFieldAO:1]]
[2020.06.10-21.04.38:904][  0]LogConfig: Setting CVar [[r.AOQuality:2]]
[2020.06.10-21.04.38:904][  0]LogConfig: Setting CVar [[r.VolumetricFog:1]]
[2020.06.10-21.04.38:904][  0]LogConfig: Setting CVar [[r.VolumetricFog.GridPixelSize:8]]
[2020.06.10-21.04.38:904][  0]LogConfig: Setting CVar [[r.VolumetricFog.GridSizeZ:128]]
[2020.06.10-21.04.38:904][  0]LogConfig: Setting CVar [[r.VolumetricFog.HistoryMissSupersampleCount:4]]
[2020.06.10-21.04.38:904][  0]LogConfig: Setting CVar [[r.LightMaxDrawDistanceScale:1]]
[2020.06.10-21.04.38:904][  0]LogConfig: Setting CVar [[r.CapsuleShadows:1]]
[2020.06.10-21.04.38:904][  0]LogConfig: Applying CVar settings from Section [PostProcessQuality@3] File [D:/adale/Desktop/Black-White/Monochrome/Saved/Config/Windows/Scalability.ini]
[2020.06.10-21.04.38:904][  0]LogConfig: Setting CVar [[r.MotionBlurQuality:4]]
[2020.06.10-21.04.38:904][  0]LogConfig: Setting CVar [[r.AmbientOcclusionMipLevelFactor:0.4]]
[2020.06.10-21.04.38:904][  0]LogConfig: Setting CVar [[r.AmbientOcclusionMaxQuality:100]]
[2020.06.10-21.04.38:905][  0]LogConfig: Setting CVar [[r.AmbientOcclusionLevels:-1]]
[2020.06.10-21.04.38:905][  0]LogConfig: Setting CVar [[r.AmbientOcclusionRadiusScale:1.0]]
[2020.06.10-21.04.38:905][  0]LogConfig: Setting CVar [[r.DepthOfFieldQuality:2]]
[2020.06.10-21.04.38:905][  0]LogConfig: Setting CVar [[r.RenderTargetPoolMin:400]]
[2020.06.10-21.04.38:905][  0]LogConfig: Setting CVar [[r.LensFlareQuality:2]]
[2020.06.10-21.04.38:905][  0]LogConfig: Setting CVar [[r.SceneColorFringeQuality:1]]
[2020.06.10-21.04.38:905][  0]LogConfig: Setting CVar [[r.EyeAdaptationQuality:2]]
[2020.06.10-21.04.38:905][  0]LogConfig: Setting CVar [[r.BloomQuality:5]]
[2020.06.10-21.04.38:905][  0]LogConfig: Setting CVar [[r.FastBlurThreshold:100]]
[2020.06.10-21.04.38:905][  0]LogConfig: Setting CVar [[r.Upscale.Quality:3]]
[2020.06.10-21.04.38:905][  0]LogConfig: Setting CVar [[r.Tonemapper.GrainQuantization:1]]
[2020.06.10-21.04.38:905][  0]LogConfig: Setting CVar [[r.LightShaftQuality:1]]
[2020.06.10-21.04.38:905][  0]LogConfig: Setting CVar [[r.Filter.SizeScale:1]]
[2020.06.10-21.04.38:905][  0]LogConfig: Setting CVar [[r.Tonemapper.Quality:5]]
[2020.06.10-21.04.38:906][  0]LogConfig: Setting CVar [[r.DOF.Gather.AccumulatorQuality:1        ; higher gathering accumulator quality]]
[2020.06.10-21.04.38:906][  0]LogConfig: Setting CVar [[r.DOF.Gather.PostfilterMethod:1          ; Median3x3 postfilering method]]
[2020.06.10-21.04.38:906][  0]LogConfig: Setting CVar [[r.DOF.Gather.EnableBokehSettings:0       ; no bokeh simulation when gathering]]
[2020.06.10-21.04.38:906][  0]LogConfig: Setting CVar [[r.DOF.Gather.RingCount:4                 ; medium number of samples when gathering]]
[2020.06.10-21.04.38:906][  0]LogConfig: Setting CVar [[r.DOF.Scatter.ForegroundCompositing:1    ; additive foreground scattering]]
[2020.06.10-21.04.38:906][  0]LogConfig: Setting CVar [[r.DOF.Scatter.BackgroundCompositing:2    ; additive background scattering]]
[2020.06.10-21.04.38:906][  0]LogConfig: Setting CVar [[r.DOF.Scatter.EnableBokehSettings:1      ; bokeh simulation when scattering]]
[2020.06.10-21.04.38:906][  0]LogConfig: Setting CVar [[r.DOF.Scatter.MaxSpriteRatio:0.1         ; only a maximum of 10% of scattered bokeh]]
[2020.06.10-21.04.38:906][  0]LogConfig: Setting CVar [[r.DOF.Recombine.Quality:1                ; cheap slight out of focus]]
[2020.06.10-21.04.38:906][  0]LogConfig: Setting CVar [[r.DOF.Recombine.EnableBokehSettings:0    ; no bokeh simulation on slight out of focus]]
[2020.06.10-21.04.38:906][  0]LogConfig: Setting CVar [[r.DOF.TemporalAAQuality:1                ; more stable temporal accumulation]]
[2020.06.10-21.04.38:906][  0]LogConfig: Setting CVar [[r.DOF.Kernel.MaxForegroundRadius:0.025]]
[2020.06.10-21.04.38:906][  0]LogConfig: Setting CVar [[r.DOF.Kernel.MaxBackgroundRadius:0.025]]
[2020.06.10-21.04.38:907][  0]LogConfig: Applying CVar settings from Section [TextureQuality@3] File [D:/adale/Desktop/Black-White/Monochrome/Saved/Config/Windows/Scalability.ini]
[2020.06.10-21.04.38:907][  0]LogConfig: Setting CVar [[r.Streaming.MipBias:0]]
[2020.06.10-21.04.38:907][  0]LogConfig: Setting CVar [[r.Streaming.AmortizeCPUToGPUCopy:0]]
[2020.06.10-21.04.38:907][  0]LogConfig: Setting CVar [[r.Streaming.MaxNumTexturesToStreamPerFrame:0]]
[2020.06.10-21.04.38:907][  0]LogConfig: Setting CVar [[r.Streaming.Boost:1]]
[2020.06.10-21.04.38:907][  0]LogConfig: Setting CVar [[r.MaxAnisotropy:8]]
[2020.06.10-21.04.38:907][  0]LogConfig: Setting CVar [[r.VT.MaxAnisotropy:8]]
[2020.06.10-21.04.38:907][  0]LogConfig: Setting CVar [[r.Streaming.LimitPoolSizeToVRAM:0]]
[2020.06.10-21.04.38:907][  0]LogConfig: Setting CVar [[r.Streaming.PoolSize:1000]]
[2020.06.10-21.04.38:907][  0]LogConfig: Setting CVar [[r.Streaming.MaxEffectiveScreenSize:0]]
[2020.06.10-21.04.38:907][  0]LogConfig: Applying CVar settings from Section [EffectsQuality@3] File [D:/adale/Desktop/Black-White/Monochrome/Saved/Config/Windows/Scalability.ini]
[2020.06.10-21.04.38:907][  0]LogConfig: Setting CVar [[r.TranslucencyLightingVolumeDim:64]]
[2020.06.10-21.04.38:907][  0]LogConfig: Setting CVar [[r.RefractionQuality:2]]
[2020.06.10-21.04.38:907][  0]LogConfig: Setting CVar [[r.SSR.Quality:3]]
[2020.06.10-21.04.38:907][  0]LogConfig: Setting CVar [[r.SSR.HalfResSceneColor:0]]
[2020.06.10-21.04.38:907][  0]LogConfig: Setting CVar [[r.SceneColorFormat:4]]
[2020.06.10-21.04.38:908][  0]LogConfig: Setting CVar [[r.DetailMode:2]]
[2020.06.10-21.04.38:908][  0]LogConfig: Setting CVar [[r.TranslucencyVolumeBlur:1]]
[2020.06.10-21.04.38:908][  0]LogConfig: Setting CVar [[r.MaterialQualityLevel:1 ; High quality]]
[2020.06.10-21.04.38:908][  0]LogConfig: Setting CVar [[r.SSS.Scale:1]]
[2020.06.10-21.04.38:908][  0]LogConfig: Setting CVar [[r.SSS.SampleSet:2]]
[2020.06.10-21.04.38:908][  0]LogConfig: Setting CVar [[r.SSS.Quality:1]]
[2020.06.10-21.04.38:908][  0]LogConfig: Setting CVar [[r.SSS.HalfRes:1]]
[2020.06.10-21.04.38:908][  0]LogConfig: Setting CVar [[r.SSGI.Quality:3]]
[2020.06.10-21.04.38:908][  0]LogConfig: Setting CVar [[r.EmitterSpawnRateScale:1.0]]
[2020.06.10-21.04.38:908][  0]LogConfig: Setting CVar [[r.ParticleLightQuality:2]]
[2020.06.10-21.04.38:908][  0]LogConfig: Setting CVar [[r.SkyAtmosphere.AerialPerspectiveLUT.FastApplyOnOpaque:1 ; Always have FastSkyLUT 1 in this case to avoid wrong sky]]
[2020.06.10-21.04.38:908][  0]LogConfig: Setting CVar [[r.SkyAtmosphere.AerialPerspectiveLUT.SampleCountPerSlice:1]]
[2020.06.10-21.04.38:908][  0]LogConfig: Setting CVar [[r.SkyAtmosphere.AerialPerspectiveLUT.DepthResolution:16.0]]
[2020.06.10-21.04.38:908][  0]LogConfig: Setting CVar [[r.SkyAtmosphere.FastSkyLUT:1]]
[2020.06.10-21.04.38:908][  0]LogConfig: Setting CVar [[r.SkyAtmosphere.FastSkyLUT.SampleCountMin:4.0]]
[2020.06.10-21.04.38:908][  0]LogConfig: Setting CVar [[r.SkyAtmosphere.FastSkyLUT.SampleCountMax:32.0]]
[2020.06.10-21.04.38:909][  0]LogConfig: Setting CVar [[r.SkyAtmosphere.SampleCountMin:4.0]]
[2020.06.10-21.04.38:909][  0]LogConfig: Setting CVar [[r.SkyAtmosphere.SampleCountMax:32.0]]
[2020.06.10-21.04.38:909][  0]LogConfig: Setting CVar [[r.SkyAtmosphere.TransmittanceLUT.UseSmallFormat:0]]
[2020.06.10-21.04.38:909][  0]LogConfig: Setting CVar [[r.SkyAtmosphere.TransmittanceLUT.SampleCount:10.0]]
[2020.06.10-21.04.38:909][  0]LogConfig: Setting CVar [[r.SkyAtmosphere.MultiScatteringLUT.SampleCount:15.0]]
[2020.06.10-21.04.38:909][  0]LogConfig: Applying CVar settings from Section [FoliageQuality@3] File [D:/adale/Desktop/Black-White/Monochrome/Saved/Config/Windows/Scalability.ini]
[2020.06.10-21.04.38:909][  0]LogConfig: Setting CVar [[foliage.DensityScale:1.0]]
[2020.06.10-21.04.38:909][  0]LogConfig: Setting CVar [[grass.DensityScale:1.0]]
[2020.06.10-21.04.38:909][  0]LogConfig: Applying CVar settings from Section [ShadingQuality@3] File [D:/adale/Desktop/Black-White/Monochrome/Saved/Config/Windows/Scalability.ini]
[2020.06.10-21.04.38:909][  0]LogConfig: Setting CVar [[r.HairStrands.SkyLighting.SampleCount:16]]
[2020.06.10-21.04.38:909][  0]LogConfig: Setting CVar [[r.HairStrands.SkyLighting.JitterIntegration:0]]
[2020.06.10-21.04.38:909][  0]LogConfig: Setting CVar [[r.HairStrands.SkyAO.SampleCount:16]]
[2020.06.10-21.04.38:910][  0]LogInit: Selected Device Profile: [Windows]
[2020.06.10-21.04.38:910][  0]LogInit: Applying CVar settings loaded from the selected device profile: [Windows]
[2020.06.10-21.04.38:913][  0]LogHAL: Display: Platform has ~ 16 GB [17039618048 / 17179869184 / 16], which maps to Larger [LargestMinGB=32, LargerMinGB=12, DefaultMinGB=8, SmallerMinGB=6, SmallestMinGB=0)
[2020.06.10-21.04.38:913][  0]LogInit: Going up to parent DeviceProfile []
[2020.06.10-21.04.38:914][  0]LogConfig: Applying CVar settings from Section [ViewDistanceQuality@3] File [D:/adale/Desktop/Black-White/Monochrome/Saved/Config/Windows/Scalability.ini]
[2020.06.10-21.04.38:914][  0]LogConfig: Setting CVar [[r.SkeletalMeshLODBias:0]]
[2020.06.10-21.04.38:914][  0]LogConfig: Setting CVar [[r.ViewDistanceScale:1.0]]
[2020.06.10-21.04.38:914][  0]LogConfig: Applying CVar settings from Section [AntiAliasingQuality@3] File [D:/adale/Desktop/Black-White/Monochrome/Saved/Config/Windows/Scalability.ini]
[2020.06.10-21.04.38:914][  0]LogConfig: Setting CVar [[r.PostProcessAAQuality:4]]
[2020.06.10-21.04.38:914][  0]LogConfig: Applying CVar settings from Section [ShadowQuality@3] File [D:/adale/Desktop/Black-White/Monochrome/Saved/Config/Windows/Scalability.ini]
[2020.06.10-21.04.38:914][  0]LogConfig: Setting CVar [[r.LightFunctionQuality:1]]
[2020.06.10-21.04.38:914][  0]LogConfig: Setting CVar [[r.ShadowQuality:5]]
[2020.06.10-21.04.38:914][  0]LogConfig: Setting CVar [[r.Shadow.CSM.MaxCascades:10]]
[2020.06.10-21.04.38:915][  0]LogConfig: Setting CVar [[r.Shadow.MaxResolution:2048]]
[2020.06.10-21.04.38:915][  0]LogConfig: Setting CVar [[r.Shadow.MaxCSMResolution:2048]]
[2020.06.10-21.04.38:915][  0]LogConfig: Setting CVar [[r.Shadow.RadiusThreshold:0.01]]
[2020.06.10-21.04.38:915][  0]LogConfig: Setting CVar [[r.Shadow.DistanceScale:1.0]]
[2020.06.10-21.04.38:915][  0]LogConfig: Setting CVar [[r.Shadow.CSM.TransitionScale:1.0]]
[2020.06.10-21.04.38:915][  0]LogConfig: Setting CVar [[r.Shadow.PreShadowResolutionFactor:1.0]]
[2020.06.10-21.04.38:915][  0]LogConfig: Setting CVar [[r.DistanceFieldShadowing:1]]
[2020.06.10-21.04.38:915][  0]LogConfig: Setting CVar [[r.DistanceFieldAO:1]]
[2020.06.10-21.04.38:915][  0]LogConfig: Setting CVar [[r.AOQuality:2]]
[2020.06.10-21.04.38:916][  0]LogConfig: Setting CVar [[r.VolumetricFog:1]]
[2020.06.10-21.04.38:916][  0]LogConfig: Setting CVar [[r.VolumetricFog.GridPixelSize:8]]
[2020.06.10-21.04.38:916][  0]LogConfig: Setting CVar [[r.VolumetricFog.GridSizeZ:128]]
[2020.06.10-21.04.38:916][  0]LogConfig: Setting CVar [[r.VolumetricFog.HistoryMissSupersampleCount:4]]
[2020.06.10-21.04.38:916][  0]LogConfig: Setting CVar [[r.LightMaxDrawDistanceScale:1]]
[2020.06.10-21.04.38:916][  0]LogConfig: Setting CVar [[r.CapsuleShadows:1]]
[2020.06.10-21.04.38:916][  0]LogConfig: Applying CVar settings from Section [PostProcessQuality@3] File [D:/adale/Desktop/Black-White/Monochrome/Saved/Config/Windows/Scalability.ini]
[2020.06.10-21.04.38:916][  0]LogConfig: Setting CVar [[r.MotionBlurQuality:4]]
[2020.06.10-21.04.38:916][  0]LogConfig: Setting CVar [[r.AmbientOcclusionMipLevelFactor:0.4]]
[2020.06.10-21.04.38:916][  0]LogConfig: Setting CVar [[r.AmbientOcclusionMaxQuality:100]]
[2020.06.10-21.04.38:916][  0]LogConfig: Setting CVar [[r.AmbientOcclusionLevels:-1]]
[2020.06.10-21.04.38:916][  0]LogConfig: Setting CVar [[r.AmbientOcclusionRadiusScale:1.0]]
[2020.06.10-21.04.38:916][  0]LogConfig: Setting CVar [[r.DepthOfFieldQuality:2]]
[2020.06.10-21.04.38:916][  0]LogConfig: Setting CVar [[r.RenderTargetPoolMin:400]]
[2020.06.10-21.04.38:917][  0]LogConfig: Setting CVar [[r.LensFlareQuality:2]]
[2020.06.10-21.04.38:917][  0]LogConfig: Setting CVar [[r.SceneColorFringeQuality:1]]
[2020.06.10-21.04.38:917][  0]LogConfig: Setting CVar [[r.EyeAdaptationQuality:2]]
[2020.06.10-21.04.38:917][  0]LogConfig: Setting CVar [[r.BloomQuality:5]]
[2020.06.10-21.04.38:917][  0]LogConfig: Setting CVar [[r.FastBlurThreshold:100]]
[2020.06.10-21.04.38:917][  0]LogConfig: Setting CVar [[r.Upscale.Quality:3]]
[2020.06.10-21.04.38:917][  0]LogConfig: Setting CVar [[r.Tonemapper.GrainQuantization:1]]
[2020.06.10-21.04.38:917][  0]LogConfig: Setting CVar [[r.LightShaftQuality:1]]
[2020.06.10-21.04.38:917][  0]LogConfig: Setting CVar [[r.Filter.SizeScale:1]]
[2020.06.10-21.04.38:917][  0]LogConfig: Setting CVar [[r.Tonemapper.Quality:5]]
[2020.06.10-21.04.38:917][  0]LogConfig: Setting CVar [[r.DOF.Gather.AccumulatorQuality:1        ; higher gathering accumulator quality]]
[2020.06.10-21.04.38:917][  0]LogConfig: Setting CVar [[r.DOF.Gather.PostfilterMethod:1          ; Median3x3 postfilering method]]
[2020.06.10-21.04.38:918][  0]LogConfig: Setting CVar [[r.DOF.Gather.EnableBokehSettings:0       ; no bokeh simulation when gathering]]
[2020.06.10-21.04.38:918][  0]LogConfig: Setting CVar [[r.DOF.Gather.RingCount:4                 ; medium number of samples when gathering]]
[2020.06.10-21.04.38:918][  0]LogConfig: Setting CVar [[r.DOF.Scatter.ForegroundCompositing:1    ; additive foreground scattering]]
[2020.06.10-21.04.38:918][  0]LogConfig: Setting CVar [[r.DOF.Scatter.BackgroundCompositing:2    ; additive background scattering]]
[2020.06.10-21.04.38:918][  0]LogConfig: Setting CVar [[r.DOF.Scatter.EnableBokehSettings:1      ; bokeh simulation when scattering]]
[2020.06.10-21.04.38:918][  0]LogConfig: Setting CVar [[r.DOF.Scatter.MaxSpriteRatio:0.1         ; only a maximum of 10% of scattered bokeh]]
[2020.06.10-21.04.38:918][  0]LogConfig: Setting CVar [[r.DOF.Recombine.Quality:1                ; cheap slight out of focus]]
[2020.06.10-21.04.38:918][  0]LogConfig: Setting CVar [[r.DOF.Recombine.EnableBokehSettings:0    ; no bokeh simulation on slight out of focus]]
[2020.06.10-21.04.38:918][  0]LogConfig: Setting CVar [[r.DOF.TemporalAAQuality:1                ; more stable temporal accumulation]]
[2020.06.10-21.04.38:918][  0]LogConfig: Setting CVar [[r.DOF.Kernel.MaxForegroundRadius:0.025]]
[2020.06.10-21.04.38:918][  0]LogConfig: Setting CVar [[r.DOF.Kernel.MaxBackgroundRadius:0.025]]
[2020.06.10-21.04.38:918][  0]LogConfig: Applying CVar settings from Section [TextureQuality@3] File [D:/adale/Desktop/Black-White/Monochrome/Saved/Config/Windows/Scalability.ini]
[2020.06.10-21.04.38:919][  0]LogConfig: Setting CVar [[r.Streaming.MipBias:0]]
[2020.06.10-21.04.38:919][  0]LogConfig: Setting CVar [[r.Streaming.AmortizeCPUToGPUCopy:0]]
[2020.06.10-21.04.38:919][  0]LogConfig: Setting CVar [[r.Streaming.MaxNumTexturesToStreamPerFrame:0]]
[2020.06.10-21.04.38:919][  0]LogConfig: Setting CVar [[r.Streaming.Boost:1]]
[2020.06.10-21.04.38:919][  0]LogConfig: Setting CVar [[r.MaxAnisotropy:8]]
[2020.06.10-21.04.38:919][  0]LogConfig: Setting CVar [[r.VT.MaxAnisotropy:8]]
[2020.06.10-21.04.38:919][  0]LogConfig: Setting CVar [[r.Streaming.LimitPoolSizeToVRAM:0]]
[2020.06.10-21.04.38:919][  0]LogConfig: Setting CVar [[r.Streaming.PoolSize:1000]]
[2020.06.10-21.04.38:919][  0]LogConfig: Setting CVar [[r.Streaming.MaxEffectiveScreenSize:0]]
[2020.06.10-21.04.38:919][  0]LogConfig: Applying CVar settings from Section [EffectsQuality@3] File [D:/adale/Desktop/Black-White/Monochrome/Saved/Config/Windows/Scalability.ini]
[2020.06.10-21.04.38:919][  0]LogConfig: Setting CVar [[r.TranslucencyLightingVolumeDim:64]]
[2020.06.10-21.04.38:919][  0]LogConfig: Setting CVar [[r.RefractionQuality:2]]
[2020.06.10-21.04.38:919][  0]LogConfig: Setting CVar [[r.SSR.Quality:3]]
[2020.06.10-21.04.38:920][  0]LogConfig: Setting CVar [[r.SSR.HalfResSceneColor:0]]
[2020.06.10-21.04.38:920][  0]LogConfig: Setting CVar [[r.SceneColorFormat:4]]
[2020.06.10-21.04.38:920][  0]LogConfig: Setting CVar [[r.DetailMode:2]]
[2020.06.10-21.04.38:920][  0]LogConfig: Setting CVar [[r.TranslucencyVolumeBlur:1]]
[2020.06.10-21.04.38:920][  0]LogConfig: Setting CVar [[r.MaterialQualityLevel:1 ; High quality]]
[2020.06.10-21.04.38:920][  0]LogConfig: Setting CVar [[r.SSS.Scale:1]]
[2020.06.10-21.04.38:920][  0]LogConfig: Setting CVar [[r.SSS.SampleSet:2]]
[2020.06.10-21.04.38:920][  0]LogConfig: Setting CVar [[r.SSS.Quality:1]]
[2020.06.10-21.04.38:920][  0]LogConfig: Setting CVar [[r.SSS.HalfRes:1]]
[2020.06.10-21.04.38:921][  0]LogConfig: Setting CVar [[r.SSGI.Quality:3]]
[2020.06.10-21.04.38:921][  0]LogConfig: Setting CVar [[r.EmitterSpawnRateScale:1.0]]
[2020.06.10-21.04.38:921][  0]LogConfig: Setting CVar [[r.ParticleLightQuality:2]]
[2020.06.10-21.04.38:921][  0]LogConfig: Setting CVar [[r.SkyAtmosphere.AerialPerspectiveLUT.FastApplyOnOpaque:1 ; Always have FastSkyLUT 1 in this case to avoid wrong sky]]
[2020.06.10-21.04.38:921][  0]LogConfig: Setting CVar [[r.SkyAtmosphere.AerialPerspectiveLUT.SampleCountPerSlice:1]]
[2020.06.10-21.04.38:921][  0]LogConfig: Setting CVar [[r.SkyAtmosphere.AerialPerspectiveLUT.DepthResolution:16.0]]
[2020.06.10-21.04.38:921][  0]LogConfig: Setting CVar [[r.SkyAtmosphere.FastSkyLUT:1]]
[2020.06.10-21.04.38:921][  0]LogConfig: Setting CVar [[r.SkyAtmosphere.FastSkyLUT.SampleCountMin:4.0]]
[2020.06.10-21.04.38:921][  0]LogConfig: Setting CVar [[r.SkyAtmosphere.FastSkyLUT.SampleCountMax:32.0]]
[2020.06.10-21.04.38:921][  0]LogConfig: Setting CVar [[r.SkyAtmosphere.SampleCountMin:4.0]]
[2020.06.10-21.04.38:921][  0]LogConfig: Setting CVar [[r.SkyAtmosphere.SampleCountMax:32.0]]
[2020.06.10-21.04.38:921][  0]LogConfig: Setting CVar [[r.SkyAtmosphere.TransmittanceLUT.UseSmallFormat:0]]
[2020.06.10-21.04.38:922][  0]LogConfig: Setting CVar [[r.SkyAtmosphere.TransmittanceLUT.SampleCount:10.0]]
[2020.06.10-21.04.38:922][  0]LogConfig: Setting CVar [[r.SkyAtmosphere.MultiScatteringLUT.SampleCount:15.0]]
[2020.06.10-21.04.38:922][  0]LogConfig: Applying CVar settings from Section [FoliageQuality@3] File [D:/adale/Desktop/Black-White/Monochrome/Saved/Config/Windows/Scalability.ini]
[2020.06.10-21.04.38:922][  0]LogConfig: Setting CVar [[foliage.DensityScale:1.0]]
[2020.06.10-21.04.38:922][  0]LogConfig: Setting CVar [[grass.DensityScale:1.0]]
[2020.06.10-21.04.38:922][  0]LogConfig: Applying CVar settings from Section [ShadingQuality@3] File [D:/adale/Desktop/Black-White/Monochrome/Saved/Config/Windows/Scalability.ini]
[2020.06.10-21.04.38:922][  0]LogConfig: Setting CVar [[r.HairStrands.SkyLighting.SampleCount:16]]
[2020.06.10-21.04.38:922][  0]LogConfig: Setting CVar [[r.HairStrands.SkyLighting.JitterIntegration:0]]
[2020.06.10-21.04.38:922][  0]LogConfig: Setting CVar [[r.HairStrands.SkyAO.SampleCount:16]]
[2020.06.10-21.04.38:922][  0]LogConfig: Applying CVar settings from Section [Startup] File [../../../Engine/Config/ConsoleVariables.ini]
[2020.06.10-21.04.38:923][  0]LogConfig: Setting CVar [[net.UseAdaptiveNetUpdateFrequency:0]]
[2020.06.10-21.04.38:923][  0]LogConfig: Setting CVar [[p.chaos.AllowCreatePhysxBodies:1]]
[2020.06.10-21.04.38:923][  0]LogConfig: Applying CVar settings from Section [ConsoleVariables] File [D:/adale/Desktop/Black-White/Monochrome/Saved/Config/Windows/Engine.ini]
[2020.06.10-21.04.38:923][  0]LogInit: Computer: DESKTOP-J52MBI8
[2020.06.10-21.04.38:923][  0]LogInit: User: adale
[2020.06.10-21.04.38:924][  0]LogInit: CPU Page size=4096, Cores=4
[2020.06.10-21.04.38:924][  0]LogInit: High frequency timer resolution =10.000000 MHz
[2020.06.10-21.04.38:924][  0]LogMemory: Memory total: Physical=15.9GB (16GB approx)
[2020.06.10-21.04.38:924][  0]LogMemory: Platform Memory Stats for Windows
[2020.06.10-21.04.38:924][  0]LogMemory: Process Physical Memory: 105.97 MB used, 105.97 MB peak
[2020.06.10-21.04.38:924][  0]LogMemory: Process Virtual Memory: 100.72 MB used, 100.72 MB peak
[2020.06.10-21.04.38:924][  0]LogMemory: Physical Memory: 8399.79 MB used,  7850.45 MB free, 16250.25 MB total
[2020.06.10-21.04.38:924][  0]LogMemory: Virtual Memory: 5137.56 MB used,  134212592.00 MB free, 134217728.00 MB total
[2020.06.10-21.04.38:935][  0]LogWindows: WindowsPlatformFeatures enabled
[2020.06.10-21.04.39:157][  0]LogInit: Using OS detected language (en-US).
[2020.06.10-21.04.39:157][  0]LogInit: Using OS detected locale (en-CA).
[2020.06.10-21.04.39:159][  0]LogTextLocalizationManager: No specific localization for 'en-US' exists, so the 'en' localization will be used.
[2020.06.10-21.04.39:353][  0]LogInit: Setting process to per monitor DPI aware
[2020.06.10-21.04.39:420][  0]LogSlate: New Slate User Created.  User Index 0, Is Virtual User: 0
[2020.06.10-21.04.39:420][  0]LogSlate: Slate User Registered.  User Index 0, Is Virtual User: 0
[2020.06.10-21.04.39:715][  0]LogHMD: Failed to initialize OpenVR with code 110
[2020.06.10-21.04.39:715][  0]LogD3D11RHI: D3D11 min allowed feature level: 11_0
[2020.06.10-21.04.39:715][  0]LogD3D11RHI: D3D11 max allowed feature level: 11_0
[2020.06.10-21.04.39:716][  0]LogD3D11RHI: D3D11 adapters:
[2020.06.10-21.04.39:829][  0]LogD3D11RHI:    0. 'NVIDIA GeForce GTX 1050 Ti' (Feature Level 11_0)
[2020.06.10-21.04.39:829][  0]LogD3D11RHI:       4018/0/8125 MB DedicatedVideo/DedicatedSystem/SharedSystem, Outputs:2, VendorId:0x10de
[2020.06.10-21.04.39:869][  0]LogD3D11RHI:    1. 'Intel(R) HD Graphics 630' (Feature Level 11_0)
[2020.06.10-21.04.39:870][  0]LogD3D11RHI:       128/0/8125 MB DedicatedVideo/DedicatedSystem/SharedSystem, Outputs:0, VendorId:0x8086
[2020.06.10-21.04.39:878][  0]LogD3D11RHI:    2. 'Microsoft Basic Render Driver' (Feature Level 11_0)
[2020.06.10-21.04.39:878][  0]LogD3D11RHI:       0/0/8125 MB DedicatedVideo/DedicatedSystem/SharedSystem, Outputs:0, VendorId:0x1414
[2020.06.10-21.04.39:878][  0]LogD3D11RHI: Chosen D3D11 Adapter: 0
[2020.06.10-21.04.39:931][  0]LogD3D11RHI: Creating new Direct3DDevice
[2020.06.10-21.04.39:931][  0]LogD3D11RHI:     GPU DeviceId: 0x1c8c (for the marketing name, search the web for "GPU Device Id")
[2020.06.10-21.04.39:931][  0]LogWindows: EnumDisplayDevices:
[2020.06.10-21.04.39:932][  0]LogWindows:    0. 'Intel(R) HD Graphics 630' (P:1 D:1)
[2020.06.10-21.04.39:932][  0]LogWindows:    1. 'Intel(R) HD Graphics 630' (P:0 D:0)
[2020.06.10-21.04.39:932][  0]LogWindows:    2. 'Intel(R) HD Graphics 630' (P:0 D:0)
[2020.06.10-21.04.39:933][  0]LogWindows:    3. 'NVIDIA GeForce GTX 1050 Ti' (P:0 D:1)
[2020.06.10-21.04.39:933][  0]LogWindows: DebugString: PrimaryIsNotTheChoosenAdapter PrimaryIsNotTheChoosenAdapter PrimaryIsNotTheChoosenAdapter 
[2020.06.10-21.04.39:933][  0]LogD3D11RHI:     Adapter Name: NVIDIA GeForce GTX 1050 Ti
[2020.06.10-21.04.39:933][  0]LogD3D11RHI:   Driver Version: 441.08 (internal:26.21.14.4108, unified:441.08)
[2020.06.10-21.04.39:933][  0]LogD3D11RHI:      Driver Date: 10-22-2019
[2020.06.10-21.04.39:934][  0]LogRHI: Texture pool is 2812 MB (70% of 4018 MB)
[2020.06.10-21.04.40:001][  0]LogD3D11RHI: RHI has support for 64 bit atomics
[2020.06.10-21.04.40:001][  0]LogD3D11RHI: Async texture creation enabled
[2020.06.10-21.04.40:026][  0]LogD3D11RHI: GPU Timing Frequency: 1000.000000 (Debug: 2 1)
[2020.06.10-21.04.40:358][  0]LogTargetPlatformManager: Display: Loaded TargetPlatform 'AllDesktop'
[2020.06.10-21.04.40:396][  0]LogTargetPlatformManager: Display: Loaded TargetPlatform 'Android'
[2020.06.10-21.04.40:396][  0]LogTargetPlatformManager: Display: Loaded TargetPlatform 'Android_ASTC'
[2020.06.10-21.04.40:396][  0]LogTargetPlatformManager: Display: Loaded TargetPlatform 'Android_ATC'
[2020.06.10-21.04.40:396][  0]LogTargetPlatformManager: Display: Loaded TargetPlatform 'Android_DXT'
[2020.06.10-21.04.40:397][  0]LogTargetPlatformManager: Display: Loaded TargetPlatform 'Android_ETC1'
[2020.06.10-21.04.40:397][  0]LogTargetPlatformManager: Display: Loaded TargetPlatform 'Android_ETC1a'
[2020.06.10-21.04.40:397][  0]LogTargetPlatformManager: Display: Loaded TargetPlatform 'Android_ETC2'
[2020.06.10-21.04.40:397][  0]LogTargetPlatformManager: Display: Loaded TargetPlatform 'Android_PVRTC'
[2020.06.10-21.04.40:397][  0]LogTargetPlatformManager: Display: Loaded TargetPlatform 'AndroidClient'
[2020.06.10-21.04.40:397][  0]LogTargetPlatformManager: Display: Loaded TargetPlatform 'Android_ASTCClient'
[2020.06.10-21.04.40:397][  0]LogTargetPlatformManager: Display: Loaded TargetPlatform 'Android_ATCClient'
[2020.06.10-21.04.40:398][  0]LogTargetPlatformManager: Display: Loaded TargetPlatform 'Android_DXTClient'
[2020.06.10-21.04.40:398][  0]LogTargetPlatformManager: Display: Loaded TargetPlatform 'Android_ETC1Client'
[2020.06.10-21.04.40:398][  0]LogTargetPlatformManager: Display: Loaded TargetPlatform 'Android_ETC1aClient'
[2020.06.10-21.04.40:398][  0]LogTargetPlatformManager: Display: Loaded TargetPlatform 'Android_ETC2Client'
[2020.06.10-21.04.40:398][  0]LogTargetPlatformManager: Display: Loaded TargetPlatform 'Android_PVRTCClient'
[2020.06.10-21.04.40:398][  0]LogTargetPlatformManager: Display: Loaded TargetPlatform 'Android_Multi'
[2020.06.10-21.04.40:398][  0]LogTargetPlatformManager: Display: Loaded TargetPlatform 'Android_MultiClient'
[2020.06.10-21.04.40:430][  0]LogTargetPlatformManager: Display: Loaded TargetPlatform 'IOSClient'
[2020.06.10-21.04.40:431][  0]LogTargetPlatformManager: Display: Loaded TargetPlatform 'IOS'
[2020.06.10-21.04.40:441][  0]LogTargetPlatformManager: Display: Loaded TargetPlatform 'LinuxNoEditor'
[2020.06.10-21.04.40:451][  0]LogTargetPlatformManager: Display: Loaded TargetPlatform 'LinuxClient'
[2020.06.10-21.04.40:460][  0]LogTargetPlatformManager: Display: Loaded TargetPlatform 'LinuxServer'
[2020.06.10-21.04.40:470][  0]LogTargetPlatformManager: Display: Loaded TargetPlatform 'LinuxAArch64NoEditor'
[2020.06.10-21.04.40:481][  0]LogTargetPlatformManager: Display: Loaded TargetPlatform 'LinuxAArch64Client'
[2020.06.10-21.04.40:494][  0]LogTargetPlatformManager: Display: Loaded TargetPlatform 'LinuxAArch64Server'
[2020.06.10-21.04.40:529][  0]LogTargetPlatformManager: Display: Loaded TargetPlatform 'Lumin'
[2020.06.10-21.04.40:529][  0]LogTargetPlatformManager: Display: Loaded TargetPlatform 'LuminClient'
[2020.06.10-21.04.40:553][  0]LogTargetPlatformManager: Display: Loaded TargetPlatform 'TVOSClient'
[2020.06.10-21.04.40:553][  0]LogTargetPlatformManager: Display: Loaded TargetPlatform 'TVOS'
[2020.06.10-21.04.40:565][  0]LogTargetPlatformManager: Display: Loaded TargetPlatform 'WindowsNoEditor'
[2020.06.10-21.04.40:577][  0]LogTargetPlatformManager: Display: Loaded TargetPlatform 'Windows'
[2020.06.10-21.04.40:589][  0]LogTargetPlatformManager: Display: Loaded TargetPlatform 'WindowsClient'
[2020.06.10-21.04.40:600][  0]LogTargetPlatformManager: Display: Loaded TargetPlatform 'WindowsServer'
[2020.06.10-21.04.40:600][  0]LogTargetPlatformManager: Display: Building Assets For Windows
[2020.06.10-21.04.40:624][  0]LogAudioDebug: Display: Lib vorbis DLL was dynamically loaded.
[2020.06.10-21.04.40:715][  0]LogShaderCompilers: Guid format shader working directory is -6 characters bigger than the processId version (../../../../../adale/Desktop/Black-White/Monochrome/Intermediate/Shaders/WorkingDirectory/18848/).
[2020.06.10-21.04.40:715][  0]LogShaderCompilers: Cleaned the shader compiler working directory 'C:/Users/adale/AppData/Local/Temp/UnrealShaderWorkingDir/4F8DD73640BFB5B4410E06837B6E24AA/'.
[2020.06.10-21.04.40:716][  0]LogXGEController: Cleaning working directory: C:/Users/adale/AppData/Local/Temp/UnrealXGEWorkingDir/
[2020.06.10-21.04.40:716][  0]LogXGEController: Cannot use XGE Controller as Incredibuild is not installed on this machine.
[2020.06.10-21.04.40:717][  0]LogShaderCompilers: Cannot use XGE Shader Compiler as Incredibuild is not installed on this machine.
[2020.06.10-21.04.40:717][  0]LogShaderCompilers: Display: Using Local Shader Compiler.
[2020.06.10-21.04.41:590][  0]LogDerivedDataCache: Display: Max Cache Size: 512 MB
[2020.06.10-21.04.41:656][  0]LogDerivedDataCache: Loaded boot cache 0.06s 78MB C:/Users/adale/AppData/Local/UnrealEngine/4.24/DerivedDataCache/Boot.ddc.
[2020.06.10-21.04.41:656][  0]LogDerivedDataCache: Display: Loaded Boot cache: C:/Users/adale/AppData/Local/UnrealEngine/4.24/DerivedDataCache/Boot.ddc
[2020.06.10-21.04.41:656][  0]LogDerivedDataCache: FDerivedDataBackendGraph:  Pak pak cache file ../../../../../adale/Desktop/Black-White/Monochrome/DerivedDataCache/DDC.ddp not found, will not use a pak cache.
[2020.06.10-21.04.41:656][  0]LogDerivedDataCache: Unable to find inner node Pak for hierarchical cache Hierarchy.
[2020.06.10-21.04.41:656][  0]LogDerivedDataCache: FDerivedDataBackendGraph:  CompressedPak pak cache file ../../../../../adale/Desktop/Black-White/Monochrome/DerivedDataCache/Compressed.ddp not found, will not use a pak cache.
[2020.06.10-21.04.41:656][  0]LogDerivedDataCache: Unable to find inner node CompressedPak for hierarchical cache Hierarchy.
[2020.06.10-21.04.41:667][  0]LogDerivedDataCache: Display: Pak cache opened for reading ../../../Engine/DerivedDataCache/Compressed.ddp.
[2020.06.10-21.04.41:668][  0]LogDerivedDataCache: FDerivedDataBackendGraph:  EnterprisePak pak cache file ../../../Enterprise/DerivedDataCache/Compressed.ddp not found, will not use a pak cache.
[2020.06.10-21.04.41:668][  0]LogDerivedDataCache: Unable to find inner node EnterprisePak for hierarchical cache Hierarchy.
[2020.06.10-21.04.41:672][  0]LogDerivedDataCache: Using Local data cache path C:/Users/adale/AppData/Local/UnrealEngine/Common/DerivedDataCache: Writable
[2020.06.10-21.04.41:672][  0]LogDerivedDataCache: Shared data cache path not found in *engine.ini, will not use an Shared cache.
[2020.06.10-21.04.41:672][  0]LogDerivedDataCache: Unable to find inner node Shared for hierarchical cache Hierarchy.
[2020.06.10-21.04.41:704][  0]LogMaterial: Verifying Global Shaders for PCD3D_SM5
[2020.06.10-21.04.41:707][  0]LogSlate: Using FreeType 2.10.0
[2020.06.10-21.04.41:708][  0]LogSlate: SlateFontServices - WITH_FREETYPE: 1, WITH_HARFBUZZ: 1
[2020.06.10-21.04.41:789][  0]LogAssetRegistry: FAssetRegistry took 0.0080 seconds to start up
[2020.06.10-21.04.42:122][  0]LogInit: Selected Device Profile: [Windows]
[2020.06.10-21.04.42:348][  0]LogMeshReduction: Using QuadricMeshReduction for automatic static mesh reduction
[2020.06.10-21.04.42:348][  0]LogMeshReduction: Using SimplygonMeshReduction for automatic skeletal mesh reduction
[2020.06.10-21.04.42:348][  0]LogMeshReduction: Using ProxyLODMeshReduction for automatic mesh merging
[2020.06.10-21.04.42:348][  0]LogMeshReduction: No distributed automatic mesh merging module available
[2020.06.10-21.04.42:348][  0]LogMeshMerging: No distributed automatic mesh merging module available
[2020.06.10-21.04.42:364][  0]LogNetVersion: Monochrome 1.0.0, NetCL: 10570792, EngineNetVer: 13, GameNetVer: 0 (Checksum: 907032942)
[2020.06.10-21.04.43:701][  0]LogPackageLocalizationCache: Processed 10 localized package path(s) for 1 prioritized culture(s) in 0.079730 seconds
[2020.06.10-21.04.43:711][  0]LogUObjectArray: 46750 objects as part of root set at end of initial load.
[2020.06.10-21.04.43:711][  0]LogUObjectAllocator: 8137160 out of 0 bytes used by permanent object pool.
[2020.06.10-21.04.43:711][  0]LogUObjectArray: CloseDisregardForGC: 0/0 objects in disregard for GC pool
[2020.06.10-21.04.44:523][  0]LogTcpMessaging: Initializing TcpMessaging bridge
[2020.06.10-21.04.44:530][  0]LogUdpMessaging: Initializing bridge on interface 0.0.0.0:0 to multicast group 230.0.0.1:6666.
[2020.06.10-21.04.44:690][  0]SourceControl: Source control is disabled
[2020.06.10-21.04.44:691][  0]SourceControl: Source control is disabled
[2020.06.10-21.04.44:695][  0]SourceControl: Source control is disabled
[2020.06.10-21.04.44:699][  0]SourceControl: Source control is disabled
[2020.06.10-21.04.44:703][  0]SourceControl: Source control is disabled
[2020.06.10-21.04.44:905][  0]LogAndroidPermission: UAndroidPermissionCallbackProxy::GetInstance
[2020.06.10-21.04.44:936][  0]LogAudioCaptureCore: Display: No Audio Capture implementations found. Audio input will be silent.
[2020.06.10-21.04.44:936][  0]LogAudioCaptureCore: Display: No Audio Capture implementations found. Audio input will be silent.
[2020.06.10-21.04.45:060][  0]LogOcInput: OculusInput pre-init called
[2020.06.10-21.04.45:076][  0]LogWindows: Failed to load 'OVRPlugin.dll' (GetLastError=126)
[2020.06.10-21.04.45:076][  0]LogWindows: File 'OVRPlugin.dll' does not exist
[2020.06.10-21.04.45:189][  0]LogEngine: Initializing Engine...
[2020.06.10-21.04.45:191][  0]LogHMD: Failed to initialize OpenVR with code 110
[2020.06.10-21.04.45:192][  0]LogStats: UGameplayTagsManager::InitializeManager -  0.000 s
[2020.06.10-21.04.45:593][  0]LogInit: Initializing FReadOnlyCVARCache
[2020.06.10-21.04.45:606][  0]LogAIModule: Creating AISystem for world Untitled
[2020.06.10-21.04.45:635][  0]LogAudioMixer: Display: Audio Mixer Platform Settings:
[2020.06.10-21.04.45:635][  0]LogAudioMixer: Display: 	Sample Rate:						  48000
[2020.06.10-21.04.45:635][  0]LogAudioMixer: Display: 	Callback Buffer Frame Size Requested: 1024
[2020.06.10-21.04.45:635][  0]LogAudioMixer: Display: 	Callback Buffer Frame Size To Use:	  1024
[2020.06.10-21.04.45:635][  0]LogAudioMixer: Display: 	Number of buffers to queue:			  2
[2020.06.10-21.04.45:635][  0]LogAudioMixer: Display: 	Max Channels (voices):				  32
[2020.06.10-21.04.45:635][  0]LogAudioMixer: Display: 	Number of Async Source Workers:		  0
[2020.06.10-21.04.45:635][  0]LogAudio: Display: AudioDevice MaxSources: 32
[2020.06.10-21.04.45:636][  0]LogAudio: Display: Using built-in audio occlusion.
[2020.06.10-21.04.45:637][  0]LogAudioMixer: Display: Initializing audio mixer.
[2020.06.10-21.04.45:666][  0]LogAudioMixer: Display: Audio Device Output Speaker Info:
[2020.06.10-21.04.45:666][  0]LogAudioMixer: Display: Name: Speakers / Headphones (Realtek Audio)
[2020.06.10-21.04.45:666][  0]LogAudioMixer: Display: Is Default: Yes
[2020.06.10-21.04.45:667][  0]LogAudioMixer: Display: Sample Rate: 48000
[2020.06.10-21.04.45:667][  0]LogAudioMixer: Display: Channel Count Used: 2
[2020.06.10-21.04.45:667][  0]LogAudioMixer: Display: Device Channel Count: 2
[2020.06.10-21.04.45:667][  0]LogAudioMixer: Display: Channel Order:
[2020.06.10-21.04.45:667][  0]LogAudioMixer: Display: 0: FrontLeft
[2020.06.10-21.04.45:667][  0]LogAudioMixer: Display: 1: FrontRight
[2020.06.10-21.04.45:787][  0]LogAudioMixer: Display: Using Audio Device Speakers / Headphones (Realtek Audio)
[2020.06.10-21.04.45:797][  0]LogInit: FAudioDevice initialized.
[2020.06.10-21.04.45:798][  0]LogNetVersion: Set ProjectVersion to 1.0.0.0. Version Checksum will be recalculated on next use.
[2020.06.10-21.04.45:889][  0]LogDerivedDataCache: Saved boot cache 0.09s 78MB C:/Users/adale/AppData/Local/UnrealEngine/4.24/DerivedDataCache/Boot.ddc.
[2020.06.10-21.04.45:899][  0]LogInit: Texture streaming: Enabled
[2020.06.10-21.04.45:924][  0]LogEngineSessionManager: EngineSessionManager initialized
[2020.06.10-21.04.45:924][  0]LogEngineSessionManager: EngineSessionManager sent abnormal shutdown report. Type=Debugger, SessionId={80FE1578-496C-7A8B-6FAF-39BE14DB7231}
[2020.06.10-21.04.45:925][  0]LogEditorSessionSummary: Verbose: Initializing EditorSessionSummaryWriter for editor session tracking
[2020.06.10-21.04.45:926][  0]LogEditorSessionSummary: EditorSessionSummaryWriter initialized
[2020.06.10-21.04.45:994][  0]LogInit: Transaction tracking system initialized
[2020.06.10-21.04.46:024][  0]BlueprintLog: New page: Editor Load
[2020.06.10-21.04.46:117][  0]LocalizationService: Localization service is disabled
[2020.06.10-21.04.46:639][  0]LogFileCache: Scanning file cache for directory 'D:/adale/Desktop/Black-White/Monochrome/Content/' took 0.00s
[2020.06.10-21.04.46:639][  0]LogCook: Display: Max memory allowance for cook 16384mb min free memory 0mb
[2020.06.10-21.04.46:639][  0]LogCook: Display: Mobile HDR setting 1
[2020.06.10-21.04.47:671][  0]SourceControl: Source control is disabled
[2020.06.10-21.04.47:671][  0]Cmd: MAP LOAD FILE="../../../../../adale/Desktop/Black-White/Monochrome/Content/Maps/MainMenu.umap" TEMPLATE=0 SHOWPROGRESS=1 FEATURELEVEL=3
[2020.06.10-21.04.47:672][  0]LightingResults: New page: Lighting Build
[2020.06.10-21.04.47:673][  0]LogWorld: UWorld::CleanupWorld for Untitled, bSessionEnded=true, bCleanupResources=true
[2020.06.10-21.04.47:673][  0]LogSlate: InvalidateAllWidgets triggered.  All widgets were invalidated
[2020.06.10-21.04.47:674][  0]MapCheck: New page: Map Check
[2020.06.10-21.04.47:674][  0]LightingResults: New page: Lighting Build
[2020.06.10-21.04.47:702][  0]LogUObjectHash: Compacting FUObjectHashTables data took   1.95ms
[2020.06.10-21.04.47:783][  0]LogLinker: Warning: While loading '../../../../../adale/Desktop/Black-White/Monochrome/Content/Maps/MainMenu.umap' failed to load '/Game/Maps/MainMenu_BuiltData': Can't find file.
[2020.06.10-21.04.47:783][  0]LogLinker: Warning: While loading '../../../../../adale/Desktop/Black-White/Monochrome/Content/Maps/MainMenu.umap' failed to load '/Game/Maps/MainMenu_BuiltData': Can't find file.
[2020.06.10-21.04.47:786][  0]LogLinker: Warning: While loading '../../../../../adale/Desktop/Black-White/Monochrome/Content/Maps/MainMenu.umap' failed to load '/Game/Maps/MainMenu_BuiltData': Can't find file.
[2020.06.10-21.04.47:787][  0]LogLinker: Warning: While loading '../../../../../adale/Desktop/Black-White/Monochrome/Content/Maps/MainMenu.umap' failed to load '/Game/Maps/MainMenu_BuiltData': Can't find file.
[2020.06.10-21.04.47:790][  0]LogLinker: Warning: While loading '../../../../../adale/Desktop/Black-White/Monochrome/Content/Maps/MainMenu.umap' failed to load '/Game/Maps/MainMenu_BuiltData': Can't find file.
[2020.06.10-21.04.47:790][  0]LoadErrors: Failed to load /Game/Maps/MainMenu_BuiltData.MainMenu_BuiltData Referenced by PersistentLevel
[2020.06.10-21.04.47:791][  0]LogLinker: Warning: While loading '../../../../../adale/Desktop/Black-White/Monochrome/Content/Maps/MainMenu.umap' failed to load '/Game/Maps/MainMenu_BuiltData': Can't find file.
[2020.06.10-21.04.47:791][  0]LoadErrors: Failed to load /Game/Maps/MainMenu_BuiltData.MainMenu_BuiltData Referenced by PersistentLevel
[2020.06.10-21.04.47:853][  0]LogAIModule: Creating AISystem for world MainMenu
[2020.06.10-21.04.47:860][  0]LogEditorServer: Finished looking for orphan Actors (0.000 secs)
[2020.06.10-21.04.47:894][  0]LogUObjectHash: Compacting FUObjectHashTables data took   2.22ms
[2020.06.10-21.04.47:895][  0]Cmd: MAP CHECKDEP NOCLEARLOG
[2020.06.10-21.04.47:895][  0]MapCheck: Map check complete: 0 Error(s), 0 Warning(s), took 0.13ms to complete.
[2020.06.10-21.04.47:895][  0]LogFileHelpers: Loading map 'MainMenu' took 0.224
[2020.06.10-21.04.48:074][  0]LogSlate: Updating window title bar state: overlay mode, drag disabled, window buttons hidden, title bar hidden
[2020.06.10-21.04.48:081][  0]LogSlate: Updating window title bar state: overlay mode, drag disabled, window buttons hidden, title bar hidden
[2020.06.10-21.04.48:089][  0]LogSlate: Updating window title bar state: overlay mode, drag disabled, window buttons hidden, title bar hidden
[2020.06.10-21.04.48:096][  0]LogSlate: Updating window title bar state: overlay mode, drag disabled, window buttons hidden, title bar hidden
[2020.06.10-21.04.48:104][  0]LogCollectionManager: Loaded 0 collections in 0.001586 seconds
[2020.06.10-21.04.48:129][  0]LogFileCache: Scanning file cache for directory 'D:/adale/Desktop/Black-White/Monochrome/Saved/Collections/' took 0.00s
[2020.06.10-21.04.48:129][  0]LogFileCache: Scanning file cache for directory 'D:/adale/Desktop/Black-White/Monochrome/Content/Developers/adale/Collections/' took 0.00s
[2020.06.10-21.04.48:129][  0]LogFileCache: Scanning file cache for directory 'D:/adale/Desktop/Black-White/Monochrome/Content/Collections/' took 0.00s
[2020.06.10-21.04.48:129][  0]LogContentBrowser: Native class hierarchy populated in 0.0103 seconds. Added 3022 classes and 719 folders.
[2020.06.10-21.04.48:132][  0]LogContentBrowser: Native class hierarchy updated for 'WidgetCarousel' in 0.0004 seconds. Added 0 classes and 0 folders.
[2020.06.10-21.04.48:236][  0]LogContentBrowser: Native class hierarchy updated for 'AddContentDialog' in 0.0004 seconds. Added 0 classes and 0 folders.
[2020.06.10-21.04.48:246][  0]LogContentBrowser: Native class hierarchy updated for 'SceneOutliner' in 0.0005 seconds. Added 2 classes and 3 folders.
[2020.06.10-21.04.48:283][  0]LogSlate: Took 0.000444 seconds to synchronously load lazily loaded font '../../../Engine/Content/Slate/Fonts/Roboto-Regular.ttf' (155K)
[2020.06.10-21.04.48:287][  0]LogSlate: Took 0.000352 seconds to synchronously load lazily loaded font '../../../Engine/Content/Slate/Fonts/Roboto-Bold.ttf' (160K)
[2020.06.10-21.04.48:296][  0]LogSlate: Took 0.000535 seconds to synchronously load lazily loaded font '../../../Engine/Content/Editor/Slate/Fonts/FontAwesome.ttf' (139K)
[2020.06.10-21.04.48:380][  0]LogRenderer: Reallocating scene render targets to support 1080x656 Format 10 NumSamples 1 (Frame:1).
[2020.06.10-21.04.48:503][  0]LogContentBrowser: Native class hierarchy updated for 'HierarchicalLODOutliner' in 0.0006 seconds. Added 0 classes and 0 folders.
[2020.06.10-21.04.48:504][  0]LogLoad: (Engine Initialization) Total time: 12.06 seconds
[2020.06.10-21.04.48:504][  0]LogLoad: (Engine Initialization) Total Blueprint compile time: 0.00 seconds
[2020.06.10-21.04.48:566][  0]LogAssetRegistry: Asset discovery search completed in 6.7817 seconds
[2020.06.10-21.04.48:571][  0]LogCollectionManager: Fixed up redirectors for 0 collections in 0.000032 seconds (updated 0 objects)
[2020.06.10-21.04.48:572][  0]LogContentStreaming: Texture pool size now 1000 MB
[2020.06.10-21.04.48:725][  0]LogSlate: Took 0.000312 seconds to synchronously load lazily loaded font '../../../Engine/Content/Slate/Fonts/Roboto-Light.ttf' (167K)
[2020.06.10-21.04.54:007][291]LogLinker: Error: Failed import: class 'SphereComponent' name 'CapsuleComponent' outer 'Default__BP_PlayerPawn_C'. There is another object (of 'BoxComponent' class) at the path.
[2020.06.10-21.04.54:008][291]LogLinker: Error: Failed import: class 'SphereComponent' name 'CapsuleComponent' outer 'Default__BP_PlayerPawn_C'. There is another object (of 'BoxComponent' class) at the path.
[2020.06.10-21.04.54:008][291]LogLinker: Error: Failed import: class 'SphereComponent' name 'CapsuleComponent' outer 'Default__BP_PlayerPawn_C'. There is another object (of 'BoxComponent' class) at the path.
[2020.06.10-21.04.54:008][291]LogLinker: Error: Failed import: class 'SphereComponent' name 'CapsuleComponent' outer 'Default__BP_PlayerPawn_C'. There is another object (of 'BoxComponent' class) at the path.
[2020.06.10-21.04.54:008][291]LogLinker: Error: Failed import: class 'SphereComponent' name 'CapsuleComponent' outer 'Default__BP_PlayerPawn_C'. There is another object (of 'BoxComponent' class) at the path.
[2020.06.10-21.04.54:010][291]LogLinker: Error: Failed import: class 'SphereComponent' name 'CapsuleComponent' outer 'Default__BP_PlayerPawn_C'. There is another object (of 'BoxComponent' class) at the path.
[2020.06.10-21.04.57:621][470]LogUObjectHash: Compacting FUObjectHashTables data took   1.63ms
[2020.06.10-21.04.58:764][470]LogSlate: Window 'Delete Assets' being destroyed
[2020.06.10-21.04.59:092][470]LogUObjectGlobals: Force Deleting 1 Package(s):
	Asset Name: /Game/Blueprints/BP_PlayerPawn.BP_PlayerPawn
[2020.06.10-21.04.59:097][470]LogSlate: Took 0.000249 seconds to synchronously load lazily loaded font '../../../Engine/Content/Slate/Fonts/Roboto-Light.ttf' (167K)
[2020.06.10-21.04.59:670][470]LogUObjectHash: Compacting FUObjectHashTables data took   1.70ms
[2020.06.10-21.04.59:700][470]LogUObjectHash: Compacting FUObjectHashTables data took   1.83ms
[2020.06.10-21.04.59:726][470]LogUObjectHash: Compacting FUObjectHashTables data took   0.75ms
[2020.06.10-21.05.04:358][729]LogSlate: WidgetSwitcher ('None') active index changed to -1
[2020.06.10-21.05.04:358][729]LogSlate: WidgetSwitcher ('None') active index changed to 1
[2020.06.10-21.05.04:406][729]LogSlate: Took 0.000230 seconds to synchronously load lazily loaded font '../../../Engine/Content/Slate/Fonts/Roboto-BoldCondensed.ttf' (158K)
[2020.06.10-21.05.08:817][991]LogAssetEditorSubsystem: Opening Asset editor for Blueprint /Game/Blueprints/BP_PlayerPawn.BP_PlayerPawn
[2020.06.10-21.05.09:050][991]LogContentBrowser: Native class hierarchy updated for 'BlueprintGraph' in 0.0012 seconds. Added 121 classes and 0 folders.
[2020.06.10-21.05.10:037][991]LogSlate: Window 'Add Blueprint Class' being destroyed
[2020.06.10-21.05.10:123][991]LogRenderer: Reallocating scene render targets to support 1080x712 Format 10 NumSamples 1 (Frame:1).
[2020.06.10-21.05.11:700][ 75]LogSlate: Took 0.002127 seconds to synchronously load lazily loaded font '../../../Engine/Content/Slate/Fonts/Roboto-Italic.ttf' (157K)
[2020.06.10-21.05.42:929][779]BlueprintLog: New page: Compile BP_PlayerPawn
[2020.06.10-21.05.43:194][779]LogUObjectHash: Compacting FUObjectHashTables data took   4.23ms
[2020.06.10-21.05.43:534][795]Cmd: OBJ SAVEPACKAGE PACKAGE="/Game/Blueprints/BP_PlayerPawn" FILE="../../../../../adale/Desktop/Black-White/Monochrome/Content/Blueprints/BP_PlayerPawn.uasset" SILENT=true
[2020.06.10-21.05.43:559][795]LogSavePackage: Moving '../../../../../adale/Desktop/Black-White/Monochrome/Saved/BP_PlayerPawn9C2919E34B748612D6DDEB8387CDF2E1.tmp' to '../../../../../adale/Desktop/Black-White/Monochrome/Content/Blueprints/BP_PlayerPawn.uasset'
[2020.06.10-21.05.43:590][795]AssetCheck: New page: Asset Save: BP_PlayerPawn
[2020.06.10-21.05.43:590][795]LogContentValidation: Display: Validating Blueprint /Game/Blueprints/BP_PlayerPawn.BP_PlayerPawn
[2020.06.10-21.05.46:011][916]BlueprintLog: New page: Compile BP_PlayerPawn
[2020.06.10-21.05.46:235][916]LogUObjectHash: Compacting FUObjectHashTables data took   3.85ms
[2020.06.10-21.05.46:811][946]Cmd: OBJ SAVEPACKAGE PACKAGE="/Game/Blueprints/BP_PlayerPawn" FILE="../../../../../adale/Desktop/Black-White/Monochrome/Content/Blueprints/BP_PlayerPawn.uasset" SILENT=true
[2020.06.10-21.05.46:855][946]LogSavePackage: Moving '../../../../../adale/Desktop/Black-White/Monochrome/Saved/BP_PlayerPawnAAA1868F4AE1BE981A37ADB6FB85DBC8.tmp' to '../../../../../adale/Desktop/Black-White/Monochrome/Content/Blueprints/BP_PlayerPawn.uasset'
[2020.06.10-21.05.46:872][946]AssetCheck: New page: Asset Save: BP_PlayerPawn
[2020.06.10-21.05.46:872][946]LogContentValidation: Display: Validating Blueprint /Game/Blueprints/BP_PlayerPawn.BP_PlayerPawn
[2020.06.10-21.05.53:733][319]LogSlate: Window 'BP_PlayerPawn' being destroyed
[2020.06.10-21.05.53:741][319]LogSlate: Window 'BP_PlayerPawn' being destroyed
[2020.06.10-21.05.53:742][319]LogWorld: UWorld::CleanupWorld for World_0, bSessionEnded=true, bCleanupResources=true
[2020.06.10-21.05.53:742][319]LogSlate: InvalidateAllWidgets triggered.  All widgets were invalidated
[2020.06.10-21.05.54:622][367]LogTemp: Repeating last play command: Selected Viewport
[2020.06.10-21.05.54:647][367]LogPlayLevel: PlayLevel: No blueprints needed recompiling
[2020.06.10-21.05.54:648][367]PIE: New page: PIE session: MainMenu (Jun. 10, 2020, 1:05:54 p.m.)
[2020.06.10-21.05.54:650][367]LogOnline: OSS: Creating online subsystem instance for: NULL
[2020.06.10-21.05.54:654][367]LogOnline: OSS: TryLoadSubsystemAndSetDefault: Loaded subsystem for module [NULL]
[2020.06.10-21.05.54:654][367]LogPlayLevel: Creating play world package: /Game/Maps/UEDPIE_0_MainMenu
[2020.06.10-21.05.54:657][367]LogPlayLevel: PIE: StaticDuplicateObject took: (0.003137s)
[2020.06.10-21.05.54:659][367]LogAIModule: Creating AISystem for world MainMenu
[2020.06.10-21.05.54:659][367]LogPlayLevel: PIE: World Init took: (0.001535s)
[2020.06.10-21.05.54:659][367]LogPlayLevel: PIE: Created PIE world by copying editor world from /Game/Maps/MainMenu.MainMenu to /Game/Maps/UEDPIE_0_MainMenu.MainMenu (0.005296s)
[2020.06.10-21.05.54:688][367]LogUObjectHash: Compacting FUObjectHashTables data took   3.11ms
[2020.06.10-21.05.54:690][367]LogAudioMixer: Display: Audio Mixer Platform Settings:
[2020.06.10-21.05.54:691][367]LogAudioMixer: Display: 	Sample Rate:						  48000
[2020.06.10-21.05.54:691][367]LogAudioMixer: Display: 	Callback Buffer Frame Size Requested: 1024
[2020.06.10-21.05.54:691][367]LogAudioMixer: Display: 	Callback Buffer Frame Size To Use:	  1024
[2020.06.10-21.05.54:691][367]LogAudioMixer: Display: 	Number of buffers to queue:			  2
[2020.06.10-21.05.54:691][367]LogAudioMixer: Display: 	Max Channels (voices):				  32
[2020.06.10-21.05.54:691][367]LogAudioMixer: Display: 	Number of Async Source Workers:		  0
[2020.06.10-21.05.54:691][367]LogAudio: Display: AudioDevice MaxSources: 32
[2020.06.10-21.05.54:692][367]LogAudio: Display: Using built-in audio occlusion.
[2020.06.10-21.05.54:692][367]LogAudioMixer: Display: Initializing audio mixer.
[2020.06.10-21.05.54:710][367]LogAudioMixer: Display: Audio Device Output Speaker Info:
[2020.06.10-21.05.54:711][367]LogAudioMixer: Display: Name: Speakers / Headphones (Realtek Audio)
[2020.06.10-21.05.54:711][367]LogAudioMixer: Display: Is Default: Yes
[2020.06.10-21.05.54:711][367]LogAudioMixer: Display: Sample Rate: 48000
[2020.06.10-21.05.54:711][367]LogAudioMixer: Display: Channel Count Used: 2
[2020.06.10-21.05.54:711][367]LogAudioMixer: Display: Device Channel Count: 2
[2020.06.10-21.05.54:711][367]LogAudioMixer: Display: Channel Order:
[2020.06.10-21.05.54:711][367]LogAudioMixer: Display: 0: FrontLeft
[2020.06.10-21.05.54:711][367]LogAudioMixer: Display: 1: FrontRight
[2020.06.10-21.05.54:807][367]LogAudioMixer: Display: Using Audio Device Speakers / Headphones (Realtek Audio)
[2020.06.10-21.05.54:811][367]LogInit: FAudioDevice initialized.
[2020.06.10-21.05.54:830][367]LogLoad: Game class is 'BP_MonochromeMenuMode_C'
[2020.06.10-21.05.54:833][367]LogWorld: Bringing World /Game/Maps/UEDPIE_0_MainMenu.MainMenu up for play (max tick rate 60) at 2020.06.10-17.05.54
[2020.06.10-21.05.54:833][367]LogWorld: Bringing up level for play took: 0.001097
[2020.06.10-21.05.54:834][367]LogOnline: OSS: Creating online subsystem instance for: :Context_2
[2020.06.10-21.05.54:840][367]LogContentBrowser: Native class hierarchy updated for 'MovieSceneCapture' in 0.0006 seconds. Added 20 classes and 0 folders.
[2020.06.10-21.05.54:842][367]PIE: Play in editor start time for /Game/Maps/UEDPIE_0_MainMenu 0.099
[2020.06.10-21.05.57:011][470]LogAudioMixer: Display: No commands were queued while flushing the source manager.
[2020.06.10-21.05.57:024][470]LogAudioMixer: Display: Flush succeeded in the source manager command queue (1).
[2020.06.10-21.05.57:044][470]LogAudioMixer: Display: Flush succeeded the source manager command queue (2).
[2020.06.10-21.05.57:044][470]LogSlate: Updating window title bar state: overlay mode, drag disabled, window buttons hidden, title bar hidden
[2020.06.10-21.05.57:044][470]LogWorld: BeginTearingDown for /Game/Maps/UEDPIE_0_MainMenu
[2020.06.10-21.05.57:045][470]LogAudioMixer: Display: No commands were queued while flushing the source manager.
[2020.06.10-21.05.57:045][470]LogWorld: UWorld::CleanupWorld for MainMenu, bSessionEnded=true, bCleanupResources=true
[2020.06.10-21.05.57:045][470]LogSlate: InvalidateAllWidgets triggered.  All widgets were invalidated
[2020.06.10-21.05.57:066][470]LogPlayLevel: Display: Shutting down PIE online subsystems
[2020.06.10-21.05.57:075][470]LogSlate: InvalidateAllWidgets triggered.  All widgets were invalidated
[2020.06.10-21.05.57:109][470]LogAudioMixer: Display: No commands were queued while flushing the source manager.
[2020.06.10-21.05.57:117][470]LogSlate: Updating window title bar state: overlay mode, drag disabled, window buttons hidden, title bar hidden
[2020.06.10-21.05.57:164][470]LogUObjectHash: Compacting FUObjectHashTables data took   4.48ms
[2020.06.10-21.05.57:187][471]LogPlayLevel: Display: Destroying online subsystem :Context_2
[2020.06.10-21.05.58:237][532]LogTemp: Repeating last play command: Selected Viewport
[2020.06.10-21.05.58:257][532]LogPlayLevel: PlayLevel: No blueprints needed recompiling
[2020.06.10-21.05.58:258][532]PIE: New page: PIE session: MainMenu (Jun. 10, 2020, 1:05:58 p.m.)
[2020.06.10-21.05.58:258][532]LogPlayLevel: Creating play world package: /Game/Maps/UEDPIE_0_MainMenu
[2020.06.10-21.05.58:261][532]LogPlayLevel: PIE: StaticDuplicateObject took: (0.002929s)
[2020.06.10-21.05.58:262][532]LogAIModule: Creating AISystem for world MainMenu
[2020.06.10-21.05.58:263][532]LogPlayLevel: PIE: World Init took: (0.001659s)
[2020.06.10-21.05.58:263][532]LogPlayLevel: PIE: Created PIE world by copying editor world from /Game/Maps/MainMenu.MainMenu to /Game/Maps/UEDPIE_0_MainMenu.MainMenu (0.005150s)
[2020.06.10-21.05.58:321][532]LogUObjectHash: Compacting FUObjectHashTables data took   2.52ms
[2020.06.10-21.05.58:321][532]LogAudioMixer: Display: Audio Mixer Platform Settings:
[2020.06.10-21.05.58:321][532]LogAudioMixer: Display: 	Sample Rate:						  48000
[2020.06.10-21.05.58:321][532]LogAudioMixer: Display: 	Callback Buffer Frame Size Requested: 1024
[2020.06.10-21.05.58:322][532]LogAudioMixer: Display: 	Callback Buffer Frame Size To Use:	  1024
[2020.06.10-21.05.58:322][532]LogAudioMixer: Display: 	Number of buffers to queue:			  2
[2020.06.10-21.05.58:322][532]LogAudioMixer: Display: 	Max Channels (voices):				  32
[2020.06.10-21.05.58:322][532]LogAudioMixer: Display: 	Number of Async Source Workers:		  0
[2020.06.10-21.05.58:322][532]LogAudio: Display: AudioDevice MaxSources: 32
[2020.06.10-21.05.58:323][532]LogAudio: Display: Using built-in audio occlusion.
[2020.06.10-21.05.58:323][532]LogAudioMixer: Display: Initializing audio mixer.
[2020.06.10-21.05.58:342][532]LogAudioMixer: Display: Audio Device Output Speaker Info:
[2020.06.10-21.05.58:342][532]LogAudioMixer: Display: Name: Speakers / Headphones (Realtek Audio)
[2020.06.10-21.05.58:342][532]LogAudioMixer: Display: Is Default: Yes
[2020.06.10-21.05.58:343][532]LogAudioMixer: Display: Sample Rate: 48000
[2020.06.10-21.05.58:343][532]LogAudioMixer: Display: Channel Count Used: 2
[2020.06.10-21.05.58:343][532]LogAudioMixer: Display: Device Channel Count: 2
[2020.06.10-21.05.58:343][532]LogAudioMixer: Display: Channel Order:
[2020.06.10-21.05.58:343][532]LogAudioMixer: Display: 0: FrontLeft
[2020.06.10-21.05.58:343][532]LogAudioMixer: Display: 1: FrontRight
[2020.06.10-21.05.58:436][532]LogAudioMixer: Display: Using Audio Device Speakers / Headphones (Realtek Audio)
[2020.06.10-21.05.58:440][532]LogInit: FAudioDevice initialized.
[2020.06.10-21.05.58:454][532]LogLoad: Game class is 'BP_MonochromeMenuMode_C'
[2020.06.10-21.05.58:455][532]LogWorld: Bringing World /Game/Maps/UEDPIE_0_MainMenu.MainMenu up for play (max tick rate 60) at 2020.06.10-17.05.58
[2020.06.10-21.05.58:456][532]LogWorld: Bringing up level for play took: 0.000858
[2020.06.10-21.05.58:456][532]LogOnline: OSS: Creating online subsystem instance for: :Context_3
[2020.06.10-21.05.58:461][532]PIE: Play in editor start time for /Game/Maps/UEDPIE_0_MainMenu -0.282
[2020.06.10-21.05.59:395][586]LogNet: Browse: /Game/Maps/Level1
[2020.06.10-21.05.59:395][586]LogLoad: LoadMap: /Game/Maps/Level1
[2020.06.10-21.05.59:396][586]LogWorld: BeginTearingDown for /Game/Maps/UEDPIE_0_MainMenu
[2020.06.10-21.05.59:396][586]LogWorld: UWorld::CleanupWorld for MainMenu, bSessionEnded=true, bCleanupResources=true
[2020.06.10-21.05.59:396][586]LogSlate: InvalidateAllWidgets triggered.  All widgets were invalidated
[2020.06.10-21.05.59:397][586]LogAudioMixer: Display: No commands were queued while flushing the source manager.
[2020.06.10-21.05.59:426][586]LogUObjectHash: Compacting FUObjectHashTables data took   2.69ms
[2020.06.10-21.05.59:469][586]LogAIModule: Creating AISystem for world Level1
[2020.06.10-21.05.59:479][586]LogLoad: Game class is 'BP_MonochromeGameModeBase_C'
[2020.06.10-21.05.59:480][586]LogWorld: Bringing World /Game/Maps/UEDPIE_0_Level1.Level1 up for play (max tick rate 60) at 2020.06.10-17.05.59
[2020.06.10-21.05.59:481][586]LogWorld: Bringing up level for play took: 0.001609
[2020.06.10-21.05.59:482][586]LogLoad: Took 0.087618 seconds to LoadMap(/Game/Maps/Level1)
[2020.06.10-21.07.05:747][555]LogAudioMixer: Display: No commands were queued while flushing the source manager.
[2020.06.10-21.07.05:763][555]LogAudioMixer: Display: Flush succeeded in the source manager command queue (1).
[2020.06.10-21.07.05:783][555]LogAudioMixer: Display: Flush succeeded the source manager command queue (2).
[2020.06.10-21.07.05:784][555]LogSlate: Updating window title bar state: overlay mode, drag disabled, window buttons hidden, title bar hidden
[2020.06.10-21.07.05:784][555]LogWorld: BeginTearingDown for /Game/Maps/UEDPIE_0_Level1
[2020.06.10-21.07.05:784][555]LogAudioMixer: Display: No commands were queued while flushing the source manager.
[2020.06.10-21.07.05:784][555]LogWorld: UWorld::CleanupWorld for Level1, bSessionEnded=true, bCleanupResources=true
[2020.06.10-21.07.05:785][555]LogSlate: InvalidateAllWidgets triggered.  All widgets were invalidated
[2020.06.10-21.07.05:798][555]LogPlayLevel: Display: Shutting down PIE online subsystems
[2020.06.10-21.07.05:804][555]LogSlate: InvalidateAllWidgets triggered.  All widgets were invalidated
[2020.06.10-21.07.05:842][555]LogAudioMixer: Display: No commands were queued while flushing the source manager.
[2020.06.10-21.07.05:853][555]LogSlate: Updating window title bar state: overlay mode, drag disabled, window buttons hidden, title bar hidden
[2020.06.10-21.07.05:859][555]LogUObjectHash: Compacting FUObjectHashTables data took   4.16ms
[2020.06.10-21.07.05:886][556]LogPlayLevel: Display: Destroying online subsystem :Context_3
[2020.06.10-21.07.07:462][647]LogSlate: Window 'Message Log' being destroyed
[2020.06.10-21.07.07:475][647]LogSlate: Window 'Message Log' being destroyed
[2020.06.10-21.12.10:223][742]LogTemp: Repeating last play command: Selected Viewport
[2020.06.10-21.12.10:249][742]LogPlayLevel: PlayLevel: No blueprints needed recompiling
[2020.06.10-21.12.10:250][742]PIE: New page: PIE session: MainMenu (Jun. 10, 2020, 1:12:10 p.m.)
[2020.06.10-21.12.10:250][742]LogPlayLevel: Creating play world package: /Game/Maps/UEDPIE_0_MainMenu
[2020.06.10-21.12.10:256][742]LogPlayLevel: PIE: StaticDuplicateObject took: (0.005602s)
[2020.06.10-21.12.10:258][742]LogAIModule: Creating AISystem for world MainMenu
[2020.06.10-21.12.10:259][742]LogPlayLevel: PIE: World Init took: (0.002934s)
[2020.06.10-21.12.10:259][742]LogPlayLevel: PIE: Created PIE world by copying editor world from /Game/Maps/MainMenu.MainMenu to /Game/Maps/UEDPIE_0_MainMenu.MainMenu (0.009344s)
[2020.06.10-21.12.10:306][742]LogUObjectHash: Compacting FUObjectHashTables data took   4.72ms
[2020.06.10-21.12.10:308][742]LogAudioMixer: Display: Audio Mixer Platform Settings:
[2020.06.10-21.12.10:308][742]LogAudioMixer: Display: 	Sample Rate:						  48000
[2020.06.10-21.12.10:308][742]LogAudioMixer: Display: 	Callback Buffer Frame Size Requested: 1024
[2020.06.10-21.12.10:308][742]LogAudioMixer: Display: 	Callback Buffer Frame Size To Use:	  1024
[2020.06.10-21.12.10:308][742]LogAudioMixer: Display: 	Number of buffers to queue:			  2
[2020.06.10-21.12.10:309][742]LogAudioMixer: Display: 	Max Channels (voices):				  32
[2020.06.10-21.12.10:309][742]LogAudioMixer: Display: 	Number of Async Source Workers:		  0
[2020.06.10-21.12.10:309][742]LogAudio: Display: AudioDevice MaxSources: 32
[2020.06.10-21.12.10:310][742]LogAudio: Display: Using built-in audio occlusion.
[2020.06.10-21.12.10:310][742]LogAudioMixer: Display: Initializing audio mixer.
[2020.06.10-21.12.10:333][742]LogAudioMixer: Display: Audio Device Output Speaker Info:
[2020.06.10-21.12.10:334][742]LogAudioMixer: Display: Name: Speakers / Headphones (Realtek Audio)
[2020.06.10-21.12.10:334][742]LogAudioMixer: Display: Is Default: Yes
[2020.06.10-21.12.10:334][742]LogAudioMixer: Display: Sample Rate: 48000
[2020.06.10-21.12.10:334][742]LogAudioMixer: Display: Channel Count Used: 2
[2020.06.10-21.12.10:334][742]LogAudioMixer: Display: Device Channel Count: 2
[2020.06.10-21.12.10:334][742]LogAudioMixer: Display: Channel Order:
[2020.06.10-21.12.10:334][742]LogAudioMixer: Display: 0: FrontLeft
[2020.06.10-21.12.10:334][742]LogAudioMixer: Display: 1: FrontRight
[2020.06.10-21.12.10:429][742]LogAudioMixer: Display: Using Audio Device Speakers / Headphones (Realtek Audio)
[2020.06.10-21.12.10:434][742]LogInit: FAudioDevice initialized.
[2020.06.10-21.12.10:451][742]LogLoad: Game class is 'BP_MonochromeMenuMode_C'
[2020.06.10-21.12.10:453][742]LogWorld: Bringing World /Game/Maps/UEDPIE_0_MainMenu.MainMenu up for play (max tick rate 60) at 2020.06.10-17.12.10
[2020.06.10-21.12.10:453][742]LogWorld: Bringing up level for play took: 0.001068
[2020.06.10-21.12.10:454][742]LogOnline: OSS: Creating online subsystem instance for: :Context_4
[2020.06.10-21.12.10:459][742]PIE: Play in editor start time for /Game/Maps/UEDPIE_0_MainMenu -0.284
[2020.06.10-21.12.11:586][807]LogNet: Browse: /Game/Maps/Level1
[2020.06.10-21.12.11:587][807]LogLoad: LoadMap: /Game/Maps/Level1
[2020.06.10-21.12.11:587][807]LogWorld: BeginTearingDown for /Game/Maps/UEDPIE_0_MainMenu
[2020.06.10-21.12.11:588][807]LogWorld: UWorld::CleanupWorld for MainMenu, bSessionEnded=true, bCleanupResources=true
[2020.06.10-21.12.11:588][807]LogSlate: InvalidateAllWidgets triggered.  All widgets were invalidated
[2020.06.10-21.12.11:588][807]LogAudioMixer: Display: No commands were queued while flushing the source manager.
[2020.06.10-21.12.11:628][807]LogUObjectHash: Compacting FUObjectHashTables data took   4.32ms
[2020.06.10-21.12.11:639][807]LogAIModule: Creating AISystem for world Level1
[2020.06.10-21.12.11:639][807]LogLoad: Game class is 'BP_MonochromeGameModeBase_C'
[2020.06.10-21.12.11:641][807]LogWorld: Bringing World /Game/Maps/UEDPIE_0_Level1.Level1 up for play (max tick rate 60) at 2020.06.10-17.12.11
[2020.06.10-21.12.11:642][807]LogWorld: Bringing up level for play took: 0.001694
[2020.06.10-21.12.11:643][807]LogLoad: Took 0.057316 seconds to LoadMap(/Game/Maps/Level1)
[2020.06.10-21.12.49:211][988]LogAudioMixer: Display: No commands were queued while flushing the source manager.
[2020.06.10-21.12.49:211][988]LogAudioMixer: Display: No commands were queued while flushing the source manager.
[2020.06.10-21.12.49:212][988]LogSlate: Updating window title bar state: overlay mode, drag disabled, window buttons hidden, title bar hidden
[2020.06.10-21.12.49:212][988]LogWorld: BeginTearingDown for /Game/Maps/UEDPIE_0_Level1
[2020.06.10-21.12.49:212][988]LogAudioMixer: Display: No commands were queued while flushing the source manager.
[2020.06.10-21.12.49:213][988]LogWorld: UWorld::CleanupWorld for Level1, bSessionEnded=true, bCleanupResources=true
[2020.06.10-21.12.49:213][988]LogSlate: InvalidateAllWidgets triggered.  All widgets were invalidated
[2020.06.10-21.12.49:230][988]LogPlayLevel: Display: Shutting down PIE online subsystems
[2020.06.10-21.12.49:236][988]LogSlate: InvalidateAllWidgets triggered.  All widgets were invalidated
[2020.06.10-21.12.49:271][988]LogAudioMixer: Display: No commands were queued while flushing the source manager.
[2020.06.10-21.12.49:281][988]LogSlate: Updating window title bar state: overlay mode, drag disabled, window buttons hidden, title bar hidden
[2020.06.10-21.12.49:288][988]LogUObjectHash: Compacting FUObjectHashTables data took   5.15ms
[2020.06.10-21.12.49:319][989]LogPlayLevel: Display: Destroying online subsystem :Context_4
[2020.06.10-21.24.50:416][460]LogTemp: Repeating last play command: Selected Viewport
[2020.06.10-21.24.50:443][460]LogPlayLevel: PlayLevel: No blueprints needed recompiling
[2020.06.10-21.24.50:444][460]PIE: New page: PIE session: MainMenu (Jun. 10, 2020, 1:24:50 p.m.)
[2020.06.10-21.24.50:444][460]LogPlayLevel: Creating play world package: /Game/Maps/UEDPIE_0_MainMenu
[2020.06.10-21.24.50:450][460]LogPlayLevel: PIE: StaticDuplicateObject took: (0.005650s)
[2020.06.10-21.24.50:453][460]LogAIModule: Creating AISystem for world MainMenu
[2020.06.10-21.24.50:453][460]LogPlayLevel: PIE: World Init took: (0.002786s)
[2020.06.10-21.24.50:454][460]LogPlayLevel: PIE: Created PIE world by copying editor world from /Game/Maps/MainMenu.MainMenu to /Game/Maps/UEDPIE_0_MainMenu.MainMenu (0.009988s)
[2020.06.10-21.24.50:495][460]LogUObjectHash: Compacting FUObjectHashTables data took   4.30ms
[2020.06.10-21.24.50:496][460]LogAudioMixer: Display: Audio Mixer Platform Settings:
[2020.06.10-21.24.50:497][460]LogAudioMixer: Display: 	Sample Rate:						  48000
[2020.06.10-21.24.50:497][460]LogAudioMixer: Display: 	Callback Buffer Frame Size Requested: 1024
[2020.06.10-21.24.50:497][460]LogAudioMixer: Display: 	Callback Buffer Frame Size To Use:	  1024
[2020.06.10-21.24.50:497][460]LogAudioMixer: Display: 	Number of buffers to queue:			  2
[2020.06.10-21.24.50:497][460]LogAudioMixer: Display: 	Max Channels (voices):				  32
[2020.06.10-21.24.50:497][460]LogAudioMixer: Display: 	Number of Async Source Workers:		  0
[2020.06.10-21.24.50:497][460]LogAudio: Display: AudioDevice MaxSources: 32
[2020.06.10-21.24.50:498][460]LogAudio: Display: Using built-in audio occlusion.
[2020.06.10-21.24.50:498][460]LogAudioMixer: Display: Initializing audio mixer.
[2020.06.10-21.24.50:518][460]LogAudioMixer: Display: Audio Device Output Speaker Info:
[2020.06.10-21.24.50:518][460]LogAudioMixer: Display: Name: Speakers / Headphones (Realtek Audio)
[2020.06.10-21.24.50:518][460]LogAudioMixer: Display: Is Default: Yes
[2020.06.10-21.24.50:518][460]LogAudioMixer: Display: Sample Rate: 48000
[2020.06.10-21.24.50:518][460]LogAudioMixer: Display: Channel Count Used: 2
[2020.06.10-21.24.50:518][460]LogAudioMixer: Display: Device Channel Count: 2
[2020.06.10-21.24.50:518][460]LogAudioMixer: Display: Channel Order:
[2020.06.10-21.24.50:518][460]LogAudioMixer: Display: 0: FrontLeft
[2020.06.10-21.24.50:519][460]LogAudioMixer: Display: 1: FrontRight
[2020.06.10-21.24.50:612][460]LogAudioMixer: Display: Using Audio Device Speakers / Headphones (Realtek Audio)
[2020.06.10-21.24.50:619][460]LogInit: FAudioDevice initialized.
[2020.06.10-21.24.50:637][460]LogLoad: Game class is 'BP_MonochromeMenuMode_C'
[2020.06.10-21.24.50:638][460]LogWorld: Bringing World /Game/Maps/UEDPIE_0_MainMenu.MainMenu up for play (max tick rate 60) at 2020.06.10-17.24.50
[2020.06.10-21.24.50:639][460]LogWorld: Bringing up level for play took: 0.000907
[2020.06.10-21.24.50:639][460]LogOnline: OSS: Creating online subsystem instance for: :Context_5
[2020.06.10-21.24.50:645][460]PIE: Play in editor start time for /Game/Maps/UEDPIE_0_MainMenu -0.099
[2020.06.10-21.24.51:353][501]LogNet: Browse: /Game/Maps/Level1
[2020.06.10-21.24.51:353][501]LogLoad: LoadMap: /Game/Maps/Level1
[2020.06.10-21.24.51:353][501]LogWorld: BeginTearingDown for /Game/Maps/UEDPIE_0_MainMenu
[2020.06.10-21.24.51:354][501]LogWorld: UWorld::CleanupWorld for MainMenu, bSessionEnded=true, bCleanupResources=true
[2020.06.10-21.24.51:354][501]LogSlate: InvalidateAllWidgets triggered.  All widgets were invalidated
[2020.06.10-21.24.51:354][501]LogAudioMixer: Display: No commands were queued while flushing the source manager.
[2020.06.10-21.24.51:388][501]LogUObjectHash: Compacting FUObjectHashTables data took   2.95ms
[2020.06.10-21.24.51:399][501]LogAIModule: Creating AISystem for world Level1
[2020.06.10-21.24.51:400][501]LogLoad: Game class is 'BP_MonochromeGameModeBase_C'
[2020.06.10-21.24.51:403][501]LogWorld: Bringing World /Game/Maps/UEDPIE_0_Level1.Level1 up for play (max tick rate 60) at 2020.06.10-17.24.51
[2020.06.10-21.24.51:404][501]LogWorld: Bringing up level for play took: 0.002507
[2020.06.10-21.24.51:405][501]LogLoad: Took 0.052380 seconds to LoadMap(/Game/Maps/Level1)
[2020.06.10-21.24.54:490][686]LogAudioMixer: Display: No commands were queued while flushing the source manager.
[2020.06.10-21.24.54:504][686]LogAudioMixer: Display: Flush succeeded in the source manager command queue (1).
[2020.06.10-21.24.54:523][686]LogAudioMixer: Display: Flush succeeded the source manager command queue (2).
[2020.06.10-21.24.54:523][686]LogSlate: Updating window title bar state: overlay mode, drag disabled, window buttons hidden, title bar hidden
[2020.06.10-21.24.54:524][686]LogWorld: BeginTearingDown for /Game/Maps/UEDPIE_0_Level1
[2020.06.10-21.24.54:524][686]LogAudioMixer: Display: No commands were queued while flushing the source manager.
[2020.06.10-21.24.54:524][686]LogWorld: UWorld::CleanupWorld for Level1, bSessionEnded=true, bCleanupResources=true
[2020.06.10-21.24.54:524][686]LogSlate: InvalidateAllWidgets triggered.  All widgets were invalidated
[2020.06.10-21.24.54:537][686]LogPlayLevel: Display: Shutting down PIE online subsystems
[2020.06.10-21.24.54:542][686]LogSlate: InvalidateAllWidgets triggered.  All widgets were invalidated
[2020.06.10-21.24.54:575][686]LogAudioMixer: Display: No commands were queued while flushing the source manager.
[2020.06.10-21.24.54:583][686]LogSlate: Updating window title bar state: overlay mode, drag disabled, window buttons hidden, title bar hidden
[2020.06.10-21.24.54:588][686]LogUObjectHash: Compacting FUObjectHashTables data took   3.47ms
[2020.06.10-21.24.54:611][687]LogPlayLevel: Display: Destroying online subsystem :Context_5
[2020.06.10-21.25.00:656][ 42]LogUObjectHash: Compacting FUObjectHashTables data took   0.97ms
